00:03,STATE,RT,0,"26,43"
00:03,HUMIDITY,RT,0,"26,81"
00:03,HUMIDITY,RT,1,"26,30"
00:03,HUMIDITY,RH,0,"53,01"
00:03,HUMIDITY,RH,1,"72,00"
00:03,DELTA,RT,0,"0,38"
00:03,DELTA,RT,1,"0,51"
00:03,DELTA,RH,2,"18,99"
00:03,FLOW,WF,0,0
00:03,FLOW,WF,1,0
00:03,0,RT,0,"28,75"
00:08,STATE,RT,0,"26,43"
00:08,HUMIDITY,RT,0,"26,80"
00:08,HUMIDITY,RT,1,"26,30"
00:08,HUMIDITY,RH,0,"53,26"
00:08,HUMIDITY,RH,1,"72,10"
00:08,DELTA,RT,0,"0,37"
00:08,DELTA,RT,1,"0,50"
00:08,DELTA,RH,2,"18,84"
00:08,FLOW,WF,0,0
00:08,FLOW,WF,1,0
00:08,0,RT,0,"28,75"
00:13,STATE,RT,0,"26,43"
00:13,HUMIDITY,RT,0,"26,77"
00:13,HUMIDITY,RT,1,"26,30"
00:13,HUMIDITY,RH,0,"53,42"
00:13,HUMIDITY,RH,1,"72,00"
00:13,DELTA,RT,0,"0,34"
00:13,DELTA,RT,1,"0,47"
00:13,DELTA,RH,2,"18,58"
00:13,FLOW,WF,0,0
00:13,FLOW,WF,1,0
00:13,0,RT,0,"28,75"
00:18,STATE,RT,0,"26,43"
00:18,HUMIDITY,RT,0,"26,79"
00:18,HUMIDITY,RT,1,"26,30"
00:18,HUMIDITY,RH,0,"53,40"
00:18,HUMIDITY,RH,1,"72,20"
00:18,DELTA,RT,0,"0,36"
00:18,DELTA,RT,1,"0,49"
00:18,DELTA,RH,2,"18,69"
00:18,FLOW,WF,0,0
00:18,FLOW,WF,1,0
00:18,0,RT,0,"28,75"
00:23,STATE,RT,0,"26,43"
00:23,HUMIDITY,RT,0,"26,79"
00:23,HUMIDITY,RT,1,"26,30"
00:23,HUMIDITY,RH,0,"53,60"
00:23,HUMIDITY,RH,1,"72,20"
00:23,DELTA,RT,0,"0,35"
00:23,DELTA,RT,1,"0,48"
00:23,DELTA,RH,2,"18,71"
00:23,FLOW,WF,0,0
00:23,FLOW,WF,1,0
00:23,0,RT,0,"28,75"
00:28,STATE,RT,0,"26,37"
00:28,HUMIDITY,RT,0,"26,79"
00:28,HUMIDITY,RT,1,"26,30"
00:28,HUMIDITY,RH,0,"53,52"
00:28,HUMIDITY,RH,1,"72,40"
00:28,DELTA,RT,0,"0,42"
00:28,DELTA,RT,1,"0,49"
00:28,DELTA,RH,2,"18,78"
00:28,FLOW,WF,0,0
00:28,FLOW,WF,1,0
00:28,0,RT,0,"28,75"
00:33,STATE,RT,0,"26,37"
00:33,HUMIDITY,RT,0,"26,72"
00:33,HUMIDITY,RT,1,"26,30"
00:33,HUMIDITY,RH,0,"53,63"
00:33,HUMIDITY,RH,1,"72,30"
00:33,DELTA,RT,0,"0,35"
00:33,DELTA,RT,1,"0,42"
00:33,DELTA,RH,2,"18,67"
00:33,FLOW,WF,0,0
00:33,FLOW,WF,1,0
00:33,0,RT,0,"28,75"
00:38,STATE,RT,0,"26,37"
00:38,HUMIDITY,RT,0,"26,75"
00:38,HUMIDITY,RT,1,"26,30"
00:38,HUMIDITY,RH,0,"53,66"
00:38,HUMIDITY,RH,1,"72,40"
00:38,DELTA,RT,0,"0,38"
00:38,DELTA,RT,1,"0,45"
00:38,DELTA,RH,2,"18,74"
00:38,FLOW,WF,0,0
00:38,FLOW,WF,1,0
00:38,0,RT,0,"28,75"
00:43,STATE,RT,0,"26,31"
00:43,HUMIDITY,RT,0,"26,72"
00:43,HUMIDITY,RT,1,"26,30"
00:43,HUMIDITY,RH,0,"53,61"
00:43,HUMIDITY,RH,1,"72,30"
00:43,DELTA,RT,0,"0,41"
00:43,DELTA,RT,1,"0,42"
00:43,DELTA,RH,2,"18,69"
00:43,FLOW,WF,0,0
00:43,FLOW,WF,1,0
00:43,0,RT,0,"28,75"
00:48,STATE,RT,0,"26,37"
00:48,HUMIDITY,RT,0,"26,71"
00:48,HUMIDITY,RT,1,"26,20"
00:48,HUMIDITY,RH,0,"53,71"
00:48,HUMIDITY,RH,1,"72,30"
00:48,DELTA,RT,0,"0,36"
00:48,DELTA,RT,1,"0,53"
00:48,DELTA,RH,2,"18,59"
00:48,FLOW,WF,0,0
00:48,FLOW,WF,1,0
00:48,0,RT,0,"28,75"
00:53,STATE,RT,0,"26,37"
00:53,HUMIDITY,RT,0,"26,78"
00:53,HUMIDITY,RT,1,"26,30"
00:53,HUMIDITY,RH,0,"53,56"
00:53,HUMIDITY,RH,1,"72,40"
00:53,DELTA,RT,0,"0,38"
00:53,DELTA,RT,1,"0,45"
00:53,DELTA,RH,2,"18,82"
00:53,FLOW,WF,0,0
00:53,FLOW,WF,1,0
00:53,0,RT,0,"28,75"
00:58,STATE,RT,0,"26,37"
00:58,HUMIDITY,RT,0,"26,82"
00:58,HUMIDITY,RT,1,"26,20"
00:58,HUMIDITY,RH,0,"53,41"
00:58,HUMIDITY,RH,1,"72,30"
00:58,DELTA,RT,0,"0,46"
00:58,DELTA,RT,1,"0,53"
00:58,DELTA,RH,2,"18,98"
00:58,FLOW,WF,0,0
00:58,FLOW,WF,1,0
00:58,0,RT,0,"29,00"
01:03,STATE,RT,0,"26,37"
01:03,HUMIDITY,RT,0,"26,84"
01:03,HUMIDITY,RT,1,"26,30"
01:03,HUMIDITY,RH,0,"53,31"
01:03,HUMIDITY,RH,1,"72,30"
01:03,DELTA,RT,0,"0,46"
01:03,DELTA,RT,1,"0,53"
01:03,DELTA,RH,2,"18,96"
01:03,FLOW,WF,0,0
01:03,FLOW,WF,1,0
01:03,0,RT,0,"29,00"
01:08,STATE,RT,0,"26,37"
01:08,HUMIDITY,RT,0,"26,84"
01:08,HUMIDITY,RT,1,"26,30"
01:08,HUMIDITY,RH,0,"53,32"
01:08,HUMIDITY,RH,1,"72,30"
01:08,DELTA,RT,0,"0,46"
01:08,DELTA,RT,1,"0,63"
01:08,DELTA,RH,2,"18,86"
01:08,FLOW,WF,0,0
01:08,FLOW,WF,1,0
01:08,0,RT,0,"28,75"
01:13,STATE,RT,0,"26,43"
01:13,HUMIDITY,RT,0,"26,80"
01:13,HUMIDITY,RT,1,"26,30"
01:13,HUMIDITY,RH,0,"53,45"
01:13,HUMIDITY,RH,1,"72,30"
01:13,DELTA,RT,0,"0,37"
01:13,DELTA,RT,1,"0,50"
01:13,DELTA,RH,2,"18,85"
01:13,FLOW,WF,0,0
01:13,FLOW,WF,1,0
01:13,0,RT,0,"28,75"
01:18,STATE,RT,0,"26,37"
01:18,HUMIDITY,RT,0,"26,87"
01:18,HUMIDITY,RT,1,"26,30"
01:18,HUMIDITY,RH,0,"53,30"
01:18,HUMIDITY,RH,1,"72,30"
01:18,DELTA,RT,0,"0,50"
01:18,DELTA,RT,1,"0,57"
01:18,DELTA,RH,2,"19,00"
01:18,FLOW,WF,0,0
01:18,FLOW,WF,1,0
01:18,0,RT,0,"28,75"
01:23,STATE,RT,0,"26,43"
01:23,HUMIDITY,RT,0,"26,81"
01:23,HUMIDITY,RT,1,"26,30"
01:23,HUMIDITY,RH,0,"53,52"
01:23,HUMIDITY,RH,1,"72,40"
01:23,DELTA,RT,0,"0,44"
01:23,DELTA,RT,1,"0,51"
01:23,DELTA,RH,2,"18,88"
01:23,FLOW,WF,0,0
01:23,FLOW,WF,1,0
01:23,0,RT,0,"28,75"
01:29,STATE,RT,0,"26,37"
01:29,HUMIDITY,RT,0,"26,75"
01:29,HUMIDITY,RT,1,"26,20"
01:29,HUMIDITY,RH,0,"53,65"
01:29,HUMIDITY,RH,1,"72,30"
01:29,DELTA,RT,0,"0,38"
01:29,DELTA,RT,1,"0,45"
01:29,DELTA,RH,2,"18,78"
01:29,FLOW,WF,0,0
01:29,FLOW,WF,1,0
01:29,0,RT,0,"28,75"
01:34,STATE,RT,0,"26,37"
01:34,HUMIDITY,RT,0,"26,83"
01:34,HUMIDITY,RT,1,"26,30"
01:34,HUMIDITY,RH,0,"53,46"
01:34,HUMIDITY,RH,1,"72,50"
01:34,DELTA,RT,0,"0,47"
01:34,DELTA,RT,1,"0,64"
01:34,DELTA,RH,2,"18,81"
01:34,FLOW,WF,0,0
01:34,FLOW,WF,1,0
01:34,0,RT,0,"29,00"
01:39,STATE,RT,0,"26,31"
01:39,HUMIDITY,RT,0,"26,77"
01:39,HUMIDITY,RT,1,"26,20"
01:39,HUMIDITY,RH,0,"53,58"
01:39,HUMIDITY,RH,1,"72,40"
01:39,DELTA,RT,0,"0,40"
01:39,DELTA,RT,1,"0,57"
01:39,DELTA,RH,2,"18,68"
01:39,FLOW,WF,0,0
01:39,FLOW,WF,1,0
01:39,0,RT,0,"28,75"
01:44,STATE,RT,0,"26,31"
01:44,HUMIDITY,RT,0,"26,80"
01:44,HUMIDITY,RT,1,"26,20"
01:44,HUMIDITY,RH,0,"53,49"
01:44,HUMIDITY,RH,1,"72,30"
01:44,DELTA,RT,0,"0,43"
01:44,DELTA,RT,1,"0,60"
01:44,DELTA,RH,2,"18,91"
01:44,FLOW,WF,0,0
01:44,FLOW,WF,1,0
01:44,0,RT,0,"28,75"
01:49,STATE,RT,0,"26,31"
01:49,HUMIDITY,RT,0,"26,72"
01:49,HUMIDITY,RT,1,"26,20"
01:49,HUMIDITY,RH,0,"53,70"
01:49,HUMIDITY,RH,1,"72,40"
01:49,DELTA,RT,0,"0,41"
01:49,DELTA,RT,1,"0,52"
01:49,DELTA,RH,2,"18,70"
01:49,FLOW,WF,0,0
01:49,FLOW,WF,1,0
01:49,0,RT,0,"28,75"
01:54,STATE,RT,0,"26,37"
01:54,HUMIDITY,RT,0,"26,78"
01:54,HUMIDITY,RT,1,"26,20"
01:54,HUMIDITY,RH,0,"53,55"
01:54,HUMIDITY,RH,1,"72,40"
01:54,DELTA,RT,0,"0,40"
01:54,DELTA,RT,1,"0,57"
01:54,DELTA,RH,2,"18,86"
01:54,FLOW,WF,0,0
01:54,FLOW,WF,1,0
01:54,0,RT,0,"28,75"
01:59,STATE,RT,0,"26,37"
01:59,HUMIDITY,RT,0,"26,86"
01:59,HUMIDITY,RT,1,"26,30"
01:59,HUMIDITY,RH,0,"53,42"
01:59,HUMIDITY,RH,1,"72,50"
01:59,DELTA,RT,0,"0,49"
01:59,DELTA,RT,1,"0,56"
01:59,DELTA,RH,2,"19,06"
01:59,FLOW,WF,0,0
01:59,FLOW,WF,1,0
01:59,0,RT,0,"28,50"
02:04,STATE,RT,0,"26,37"
02:04,HUMIDITY,RT,0,"26,75"
02:04,HUMIDITY,RT,1,"26,30"
02:04,HUMIDITY,RH,0,"53,68"
02:04,HUMIDITY,RH,1,"72,50"
02:04,DELTA,RT,0,"0,38"
02:04,DELTA,RT,1,"0,45"
02:04,DELTA,RH,2,"18,82"
02:04,FLOW,WF,0,0
02:04,FLOW,WF,1,0
02:04,0,RT,0,"28,50"
02:09,STATE,RT,0,"26,31"
02:09,HUMIDITY,RT,0,"26,73"
02:09,HUMIDITY,RT,1,"26,20"
02:09,HUMIDITY,RH,0,"53,71"
02:09,HUMIDITY,RH,1,"72,30"
02:09,DELTA,RT,0,"0,42"
02:09,DELTA,RT,1,"0,53"
02:09,DELTA,RH,2,"18,59"
02:09,FLOW,WF,0,0
02:09,FLOW,WF,1,0
02:09,0,RT,0,"28,50"
02:14,STATE,RT,0,"26,31"
02:14,HUMIDITY,RT,0,"26,75"
02:14,HUMIDITY,RT,1,"26,20"
02:14,HUMIDITY,RH,0,"53,63"
02:14,HUMIDITY,RH,1,"72,50"
02:14,DELTA,RT,0,"0,44"
02:14,DELTA,RT,1,"0,55"
02:14,DELTA,RH,2,"18,87"
02:14,FLOW,WF,0,0
02:14,FLOW,WF,1,0
02:14,0,RT,0,"28,50"
02:19,STATE,RT,0,"26,31"
02:19,HUMIDITY,RT,0,"26,73"
02:19,HUMIDITY,RT,1,"26,20"
02:19,HUMIDITY,RH,0,"53,81"
02:19,HUMIDITY,RH,1,"72,60"
02:19,DELTA,RT,0,"0,42"
02:19,DELTA,RT,1,"0,53"
02:19,DELTA,RH,2,"18,79"
02:19,FLOW,WF,0,0
02:19,FLOW,WF,1,0
02:19,0,RT,0,"28,25"
02:24,STATE,RT,0,"26,25"
02:24,HUMIDITY,RT,0,"26,73"
02:24,HUMIDITY,RT,1,"26,20"
02:24,HUMIDITY,RH,0,"53,94"
02:24,HUMIDITY,RH,1,"72,70"
02:24,DELTA,RT,0,"0,48"
02:24,DELTA,RT,1,"0,53"
02:24,DELTA,RH,2,"18,77"
02:24,FLOW,WF,0,0
02:24,FLOW,WF,1,0
02:24,0,RT,0,"28,25"
02:29,STATE,RT,0,"26,25"
02:29,HUMIDITY,RT,0,"26,70"
02:29,HUMIDITY,RT,1,"26,20"
02:29,HUMIDITY,RH,0,"53,99"
02:29,HUMIDITY,RH,1,"72,70"
02:29,DELTA,RT,0,"0,45"
02:29,DELTA,RT,1,"0,50"
02:29,DELTA,RH,2,"18,71"
02:29,FLOW,WF,0,0
02:29,FLOW,WF,1,0
02:29,0,RT,0,"28,25"
02:34,STATE,RT,0,"26,25"
02:34,HUMIDITY,RT,0,"26,73"
02:34,HUMIDITY,RT,1,"26,20"
02:34,HUMIDITY,RH,0,"53,92"
02:34,HUMIDITY,RH,1,"72,70"
02:34,DELTA,RT,0,"0,48"
02:34,DELTA,RT,1,"0,53"
02:34,DELTA,RH,2,"18,78"
02:34,FLOW,WF,0,0
02:34,FLOW,WF,1,0
02:34,0,RT,0,"28,25"
02:39,STATE,RT,0,"26,25"
02:39,HUMIDITY,RT,0,"26,71"
02:39,HUMIDITY,RT,1,"26,20"
02:39,HUMIDITY,RH,0,"53,91"
02:39,HUMIDITY,RH,1,"72,80"
02:39,DELTA,RT,0,"0,46"
02:39,DELTA,RT,1,"0,51"
02:39,DELTA,RH,2,"18,89"
02:39,FLOW,WF,0,0
02:39,FLOW,WF,1,0
02:39,0,RT,0,"28,25"
02:44,STATE,RT,0,"26,25"
02:44,HUMIDITY,RT,0,"26,69"
02:44,HUMIDITY,RT,1,"26,20"
02:44,HUMIDITY,RH,0,"54,00"
02:44,HUMIDITY,RH,1,"72,80"
02:44,DELTA,RT,0,"0,44"
02:44,DELTA,RT,1,"0,49"
02:44,DELTA,RH,2,"18,80"
02:44,FLOW,WF,0,0
02:44,FLOW,WF,1,0
02:44,0,RT,0,"28,25"
02:49,STATE,RT,0,"26,25"
02:49,HUMIDITY,RT,0,"26,73"
02:49,HUMIDITY,RT,1,"26,10"
02:49,HUMIDITY,RH,0,"53,97"
02:49,HUMIDITY,RH,1,"72,80"
02:49,DELTA,RT,0,"0,48"
02:49,DELTA,RT,1,"0,63"
02:49,DELTA,RH,2,"18,83"
02:49,FLOW,WF,0,0
02:49,FLOW,WF,1,0
02:49,0,RT,0,"28,25"
02:54,STATE,RT,0,"26,18"
02:54,HUMIDITY,RT,0,"26,70"
02:54,HUMIDITY,RT,1,"26,20"
02:54,HUMIDITY,RH,0,"53,90"
02:54,HUMIDITY,RH,1,"72,80"
02:54,DELTA,RT,0,"0,52"
02:54,DELTA,RT,1,"0,50"
02:54,DELTA,RH,2,"18,91"
02:54,FLOW,WF,0,0
02:54,FLOW,WF,1,0
02:54,0,RT,0,"28,25"
02:59,STATE,RT,0,"26,18"
02:59,HUMIDITY,RT,0,"26,66"
02:59,HUMIDITY,RT,1,"26,10"
02:59,HUMIDITY,RH,0,"53,93"
02:59,HUMIDITY,RH,1,"72,70"
02:59,DELTA,RT,0,"0,47"
02:59,DELTA,RT,1,"0,45"
02:59,DELTA,RH,2,"18,86"
02:59,FLOW,WF,0,0
02:59,FLOW,WF,1,0
02:59,0,RT,0,"28,25"
03:04,STATE,RT,0,"26,18"
03:04,HUMIDITY,RT,0,"26,67"
03:04,HUMIDITY,RT,1,"26,20"
03:04,HUMIDITY,RH,0,"54,10"
03:04,HUMIDITY,RH,1,"73,00"
03:04,DELTA,RT,0,"0,49"
03:04,DELTA,RT,1,"0,47"
03:04,DELTA,RH,2,"18,81"
03:04,FLOW,WF,0,0
03:04,FLOW,WF,1,0
03:04,0,RT,0,"28,25"
03:09,STATE,RT,0,"26,18"
03:09,HUMIDITY,RT,0,"26,73"
03:09,HUMIDITY,RT,1,"26,10"
03:09,HUMIDITY,RH,0,"54,02"
03:09,HUMIDITY,RH,1,"73,00"
03:09,DELTA,RT,0,"0,55"
03:09,DELTA,RT,1,"0,63"
03:09,DELTA,RH,2,"18,98"
03:09,FLOW,WF,0,0
03:09,FLOW,WF,1,0
03:09,0,RT,0,"28,25"
03:14,STATE,RT,0,"26,18"
03:14,HUMIDITY,RT,0,"26,73"
03:14,HUMIDITY,RT,1,"26,20"
03:14,HUMIDITY,RH,0,"54,05"
03:14,HUMIDITY,RH,1,"73,20"
03:14,DELTA,RT,0,"0,55"
03:14,DELTA,RT,1,"0,53"
03:14,DELTA,RH,2,"19,15"
03:14,FLOW,WF,0,0
03:14,FLOW,WF,1,0
03:14,0,RT,0,"28,25"
03:19,STATE,RT,0,"26,18"
03:19,HUMIDITY,RT,0,"26,70"
03:19,HUMIDITY,RT,1,"26,10"
03:19,HUMIDITY,RH,0,"54,18"
03:19,HUMIDITY,RH,1,"73,20"
03:19,DELTA,RT,0,"0,52"
03:19,DELTA,RT,1,"0,60"
03:19,DELTA,RH,2,"19,02"
03:19,FLOW,WF,0,0
03:19,FLOW,WF,1,0
03:19,0,RT,0,"28,25"
03:24,STATE,RT,0,"26,18"
03:24,HUMIDITY,RT,0,"26,67"
03:24,HUMIDITY,RT,1,"26,10"
03:24,HUMIDITY,RH,0,"54,26"
03:24,HUMIDITY,RH,1,"73,20"
03:24,DELTA,RT,0,"0,49"
03:24,DELTA,RT,1,"0,57"
03:24,DELTA,RH,2,"18,94"
03:24,FLOW,WF,0,0
03:24,FLOW,WF,1,0
03:24,0,RT,0,"28,25"
03:29,STATE,RT,0,"26,12"
03:29,HUMIDITY,RT,0,"26,69"
03:29,HUMIDITY,RT,1,"26,10"
03:29,HUMIDITY,RH,0,"54,29"
03:29,HUMIDITY,RH,1,"73,30"
03:29,DELTA,RT,0,"0,56"
03:29,DELTA,RT,1,"0,58"
03:29,DELTA,RH,2,"19,01"
03:29,FLOW,WF,0,0
03:29,FLOW,WF,1,0
03:29,0,RT,0,"28,25"
03:34,STATE,RT,0,"26,12"
03:34,HUMIDITY,RT,0,"26,59"
03:34,HUMIDITY,RT,1,"26,10"
03:34,HUMIDITY,RH,0,"54,44"
03:34,HUMIDITY,RH,1,"73,30"
03:34,DELTA,RT,0,"0,46"
03:34,DELTA,RT,1,"0,48"
03:34,DELTA,RH,2,"18,85"
03:34,FLOW,WF,0,0
03:34,FLOW,WF,1,0
03:34,0,RT,0,"28,25"
03:39,STATE,RT,0,"26,12"
03:39,HUMIDITY,RT,0,"26,59"
03:39,HUMIDITY,RT,1,"26,10"
03:39,HUMIDITY,RH,0,"54,42"
03:39,HUMIDITY,RH,1,"73,40"
03:39,DELTA,RT,0,"0,50"
03:39,DELTA,RT,1,"0,52"
03:39,DELTA,RH,2,"18,99"
03:39,FLOW,WF,0,0
03:39,FLOW,WF,1,0
03:39,0,RT,0,"28,00"
03:45,STATE,RT,0,"26,12"
03:45,HUMIDITY,RT,0,"26,62"
03:45,HUMIDITY,RT,1,"26,10"
03:45,HUMIDITY,RH,0,"54,31"
03:45,HUMIDITY,RH,1,"73,40"
03:45,DELTA,RT,0,"0,50"
03:45,DELTA,RT,1,"0,52"
03:45,DELTA,RH,2,"19,10"
03:45,FLOW,WF,0,0
03:45,FLOW,WF,1,0
03:45,0,RT,0,"28,00"
03:50,STATE,RT,0,"26,12"
03:50,HUMIDITY,RT,0,"26,57"
03:50,HUMIDITY,RT,1,"26,10"
03:50,HUMIDITY,RH,0,"54,38"
03:50,HUMIDITY,RH,1,"73,50"
03:50,DELTA,RT,0,"0,45"
03:50,DELTA,RT,1,"0,47"
03:50,DELTA,RH,2,"19,12"
03:50,FLOW,WF,0,0
03:50,FLOW,WF,1,0
03:50,0,RT,0,"28,00"
03:55,STATE,RT,0,"26,12"
03:55,HUMIDITY,RT,0,"26,53"
03:55,HUMIDITY,RT,1,"26,10"
03:55,HUMIDITY,RH,0,"54,55"
03:55,HUMIDITY,RH,1,"73,40"
03:55,DELTA,RT,0,"0,41"
03:55,DELTA,RT,1,"0,43"
03:55,DELTA,RH,2,"18,85"
03:55,FLOW,WF,0,0
03:55,FLOW,WF,1,0
03:55,0,RT,0,"28,00"
04:00,STATE,RT,0,"26,12"
04:00,HUMIDITY,RT,0,"26,55"
04:00,HUMIDITY,RT,1,"26,10"
04:00,HUMIDITY,RH,0,"54,51"
04:00,HUMIDITY,RH,1,"73,40"
04:00,DELTA,RT,0,"0,44"
04:00,DELTA,RT,1,"0,46"
04:00,DELTA,RH,2,"18,88"
04:00,FLOW,WF,0,0
04:00,FLOW,WF,1,0
04:00,0,RT,0,"28,00"
04:05,STATE,RT,0,"26,12"
04:05,HUMIDITY,RT,0,"26,53"
04:05,HUMIDITY,RT,1,"26,00"
04:05,HUMIDITY,RH,0,"54,48"
04:05,HUMIDITY,RH,1,"73,30"
04:05,DELTA,RT,0,"0,41"
04:05,DELTA,RT,1,"0,53"
04:05,DELTA,RH,2,"18,81"
04:05,FLOW,WF,0,0
04:05,FLOW,WF,1,0
04:05,0,RT,0,"28,00"
04:10,STATE,RT,0,"26,06"
04:10,HUMIDITY,RT,0,"26,55"
04:10,HUMIDITY,RT,1,"26,00"
04:10,HUMIDITY,RH,0,"54,28"
04:10,HUMIDITY,RH,1,"73,30"
04:10,DELTA,RT,0,"0,49"
04:10,DELTA,RT,1,"0,55"
04:10,DELTA,RH,2,"19,02"
04:10,FLOW,WF,0,0
04:10,FLOW,WF,1,0
04:10,0,RT,0,"28,00"
04:15,STATE,RT,0,"26,06"
04:15,HUMIDITY,RT,0,"26,56"
04:15,HUMIDITY,RT,1,"26,00"
04:15,HUMIDITY,RH,0,"54,18"
04:15,HUMIDITY,RH,1,"73,20"
04:15,DELTA,RT,0,"0,49"
04:15,DELTA,RT,1,"0,55"
04:15,DELTA,RH,2,"19,02"
04:15,FLOW,WF,0,0
04:15,FLOW,WF,1,0
04:15,0,RT,0,"28,00"
04:20,STATE,RT,0,"26,06"
04:20,HUMIDITY,RT,0,"26,49"
04:20,HUMIDITY,RT,1,"26,00"
04:20,HUMIDITY,RH,0,"54,38"
04:20,HUMIDITY,RH,1,"73,30"
04:20,DELTA,RT,0,"0,45"
04:20,DELTA,RT,1,"0,51"
04:20,DELTA,RH,2,"18,91"
04:20,FLOW,WF,0,0
04:20,FLOW,WF,1,0
04:20,0,RT,0,"28,00"
04:25,STATE,RT,0,"26,06"
04:25,HUMIDITY,RT,0,"26,51"
04:25,HUMIDITY,RT,1,"26,00"
04:25,HUMIDITY,RH,0,"54,26"
04:25,HUMIDITY,RH,1,"73,30"
04:25,DELTA,RT,0,"0,47"
04:25,DELTA,RT,1,"0,53"
04:25,DELTA,RH,2,"19,04"
04:25,FLOW,WF,0,0
04:25,FLOW,WF,1,0
04:25,0,RT,0,"28,00"
04:30,STATE,RT,0,"26,06"
04:30,HUMIDITY,RT,0,"26,50"
04:30,HUMIDITY,RT,1,"26,00"
04:30,HUMIDITY,RH,0,"54,13"
04:30,HUMIDITY,RH,1,"73,10"
04:30,DELTA,RT,0,"0,44"
04:30,DELTA,RT,1,"0,50"
04:30,DELTA,RH,2,"18,97"
04:30,FLOW,WF,0,0
04:30,FLOW,WF,1,0
04:30,0,RT,0,"28,00"
04:35,STATE,RT,0,"26,06"
04:35,HUMIDITY,RT,0,"26,46"
04:35,HUMIDITY,RT,1,"26,00"
04:35,HUMIDITY,RH,0,"54,10"
04:35,HUMIDITY,RH,1,"73,00"
04:35,DELTA,RT,0,"0,42"
04:35,DELTA,RT,1,"0,48"
04:35,DELTA,RH,2,"18,90"
04:35,FLOW,WF,0,0
04:35,FLOW,WF,1,0
04:35,0,RT,0,"28,00"
04:40,STATE,RT,0,"26,00"
04:40,HUMIDITY,RT,0,"26,51"
04:40,HUMIDITY,RT,1,"26,00"
04:40,HUMIDITY,RH,0,"53,87"
04:40,HUMIDITY,RH,1,"73,10"
04:40,DELTA,RT,0,"0,51"
04:40,DELTA,RT,1,"0,51"
04:40,DELTA,RH,2,"19,23"
04:40,FLOW,WF,0,0
04:40,FLOW,WF,1,0
04:40,0,RT,0,"28,00"
04:45,STATE,RT,0,"26,00"
04:45,HUMIDITY,RT,0,"26,45"
04:45,HUMIDITY,RT,1,"26,00"
04:45,HUMIDITY,RH,0,"53,89"
04:45,HUMIDITY,RH,1,"72,90"
04:45,DELTA,RT,0,"0,45"
04:45,DELTA,RT,1,"0,45"
04:45,DELTA,RH,2,"19,01"
04:45,FLOW,WF,0,0
04:45,FLOW,WF,1,0
04:45,0,RT,0,"28,00"
04:50,STATE,RT,0,"26,00"
04:50,HUMIDITY,RT,0,"26,46"
04:50,HUMIDITY,RT,1,"26,00"
04:50,HUMIDITY,RH,0,"53,79"
04:50,HUMIDITY,RH,1,"72,80"
04:50,DELTA,RT,0,"0,46"
04:50,DELTA,RT,1,"0,46"
04:50,DELTA,RH,2,"19,01"
04:50,FLOW,WF,0,0
04:50,FLOW,WF,1,0
04:50,0,RT,0,"28,00"
04:55,STATE,RT,0,"25,93"
04:55,HUMIDITY,RT,0,"26,39"
04:55,HUMIDITY,RT,1,"25,90"
04:55,HUMIDITY,RH,0,"53,95"
04:55,HUMIDITY,RH,1,"72,70"
04:55,DELTA,RT,0,"0,46"
04:55,DELTA,RT,1,"0,49"
04:55,DELTA,RH,2,"18,75"
04:55,FLOW,WF,0,0
04:55,FLOW,WF,1,0
04:55,0,RT,0,"28,00"
05:00,STATE,RT,0,"25,93"
05:00,HUMIDITY,RT,0,"26,36"
05:00,HUMIDITY,RT,1,"25,90"
05:00,HUMIDITY,RH,0,"53,93"
05:00,HUMIDITY,RH,1,"72,60"
05:00,DELTA,RT,0,"0,43"
05:00,DELTA,RT,1,"0,46"
05:00,DELTA,RH,2,"18,67"
05:00,FLOW,WF,0,0
05:00,FLOW,WF,1,0
05:00,0,RT,0,"28,00"
05:05,STATE,RT,0,"25,93"
05:05,HUMIDITY,RT,0,"26,36"
05:05,HUMIDITY,RT,1,"26,00"
05:05,HUMIDITY,RH,0,"53,78"
05:05,HUMIDITY,RH,1,"72,50"
05:05,DELTA,RT,0,"0,43"
05:05,DELTA,RT,1,"0,36"
05:05,DELTA,RH,2,"18,61"
05:05,FLOW,WF,0,0
05:05,FLOW,WF,1,0
05:05,0,RT,0,"28,00"
05:10,STATE,RT,0,"25,93"
05:10,HUMIDITY,RT,0,"26,37"
05:10,HUMIDITY,RT,1,"26,00"
05:10,HUMIDITY,RH,0,"53,63"
05:10,HUMIDITY,RH,1,"72,50"
05:10,DELTA,RT,0,"0,44"
05:10,DELTA,RT,1,"0,37"
05:10,DELTA,RH,2,"18,87"
05:10,FLOW,WF,0,0
05:10,FLOW,WF,1,0
05:10,0,RT,0,"28,00"
05:15,STATE,RT,0,"25,93"
05:15,HUMIDITY,RT,0,"26,36"
05:15,HUMIDITY,RT,1,"25,90"
05:15,HUMIDITY,RH,0,"53,60"
05:15,HUMIDITY,RH,1,"72,40"
05:15,DELTA,RT,0,"0,43"
05:15,DELTA,RT,1,"0,46"
05:15,DELTA,RH,2,"18,80"
05:15,FLOW,WF,0,0
05:15,FLOW,WF,1,0
05:15,0,RT,0,"27,75"
05:20,STATE,RT,0,"26,00"
05:20,HUMIDITY,RT,0,"26,39"
05:20,HUMIDITY,RT,1,"25,00"
05:20,HUMIDITY,RH,0,"53,48"
05:20,HUMIDITY,RH,1,"72,20"
05:20,DELTA,RT,0,"0,39"
05:20,DELTA,RT,1,"1,39"
05:20,DELTA,RH,2,"18,72"
05:20,FLOW,WF,0,0
05:20,FLOW,WF,1,0
05:20,0,RT,0,"28,00"
05:25,STATE,RT,0,"25,93"
05:25,HUMIDITY,RT,0,"26,35"
05:25,HUMIDITY,RT,1,"25,90"
05:25,HUMIDITY,RH,0,"53,52"
05:25,HUMIDITY,RH,1,"72,40"
05:25,DELTA,RT,0,"0,42"
05:25,DELTA,RT,1,"0,45"
05:25,DELTA,RH,2,"18,88"
05:25,FLOW,WF,0,0
05:25,FLOW,WF,1,0
05:25,0,RT,0,"28,00"
05:30,STATE,RT,0,"26,00"
05:30,HUMIDITY,RT,0,"26,38"
05:30,HUMIDITY,RT,1,"25,90"
05:30,HUMIDITY,RH,0,"53,63"
05:30,HUMIDITY,RH,1,"72,50"
05:30,DELTA,RT,0,"0,38"
05:30,DELTA,RT,1,"0,48"
05:30,DELTA,RH,2,"18,87"
05:30,FLOW,WF,0,0
05:30,FLOW,WF,1,0
05:30,0,RT,0,"28,00"
05:35,STATE,RT,0,"26,00"
05:35,HUMIDITY,RT,0,"32,160"
05:35,HUMIDITY,RT,1,"26,00"
05:35,HUMIDITY,RH,0,"0,164"
05:35,HUMIDITY,RH,1,"72,60"
05:35,DELTA,RT,0,"0,37"
05:35,DELTA,RT,1,"0,47"
05:35,DELTA,RH,2,"18,81"
05:35,FLOW,WF,0,0
05:35,FLOW,WF,1,0
05:35,0,RT,0,"28,00"
05:40,STATE,RT,0,"26,00"
05:40,HUMIDITY,RT,0,"26,40"
05:40,HUMIDITY,RT,1,"25,90"
05:40,HUMIDITY,RH,0,"54,07"
05:40,HUMIDITY,RH,1,"72,80"
05:40,DELTA,RT,0,"0,38"
05:40,DELTA,RT,1,"0,48"
05:40,DELTA,RH,2,"18,75"
05:40,FLOW,WF,0,0
05:40,FLOW,WF,1,0
05:40,0,RT,0,"28,00"
05:45,STATE,RT,0,"26,00"
05:45,HUMIDITY,RT,0,"26,42"
05:45,HUMIDITY,RT,1,"26,00"
05:45,HUMIDITY,RH,0,"53,91"
05:45,HUMIDITY,RH,1,"72,80"
05:45,DELTA,RT,0,"0,41"
05:45,DELTA,RT,1,"0,51"
05:45,DELTA,RH,2,"18,79"
05:45,FLOW,WF,0,0
05:45,FLOW,WF,1,0
05:45,0,RT,0,"28,00"
05:50,STATE,RT,0,"26,00"
05:50,HUMIDITY,RT,0,"26,43"
05:50,HUMIDITY,RT,1,"26,00"
05:50,HUMIDITY,RH,0,"54,08"
05:50,HUMIDITY,RH,1,"72,90"
05:50,DELTA,RT,0,"0,43"
05:50,DELTA,RT,1,"0,43"
05:50,DELTA,RH,2,"18,82"
05:50,FLOW,WF,0,0
05:50,FLOW,WF,1,0
05:50,0,RT,0,"28,00"
05:56,STATE,RT,0,"26,00"
05:56,HUMIDITY,RT,0,"26,51"
05:56,HUMIDITY,RT,1,"26,00"
05:56,HUMIDITY,RH,0,"53,91"
05:56,HUMIDITY,RH,1,"72,90"
05:56,DELTA,RT,0,"0,51"
05:56,DELTA,RT,1,"0,51"
05:56,DELTA,RH,2,"18,99"
05:56,FLOW,WF,0,0
05:56,FLOW,WF,1,0
05:56,0,RT,0,"28,00"
06:01,STATE,RT,0,"26,00"
06:01,HUMIDITY,RT,0,"26,54"
06:01,HUMIDITY,RT,1,"26,00"
06:01,HUMIDITY,RH,0,"53,94"
06:01,HUMIDITY,RH,1,"73,00"
06:01,DELTA,RT,0,"0,54"
06:01,DELTA,RT,1,"0,54"
06:01,DELTA,RH,2,"19,06"
06:01,FLOW,WF,0,0
06:01,FLOW,WF,1,0
06:01,0,RT,0,"28,00"
06:06,STATE,RT,0,"26,06"
06:06,HUMIDITY,RT,0,"26,50"
06:06,HUMIDITY,RT,1,"26,00"
06:06,HUMIDITY,RH,0,"54,13"
06:06,HUMIDITY,RH,1,"73,20"
06:06,DELTA,RT,0,"0,50"
06:06,DELTA,RT,1,"0,50"
06:06,DELTA,RH,2,"19,07"
06:06,FLOW,WF,0,0
06:06,FLOW,WF,1,0
06:06,0,RT,0,"28,00"
06:11,STATE,RT,0,"26,06"
06:11,HUMIDITY,RT,0,"26,50"
06:11,HUMIDITY,RT,1,"26,00"
06:11,HUMIDITY,RH,0,"54,39"
06:11,HUMIDITY,RH,1,"73,40"
06:11,DELTA,RT,0,"0,47"
06:11,DELTA,RT,1,"0,63"
06:11,DELTA,RH,2,"19,01"
06:11,FLOW,WF,0,0
06:11,FLOW,WF,1,0
06:11,0,RT,0,"28,25"
06:16,STATE,RT,0,"26,00"
06:16,HUMIDITY,RT,0,"26,48"
06:16,HUMIDITY,RT,1,"26,00"
06:16,HUMIDITY,RH,0,"54,70"
06:16,HUMIDITY,RH,1,"73,70"
06:16,DELTA,RT,0,"0,48"
06:16,DELTA,RT,1,"0,48"
06:16,DELTA,RH,2,"18,90"
06:16,FLOW,WF,0,0
06:16,FLOW,WF,1,0
06:16,0,RT,0,"28,25"
06:21,STATE,RT,0,"26,06"
06:21,HUMIDITY,RT,0,"26,53"
06:21,HUMIDITY,RT,1,"26,00"
06:21,HUMIDITY,RH,0,"54,80"
06:21,HUMIDITY,RH,1,"74,10"
06:21,DELTA,RT,0,"0,46"
06:21,DELTA,RT,1,"0,52"
06:21,DELTA,RH,2,"19,20"
06:21,FLOW,WF,0,0
06:21,FLOW,WF,1,0
06:21,0,RT,0,"28,25"
06:26,STATE,RT,0,"26,06"
06:26,HUMIDITY,RT,0,"26,54"
06:26,HUMIDITY,RT,1,"26,00"
06:26,HUMIDITY,RH,0,"55,00"
06:26,HUMIDITY,RH,1,"74,30"
06:26,DELTA,RT,0,"0,49"
06:26,DELTA,RT,1,"0,55"
06:26,DELTA,RH,2,"19,25"
06:26,FLOW,WF,0,0
06:26,FLOW,WF,1,0
06:26,0,RT,0,"28,25"
06:31,STATE,RT,0,"25,87"
06:31,HUMIDITY,RT,0,"26,33"
06:31,HUMIDITY,RT,1,"26,00"
06:31,HUMIDITY,RH,0,"56,62"
06:31,HUMIDITY,RH,1,"75,40"
06:31,DELTA,RT,0,"0,46"
06:31,DELTA,RT,1,"0,33"
06:31,DELTA,RH,2,"18,78"
06:31,FLOW,WF,0,0
06:31,FLOW,WF,1,0
06:31,0,RT,0,"28,50"
06:36,STATE,RT,0,"25,81"
06:36,HUMIDITY,RT,0,"26,39"
06:36,HUMIDITY,RT,1,"25,90"
06:36,HUMIDITY,RH,0,"56,79"
06:36,HUMIDITY,RH,1,"75,80"
06:36,DELTA,RT,0,"0,58"
06:36,DELTA,RT,1,"0,49"
06:36,DELTA,RH,2,"19,01"
06:36,FLOW,WF,0,0
06:36,FLOW,WF,1,0
06:36,0,RT,0,"28,50"
06:41,STATE,RT,0,"25,87"
06:41,HUMIDITY,RT,0,"26,34"
06:41,HUMIDITY,RT,1,"25,90"
06:41,HUMIDITY,RH,0,"57,40"
06:41,HUMIDITY,RH,1,"76,40"
06:41,DELTA,RT,0,"0,48"
06:41,DELTA,RT,1,"0,45"
06:41,DELTA,RH,2,"19,02"
06:41,FLOW,WF,0,0
06:41,FLOW,WF,1,0
06:41,0,RT,0,"28,50"
06:46,STATE,RT,0,"25,81"
06:46,HUMIDITY,RT,0,"26,37"
06:46,HUMIDITY,RT,1,"25,90"
06:46,HUMIDITY,RH,0,"57,66"
06:46,HUMIDITY,RH,1,"76,40"
06:46,DELTA,RT,0,"0,55"
06:46,DELTA,RT,1,"0,46"
06:46,DELTA,RH,2,"18,70"
06:46,FLOW,WF,0,0
06:46,FLOW,WF,1,0
06:46,0,RT,0,"28,75"
06:51,STATE,RT,0,"25,68"
06:51,HUMIDITY,RT,0,"26,34"
06:51,HUMIDITY,RT,1,"25,80"
06:51,HUMIDITY,RH,0,"58,57"
06:51,HUMIDITY,RH,1,"77,70"
06:51,DELTA,RT,0,"0,63"
06:51,DELTA,RT,1,"0,51"
06:51,DELTA,RH,2,"19,14"
06:51,FLOW,WF,0,0
06:51,FLOW,WF,1,0
06:51,0,RT,0,"28,50"
06:56,STATE,RT,0,"25,68"
06:56,HUMIDITY,RT,0,"26,37"
06:56,HUMIDITY,RT,1,"25,80"
06:56,HUMIDITY,RH,0,"58,74"
06:56,HUMIDITY,RH,1,"78,00"
06:56,DELTA,RT,0,"0,68"
06:56,DELTA,RT,1,"0,56"
06:56,DELTA,RH,2,"19,24"
06:56,FLOW,WF,0,0
06:56,FLOW,WF,1,0
06:56,0,RT,0,"28,50"
07:01,STATE,RT,0,"25,62"
07:01,HUMIDITY,RT,0,"26,27"
07:01,HUMIDITY,RT,1,"25,80"
07:01,HUMIDITY,RH,0,"59,11"
07:01,HUMIDITY,RH,1,"78,20"
07:01,DELTA,RT,0,"0,63"
07:01,DELTA,RT,1,"0,45"
07:01,DELTA,RH,2,"18,98"
07:01,FLOW,WF,0,0
07:01,FLOW,WF,1,0
07:01,0,RT,0,"28,75"
07:06,STATE,RT,0,"25,62"
07:06,HUMIDITY,RT,0,"26,29"
07:06,HUMIDITY,RT,1,"25,80"
07:06,HUMIDITY,RH,0,"59,53"
07:06,HUMIDITY,RH,1,"78,80"
07:06,DELTA,RT,0,"0,66"
07:06,DELTA,RT,1,"0,48"
07:06,DELTA,RH,2,"19,19"
07:06,FLOW,WF,0,0
07:06,FLOW,WF,1,0
07:06,0,RT,0,"28,75"
07:11,STATE,RT,0,"25,62"
07:11,HUMIDITY,RT,0,"26,27"
07:11,HUMIDITY,RT,1,"25,80"
07:11,HUMIDITY,RH,0,"60,01"
07:11,HUMIDITY,RH,1,"79,10"
07:11,DELTA,RT,0,"0,62"
07:11,DELTA,RT,1,"0,44"
07:11,DELTA,RH,2,"19,03"
07:11,FLOW,WF,0,0
07:11,FLOW,WF,1,0
07:11,0,RT,0,"28,75"
07:16,STATE,RT,0,"25,62"
07:16,HUMIDITY,RT,0,"26,22"
07:16,HUMIDITY,RT,1,"25,80"
07:16,HUMIDITY,RH,0,"60,14"
07:16,HUMIDITY,RH,1,"79,10"
07:16,DELTA,RT,0,"0,51"
07:16,DELTA,RT,1,"0,39"
07:16,DELTA,RH,2,"18,97"
07:16,FLOW,WF,0,0
07:16,FLOW,WF,1,0
07:16,0,RT,0,"28,50"
07:21,STATE,RT,0,"25,56"
07:21,HUMIDITY,RT,0,"26,22"
07:21,HUMIDITY,RT,1,"25,70"
07:21,HUMIDITY,RH,0,"60,08"
07:21,HUMIDITY,RH,1,"79,40"
07:21,DELTA,RT,0,"0,66"
07:21,DELTA,RT,1,"0,52"
07:21,DELTA,RH,2,"19,32"
07:21,FLOW,WF,0,0
07:21,FLOW,WF,1,0
07:21,0,RT,0,"28,50"
07:26,STATE,RT,0,"25,68"
07:26,HUMIDITY,RT,0,"26,22"
07:26,HUMIDITY,RT,1,"25,70"
07:26,HUMIDITY,RH,0,"59,11"
07:26,HUMIDITY,RH,1,"79,10"
07:26,DELTA,RT,0,"0,54"
07:26,DELTA,RT,1,"0,52"
07:26,DELTA,RH,2,"19,99"
07:26,FLOW,WF,0,0
07:26,FLOW,WF,1,0
07:26,0,RT,0,"28,50"
07:31,STATE,RT,0,"25,93"
07:31,HUMIDITY,RT,0,"26,36"
07:31,HUMIDITY,RT,1,"25,80"
07:31,HUMIDITY,RH,0,"58,43"
07:31,HUMIDITY,RH,1,"78,10"
07:31,DELTA,RT,0,"0,43"
07:31,DELTA,RT,1,"0,56"
07:31,DELTA,RH,2,"19,67"
07:31,FLOW,WF,0,0
07:31,FLOW,WF,1,0
07:31,0,RT,0,"28,50"
07:36,STATE,RT,0,"26,00"
07:36,HUMIDITY,RT,0,"26,42"
07:36,HUMIDITY,RT,1,"25,80"
07:36,HUMIDITY,RH,0,"58,09"
07:36,HUMIDITY,RH,1,"77,80"
07:36,DELTA,RT,0,"0,42"
07:36,DELTA,RT,1,"0,62"
07:36,DELTA,RH,2,"19,71"
07:36,FLOW,WF,0,0
07:36,FLOW,WF,1,0
07:36,0,RT,0,"28,50"
07:41,STATE,RT,0,"26,06"
07:41,HUMIDITY,RT,0,"26,52"
07:41,HUMIDITY,RT,1,"25,90"
07:41,HUMIDITY,RH,0,"57,83"
07:41,HUMIDITY,RH,1,"77,70"
07:41,DELTA,RT,0,"0,46"
07:41,DELTA,RT,1,"0,62"
07:41,DELTA,RH,2,"19,87"
07:41,FLOW,WF,0,0
07:41,FLOW,WF,1,0
07:41,0,RT,0,"28,50"
07:46,STATE,RT,0,"26,12"
07:46,HUMIDITY,RT,0,"26,60"
07:46,HUMIDITY,RT,1,"26,00"
07:46,HUMIDITY,RH,0,"58,25"
07:46,HUMIDITY,RH,1,"78,30"
07:46,DELTA,RT,0,"0,48"
07:46,DELTA,RT,1,"0,70"
07:46,DELTA,RH,2,"19,88"
07:46,FLOW,WF,0,0
07:46,FLOW,WF,1,0
07:46,0,RT,0,"28,75"
07:51,STATE,RT,0,"26,06"
07:51,HUMIDITY,RT,0,"26,56"
07:51,HUMIDITY,RT,1,"26,00"
07:51,HUMIDITY,RH,0,"58,17"
07:51,HUMIDITY,RH,1,"78,00"
07:51,DELTA,RT,0,"0,50"
07:51,DELTA,RT,1,"0,56"
07:51,DELTA,RH,2,"19,83"
07:51,FLOW,WF,0,0
07:51,FLOW,WF,1,0
07:51,0,RT,0,"28,50"
07:56,STATE,RT,0,"26,18"
07:56,HUMIDITY,RT,0,"26,75"
07:56,HUMIDITY,RT,1,"26,00"
07:56,HUMIDITY,RH,0,"58,08"
07:56,HUMIDITY,RH,1,"78,40"
07:56,DELTA,RT,0,"0,57"
07:56,DELTA,RT,1,"0,75"
07:56,DELTA,RH,2,"20,32"
07:56,FLOW,WF,0,0
07:56,FLOW,WF,1,0
07:56,0,RT,0,"28,75"
08:01,STATE,RT,0,"26,25"
08:01,HUMIDITY,RT,0,"26,85"
08:01,HUMIDITY,RT,1,"26,10"
08:01,HUMIDITY,RH,0,"58,79"
08:01,HUMIDITY,RH,1,"79,10"
08:01,DELTA,RT,0,"0,60"
08:01,DELTA,RT,1,"0,75"
08:01,DELTA,RH,2,"20,31"
08:01,FLOW,WF,0,0
08:01,FLOW,WF,1,0
08:01,0,RT,0,"28,75"
08:07,STATE,RT,0,"26,18"
08:07,HUMIDITY,RT,0,"26,70"
08:07,HUMIDITY,RT,1,"26,00"
08:07,HUMIDITY,RH,0,"58,83"
08:07,HUMIDITY,RH,1,"79,00"
08:07,DELTA,RT,0,"0,52"
08:07,DELTA,RT,1,"0,70"
08:07,DELTA,RH,2,"20,17"
08:07,FLOW,WF,0,0
08:07,FLOW,WF,1,0
08:07,0,RT,0,"28,75"
08:12,STATE,RT,0,"26,12"
08:12,HUMIDITY,RT,0,"26,66"
08:12,HUMIDITY,RT,1,"26,10"
08:12,HUMIDITY,RH,0,"59,24"
08:12,HUMIDITY,RH,1,"79,20"
08:12,DELTA,RT,0,"0,54"
08:12,DELTA,RT,1,"0,56"
08:12,DELTA,RH,2,"19,96"
08:12,FLOW,WF,0,0
08:12,FLOW,WF,1,0
08:12,0,RT,0,"28,75"
08:17,STATE,RT,0,"26,18"
08:17,HUMIDITY,RT,0,"26,65"
08:17,HUMIDITY,RT,1,"26,10"
08:17,HUMIDITY,RH,0,"58,63"
08:17,HUMIDITY,RH,1,"78,70"
08:17,DELTA,RT,0,"0,48"
08:17,DELTA,RT,1,"0,66"
08:17,DELTA,RH,2,"19,96"
08:17,FLOW,WF,0,0
08:17,FLOW,WF,1,0
08:17,0,RT,0,"28,75"
08:22,STATE,RT,0,"26,12"
08:22,HUMIDITY,RT,0,"26,58"
08:22,HUMIDITY,RT,1,"26,00"
08:22,HUMIDITY,RH,0,"59,30"
08:22,HUMIDITY,RH,1,"79,00"
08:22,DELTA,RT,0,"0,46"
08:22,DELTA,RT,1,"0,48"
08:22,DELTA,RH,2,"19,72"
08:22,FLOW,WF,0,0
08:22,FLOW,WF,1,0
08:22,0,RT,0,"28,75"
08:27,STATE,RT,0,"26,06"
08:27,HUMIDITY,RT,0,"26,65"
08:27,HUMIDITY,RT,1,"26,00"
08:27,HUMIDITY,RH,0,"59,05"
08:27,HUMIDITY,RH,1,"78,80"
08:27,DELTA,RT,0,"0,56"
08:27,DELTA,RT,1,"0,62"
08:27,DELTA,RH,2,"19,73"
08:27,FLOW,WF,0,0
08:27,FLOW,WF,1,0
08:27,0,RT,0,"28,50"
08:32,STATE,RT,0,"26,12"
08:32,HUMIDITY,RT,0,"26,62"
08:32,HUMIDITY,RT,1,"26,00"
08:32,HUMIDITY,RH,0,"58,99"
08:32,HUMIDITY,RH,1,"79,00"
08:32,DELTA,RT,0,"0,50"
08:32,DELTA,RT,1,"0,62"
08:32,DELTA,RH,2,"20,01"
08:32,FLOW,WF,0,0
08:32,FLOW,WF,1,0
08:32,0,RT,0,"28,50"
08:37,STATE,RT,0,"26,06"
08:37,HUMIDITY,RT,0,"26,63"
08:37,HUMIDITY,RT,1,"26,00"
08:37,HUMIDITY,RH,0,"58,76"
08:37,HUMIDITY,RH,1,"78,70"
08:37,DELTA,RT,0,"0,57"
08:37,DELTA,RT,1,"0,63"
08:37,DELTA,RH,2,"19,94"
08:37,FLOW,WF,0,0
08:37,FLOW,WF,1,0
08:37,0,RT,0,"28,50"
08:42,STATE,RT,0,"26,12"
08:42,HUMIDITY,RT,0,"26,67"
08:42,HUMIDITY,RT,1,"26,00"
08:42,HUMIDITY,RH,0,"58,52"
08:42,HUMIDITY,RH,1,"78,40"
08:42,DELTA,RT,0,"0,55"
08:42,DELTA,RT,1,"0,67"
08:42,DELTA,RH,2,"19,88"
08:42,FLOW,WF,0,0
08:42,FLOW,WF,1,0
08:42,0,RT,0,"28,50"
08:47,STATE,RT,0,"26,12"
08:47,HUMIDITY,RT,0,"26,80"
08:47,HUMIDITY,RT,1,"26,10"
08:47,HUMIDITY,RH,0,"58,47"
08:47,HUMIDITY,RH,1,"78,50"
08:47,DELTA,RT,0,"0,67"
08:47,DELTA,RT,1,"0,69"
08:47,DELTA,RH,2,"20,01"
08:47,FLOW,WF,0,0
08:47,FLOW,WF,1,0
08:47,0,RT,0,"28,50"
08:52,STATE,RT,0,"26,18"
08:52,HUMIDITY,RT,0,"26,73"
08:52,HUMIDITY,RT,1,"26,10"
08:52,HUMIDITY,RH,0,"58,79"
08:52,HUMIDITY,RH,1,"78,70"
08:52,DELTA,RT,0,"0,53"
08:52,DELTA,RT,1,"0,61"
08:52,DELTA,RH,2,"19,93"
08:52,FLOW,WF,0,0
08:52,FLOW,WF,1,0
08:52,0,RT,0,"28,50"
08:57,STATE,RT,0,"26,31"
08:57,HUMIDITY,RT,0,"26,86"
08:57,HUMIDITY,RT,1,"26,10"
08:57,HUMIDITY,RH,0,"58,76"
08:57,HUMIDITY,RH,1,"79,10"
08:57,DELTA,RT,0,"0,59"
08:57,DELTA,RT,1,"0,74"
08:57,DELTA,RH,2,"20,32"
08:57,FLOW,WF,0,0
08:57,FLOW,WF,1,0
08:57,0,RT,0,"28,75"
09:02,STATE,RT,0,"26,43"
09:02,HUMIDITY,RT,0,"26,80"
09:02,HUMIDITY,RT,1,"26,20"
09:02,HUMIDITY,RH,0,"58,66"
09:02,HUMIDITY,RH,1,"78,80"
09:02,DELTA,RT,0,"0,38"
09:02,DELTA,RT,1,"0,61"
09:02,DELTA,RH,2,"20,16"
09:02,FLOW,WF,0,0
09:02,FLOW,WF,1,0
09:02,0,RT,0,"29,00"
09:07,STATE,RT,0,"26,37"
09:07,HUMIDITY,RT,0,"26,79"
09:07,HUMIDITY,RT,1,"26,20"
09:07,HUMIDITY,RH,0,"58,54"
09:07,HUMIDITY,RH,1,"78,60"
09:07,DELTA,RT,0,"0,38"
09:07,DELTA,RT,1,"0,61"
09:07,DELTA,RH,2,"20,09"
09:07,FLOW,WF,0,0
09:07,FLOW,WF,1,0
09:07,0,RT,0,"29,00"
09:12,STATE,RT,0,"26,43"
09:12,HUMIDITY,RT,0,"26,75"
09:12,HUMIDITY,RT,1,"26,20"
09:12,HUMIDITY,RH,0,"58,53"
09:12,HUMIDITY,RH,1,"78,50"
09:12,DELTA,RT,0,"0,32"
09:12,DELTA,RT,1,"0,55"
09:12,DELTA,RH,2,"19,97"
09:12,FLOW,WF,0,0
09:12,FLOW,WF,1,0
09:12,0,RT,0,"29,00"
09:17,STATE,RT,0,"26,25"
09:17,HUMIDITY,RT,0,"26,73"
09:17,HUMIDITY,RT,1,"26,20"
09:17,HUMIDITY,RH,0,"58,79"
09:17,HUMIDITY,RH,1,"78,50"
09:17,DELTA,RT,0,"0,48"
09:17,DELTA,RT,1,"0,53"
09:17,DELTA,RH,2,"19,71"
09:17,FLOW,WF,0,0
09:17,FLOW,WF,1,0
09:17,0,RT,0,"29,00"
09:22,STATE,RT,0,"26,31"
09:22,HUMIDITY,RT,0,"26,69"
09:22,HUMIDITY,RT,1,"26,20"
09:22,HUMIDITY,RH,0,"58,96"
09:22,HUMIDITY,RH,1,"78,70"
09:22,DELTA,RT,0,"0,37"
09:22,DELTA,RT,1,"0,48"
09:22,DELTA,RH,2,"19,71"
09:22,FLOW,WF,0,0
09:22,FLOW,WF,1,0
09:22,0,RT,0,"29,00"
09:27,STATE,RT,0,"26,31"
09:27,HUMIDITY,RT,0,"26,79"
09:27,HUMIDITY,RT,1,"26,20"
09:27,HUMIDITY,RH,0,"58,50"
09:27,HUMIDITY,RH,1,"78,40"
09:27,DELTA,RT,0,"0,46"
09:27,DELTA,RT,1,"0,57"
09:27,DELTA,RH,2,"19,92"
09:27,FLOW,WF,0,0
09:27,FLOW,WF,1,0
09:27,0,RT,0,"28,75"
09:32,STATE,RT,0,"26,25"
09:32,HUMIDITY,RT,0,"26,81"
09:32,HUMIDITY,RT,1,"26,20"
09:32,HUMIDITY,RH,0,"58,19"
09:32,HUMIDITY,RH,1,"78,40"
09:32,DELTA,RT,0,"0,58"
09:32,DELTA,RT,1,"0,63"
09:32,DELTA,RH,2,"20,20"
09:32,FLOW,WF,0,0
09:32,FLOW,WF,1,0
09:32,0,RT,0,"29,00"
09:37,STATE,RT,0,"26,37"
09:37,HUMIDITY,RT,0,"26,81"
09:37,HUMIDITY,RT,1,"26,20"
09:37,HUMIDITY,RH,0,"58,41"
09:37,HUMIDITY,RH,1,"78,60"
09:37,DELTA,RT,0,"0,50"
09:37,DELTA,RT,1,"0,61"
09:37,DELTA,RH,2,"20,28"
09:37,FLOW,WF,0,0
09:37,FLOW,WF,1,0
09:37,0,RT,0,"29,00"
09:42,STATE,RT,0,"26,43"
09:42,HUMIDITY,RT,0,"26,90"
09:42,HUMIDITY,RT,1,"26,20"
09:42,HUMIDITY,RH,0,"58,48"
09:42,HUMIDITY,RH,1,"78,40"
09:42,DELTA,RT,0,"0,46"
09:42,DELTA,RT,1,"0,69"
09:42,DELTA,RH,2,"19,90"
09:42,FLOW,WF,0,0
09:42,FLOW,WF,1,0
09:42,0,RT,0,"29,00"
09:47,STATE,RT,0,"26,56"
09:47,HUMIDITY,RT,0,"26,90"
09:47,HUMIDITY,RT,1,"26,30"
09:47,HUMIDITY,RH,0,"58,47"
09:47,HUMIDITY,RH,1,"78,40"
09:47,DELTA,RT,0,"0,32"
09:47,DELTA,RT,1,"0,58"
09:47,DELTA,RH,2,"19,91"
09:47,FLOW,WF,0,0
09:47,FLOW,WF,1,0
09:47,0,RT,0,"29,00"
09:52,STATE,RT,0,"26,62"
09:52,HUMIDITY,RT,0,"26,99"
09:52,HUMIDITY,RT,1,"26,30"
09:52,HUMIDITY,RH,0,"58,54"
09:52,HUMIDITY,RH,1,"78,70"
09:52,DELTA,RT,0,"0,37"
09:52,DELTA,RT,1,"0,69"
09:52,DELTA,RH,2,"20,16"
09:52,FLOW,WF,0,0
09:52,FLOW,WF,1,0
09:52,0,RT,0,"29,00"
09:57,STATE,RT,0,"26,56"
09:57,HUMIDITY,RT,0,"26,99"
09:57,HUMIDITY,RT,1,"26,30"
09:57,HUMIDITY,RH,0,"58,57"
09:57,HUMIDITY,RH,1,"78,70"
09:57,DELTA,RT,0,"0,43"
09:57,DELTA,RT,1,"0,69"
09:57,DELTA,RH,2,"20,13"
09:57,FLOW,WF,0,0
09:57,FLOW,WF,1,0
09:57,0,RT,0,"29,00"
10:02,STATE,RT,0,"26,62"
10:02,HUMIDITY,RT,0,"26,99"
10:02,HUMIDITY,RT,1,"26,40"
10:02,HUMIDITY,RH,0,"58,44"
10:02,HUMIDITY,RH,1,"78,40"
10:02,DELTA,RT,0,"0,37"
10:02,DELTA,RT,1,"0,59"
10:02,DELTA,RH,2,"19,96"
10:02,FLOW,WF,0,0
10:02,FLOW,WF,1,0
10:02,0,RT,0,"29,00"
10:07,STATE,RT,0,"26,81"
10:07,HUMIDITY,RT,0,"27,11"
10:07,HUMIDITY,RT,1,"26,40"
10:07,HUMIDITY,RH,0,"58,17"
10:07,HUMIDITY,RH,1,"78,30"
10:07,DELTA,RT,0,"0,30"
10:07,DELTA,RT,1,"0,71"
10:07,DELTA,RH,2,"20,13"
10:07,FLOW,WF,0,0
10:07,FLOW,WF,1,0
10:07,0,RT,0,"29,00"
10:12,STATE,RT,0,"26,75"
10:12,HUMIDITY,RT,0,"27,04"
10:12,HUMIDITY,RT,1,"26,40"
10:12,HUMIDITY,RH,0,"58,09"
10:12,HUMIDITY,RH,1,"78,00"
10:12,DELTA,RT,0,"0,29"
10:12,DELTA,RT,1,"0,64"
10:12,DELTA,RH,2,"19,91"
10:12,FLOW,WF,0,0
10:12,FLOW,WF,1,0
10:12,0,RT,0,"29,00"
10:17,STATE,RT,0,"26,87"
10:17,HUMIDITY,RT,0,"27,13"
10:17,HUMIDITY,RT,1,"26,50"
10:17,HUMIDITY,RH,0,"58,02"
10:17,HUMIDITY,RH,1,"78,20"
10:17,DELTA,RT,0,"0,26"
10:17,DELTA,RT,1,"0,63"
10:17,DELTA,RH,2,"20,18"
10:17,FLOW,WF,0,0
10:17,FLOW,WF,1,0
10:17,0,RT,0,"29,25"
10:23,STATE,RT,0,"26,81"
10:23,HUMIDITY,RT,0,"27,12"
10:23,HUMIDITY,RT,1,"26,50"
10:23,HUMIDITY,RH,0,"57,94"
10:23,HUMIDITY,RH,1,"78,00"
10:23,DELTA,RT,0,"0,31"
10:23,DELTA,RT,1,"0,62"
10:23,DELTA,RH,2,"20,06"
10:23,FLOW,WF,0,0
10:23,FLOW,WF,1,0
10:23,0,RT,0,"29,25"
10:28,STATE,RT,0,"26,81"
10:28,HUMIDITY,RT,0,"27,16"
10:28,HUMIDITY,RT,1,"26,50"
10:28,HUMIDITY,RH,0,"57,20"
10:28,HUMIDITY,RH,1,"77,20"
10:28,DELTA,RT,0,"0,35"
10:28,DELTA,RT,1,"0,66"
10:28,DELTA,RH,2,"19,98"
10:28,FLOW,WF,0,0
10:28,FLOW,WF,1,0
10:28,0,RT,0,"29,25"
10:33,STATE,RT,0,"26,87"
10:33,HUMIDITY,RT,0,"27,19"
10:33,HUMIDITY,RT,1,"26,50"
10:33,HUMIDITY,RH,0,"57,31"
10:33,HUMIDITY,RH,1,"77,10"
10:33,DELTA,RT,0,"0,32"
10:33,DELTA,RT,1,"0,69"
10:33,DELTA,RH,2,"19,79"
10:33,FLOW,WF,0,0
10:33,FLOW,WF,1,0
10:33,0,RT,0,"29,25"
10:38,STATE,RT,0,"26,93"
10:38,HUMIDITY,RT,0,"27,24"
10:38,HUMIDITY,RT,1,"26,60"
10:38,HUMIDITY,RH,0,"56,88"
10:38,HUMIDITY,RH,1,"76,80"
10:38,DELTA,RT,0,"0,31"
10:38,DELTA,RT,1,"0,64"
10:38,DELTA,RH,2,"19,92"
10:38,FLOW,WF,0,0
10:38,FLOW,WF,1,0
10:38,0,RT,0,"29,50"
10:43,STATE,RT,0,"26,87"
10:43,HUMIDITY,RT,0,"27,25"
10:43,HUMIDITY,RT,1,"26,60"
10:43,HUMIDITY,RH,0,"56,35"
10:43,HUMIDITY,RH,1,"76,10"
10:43,DELTA,RT,0,"0,38"
10:43,DELTA,RT,1,"0,65"
10:43,DELTA,RH,2,"19,75"
10:43,FLOW,WF,0,0
10:43,FLOW,WF,1,0
10:43,0,RT,0,"29,25"
10:48,STATE,RT,0,"26,87"
10:48,HUMIDITY,RT,0,"27,23"
10:48,HUMIDITY,RT,1,"26,60"
10:48,HUMIDITY,RH,0,"56,72"
10:48,HUMIDITY,RH,1,"76,50"
10:48,DELTA,RT,0,"0,36"
10:48,DELTA,RT,1,"0,63"
10:48,DELTA,RH,2,"19,78"
10:48,FLOW,WF,0,0
10:48,FLOW,WF,1,0
10:48,0,RT,0,"29,25"
10:53,STATE,RT,0,"26,87"
10:53,HUMIDITY,RT,0,"27,29"
10:53,HUMIDITY,RT,1,"26,60"
10:53,HUMIDITY,RH,0,"56,48"
10:53,HUMIDITY,RH,1,"76,30"
10:53,DELTA,RT,0,"0,42"
10:53,DELTA,RT,1,"0,69"
10:53,DELTA,RH,2,"19,82"
10:53,FLOW,WF,0,0
10:53,FLOW,WF,1,0
10:53,0,RT,0,"29,25"
10:58,STATE,RT,0,"26,93"
10:58,HUMIDITY,RT,0,"27,34"
10:58,HUMIDITY,RT,1,"26,60"
10:58,HUMIDITY,RH,0,"56,29"
10:58,HUMIDITY,RH,1,"76,30"
10:58,DELTA,RT,0,"0,40"
10:58,DELTA,RT,1,"0,73"
10:58,DELTA,RH,2,"20,02"
10:58,FLOW,WF,0,0
10:58,FLOW,WF,1,0
10:58,0,RT,0,"29,25"
11:03,STATE,RT,0,"26,87"
11:03,HUMIDITY,RT,0,"27,29"
11:03,HUMIDITY,RT,1,"26,60"
11:03,HUMIDITY,RH,0,"56,03"
11:03,HUMIDITY,RH,1,"75,90"
11:03,DELTA,RT,0,"0,45"
11:03,DELTA,RT,1,"0,72"
11:03,DELTA,RH,2,"19,82"
11:03,FLOW,WF,0,0
11:03,FLOW,WF,1,0
11:03,0,RT,0,"29,25"
11:08,STATE,RT,0,"26,93"
11:08,HUMIDITY,RT,0,"27,38"
11:08,HUMIDITY,RT,1,"26,60"
11:08,HUMIDITY,RH,0,"55,56"
11:08,HUMIDITY,RH,1,"75,50"
11:08,DELTA,RT,0,"0,46"
11:08,DELTA,RT,1,"0,79"
11:08,DELTA,RH,2,"19,96"
11:08,FLOW,WF,0,0
11:08,FLOW,WF,1,0
11:08,0,RT,0,"29,25"
11:13,STATE,RT,0,"26,93"
11:13,HUMIDITY,RT,0,"27,34"
11:13,HUMIDITY,RT,1,"26,70"
11:13,HUMIDITY,RH,0,"55,74"
11:13,HUMIDITY,RH,1,"75,50"
11:13,DELTA,RT,0,"0,41"
11:13,DELTA,RT,1,"0,64"
11:13,DELTA,RH,2,"19,76"
11:13,FLOW,WF,0,0
11:13,FLOW,WF,1,0
11:13,0,RT,0,"29,25"
11:18,STATE,RT,0,"27,00"
11:18,HUMIDITY,RT,0,"27,43"
11:18,HUMIDITY,RT,1,"26,70"
11:18,HUMIDITY,RH,0,"55,64"
11:18,HUMIDITY,RH,1,"75,50"
11:18,DELTA,RT,0,"0,43"
11:18,DELTA,RT,1,"0,73"
11:18,DELTA,RH,2,"19,86"
11:18,FLOW,WF,0,0
11:18,FLOW,WF,1,0
11:18,0,RT,0,"29,25"
11:23,STATE,RT,0,"27,06"
11:23,HUMIDITY,RT,0,"27,46"
11:23,HUMIDITY,RT,1,"26,70"
11:23,HUMIDITY,RH,0,"55,24"
11:23,HUMIDITY,RH,1,"75,20"
11:23,DELTA,RT,0,"0,40"
11:23,DELTA,RT,1,"0,76"
11:23,DELTA,RH,2,"19,96"
11:23,FLOW,WF,0,0
11:23,FLOW,WF,1,0
11:23,0,RT,0,"29,25"
11:28,STATE,RT,0,"27,00"
11:28,HUMIDITY,RT,0,"27,54"
11:28,HUMIDITY,RT,1,"26,80"
11:28,HUMIDITY,RH,0,"54,94"
11:28,HUMIDITY,RH,1,"74,80"
11:28,DELTA,RT,0,"0,53"
11:28,DELTA,RT,1,"0,83"
11:28,DELTA,RH,2,"19,74"
11:28,FLOW,WF,0,0
11:28,FLOW,WF,1,0
11:28,0,RT,0,"29,50"
11:33,STATE,RT,0,"27,06"
11:33,HUMIDITY,RT,0,"27,47"
11:33,HUMIDITY,RT,1,"26,80"
11:33,HUMIDITY,RH,0,"54,81"
11:33,HUMIDITY,RH,1,"74,50"
11:33,DELTA,RT,0,"0,42"
11:33,DELTA,RT,1,"0,68"
11:33,DELTA,RH,2,"19,70"
11:33,FLOW,WF,0,0
11:33,FLOW,WF,1,0
11:33,0,RT,0,"29,50"
11:38,STATE,RT,0,"27,06"
11:38,HUMIDITY,RT,0,"27,53"
11:38,HUMIDITY,RT,1,"26,80"
11:38,HUMIDITY,RH,0,"54,67"
11:38,HUMIDITY,RH,1,"74,20"
11:38,DELTA,RT,0,"0,45"
11:38,DELTA,RT,1,"0,71"
11:38,DELTA,RH,2,"19,68"
11:38,FLOW,WF,0,0
11:38,FLOW,WF,1,0
11:38,0,RT,0,"29,50"
11:43,STATE,RT,0,"27,18"
11:43,HUMIDITY,RT,0,"27,51"
11:43,HUMIDITY,RT,1,"26,90"
11:43,HUMIDITY,RH,0,"54,69"
11:43,HUMIDITY,RH,1,"74,50"
11:43,DELTA,RT,0,"0,33"
11:43,DELTA,RT,1,"0,71"
11:43,DELTA,RH,2,"19,69"
11:43,FLOW,WF,0,0
11:43,FLOW,WF,1,0
11:43,0,RT,0,"29,50"
11:48,STATE,RT,0,"27,25"
11:48,HUMIDITY,RT,0,"27,58"
11:48,HUMIDITY,RT,1,"26,90"
11:48,HUMIDITY,RH,0,"54,65"
11:48,HUMIDITY,RH,1,"74,40"
11:48,DELTA,RT,0,"0,32"
11:48,DELTA,RT,1,"0,67"
11:48,DELTA,RH,2,"19,75"
11:48,FLOW,WF,0,0
11:48,FLOW,WF,1,0
11:48,0,RT,0,"29,50"
11:53,STATE,RT,0,"27,25"
11:53,HUMIDITY,RT,0,"27,55"
11:53,HUMIDITY,RT,1,"26,90"
11:53,HUMIDITY,RH,0,"54,41"
11:53,HUMIDITY,RH,1,"73,90"
11:53,DELTA,RT,0,"0,30"
11:53,DELTA,RT,1,"0,65"
11:53,DELTA,RH,2,"19,49"
11:53,FLOW,WF,0,0
11:53,FLOW,WF,1,0
11:53,0,RT,0,"29,50"
11:58,STATE,RT,0,"27,12"
11:58,HUMIDITY,RT,0,"27,58"
11:58,HUMIDITY,RT,1,"26,90"
11:58,HUMIDITY,RH,0,"54,20"
11:58,HUMIDITY,RH,1,"73,60"
11:58,DELTA,RT,0,"0,46"
11:58,DELTA,RT,1,"0,68"
11:58,DELTA,RH,2,"19,40"
11:58,FLOW,WF,0,0
11:58,FLOW,WF,1,0
11:58,0,RT,0,"29,50"
12:03,STATE,RT,0,"27,25"
12:03,HUMIDITY,RT,0,"27,64"
12:03,HUMIDITY,RT,1,"26,90"
12:03,HUMIDITY,RH,0,"53,94"
12:03,HUMIDITY,RH,1,"73,40"
12:03,DELTA,RT,0,"0,46"
12:03,DELTA,RT,1,"0,74"
12:03,DELTA,RH,2,"19,54"
12:03,FLOW,WF,0,0
12:03,FLOW,WF,1,0
12:03,0,RT,0,"29,50"
12:08,STATE,RT,0,"27,25"
12:08,HUMIDITY,RT,0,"27,71"
12:08,HUMIDITY,RT,1,"26,90"
12:08,HUMIDITY,RH,0,"53,98"
12:08,HUMIDITY,RH,1,"73,60"
12:08,DELTA,RT,0,"0,44"
12:08,DELTA,RT,1,"0,79"
12:08,DELTA,RH,2,"19,62"
12:08,FLOW,WF,0,0
12:08,FLOW,WF,1,0
12:08,0,RT,0,"29,75"
12:13,STATE,RT,0,"27,25"
12:13,HUMIDITY,RT,0,"27,67"
12:13,HUMIDITY,RT,1,"26,90"
12:13,HUMIDITY,RH,0,"53,35"
12:13,HUMIDITY,RH,1,"72,40"
12:13,DELTA,RT,0,"0,43"
12:13,DELTA,RT,1,"0,78"
12:13,DELTA,RH,2,"19,10"
12:13,FLOW,WF,0,0
12:13,FLOW,WF,1,0
12:13,0,RT,0,"29,75"
12:18,STATE,RT,0,"27,31"
12:18,HUMIDITY,RT,0,"27,59"
12:18,HUMIDITY,RT,1,"26,90"
12:18,HUMIDITY,RH,0,"53,71"
12:18,HUMIDITY,RH,1,"73,00"
12:18,DELTA,RT,0,"0,30"
12:18,DELTA,RT,1,"0,71"
12:18,DELTA,RH,2,"19,29"
12:18,FLOW,WF,0,0
12:18,FLOW,WF,1,0
12:18,0,RT,0,"29,75"
12:23,STATE,RT,0,"27,37"
12:23,HUMIDITY,RT,0,"27,62"
12:23,HUMIDITY,RT,1,"27,00"
12:23,HUMIDITY,RH,0,"52,88"
12:23,HUMIDITY,RH,1,"72,70"
12:23,DELTA,RT,0,"0,25"
12:23,DELTA,RT,1,"0,62"
12:23,DELTA,RH,2,"19,82"
12:23,FLOW,WF,0,0
12:23,FLOW,WF,1,0
12:23,0,RT,0,"29,75"
12:28,STATE,RT,0,"27,50"
12:28,HUMIDITY,RT,0,"27,66"
12:28,HUMIDITY,RT,1,"27,00"
12:28,HUMIDITY,RH,0,"52,82"
12:28,HUMIDITY,RH,1,"72,30"
12:28,DELTA,RT,0,"0,16"
12:28,DELTA,RT,1,"0,66"
12:28,DELTA,RH,2,"19,48"
12:28,FLOW,WF,0,0
12:28,FLOW,WF,1,0
12:28,0,RT,0,"30,00"
12:34,STATE,RT,0,"27,50"
12:34,HUMIDITY,RT,0,"27,61"
12:34,HUMIDITY,RT,1,"27,00"
12:34,HUMIDITY,RH,0,"53,20"
12:34,HUMIDITY,RH,1,"72,50"
12:34,DELTA,RT,0,"0,11"
12:34,DELTA,RT,1,"0,61"
12:34,DELTA,RH,2,"19,19"
12:34,FLOW,WF,0,0
12:34,FLOW,WF,1,0
12:34,0,RT,0,"30,00"
12:39,STATE,RT,0,"27,50"
12:39,HUMIDITY,RT,0,"27,70"
12:39,HUMIDITY,RT,1,"27,00"
12:39,HUMIDITY,RH,0,"53,11"
12:39,HUMIDITY,RH,1,"72,40"
12:39,DELTA,RT,0,"0,20"
12:39,DELTA,RT,1,"0,70"
12:39,DELTA,RH,2,"19,29"
12:39,FLOW,WF,0,0
12:39,FLOW,WF,1,0
12:39,0,RT,0,"30,00"
12:44,STATE,RT,0,"27,62"
12:44,HUMIDITY,RT,0,"27,74"
12:44,HUMIDITY,RT,1,"27,10"
12:44,HUMIDITY,RH,0,"53,52"
12:44,HUMIDITY,RH,1,"72,90"
12:44,DELTA,RT,0,"0,12"
12:44,DELTA,RT,1,"0,64"
12:44,DELTA,RH,2,"19,38"
12:44,FLOW,WF,0,0
12:44,FLOW,WF,1,0
12:44,0,RT,0,"30,00"
12:49,STATE,RT,0,"27,62"
12:49,HUMIDITY,RT,0,"27,83"
12:49,HUMIDITY,RT,1,"27,10"
12:49,HUMIDITY,RH,0,"53,33"
12:49,HUMIDITY,RH,1,"72,50"
12:49,DELTA,RT,0,"0,21"
12:49,DELTA,RT,1,"0,73"
12:49,DELTA,RH,2,"19,17"
12:49,FLOW,WF,0,0
12:49,FLOW,WF,1,0
12:49,0,RT,0,"30,00"
12:54,STATE,RT,0,"27,62"
12:54,HUMIDITY,RT,0,"27,82"
12:54,HUMIDITY,RT,1,"27,20"
12:54,HUMIDITY,RH,0,"53,48"
12:54,HUMIDITY,RH,1,"72,40"
12:54,DELTA,RT,0,"0,20"
12:54,DELTA,RT,1,"0,62"
12:54,DELTA,RH,2,"18,92"
12:54,FLOW,WF,0,0
12:54,FLOW,WF,1,0
12:54,0,RT,0,"30,00"
12:59,STATE,RT,0,"27,68"
12:59,HUMIDITY,RT,0,"27,81"
12:59,HUMIDITY,RT,1,"27,20"
12:59,HUMIDITY,RH,0,"52,39"
12:59,HUMIDITY,RH,1,"71,80"
12:59,DELTA,RT,0,"0,13"
12:59,DELTA,RT,1,"0,61"
12:59,DELTA,RH,2,"19,41"
12:59,FLOW,WF,0,0
12:59,FLOW,WF,1,0
12:59,0,RT,0,"30,00"
13:04,STATE,RT,0,"27,75"
13:04,HUMIDITY,RT,0,"27,89"
13:04,HUMIDITY,RT,1,"27,30"
13:04,HUMIDITY,RH,0,"51,77"
13:04,HUMIDITY,RH,1,"71,40"
13:04,DELTA,RT,0,"0,14"
13:04,DELTA,RT,1,"0,59"
13:04,DELTA,RH,2,"19,63"
13:04,FLOW,WF,0,0
13:04,FLOW,WF,1,0
13:04,0,RT,0,"30,00"
13:09,STATE,RT,0,"27,75"
13:09,HUMIDITY,RT,0,"27,88"
13:09,HUMIDITY,RT,1,"27,30"
13:09,HUMIDITY,RH,0,"51,07"
13:09,HUMIDITY,RH,1,"71,00"
13:09,DELTA,RT,0,"0,15"
13:09,DELTA,RT,1,"0,60"
13:09,DELTA,RH,2,"19,84"
13:09,FLOW,WF,0,0
13:09,FLOW,WF,1,0
13:09,0,RT,0,"30,00"
13:14,STATE,RT,0,"27,68"
13:14,HUMIDITY,RT,0,"27,96"
13:14,HUMIDITY,RT,1,"27,30"
13:14,HUMIDITY,RH,0,"50,49"
13:14,HUMIDITY,RH,1,"69,10"
13:14,DELTA,RT,0,"0,28"
13:14,DELTA,RT,1,"0,66"
13:14,DELTA,RH,2,"18,68"
13:14,FLOW,WF,0,0
13:14,FLOW,WF,1,0
13:14,0,RT,0,"30,00"
13:19,STATE,RT,0,"27,81"
13:19,HUMIDITY,RT,0,"28,00"
13:19,HUMIDITY,RT,1,"27,30"
13:19,HUMIDITY,RH,0,"48,89"
13:19,HUMIDITY,RH,1,"68,70"
13:19,DELTA,RT,0,"0,19"
13:19,DELTA,RT,1,"0,70"
13:19,DELTA,RH,2,"19,81"
13:19,FLOW,WF,0,0
13:19,FLOW,WF,1,0
13:19,0,RT,0,"30,00"
13:24,STATE,RT,0,"27,87"
13:24,HUMIDITY,RT,0,"27,93"
13:24,HUMIDITY,RT,1,"27,30"
13:24,HUMIDITY,RH,0,"50,21"
13:24,HUMIDITY,RH,1,"69,40"
13:24,DELTA,RT,0,"0,06"
13:24,DELTA,RT,1,"0,63"
13:24,DELTA,RH,2,"19,19"
13:24,FLOW,WF,0,0
13:24,FLOW,WF,1,0
13:24,0,RT,0,"30,00"
13:29,STATE,RT,0,"27,81"
13:29,HUMIDITY,RT,0,"28,01"
13:29,HUMIDITY,RT,1,"27,40"
13:29,HUMIDITY,RH,0,"50,21"
13:29,HUMIDITY,RH,1,"69,00"
13:29,DELTA,RT,0,"0,20"
13:29,DELTA,RT,1,"0,61"
13:29,DELTA,RH,2,"18,79"
13:29,FLOW,WF,0,0
13:29,FLOW,WF,1,0
13:29,0,RT,0,"30,00"
13:34,STATE,RT,0,"27,81"
13:34,HUMIDITY,RT,0,"28,10"
13:34,HUMIDITY,RT,1,"27,40"
13:34,HUMIDITY,RH,0,"49,98"
13:34,HUMIDITY,RH,1,"68,30"
13:34,DELTA,RT,0,"0,29"
13:34,DELTA,RT,1,"0,70"
13:34,DELTA,RH,2,"18,32"
13:34,FLOW,WF,0,0
13:34,FLOW,WF,1,0
13:34,0,RT,0,"30,00"
13:39,STATE,RT,0,"27,87"
13:39,HUMIDITY,RT,0,"28,08"
13:39,HUMIDITY,RT,1,"27,40"
13:39,HUMIDITY,RH,0,"49,04"
13:39,HUMIDITY,RH,1,"67,90"
13:39,DELTA,RT,0,"0,23"
13:39,DELTA,RT,1,"0,70"
13:39,DELTA,RH,2,"18,73"
13:39,FLOW,WF,0,0
13:39,FLOW,WF,1,0
13:39,0,RT,0,"30,00"
13:44,STATE,RT,0,"27,75"
13:44,HUMIDITY,RT,0,"28,12"
13:44,HUMIDITY,RT,1,"27,40"
13:44,HUMIDITY,RH,0,"48,76"
13:44,HUMIDITY,RH,1,"66,80"
13:44,DELTA,RT,0,"0,36"
13:44,DELTA,RT,1,"0,71"
13:44,DELTA,RH,2,"18,00"
13:44,FLOW,WF,0,0
13:44,FLOW,WF,1,0
13:44,0,RT,0,"30,00"
13:49,STATE,RT,0,"27,87"
13:49,HUMIDITY,RT,0,"28,12"
13:49,HUMIDITY,RT,1,"27,40"
13:49,HUMIDITY,RH,0,"48,15"
13:49,HUMIDITY,RH,1,"66,90"
13:49,DELTA,RT,0,"0,26"
13:49,DELTA,RT,1,"0,63"
13:49,DELTA,RH,2,"18,95"
13:49,FLOW,WF,0,0
13:49,FLOW,WF,1,0
13:49,0,RT,0,"30,00"
13:54,STATE,RT,0,"27,87"
13:54,HUMIDITY,RT,0,"28,18"
13:54,HUMIDITY,RT,1,"27,50"
13:54,HUMIDITY,RH,0,"48,65"
13:54,HUMIDITY,RH,1,"67,30"
13:54,DELTA,RT,0,"0,30"
13:54,DELTA,RT,1,"0,67"
13:54,DELTA,RH,2,"18,55"
13:54,FLOW,WF,0,0
13:54,FLOW,WF,1,0
13:54,0,RT,0,"30,00"
13:59,STATE,RT,0,"27,93"
13:59,HUMIDITY,RT,0,"28,19"
13:59,HUMIDITY,RT,1,"27,50"
13:59,HUMIDITY,RH,0,"48,62"
13:59,HUMIDITY,RH,1,"67,30"
13:59,DELTA,RT,0,"0,26"
13:59,DELTA,RT,1,"0,69"
13:59,DELTA,RH,2,"18,68"
13:59,FLOW,WF,0,0
13:59,FLOW,WF,1,0
13:59,0,RT,0,"30,00"
14:04,STATE,RT,0,"27,93"
14:04,HUMIDITY,RT,0,"28,23"
14:04,HUMIDITY,RT,1,"27,50"
14:04,HUMIDITY,RH,0,"47,57"
14:04,HUMIDITY,RH,1,"66,50"
14:04,DELTA,RT,0,"0,30"
14:04,DELTA,RT,1,"0,73"
14:04,DELTA,RH,2,"18,93"
14:04,FLOW,WF,0,0
14:04,FLOW,WF,1,0
14:04,0,RT,0,"30,00"
14:09,STATE,RT,0,"27,93"
14:09,HUMIDITY,RT,0,"28,15"
14:09,HUMIDITY,RT,1,"27,50"
14:09,HUMIDITY,RH,0,"47,20"
14:09,HUMIDITY,RH,1,"65,50"
14:09,DELTA,RT,0,"0,24"
14:09,DELTA,RT,1,"0,67"
14:09,DELTA,RH,2,"18,22"
14:09,FLOW,WF,0,0
14:09,FLOW,WF,1,0
14:09,0,RT,0,"30,00"
14:14,STATE,RT,0,"28,00"
14:14,HUMIDITY,RT,0,"28,29"
14:14,HUMIDITY,RT,1,"27,50"
14:14,HUMIDITY,RH,0,"46,53"
14:14,HUMIDITY,RH,1,"65,30"
14:14,DELTA,RT,0,"0,29"
14:14,DELTA,RT,1,"0,79"
14:14,DELTA,RH,2,"18,80"
14:14,FLOW,WF,0,0
14:14,FLOW,WF,1,0
14:14,0,RT,0,"30,00"
14:19,STATE,RT,0,"28,06"
14:19,HUMIDITY,RT,0,"28,23"
14:19,HUMIDITY,RT,1,"27,60"
14:19,HUMIDITY,RH,0,"46,92"
14:19,HUMIDITY,RH,1,"65,00"
14:19,DELTA,RT,0,"0,16"
14:19,DELTA,RT,1,"0,62"
14:19,DELTA,RH,2,"18,14"
14:19,FLOW,WF,0,0
14:19,FLOW,WF,1,0
14:19,0,RT,0,"30,00"
14:24,STATE,RT,0,"28,12"
14:24,HUMIDITY,RT,0,"28,30"
14:24,HUMIDITY,RT,1,"27,60"
14:24,HUMIDITY,RH,0,"46,45"
14:24,HUMIDITY,RH,1,"64,70"
14:24,DELTA,RT,0,"0,23"
14:24,DELTA,RT,1,"0,69"
14:24,DELTA,RH,2,"18,13"
14:24,FLOW,WF,0,0
14:24,FLOW,WF,1,0
14:24,0,RT,0,"30,00"
14:29,STATE,RT,0,"28,06"
14:29,HUMIDITY,RT,0,"28,32"
14:29,HUMIDITY,RT,1,"27,60"
14:29,HUMIDITY,RH,0,"46,07"
14:29,HUMIDITY,RH,1,"64,20"
14:29,DELTA,RT,0,"0,27"
14:29,DELTA,RT,1,"0,73"
14:29,DELTA,RH,2,"17,94"
14:29,FLOW,WF,0,0
14:29,FLOW,WF,1,0
14:29,0,RT,0,"30,00"
14:34,STATE,RT,0,"28,06"
14:34,HUMIDITY,RT,0,"28,29"
14:34,HUMIDITY,RT,1,"27,60"
14:34,HUMIDITY,RH,0,"46,27"
14:34,HUMIDITY,RH,1,"64,10"
14:34,DELTA,RT,0,"0,25"
14:34,DELTA,RT,1,"0,71"
14:34,DELTA,RH,2,"17,76"
14:34,FLOW,WF,0,0
14:34,FLOW,WF,1,0
14:34,0,RT,0,"30,00"
14:39,STATE,RT,0,"28,06"
14:39,HUMIDITY,RT,0,"28,33"
14:39,HUMIDITY,RT,1,"27,60"
14:39,HUMIDITY,RH,0,"46,63"
14:39,HUMIDITY,RH,1,"64,30"
14:39,DELTA,RT,0,"0,27"
14:39,DELTA,RT,1,"0,73"
14:39,DELTA,RH,2,"17,67"
14:39,FLOW,WF,0,0
14:39,FLOW,WF,1,0
14:39,0,RT,0,"30,00"
14:45,STATE,RT,0,"28,06"
14:45,HUMIDITY,RT,0,"28,32"
14:45,HUMIDITY,RT,1,"27,60"
14:45,HUMIDITY,RH,0,"46,56"
14:45,HUMIDITY,RH,1,"64,10"
14:45,DELTA,RT,0,"0,25"
14:45,DELTA,RT,1,"0,71"
14:45,DELTA,RH,2,"17,55"
14:45,FLOW,WF,0,0
14:45,FLOW,WF,1,0
14:45,0,RT,0,"30,00"
14:50,STATE,RT,0,"28,12"
14:50,HUMIDITY,RT,0,"28,31"
14:50,HUMIDITY,RT,1,"27,70"
14:50,HUMIDITY,RH,0,"46,88"
14:50,HUMIDITY,RH,1,"64,40"
14:50,DELTA,RT,0,"0,19"
14:50,DELTA,RT,1,"0,61"
14:50,DELTA,RH,2,"17,52"
14:50,FLOW,WF,0,0
14:50,FLOW,WF,1,0
14:50,0,RT,0,"30,00"
14:55,STATE,RT,0,"28,18"
14:55,HUMIDITY,RT,0,"28,43"
14:55,HUMIDITY,RT,1,"27,70"
14:55,HUMIDITY,RH,0,"46,61"
14:55,HUMIDITY,RH,1,"64,20"
14:55,DELTA,RT,0,"0,25"
14:55,DELTA,RT,1,"0,73"
14:55,DELTA,RH,2,"17,59"
14:55,FLOW,WF,0,0
14:55,FLOW,WF,1,0
14:55,0,RT,0,"30,00"
15:00,STATE,RT,0,"28,25"
15:00,HUMIDITY,RT,0,"28,42"
15:00,HUMIDITY,RT,1,"27,70"
15:00,HUMIDITY,RH,0,"46,57"
15:00,HUMIDITY,RH,1,"64,30"
15:00,DELTA,RT,0,"0,17"
15:00,DELTA,RT,1,"0,72"
15:00,DELTA,RH,2,"17,73"
15:00,FLOW,WF,0,0
15:00,FLOW,WF,1,0
15:00,0,RT,0,"30,00"
15:05,STATE,RT,0,"28,31"
15:05,HUMIDITY,RT,0,"28,47"
15:05,HUMIDITY,RT,1,"27,80"
15:05,HUMIDITY,RH,0,"46,83"
15:05,HUMIDITY,RH,1,"64,60"
15:05,DELTA,RT,0,"0,16"
15:05,DELTA,RT,1,"0,67"
15:05,DELTA,RH,2,"17,77"
15:05,FLOW,WF,0,0
15:05,FLOW,WF,1,0
15:05,0,RT,0,"30,00"
15:10,STATE,RT,0,"28,31"
15:10,HUMIDITY,RT,0,"28,45"
15:10,HUMIDITY,RT,1,"27,80"
15:10,HUMIDITY,RH,0,"46,40"
15:10,HUMIDITY,RH,1,"63,80"
15:10,DELTA,RT,0,"0,14"
15:10,DELTA,RT,1,"0,65"
15:10,DELTA,RH,2,"17,40"
15:10,FLOW,WF,0,0
15:10,FLOW,WF,1,0
15:10,0,RT,0,"30,00"
15:15,STATE,RT,0,"28,31"
15:15,HUMIDITY,RT,0,"28,44"
15:15,HUMIDITY,RT,1,"27,80"
15:15,HUMIDITY,RH,0,"46,01"
15:15,HUMIDITY,RH,1,"63,40"
15:15,DELTA,RT,0,"0,13"
15:15,DELTA,RT,1,"0,64"
15:15,DELTA,RH,2,"17,43"
15:15,FLOW,WF,0,0
15:15,FLOW,WF,1,0
15:15,0,RT,0,"30,00"
15:20,STATE,RT,0,"28,37"
15:20,HUMIDITY,RT,0,"28,51"
15:20,HUMIDITY,RT,1,"27,80"
15:20,HUMIDITY,RH,0,"46,39"
15:20,HUMIDITY,RH,1,"63,60"
15:20,DELTA,RT,0,"0,19"
15:20,DELTA,RT,1,"0,76"
15:20,DELTA,RH,2,"17,12"
15:20,FLOW,WF,0,0
15:20,FLOW,WF,1,0
15:20,0,RT,0,"30,25"
15:25,STATE,RT,0,"28,37"
15:25,HUMIDITY,RT,0,"28,48"
15:25,HUMIDITY,RT,1,"27,80"
15:25,HUMIDITY,RH,0,"46,91"
15:25,HUMIDITY,RH,1,"63,80"
15:25,DELTA,RT,0,"0,11"
15:25,DELTA,RT,1,"0,68"
15:25,DELTA,RH,2,"16,89"
15:25,FLOW,WF,0,0
15:25,FLOW,WF,1,0
15:25,0,RT,0,"30,25"
15:30,STATE,RT,0,"28,37"
15:30,HUMIDITY,RT,0,"28,49"
15:30,HUMIDITY,RT,1,"27,80"
15:30,HUMIDITY,RH,0,"47,05"
15:30,HUMIDITY,RH,1,"63,90"
15:30,DELTA,RT,0,"0,12"
15:30,DELTA,RT,1,"0,69"
15:30,DELTA,RH,2,"16,85"
15:30,FLOW,WF,0,0
15:30,FLOW,WF,1,0
15:30,0,RT,0,"30,25"
15:35,STATE,RT,0,"28,37"
15:35,HUMIDITY,RT,0,"28,53"
15:35,HUMIDITY,RT,1,"27,90"
15:35,HUMIDITY,RH,0,"46,89"
15:35,HUMIDITY,RH,1,"64,10"
15:35,DELTA,RT,0,"0,16"
15:35,DELTA,RT,1,"0,63"
15:35,DELTA,RH,2,"17,21"
15:35,FLOW,WF,0,0
15:35,FLOW,WF,1,0
15:35,0,RT,0,"30,25"
15:40,STATE,RT,0,"28,37"
15:40,HUMIDITY,RT,0,"28,51"
15:40,HUMIDITY,RT,1,"27,90"
15:40,HUMIDITY,RH,0,"47,25"
15:40,HUMIDITY,RH,1,"64,30"
15:40,DELTA,RT,0,"0,14"
15:40,DELTA,RT,1,"0,61"
15:40,DELTA,RH,2,"17,05"
15:40,FLOW,WF,0,0
15:40,FLOW,WF,1,0
15:40,0,RT,0,"30,25"
15:45,STATE,RT,0,"28,37"
15:45,HUMIDITY,RT,0,"28,49"
15:45,HUMIDITY,RT,1,"27,90"
15:45,HUMIDITY,RH,0,"45,85"
15:45,HUMIDITY,RH,1,"63,00"
15:45,DELTA,RT,0,"0,12"
15:45,DELTA,RT,1,"0,59"
15:45,DELTA,RH,2,"17,15"
15:45,FLOW,WF,0,0
15:45,FLOW,WF,1,0
15:45,0,RT,0,"30,25"
15:50,STATE,RT,0,"28,37"
15:50,HUMIDITY,RT,0,"28,52"
15:50,HUMIDITY,RT,1,"27,90"
15:50,HUMIDITY,RH,0,"45,63"
15:50,HUMIDITY,RH,1,"62,50"
15:50,DELTA,RT,0,"0,15"
15:50,DELTA,RT,1,"0,62"
15:50,DELTA,RH,2,"16,92"
15:50,FLOW,WF,0,0
15:50,FLOW,WF,1,0
15:50,0,RT,0,"30,25"
15:55,STATE,RT,0,"28,43"
15:55,HUMIDITY,RT,0,"28,56"
15:55,HUMIDITY,RT,1,"27,90"
15:55,HUMIDITY,RH,0,"46,57"
15:55,HUMIDITY,RH,1,"63,40"
15:55,DELTA,RT,0,"0,12"
15:55,DELTA,RT,1,"0,65"
15:55,DELTA,RH,2,"16,81"
15:55,FLOW,WF,0,0
15:55,FLOW,WF,1,0
15:55,0,RT,0,"30,25"
16:00,STATE,RT,0,"28,43"
16:00,HUMIDITY,RT,0,"28,62"
16:00,HUMIDITY,RT,1,"27,90"
16:00,HUMIDITY,RH,0,"46,22"
16:00,HUMIDITY,RH,1,"63,00"
16:00,DELTA,RT,0,"0,18"
16:00,DELTA,RT,1,"0,71"
16:00,DELTA,RH,2,"16,52"
16:00,FLOW,WF,0,0
16:00,FLOW,WF,1,0
16:00,0,RT,0,"30,25"
16:05,STATE,RT,0,"28,43"
16:05,HUMIDITY,RT,0,"28,63"
16:05,HUMIDITY,RT,1,"27,90"
16:05,HUMIDITY,RH,0,"45,71"
16:05,HUMIDITY,RH,1,"62,50"
16:05,DELTA,RT,0,"0,20"
16:05,DELTA,RT,1,"0,73"
16:05,DELTA,RH,2,"16,79"
16:05,FLOW,WF,0,0
16:05,FLOW,WF,1,0
16:05,0,RT,0,"30,50"
16:10,STATE,RT,0,"28,50"
16:10,HUMIDITY,RT,0,"28,65"
16:10,HUMIDITY,RT,1,"28,00"
16:10,HUMIDITY,RH,0,"44,83"
16:10,HUMIDITY,RH,1,"61,80"
16:10,DELTA,RT,0,"0,15"
16:10,DELTA,RT,1,"0,65"
16:10,DELTA,RH,2,"16,97"
16:10,FLOW,WF,0,0
16:10,FLOW,WF,1,0
16:10,0,RT,0,"30,25"
16:15,STATE,RT,0,"28,50"
16:15,HUMIDITY,RT,0,"28,62"
16:15,HUMIDITY,RT,1,"28,00"
16:15,HUMIDITY,RH,0,"45,18"
16:15,HUMIDITY,RH,1,"62,10"
16:15,DELTA,RT,0,"0,12"
16:15,DELTA,RT,1,"0,62"
16:15,DELTA,RH,2,"16,92"
16:15,FLOW,WF,0,0
16:15,FLOW,WF,1,0
16:15,0,RT,0,"30,25"
16:20,STATE,RT,0,"28,50"
16:20,HUMIDITY,RT,0,"28,65"
16:20,HUMIDITY,RT,1,"28,00"
16:20,HUMIDITY,RH,0,"45,83"
16:20,HUMIDITY,RH,1,"62,20"
16:20,DELTA,RT,0,"0,09"
16:20,DELTA,RT,1,"0,65"
16:20,DELTA,RH,2,"16,32"
16:20,FLOW,WF,0,0
16:20,FLOW,WF,1,0
16:20,0,RT,0,"30,25"
16:25,STATE,RT,0,"28,62"
16:25,HUMIDITY,RT,0,"28,75"
16:25,HUMIDITY,RT,1,"28,00"
16:25,HUMIDITY,RH,0,"45,60"
16:25,HUMIDITY,RH,1,"62,50"
16:25,DELTA,RT,0,"0,15"
16:25,DELTA,RT,1,"0,77"
16:25,DELTA,RH,2,"16,99"
16:25,FLOW,WF,0,0
16:25,FLOW,WF,1,0
16:25,0,RT,0,"30,50"
16:30,STATE,RT,0,"28,62"
16:30,HUMIDITY,RT,0,"28,78"
16:30,HUMIDITY,RT,1,"28,10"
16:30,HUMIDITY,RH,0,"45,21"
16:30,HUMIDITY,RH,1,"62,10"
16:30,DELTA,RT,0,"0,16"
16:30,DELTA,RT,1,"0,68"
16:30,DELTA,RH,2,"17,00"
16:30,FLOW,WF,0,0
16:30,FLOW,WF,1,0
16:30,0,RT,0,"30,50"
16:35,STATE,RT,0,"28,68"
16:35,HUMIDITY,RT,0,"28,80"
16:35,HUMIDITY,RT,1,"28,10"
16:35,HUMIDITY,RH,0,"45,44"
16:35,HUMIDITY,RH,1,"62,40"
16:35,DELTA,RT,0,"0,10"
16:35,DELTA,RT,1,"0,68"
16:35,DELTA,RH,2,"16,83"
16:35,FLOW,WF,0,0
16:35,FLOW,WF,1,0
16:35,0,RT,0,"30,50"
16:40,STATE,RT,0,"28,68"
16:40,HUMIDITY,RT,0,"28,82"
16:40,HUMIDITY,RT,1,"28,10"
16:40,HUMIDITY,RH,0,"45,13"
16:40,HUMIDITY,RH,1,"62,10"
16:40,DELTA,RT,0,"0,20"
16:40,DELTA,RT,1,"0,72"
16:40,DELTA,RH,2,"17,06"
16:40,FLOW,WF,0,0
16:40,FLOW,WF,1,0
16:40,0,RT,0,"30,50"
16:45,STATE,RT,0,"28,68"
16:45,HUMIDITY,RT,0,"28,87"
16:45,HUMIDITY,RT,1,"28,10"
16:45,HUMIDITY,RH,0,"45,63"
16:45,HUMIDITY,RH,1,"62,30"
16:45,DELTA,RT,0,"0,19"
16:45,DELTA,RT,1,"0,77"
16:45,DELTA,RH,2,"16,67"
16:45,FLOW,WF,0,0
16:45,FLOW,WF,1,0
16:45,0,RT,0,"30,50"
16:50,STATE,RT,0,"28,75"
16:50,HUMIDITY,RT,0,"28,90"
16:50,HUMIDITY,RT,1,"28,20"
16:50,HUMIDITY,RH,0,"45,35"
16:50,HUMIDITY,RH,1,"62,30"
16:50,DELTA,RT,0,"0,15"
16:50,DELTA,RT,1,"0,70"
16:50,DELTA,RH,2,"16,95"
16:50,FLOW,WF,0,0
16:50,FLOW,WF,1,0
16:50,0,RT,0,"30,75"
16:56,STATE,RT,0,"28,81"
16:56,HUMIDITY,RT,0,"28,80"
16:56,HUMIDITY,RT,1,"28,20"
16:56,HUMIDITY,RH,0,"46,00"
16:56,HUMIDITY,RH,1,"62,60"
16:56,DELTA,RT,0,"0,05"
16:56,DELTA,RT,1,"0,66"
16:56,DELTA,RH,2,"16,64"
16:56,FLOW,WF,0,0
16:56,FLOW,WF,1,0
16:56,0,RT,0,"30,75"
17:01,STATE,RT,0,"28,81"
17:01,HUMIDITY,RT,0,"28,86"
17:01,HUMIDITY,RT,1,"28,20"
17:01,HUMIDITY,RH,0,"46,22"
17:01,HUMIDITY,RH,1,"62,80"
17:01,DELTA,RT,0,"0,04"
17:01,DELTA,RT,1,"0,65"
17:01,DELTA,RH,2,"16,59"
17:01,FLOW,WF,0,0
17:01,FLOW,WF,1,0
17:01,0,RT,0,"30,50"
17:06,STATE,RT,0,"28,75"
17:06,HUMIDITY,RT,0,"28,80"
17:06,HUMIDITY,RT,1,"28,20"
17:06,HUMIDITY,RH,0,"46,16"
17:06,HUMIDITY,RH,1,"62,40"
17:06,DELTA,RT,0,"0,05"
17:06,DELTA,RT,1,"0,60"
17:06,DELTA,RH,2,"16,19"
17:06,FLOW,WF,0,0
17:06,FLOW,WF,1,0
17:06,0,RT,0,"30,50"
17:11,STATE,RT,0,"28,75"
17:11,HUMIDITY,RT,0,"28,79"
17:11,HUMIDITY,RT,1,"28,20"
17:11,HUMIDITY,RH,0,"46,35"
17:11,HUMIDITY,RH,1,"62,40"
17:11,DELTA,RT,0,"0,02"
17:11,DELTA,RT,1,"0,57"
17:11,DELTA,RH,2,"16,08"
17:11,FLOW,WF,0,0
17:11,FLOW,WF,1,0
17:11,0,RT,0,"30,50"
17:16,STATE,RT,0,"28,75"
17:16,HUMIDITY,RT,0,"28,86"
17:16,HUMIDITY,RT,1,"28,20"
17:16,HUMIDITY,RH,0,"45,93"
17:16,HUMIDITY,RH,1,"62,30"
17:16,DELTA,RT,0,"0,12"
17:16,DELTA,RT,1,"0,57"
17:16,DELTA,RH,2,"16,46"
17:16,FLOW,WF,0,0
17:16,FLOW,WF,1,0
17:16,0,RT,0,"30,50"
17:21,STATE,RT,0,"28,75"
17:21,HUMIDITY,RT,0,"28,79"
17:21,HUMIDITY,RT,1,"28,30"
17:21,HUMIDITY,RH,0,"46,32"
17:21,HUMIDITY,RH,1,"62,60"
17:21,DELTA,RT,0,"0,04"
17:21,DELTA,RT,1,"0,49"
17:21,DELTA,RH,2,"16,28"
17:21,FLOW,WF,0,0
17:21,FLOW,WF,1,0
17:21,0,RT,0,"30,50"
17:26,STATE,RT,0,"28,81"
17:26,HUMIDITY,RT,0,"28,92"
17:26,HUMIDITY,RT,1,"28,30"
17:26,HUMIDITY,RH,0,"45,87"
17:26,HUMIDITY,RH,1,"62,40"
17:26,DELTA,RT,0,"0,17"
17:26,DELTA,RT,1,"0,62"
17:26,DELTA,RH,2,"16,53"
17:26,FLOW,WF,0,0
17:26,FLOW,WF,1,0
17:26,0,RT,0,"30,50"
17:31,STATE,RT,0,"28,75"
17:31,HUMIDITY,RT,0,"29,02"
17:31,HUMIDITY,RT,1,"28,30"
17:31,HUMIDITY,RH,0,"44,48"
17:31,HUMIDITY,RH,1,"61,10"
17:31,DELTA,RT,0,"0,27"
17:31,DELTA,RT,1,"0,72"
17:31,DELTA,RH,2,"16,62"
17:31,FLOW,WF,0,0
17:31,FLOW,WF,1,0
17:31,0,RT,0,"30,50"
17:36,STATE,RT,0,"28,75"
17:36,HUMIDITY,RT,0,"29,08"
17:36,HUMIDITY,RT,1,"28,30"
17:36,HUMIDITY,RH,0,"44,60"
17:36,HUMIDITY,RH,1,"61,50"
17:36,DELTA,RT,0,"0,33"
17:36,DELTA,RT,1,"0,78"
17:36,DELTA,RH,2,"16,90"
17:36,FLOW,WF,0,0
17:36,FLOW,WF,1,0
17:36,0,RT,0,"30,75"
17:41,STATE,RT,0,"28,81"
17:41,HUMIDITY,RT,0,"29,00"
17:41,HUMIDITY,RT,1,"28,30"
17:41,HUMIDITY,RH,0,"45,28"
17:41,HUMIDITY,RH,1,"61,50"
17:41,DELTA,RT,0,"0,19"
17:41,DELTA,RT,1,"0,70"
17:41,DELTA,RH,2,"16,22"
17:41,FLOW,WF,0,0
17:41,FLOW,WF,1,0
17:41,0,RT,0,"30,75"
17:46,STATE,RT,0,"28,81"
17:46,HUMIDITY,RT,0,"28,96"
17:46,HUMIDITY,RT,1,"28,30"
17:46,HUMIDITY,RH,0,"45,42"
17:46,HUMIDITY,RH,1,"61,50"
17:46,DELTA,RT,0,"0,15"
17:46,DELTA,RT,1,"0,66"
17:46,DELTA,RH,2,"16,08"
17:46,FLOW,WF,0,0
17:46,FLOW,WF,1,0
17:46,0,RT,0,"30,75"
17:51,STATE,RT,0,"28,87"
17:51,HUMIDITY,RT,0,"29,01"
17:51,HUMIDITY,RT,1,"28,30"
17:51,HUMIDITY,RH,0,"45,74"
17:51,HUMIDITY,RH,1,"62,20"
17:51,DELTA,RT,0,"0,14"
17:51,DELTA,RT,1,"0,71"
17:51,DELTA,RH,2,"16,46"
17:51,FLOW,WF,0,0
17:51,FLOW,WF,1,0
17:51,0,RT,0,"30,50"
17:56,STATE,RT,0,"28,93"
17:56,HUMIDITY,RT,0,"28,94"
17:56,HUMIDITY,RT,1,"28,40"
17:56,HUMIDITY,RH,0,"46,04"
17:56,HUMIDITY,RH,1,"62,40"
17:56,DELTA,RT,0,"0,08"
17:56,DELTA,RT,1,"0,55"
17:56,DELTA,RH,2,"16,37"
17:56,FLOW,WF,0,0
17:56,FLOW,WF,1,0
17:56,0,RT,0,"30,50"
18:01,STATE,RT,0,"29,00"
18:01,HUMIDITY,RT,0,"29,02"
18:01,HUMIDITY,RT,1,"28,40"
18:01,HUMIDITY,RH,0,"46,02"
18:01,HUMIDITY,RH,1,"62,80"
18:01,DELTA,RT,0,"0,01"
18:01,DELTA,RT,1,"0,61"
18:01,DELTA,RH,2,"16,80"
18:01,FLOW,WF,0,0
18:01,FLOW,WF,1,0
18:01,0,RT,0,"30,50"
18:06,STATE,RT,0,"29,06"
18:06,HUMIDITY,RT,0,"29,17"
18:06,HUMIDITY,RT,1,"28,40"
18:06,HUMIDITY,RH,0,"46,03"
18:06,HUMIDITY,RH,1,"62,60"
18:06,DELTA,RT,0,"0,11"
18:06,DELTA,RT,1,"0,77"
18:06,DELTA,RH,2,"16,57"
18:06,FLOW,WF,0,0
18:06,FLOW,WF,1,0
18:06,0,RT,0,"30,50"
18:11,STATE,RT,0,"29,00"
18:11,HUMIDITY,RT,0,"29,18"
18:11,HUMIDITY,RT,1,"28,40"
18:11,HUMIDITY,RH,0,"46,25"
18:11,HUMIDITY,RH,1,"62,90"
18:11,DELTA,RT,0,"0,18"
18:11,DELTA,RT,1,"0,78"
18:11,DELTA,RH,2,"16,65"
18:11,FLOW,WF,0,0
18:11,FLOW,WF,1,0
18:11,0,RT,0,"30,75"
18:16,STATE,RT,0,"28,93"
18:16,HUMIDITY,RT,0,"28,88"
18:16,HUMIDITY,RT,1,"28,40"
18:16,HUMIDITY,RH,0,"45,19"
18:16,HUMIDITY,RH,1,"61,70"
18:16,DELTA,RT,0,"0,05"
18:16,DELTA,RT,1,"0,48"
18:16,DELTA,RH,2,"16,51"
18:16,FLOW,WF,0,0
18:16,FLOW,WF,1,0
18:16,0,RT,0,"30,75"
18:21,STATE,RT,0,"28,87"
18:21,HUMIDITY,RT,0,"28,86"
18:21,HUMIDITY,RT,1,"28,40"
18:21,HUMIDITY,RH,0,"45,93"
18:21,HUMIDITY,RH,1,"62,10"
18:21,DELTA,RT,0,"0,01"
18:21,DELTA,RT,1,"0,46"
18:21,DELTA,RH,2,"16,17"
18:21,FLOW,WF,0,0
18:21,FLOW,WF,1,0
18:21,0,RT,0,"30,50"
18:26,STATE,RT,0,"28,87"
18:26,HUMIDITY,RT,0,"28,91"
18:26,HUMIDITY,RT,1,"28,40"
18:26,HUMIDITY,RH,0,"45,64"
18:26,HUMIDITY,RH,1,"62,00"
18:26,DELTA,RT,0,"0,04"
18:26,DELTA,RT,1,"0,51"
18:26,DELTA,RH,2,"16,36"
18:26,FLOW,WF,0,0
18:26,FLOW,WF,1,0
18:26,0,RT,0,"30,50"
18:31,STATE,RT,0,"28,93"
18:31,HUMIDITY,RT,0,"29,11"
18:31,HUMIDITY,RT,1,"28,40"
18:31,HUMIDITY,RH,0,"46,32"
18:31,HUMIDITY,RH,1,"62,90"
18:31,DELTA,RT,0,"0,17"
18:31,DELTA,RT,1,"0,70"
18:31,DELTA,RH,2,"16,58"
18:31,FLOW,WF,0,0
18:31,FLOW,WF,1,0
18:31,0,RT,0,"30,75"
18:36,STATE,RT,0,"28,93"
18:36,HUMIDITY,RT,0,"29,02"
18:36,HUMIDITY,RT,1,"28,50"
18:36,HUMIDITY,RH,0,"46,35"
18:36,HUMIDITY,RH,1,"62,80"
18:36,DELTA,RT,0,"0,01"
18:36,DELTA,RT,1,"0,51"
18:36,DELTA,RH,2,"16,55"
18:36,FLOW,WF,0,0
18:36,FLOW,WF,1,0
18:36,0,RT,0,"30,75"
18:41,STATE,RT,0,"28,93"
18:41,HUMIDITY,RT,0,"29,03"
18:41,HUMIDITY,RT,1,"28,50"
18:41,HUMIDITY,RH,0,"45,70"
18:41,HUMIDITY,RH,1,"62,60"
18:41,DELTA,RT,0,"0,11"
18:41,DELTA,RT,1,"0,54"
18:41,DELTA,RH,2,"16,83"
18:41,FLOW,WF,0,0
18:41,FLOW,WF,1,0
18:41,0,RT,0,"30,75"
18:46,STATE,RT,0,"29,00"
18:46,HUMIDITY,RT,0,"29,16"
18:46,HUMIDITY,RT,1,"28,50"
18:46,HUMIDITY,RH,0,"46,21"
18:46,HUMIDITY,RH,1,"62,90"
18:46,DELTA,RT,0,"0,16"
18:46,DELTA,RT,1,"0,66"
18:46,DELTA,RH,2,"16,69"
18:46,FLOW,WF,0,0
18:46,FLOW,WF,1,0
18:46,0,RT,0,"30,75"
18:51,STATE,RT,0,"29,06"
18:51,HUMIDITY,RT,0,"29,18"
18:51,HUMIDITY,RT,1,"28,50"
18:51,HUMIDITY,RH,0,"46,79"
18:51,HUMIDITY,RH,1,"63,40"
18:51,DELTA,RT,0,"0,12"
18:51,DELTA,RT,1,"0,68"
18:51,DELTA,RH,2,"16,61"
18:51,FLOW,WF,0,0
18:51,FLOW,WF,1,0
18:51,0,RT,0,"30,75"
18:56,STATE,RT,0,"29,00"
18:56,HUMIDITY,RT,0,"29,21"
18:56,HUMIDITY,RT,1,"28,50"
18:56,HUMIDITY,RH,0,"47,22"
18:56,HUMIDITY,RH,1,"63,90"
18:56,DELTA,RT,0,"0,21"
18:56,DELTA,RT,1,"0,71"
18:56,DELTA,RH,2,"16,68"
18:56,FLOW,WF,0,0
18:56,FLOW,WF,1,0
18:56,0,RT,0,"30,75"
19:01,STATE,RT,0,"28,87"
19:01,HUMIDITY,RT,0,"29,21"
19:01,HUMIDITY,RT,1,"28,50"
19:01,HUMIDITY,RH,0,"47,62"
19:01,HUMIDITY,RH,1,"64,40"
19:01,DELTA,RT,0,"0,35"
19:01,DELTA,RT,1,"0,72"
19:01,DELTA,RH,2,"16,78"
19:01,FLOW,WF,0,0
19:01,FLOW,WF,1,0
19:01,0,RT,0,"30,75"
19:07,STATE,RT,0,"28,81"
19:07,HUMIDITY,RT,0,"29,16"
19:07,HUMIDITY,RT,1,"28,50"
19:07,HUMIDITY,RH,0,"47,65"
19:07,HUMIDITY,RH,1,"64,70"
19:07,DELTA,RT,0,"0,30"
19:07,DELTA,RT,1,"0,67"
19:07,DELTA,RH,2,"17,09"
19:07,FLOW,WF,0,0
19:07,FLOW,WF,1,0
19:07,0,RT,0,"30,75"
19:12,STATE,RT,0,"28,81"
19:12,HUMIDITY,RT,0,"28,86"
19:12,HUMIDITY,RT,1,"28,40"
19:12,HUMIDITY,RH,0,"48,68"
19:12,HUMIDITY,RH,1,"64,90"
19:12,DELTA,RT,0,"0,05"
19:12,DELTA,RT,1,"0,36"
19:12,DELTA,RH,2,"16,24"
19:12,FLOW,WF,0,0
19:12,FLOW,WF,1,0
19:12,0,RT,0,"30,50"
19:17,STATE,RT,0,"28,68"
19:17,HUMIDITY,RT,0,"28,88"
19:17,HUMIDITY,RT,1,"28,40"
19:17,HUMIDITY,RH,0,"49,43"
19:17,HUMIDITY,RH,1,"65,70"
19:17,DELTA,RT,0,"0,19"
19:17,DELTA,RT,1,"0,47"
19:17,DELTA,RH,2,"16,34"
19:17,FLOW,WF,0,0
19:17,FLOW,WF,1,0
19:17,0,RT,0,"30,50"
19:22,STATE,RT,0,"28,68"
19:22,HUMIDITY,RT,0,"28,71"
19:22,HUMIDITY,RT,1,"28,30"
19:22,HUMIDITY,RH,0,"52,74"
19:22,HUMIDITY,RH,1,"67,30"
19:22,DELTA,RT,0,"0,03"
19:22,DELTA,RT,1,"0,41"
19:22,DELTA,RH,2,"14,39"
19:22,FLOW,WF,0,0
19:22,FLOW,WF,1,0
19:22,0,RT,0,"30,50"
19:27,STATE,RT,0,"28,56"
19:27,HUMIDITY,RT,0,"28,71"
19:27,HUMIDITY,RT,1,"28,30"
19:27,HUMIDITY,RH,0,"53,61"
19:27,HUMIDITY,RH,1,"68,30"
19:27,DELTA,RT,0,"0,14"
19:27,DELTA,RT,1,"0,40"
19:27,DELTA,RH,2,"14,78"
19:27,FLOW,WF,0,0
19:27,FLOW,WF,1,0
19:27,0,RT,0,"30,00"
19:32,STATE,RT,0,"28,50"
19:32,HUMIDITY,RT,0,"28,80"
19:32,HUMIDITY,RT,1,"28,20"
19:32,HUMIDITY,RH,0,"53,64"
19:32,HUMIDITY,RH,1,"69,90"
19:32,DELTA,RT,0,"0,30"
19:32,DELTA,RT,1,"0,60"
19:32,DELTA,RH,2,"16,26"
19:32,FLOW,WF,0,0
19:32,FLOW,WF,1,0
19:32,0,RT,0,"30,25"
19:37,STATE,RT,0,"28,43"
19:37,HUMIDITY,RT,0,"28,44"
19:37,HUMIDITY,RT,1,"28,20"
19:37,HUMIDITY,RH,0,"55,73"
19:37,HUMIDITY,RH,1,"71,50"
19:37,DELTA,RT,0,"0,00"
19:37,DELTA,RT,1,"0,23"
19:37,DELTA,RH,2,"15,79"
19:37,FLOW,WF,0,0
19:37,FLOW,WF,1,0
19:37,0,RT,0,"30,00"
19:42,STATE,RT,0,"28,31"
19:42,HUMIDITY,RT,0,"28,28"
19:42,HUMIDITY,RT,1,"28,10"
19:42,HUMIDITY,RH,0,"55,53"
19:42,HUMIDITY,RH,1,"71,70"
19:42,DELTA,RT,0,"0,03"
19:42,DELTA,RT,1,"0,08"
19:42,DELTA,RH,2,"16,24"
19:42,FLOW,WF,0,0
19:42,FLOW,WF,1,0
19:42,0,RT,0,"30,00"
19:47,STATE,RT,0,"28,18"
19:47,HUMIDITY,RT,0,"28,38"
19:47,HUMIDITY,RT,1,"28,10"
19:47,HUMIDITY,RH,0,"55,18"
19:47,HUMIDITY,RH,1,"72,20"
19:47,DELTA,RT,0,"0,18"
19:47,DELTA,RT,1,"0,26"
19:47,DELTA,RH,2,"17,02"
19:47,FLOW,WF,0,0
19:47,FLOW,WF,1,0
19:47,0,RT,0,"30,00"
19:52,STATE,RT,0,"28,06"
19:52,HUMIDITY,RT,0,"28,03"
19:52,HUMIDITY,RT,1,"28,00"
19:52,HUMIDITY,RH,0,"56,43"
19:52,HUMIDITY,RH,1,"72,60"
19:52,DELTA,RT,0,"0,02"
19:52,DELTA,RT,1,"0,04"
19:52,DELTA,RH,2,"16,17"
19:52,FLOW,WF,0,0
19:52,FLOW,WF,1,0
19:52,0,RT,0,"30,00"
19:57,STATE,RT,0,"27,93"
19:57,HUMIDITY,RT,0,"28,06"
19:57,HUMIDITY,RT,1,"27,90"
19:57,HUMIDITY,RH,0,"56,39"
19:57,HUMIDITY,RH,1,"73,10"
19:57,DELTA,RT,0,"0,13"
19:57,DELTA,RT,1,"0,16"
19:57,DELTA,RH,2,"16,71"
19:57,FLOW,WF,0,0
19:57,FLOW,WF,1,0
19:57,0,RT,0,"30,00"
20:02,STATE,RT,0,"27,93"
20:02,HUMIDITY,RT,0,"27,83"
20:02,HUMIDITY,RT,1,"27,90"
20:02,HUMIDITY,RH,0,"56,84"
20:02,HUMIDITY,RH,1,"73,30"
20:02,DELTA,RT,0,"0,04"
20:02,DELTA,RT,1,"0,07"
20:02,DELTA,RH,2,"16,46"
20:02,FLOW,WF,0,0
20:02,FLOW,WF,1,0
20:02,0,RT,0,"30,00"
20:07,STATE,RT,0,"27,81"
20:07,HUMIDITY,RT,0,"27,88"
20:07,HUMIDITY,RT,1,"27,80"
20:07,HUMIDITY,RH,0,"56,61"
20:07,HUMIDITY,RH,1,"73,30"
20:07,DELTA,RT,0,"0,08"
20:07,DELTA,RT,1,"0,01"
20:07,DELTA,RH,2,"16,75"
20:07,FLOW,WF,0,0
20:07,FLOW,WF,1,0
20:07,0,RT,0,"30,00"
20:12,STATE,RT,0,"27,75"
20:12,HUMIDITY,RT,0,"27,81"
20:12,HUMIDITY,RT,1,"27,70"
20:12,HUMIDITY,RH,0,"56,32"
20:12,HUMIDITY,RH,1,"73,30"
20:12,DELTA,RT,0,"0,06"
20:12,DELTA,RT,1,"0,11"
20:12,DELTA,RH,2,"16,98"
20:12,FLOW,WF,0,0
20:12,FLOW,WF,1,0
20:12,0,RT,0,"30,00"
20:17,STATE,RT,0,"27,56"
20:17,HUMIDITY,RT,0,"27,59"
20:17,HUMIDITY,RT,1,"27,70"
20:17,HUMIDITY,RH,0,"56,61"
20:17,HUMIDITY,RH,1,"73,30"
20:17,DELTA,RT,0,"0,03"
20:17,DELTA,RT,1,"0,11"
20:17,DELTA,RH,2,"16,69"
20:17,FLOW,WF,0,0
20:17,FLOW,WF,1,0
20:17,0,RT,0,"30,00"
20:22,STATE,RT,0,"27,56"
20:22,HUMIDITY,RT,0,"27,60"
20:22,HUMIDITY,RT,1,"27,60"
20:22,HUMIDITY,RH,0,"56,42"
20:22,HUMIDITY,RH,1,"73,10"
20:22,DELTA,RT,0,"0,04"
20:22,DELTA,RT,1,"0,00"
20:22,DELTA,RH,2,"16,68"
20:22,FLOW,WF,0,0
20:22,FLOW,WF,1,0
20:22,0,RT,0,"30,00"
20:27,STATE,RT,0,"27,56"
20:27,HUMIDITY,RT,0,"27,76"
20:27,HUMIDITY,RT,1,"27,60"
20:27,HUMIDITY,RH,0,"55,88"
20:27,HUMIDITY,RH,1,"73,20"
20:27,DELTA,RT,0,"0,20"
20:27,DELTA,RT,1,"0,16"
20:27,DELTA,RH,2,"17,32"
20:27,FLOW,WF,0,0
20:27,FLOW,WF,1,0
20:27,0,RT,0,"30,00"
20:32,STATE,RT,0,"27,75"
20:32,HUMIDITY,RT,0,"27,87"
20:32,HUMIDITY,RT,1,"27,60"
20:32,HUMIDITY,RH,0,"55,61"
20:32,HUMIDITY,RH,1,"73,00"
20:32,DELTA,RT,0,"0,12"
20:32,DELTA,RT,1,"0,27"
20:32,DELTA,RH,2,"17,39"
20:32,FLOW,WF,0,0
20:32,FLOW,WF,1,0
20:32,0,RT,0,"30,00"
20:37,STATE,RT,0,"27,87"
20:37,HUMIDITY,RT,0,"27,99"
20:37,HUMIDITY,RT,1,"27,70"
20:37,HUMIDITY,RH,0,"55,22"
20:37,HUMIDITY,RH,1,"73,00"
20:37,DELTA,RT,0,"0,12"
20:37,DELTA,RT,1,"0,29"
20:37,DELTA,RH,2,"17,78"
20:37,FLOW,WF,0,0
20:37,FLOW,WF,1,0
20:37,0,RT,0,"30,00"
20:42,STATE,RT,0,"28,00"
20:42,HUMIDITY,RT,0,"28,16"
20:42,HUMIDITY,RT,1,"27,70"
20:42,HUMIDITY,RH,0,"54,75"
20:42,HUMIDITY,RH,1,"72,80"
20:42,DELTA,RT,0,"0,15"
20:42,DELTA,RT,1,"0,45"
20:42,DELTA,RH,2,"18,15"
20:42,FLOW,WF,0,0
20:42,FLOW,WF,1,0
20:42,0,RT,0,"30,00"
20:47,STATE,RT,0,"28,00"
20:47,HUMIDITY,RT,0,"28,03"
20:47,HUMIDITY,RT,1,"27,70"
20:47,HUMIDITY,RH,0,"55,16"
20:47,HUMIDITY,RH,1,"73,00"
20:47,DELTA,RT,0,"0,04"
20:47,DELTA,RT,1,"0,34"
20:47,DELTA,RH,2,"17,83"
20:47,FLOW,WF,0,0
20:47,FLOW,WF,1,0
20:47,0,RT,0,"30,00"
20:52,STATE,RT,0,"28,06"
20:52,HUMIDITY,RT,0,"28,23"
20:52,HUMIDITY,RT,1,"27,70"
20:52,HUMIDITY,RH,0,"54,81"
20:52,HUMIDITY,RH,1,"73,00"
20:52,DELTA,RT,0,"0,17"
20:52,DELTA,RT,1,"0,53"
20:52,DELTA,RH,2,"18,19"
20:52,FLOW,WF,0,0
20:52,FLOW,WF,1,0
20:52,0,RT,0,"30,00"
20:57,STATE,RT,0,"28,06"
20:57,HUMIDITY,RT,0,"28,23"
20:57,HUMIDITY,RT,1,"27,80"
20:57,HUMIDITY,RH,0,"54,83"
20:57,HUMIDITY,RH,1,"73,30"
20:57,DELTA,RT,0,"0,17"
20:57,DELTA,RT,1,"0,43"
20:57,DELTA,RH,2,"18,47"
20:57,FLOW,WF,0,0
20:57,FLOW,WF,1,0
20:57,0,RT,0,"30,00"
21:02,STATE,RT,0,"28,12"
21:02,HUMIDITY,RT,0,"28,27"
21:02,HUMIDITY,RT,1,"27,80"
21:02,HUMIDITY,RH,0,"54,88"
21:02,HUMIDITY,RH,1,"73,30"
21:02,DELTA,RT,0,"0,15"
21:02,DELTA,RT,1,"0,47"
21:02,DELTA,RH,2,"18,42"
21:02,FLOW,WF,0,0
21:02,FLOW,WF,1,0
21:02,0,RT,0,"30,00"
21:07,STATE,RT,0,"28,18"
21:07,HUMIDITY,RT,0,"28,34"
21:07,HUMIDITY,RT,1,"27,80"
21:07,HUMIDITY,RH,0,"54,74"
21:07,HUMIDITY,RH,1,"73,20"
21:07,DELTA,RT,0,"0,16"
21:07,DELTA,RT,1,"0,54"
21:07,DELTA,RH,2,"18,46"
21:07,FLOW,WF,0,0
21:07,FLOW,WF,1,0
21:07,0,RT,0,"30,00"
21:12,STATE,RT,0,"28,18"
21:12,HUMIDITY,RT,0,"28,31"
21:12,HUMIDITY,RT,1,"27,80"
21:12,HUMIDITY,RH,0,"55,15"
21:12,HUMIDITY,RH,1,"73,50"
21:12,DELTA,RT,0,"0,12"
21:12,DELTA,RT,1,"0,50"
21:12,DELTA,RH,2,"18,42"
21:12,FLOW,WF,0,0
21:12,FLOW,WF,1,0
21:12,0,RT,0,"30,00"
21:18,STATE,RT,0,"28,12"
21:18,HUMIDITY,RT,0,"28,43"
21:18,HUMIDITY,RT,1,"27,80"
21:18,HUMIDITY,RH,0,"54,95"
21:18,HUMIDITY,RH,1,"73,60"
21:18,DELTA,RT,0,"0,31"
21:18,DELTA,RT,1,"0,63"
21:18,DELTA,RH,2,"18,53"
21:18,FLOW,WF,0,0
21:18,FLOW,WF,1,0
21:18,0,RT,0,"30,00"
21:23,STATE,RT,0,"28,25"
21:23,HUMIDITY,RT,0,"28,41"
21:23,HUMIDITY,RT,1,"27,90"
21:23,HUMIDITY,RH,0,"55,44"
21:23,HUMIDITY,RH,1,"74,30"
21:23,DELTA,RT,0,"0,16"
21:23,DELTA,RT,1,"0,51"
21:23,DELTA,RH,2,"18,90"
21:23,FLOW,WF,0,0
21:23,FLOW,WF,1,0
21:23,0,RT,0,"30,00"
21:28,STATE,RT,0,"28,25"
21:28,HUMIDITY,RT,0,"28,42"
21:28,HUMIDITY,RT,1,"27,90"
21:28,HUMIDITY,RH,0,"55,42"
21:28,HUMIDITY,RH,1,"74,40"
21:28,DELTA,RT,0,"0,17"
21:28,DELTA,RT,1,"0,62"
21:28,DELTA,RH,2,"18,92"
21:28,FLOW,WF,0,0
21:28,FLOW,WF,1,0
21:28,0,RT,0,"30,00"
21:33,STATE,RT,0,"27,87"
21:33,HUMIDITY,RT,0,"28,07"
21:33,HUMIDITY,RT,1,"27,80"
21:33,HUMIDITY,RH,0,"54,55"
21:33,HUMIDITY,RH,1,"72,80"
21:33,DELTA,RT,0,"0,20"
21:33,DELTA,RT,1,"0,27"
21:33,DELTA,RH,2,"18,25"
21:33,FLOW,WF,0,0
21:33,FLOW,WF,1,0
21:33,0,RT,0,"30,00"
21:38,STATE,RT,0,"27,62"
21:38,HUMIDITY,RT,0,"27,76"
21:38,HUMIDITY,RT,1,"27,60"
21:38,HUMIDITY,RH,0,"54,84"
21:38,HUMIDITY,RH,1,"72,30"
21:38,DELTA,RT,0,"0,14"
21:38,DELTA,RT,1,"0,16"
21:38,DELTA,RH,2,"17,46"
21:38,FLOW,WF,0,0
21:38,FLOW,WF,1,0
21:38,0,RT,0,"30,00"
21:43,STATE,RT,0,"27,43"
21:43,HUMIDITY,RT,0,"27,59"
21:43,HUMIDITY,RT,1,"27,50"
21:43,HUMIDITY,RH,0,"55,13"
21:43,HUMIDITY,RH,1,"72,40"
21:43,DELTA,RT,0,"0,16"
21:43,DELTA,RT,1,"0,09"
21:43,DELTA,RH,2,"17,27"
21:43,FLOW,WF,0,0
21:43,FLOW,WF,1,0
21:43,0,RT,0,"30,00"
21:48,STATE,RT,0,"27,37"
21:48,HUMIDITY,RT,0,"27,66"
21:48,HUMIDITY,RT,1,"27,50"
21:48,HUMIDITY,RH,0,"55,05"
21:48,HUMIDITY,RH,1,"72,50"
21:48,DELTA,RT,0,"0,23"
21:48,DELTA,RT,1,"0,16"
21:48,DELTA,RH,2,"17,47"
21:48,FLOW,WF,0,0
21:48,FLOW,WF,1,0
21:48,0,RT,0,"29,75"
21:53,STATE,RT,0,"27,37"
21:53,HUMIDITY,RT,0,"27,66"
21:53,HUMIDITY,RT,1,"27,40"
21:53,HUMIDITY,RH,0,"54,87"
21:53,HUMIDITY,RH,1,"72,60"
21:53,DELTA,RT,0,"0,30"
21:53,DELTA,RT,1,"0,27"
21:53,DELTA,RH,2,"17,77"
21:53,FLOW,WF,0,0
21:53,FLOW,WF,1,0
21:53,0,RT,0,"30,00"
21:58,STATE,RT,0,"27,31"
21:58,HUMIDITY,RT,0,"27,52"
21:58,HUMIDITY,RT,1,"27,40"
21:58,HUMIDITY,RH,0,"55,17"
21:58,HUMIDITY,RH,1,"72,70"
21:58,DELTA,RT,0,"0,21"
21:58,DELTA,RT,1,"0,12"
21:58,DELTA,RH,2,"17,41"
21:58,FLOW,WF,0,0
21:58,FLOW,WF,1,0
21:58,0,RT,0,"29,75"
22:03,STATE,RT,0,"27,25"
22:03,HUMIDITY,RT,0,"27,51"
22:03,HUMIDITY,RT,1,"27,30"
22:03,HUMIDITY,RH,0,"55,01"
22:03,HUMIDITY,RH,1,"72,50"
22:03,DELTA,RT,0,"0,23"
22:03,DELTA,RT,1,"0,18"
22:03,DELTA,RH,2,"17,60"
22:03,FLOW,WF,0,0
22:03,FLOW,WF,1,0
22:03,0,RT,0,"29,75"
22:08,STATE,RT,0,"27,25"
22:08,HUMIDITY,RT,0,"27,45"
22:08,HUMIDITY,RT,1,"27,30"
22:08,HUMIDITY,RH,0,"55,16"
22:08,HUMIDITY,RH,1,"72,70"
22:08,DELTA,RT,0,"0,21"
22:08,DELTA,RT,1,"0,26"
22:08,DELTA,RH,2,"17,44"
22:08,FLOW,WF,0,0
22:08,FLOW,WF,1,0
22:08,0,RT,0,"29,75"
22:13,STATE,RT,0,"27,25"
22:13,HUMIDITY,RT,0,"27,44"
22:13,HUMIDITY,RT,1,"27,20"
22:13,HUMIDITY,RH,0,"55,19"
22:13,HUMIDITY,RH,1,"72,60"
22:13,DELTA,RT,0,"0,19"
22:13,DELTA,RT,1,"0,24"
22:13,DELTA,RH,2,"17,39"
22:13,FLOW,WF,0,0
22:13,FLOW,WF,1,0
22:13,0,RT,0,"29,75"
22:18,STATE,RT,0,"27,18"
22:18,HUMIDITY,RT,0,"27,37"
22:18,HUMIDITY,RT,1,"27,20"
22:18,HUMIDITY,RH,0,"55,10"
22:18,HUMIDITY,RH,1,"72,50"
22:18,DELTA,RT,0,"0,16"
22:18,DELTA,RT,1,"0,14"
22:18,DELTA,RH,2,"17,39"
22:18,FLOW,WF,0,0
22:18,FLOW,WF,1,0
22:18,0,RT,0,"29,75"
22:23,STATE,RT,0,"27,31"
22:23,HUMIDITY,RT,0,"27,43"
22:23,HUMIDITY,RT,1,"27,20"
22:23,HUMIDITY,RH,0,"54,82"
22:23,HUMIDITY,RH,1,"72,70"
22:23,DELTA,RT,0,"0,11"
22:23,DELTA,RT,1,"0,22"
22:23,DELTA,RH,2,"17,83"
22:23,FLOW,WF,0,0
22:23,FLOW,WF,1,0
22:23,0,RT,0,"29,75"
22:28,STATE,RT,0,"27,25"
22:28,HUMIDITY,RT,0,"27,40"
22:28,HUMIDITY,RT,1,"27,10"
22:28,HUMIDITY,RH,0,"54,74"
22:28,HUMIDITY,RH,1,"72,30"
22:28,DELTA,RT,0,"0,15"
22:28,DELTA,RT,1,"0,30"
22:28,DELTA,RH,2,"17,56"
22:28,FLOW,WF,0,0
22:28,FLOW,WF,1,0
22:28,0,RT,0,"29,75"
22:33,STATE,RT,0,"27,25"
22:33,HUMIDITY,RT,0,"27,39"
22:33,HUMIDITY,RT,1,"27,10"
22:33,HUMIDITY,RH,0,"54,68"
22:33,HUMIDITY,RH,1,"72,30"
22:33,DELTA,RT,0,"0,14"
22:33,DELTA,RT,1,"0,29"
22:33,DELTA,RH,2,"17,62"
22:33,FLOW,WF,0,0
22:33,FLOW,WF,1,0
22:33,0,RT,0,"29,75"
22:38,STATE,RT,0,"27,25"
22:38,HUMIDITY,RT,0,"27,40"
22:38,HUMIDITY,RT,1,"27,10"
22:38,HUMIDITY,RH,0,"54,48"
22:38,HUMIDITY,RH,1,"72,20"
22:38,DELTA,RT,0,"0,15"
22:38,DELTA,RT,1,"0,30"
22:38,DELTA,RH,2,"17,72"
22:38,FLOW,WF,0,0
22:38,FLOW,WF,1,0
22:38,0,RT,0,"29,75"
22:43,STATE,RT,0,"27,25"
22:43,HUMIDITY,RT,0,"27,41"
22:43,HUMIDITY,RT,1,"27,10"
22:43,HUMIDITY,RH,0,"54,41"
22:43,HUMIDITY,RH,1,"72,10"
22:43,DELTA,RT,0,"0,16"
22:43,DELTA,RT,1,"0,31"
22:43,DELTA,RH,2,"17,69"
22:43,FLOW,WF,0,0
22:43,FLOW,WF,1,0
22:43,0,RT,0,"29,75"
22:48,STATE,RT,0,"27,25"
22:48,HUMIDITY,RT,0,"27,42"
22:48,HUMIDITY,RT,1,"27,10"
22:48,HUMIDITY,RH,0,"54,13"
22:48,HUMIDITY,RH,1,"72,00"
22:48,DELTA,RT,0,"0,17"
22:48,DELTA,RT,1,"0,32"
22:48,DELTA,RH,2,"17,87"
22:48,FLOW,WF,0,0
22:48,FLOW,WF,1,0
22:48,0,RT,0,"30,00"
22:53,STATE,RT,0,"27,31"
22:53,HUMIDITY,RT,0,"27,41"
22:53,HUMIDITY,RT,1,"27,10"
22:53,HUMIDITY,RH,0,"54,19"
22:53,HUMIDITY,RH,1,"72,00"
22:53,DELTA,RT,0,"0,11"
22:53,DELTA,RT,1,"0,32"
22:53,DELTA,RH,2,"17,80"
22:53,FLOW,WF,0,0
22:53,FLOW,WF,1,0
22:53,0,RT,0,"29,75"
22:58,STATE,RT,0,"27,31"
22:58,HUMIDITY,RT,0,"27,38"
22:58,HUMIDITY,RT,1,"27,10"
22:58,HUMIDITY,RH,0,"54,33"
22:58,HUMIDITY,RH,1,"72,00"
22:58,DELTA,RT,0,"0,07"
22:58,DELTA,RT,1,"0,28"
22:58,DELTA,RH,2,"17,67"
22:58,FLOW,WF,0,0
22:58,FLOW,WF,1,0
22:58,0,RT,0,"29,75"
23:03,STATE,RT,0,"27,31"
23:03,HUMIDITY,RT,0,"27,33"
23:03,HUMIDITY,RT,1,"27,10"
23:03,HUMIDITY,RH,0,"54,23"
23:03,HUMIDITY,RH,1,"71,90"
23:03,DELTA,RT,0,"0,02"
23:03,DELTA,RT,1,"0,23"
23:03,DELTA,RH,2,"17,67"
23:03,FLOW,WF,0,0
23:03,FLOW,WF,1,0
23:03,0,RT,0,"29,75"
23:08,STATE,RT,0,"27,25"
23:08,HUMIDITY,RT,0,"27,36"
23:08,HUMIDITY,RT,1,"27,10"
23:08,HUMIDITY,RH,0,"54,16"
23:08,HUMIDITY,RH,1,"71,70"
23:08,DELTA,RT,0,"0,11"
23:08,DELTA,RT,1,"0,26"
23:08,DELTA,RH,2,"17,54"
23:08,FLOW,WF,0,0
23:08,FLOW,WF,1,0
23:08,0,RT,0,"29,75"
23:13,STATE,RT,0,"27,25"
23:13,HUMIDITY,RT,0,"27,37"
23:13,HUMIDITY,RT,1,"27,10"
23:13,HUMIDITY,RH,0,"54,09"
23:13,HUMIDITY,RH,1,"71,90"
23:13,DELTA,RT,0,"0,12"
23:13,DELTA,RT,1,"0,27"
23:13,DELTA,RH,2,"17,81"
23:13,FLOW,WF,0,0
23:13,FLOW,WF,1,0
23:13,0,RT,0,"29,75"
23:18,STATE,RT,0,"27,25"
23:18,HUMIDITY,RT,0,"27,47"
23:18,HUMIDITY,RT,1,"27,10"
23:18,HUMIDITY,RH,0,"53,65"
23:18,HUMIDITY,RH,1,"71,80"
23:18,DELTA,RT,0,"0,22"
23:18,DELTA,RT,1,"0,37"
23:18,DELTA,RH,2,"18,15"
23:18,FLOW,WF,0,0
23:18,FLOW,WF,1,0
23:18,0,RT,0,"29,75"
23:23,STATE,RT,0,"27,31"
23:23,HUMIDITY,RT,0,"27,33"
23:23,HUMIDITY,RT,1,"27,10"
23:23,HUMIDITY,RH,0,"54,03"
23:23,HUMIDITY,RH,1,"71,80"
23:23,DELTA,RT,0,"0,08"
23:23,DELTA,RT,1,"0,23"
23:23,DELTA,RH,2,"17,68"
23:23,FLOW,WF,0,0
23:23,FLOW,WF,1,0
23:23,0,RT,0,"30,00"
23:29,STATE,RT,0,"27,25"
23:29,HUMIDITY,RT,0,"27,31"
23:29,HUMIDITY,RT,1,"27,10"
23:29,HUMIDITY,RH,0,"53,94"
23:29,HUMIDITY,RH,1,"71,60"
23:29,DELTA,RT,0,"0,06"
23:29,DELTA,RT,1,"0,21"
23:29,DELTA,RH,2,"17,65"
23:29,FLOW,WF,0,0
23:29,FLOW,WF,1,0
23:29,0,RT,0,"29,75"
23:34,STATE,RT,0,"27,25"
23:34,HUMIDITY,RT,0,"27,39"
23:34,HUMIDITY,RT,1,"27,10"
23:34,HUMIDITY,RH,0,"53,81"
23:34,HUMIDITY,RH,1,"71,60"
23:34,DELTA,RT,0,"0,14"
23:34,DELTA,RT,1,"0,29"
23:34,DELTA,RH,2,"17,79"
23:34,FLOW,WF,0,0
23:34,FLOW,WF,1,0
23:34,0,RT,0,"29,75"
23:39,STATE,RT,0,"27,25"
23:39,HUMIDITY,RT,0,"27,31"
23:39,HUMIDITY,RT,1,"27,10"
23:39,HUMIDITY,RH,0,"53,81"
23:39,HUMIDITY,RH,1,"71,60"
23:39,DELTA,RT,0,"0,06"
23:39,DELTA,RT,1,"0,21"
23:39,DELTA,RH,2,"17,79"
23:39,FLOW,WF,0,0
23:39,FLOW,WF,1,0
23:39,0,RT,0,"30,00"
23:44,STATE,RT,0,"27,18"
23:44,HUMIDITY,RT,0,"27,37"
23:44,HUMIDITY,RT,1,"27,10"
23:44,HUMIDITY,RH,0,"53,65"
23:44,HUMIDITY,RH,1,"71,60"
23:44,DELTA,RT,0,"0,19"
23:44,DELTA,RT,1,"0,27"
23:44,DELTA,RH,2,"17,95"
23:44,FLOW,WF,0,0
23:44,FLOW,WF,1,0
23:44,0,RT,0,"29,75"
23:49,STATE,RT,0,"27,18"
23:49,HUMIDITY,RT,0,"27,37"
23:49,HUMIDITY,RT,1,"27,00"
23:49,HUMIDITY,RH,0,"53,67"
23:49,HUMIDITY,RH,1,"71,60"
23:49,DELTA,RT,0,"0,19"
23:49,DELTA,RT,1,"0,37"
23:49,DELTA,RH,2,"17,93"
23:49,FLOW,WF,0,0
23:49,FLOW,WF,1,0
23:49,0,RT,0,"29,75"
23:54,STATE,RT,0,"27,18"
23:54,HUMIDITY,RT,0,"27,37"
23:54,HUMIDITY,RT,1,"27,00"
23:54,HUMIDITY,RH,0,"53,58"
23:54,HUMIDITY,RH,1,"71,60"
23:54,DELTA,RT,0,"0,19"
23:54,DELTA,RT,1,"0,37"
23:54,DELTA,RH,2,"18,02"
23:54,FLOW,WF,0,0
23:54,FLOW,WF,1,0
23:54,0,RT,0,"29,75"
23:59,STATE,RT,0,"27,18"
23:59,HUMIDITY,RT,0,"27,38"
23:59,HUMIDITY,RT,1,"27,00"
23:59,HUMIDITY,RH,0,"53,46"
23:59,HUMIDITY,RH,1,"71,50"
23:59,DELTA,RT,0,"0,19"
23:59,DELTA,RT,1,"0,37"
23:59,DELTA,RH,2,"18,04"
23:59,FLOW,WF,0,0
23:59,FLOW,WF,1,0
23:59,0,RT,0,"29,75"
