00:04,STATE,RT,0,"25,81"
00:04,HUMIDITY,RT,0,"26,33"
00:04,HUMIDITY,RT,1,"25,50"
00:04,HUMIDITY,RH,0,"52,49"
00:04,HUMIDITY,RH,1,"73,00"
00:04,DELTA,RT,0,"0,52"
00:04,DELTA,RT,1,"0,73"
00:04,DELTA,RH,2,"20,54"
00:04,FLOW,WF,0,0
00:04,FLOW,WF,1,0
00:04,0,RT,0,"28,50"
00:09,STATE,RT,0,"25,75"
00:09,HUMIDITY,RT,0,"26,33"
00:09,HUMIDITY,RT,1,"25,50"
00:09,HUMIDITY,RH,0,"52,16"
00:09,HUMIDITY,RH,1,"72,70"
00:09,DELTA,RT,0,"0,58"
00:09,DELTA,RT,1,"0,83"
00:09,DELTA,RH,2,"20,54"
00:09,FLOW,WF,0,0
00:09,FLOW,WF,1,0
00:09,0,RT,0,"28,25"
00:14,STATE,RT,0,"25,75"
00:14,HUMIDITY,RT,0,"26,33"
00:14,HUMIDITY,RT,1,"25,50"
00:14,HUMIDITY,RH,0,"52,17"
00:14,HUMIDITY,RH,1,"72,70"
00:14,DELTA,RT,0,"0,58"
00:14,DELTA,RT,1,"0,83"
00:14,DELTA,RH,2,"20,53"
00:14,FLOW,WF,0,0
00:14,FLOW,WF,1,0
00:14,0,RT,0,"28,25"
00:19,STATE,RT,0,"25,75"
00:19,HUMIDITY,RT,0,"26,31"
00:19,HUMIDITY,RT,1,"25,50"
00:19,HUMIDITY,RH,0,"52,05"
00:19,HUMIDITY,RH,1,"72,70"
00:19,DELTA,RT,0,"0,56"
00:19,DELTA,RT,1,"0,81"
00:19,DELTA,RH,2,"20,65"
00:19,FLOW,WF,0,0
00:19,FLOW,WF,1,0
00:19,0,RT,0,"28,25"
00:24,STATE,RT,0,"25,75"
00:24,HUMIDITY,RT,0,"26,26"
00:24,HUMIDITY,RT,1,"25,40"
00:24,HUMIDITY,RH,0,"51,84"
00:24,HUMIDITY,RH,1,"72,20"
00:24,DELTA,RT,0,"0,51"
00:24,DELTA,RT,1,"0,86"
00:24,DELTA,RH,2,"20,36"
00:24,FLOW,WF,0,0
00:24,FLOW,WF,1,0
00:24,0,RT,0,"28,25"
00:30,STATE,RT,0,"25,68"
00:30,HUMIDITY,RT,0,"26,21"
00:30,HUMIDITY,RT,1,"25,40"
00:30,HUMIDITY,RH,0,"52,14"
00:30,HUMIDITY,RH,1,"72,50"
00:30,DELTA,RT,0,"0,53"
00:30,DELTA,RT,1,"0,81"
00:30,DELTA,RH,2,"20,36"
00:30,FLOW,WF,0,0
00:30,FLOW,WF,1,0
00:30,0,RT,0,"28,25"
00:35,STATE,RT,0,"25,68"
00:35,HUMIDITY,RT,0,"26,25"
00:35,HUMIDITY,RT,1,"25,40"
00:35,HUMIDITY,RH,0,"51,88"
00:35,HUMIDITY,RH,1,"72,30"
00:35,DELTA,RT,0,"0,57"
00:35,DELTA,RT,1,"0,85"
00:35,DELTA,RH,2,"20,42"
00:35,FLOW,WF,0,0
00:35,FLOW,WF,1,0
00:35,0,RT,0,"28,25"
00:40,STATE,RT,0,"25,68"
00:40,HUMIDITY,RT,0,"26,19"
00:40,HUMIDITY,RT,1,"25,40"
00:40,HUMIDITY,RH,0,"52,08"
00:40,HUMIDITY,RH,1,"72,40"
00:40,DELTA,RT,0,"0,51"
00:40,DELTA,RT,1,"0,79"
00:40,DELTA,RH,2,"20,24"
00:40,FLOW,WF,0,0
00:40,FLOW,WF,1,0
00:40,0,RT,0,"28,25"
00:45,STATE,RT,0,"25,68"
00:45,HUMIDITY,RT,0,"26,10"
00:45,HUMIDITY,RT,1,"25,40"
00:45,HUMIDITY,RH,0,"52,00"
00:45,HUMIDITY,RH,1,"72,10"
00:45,DELTA,RT,0,"0,42"
00:45,DELTA,RT,1,"0,70"
00:45,DELTA,RH,2,"19,99"
00:45,FLOW,WF,0,0
00:45,FLOW,WF,1,0
00:45,0,RT,0,"28,25"
00:50,STATE,RT,0,"25,68"
00:50,HUMIDITY,RT,0,"26,22"
00:50,HUMIDITY,RT,1,"25,40"
00:50,HUMIDITY,RH,0,"51,63"
00:50,HUMIDITY,RH,1,"72,10"
00:50,DELTA,RT,0,"0,54"
00:50,DELTA,RT,1,"0,82"
00:50,DELTA,RH,2,"20,47"
00:50,FLOW,WF,0,0
00:50,FLOW,WF,1,0
00:50,0,RT,0,"28,25"
00:55,STATE,RT,0,"25,62"
00:55,HUMIDITY,RT,0,"26,18"
00:55,HUMIDITY,RT,1,"25,30"
00:55,HUMIDITY,RH,0,"51,40"
00:55,HUMIDITY,RH,1,"71,70"
00:55,DELTA,RT,0,"0,56"
00:55,DELTA,RT,1,"0,88"
00:55,DELTA,RH,2,"20,30"
00:55,FLOW,WF,0,0
00:55,FLOW,WF,1,0
00:55,0,RT,0,"28,25"
01:00,STATE,RT,0,"25,62"
01:00,HUMIDITY,RT,0,"26,09"
01:00,HUMIDITY,RT,1,"25,30"
01:00,HUMIDITY,RH,0,"51,40"
01:00,HUMIDITY,RH,1,"71,60"
01:00,DELTA,RT,0,"0,47"
01:00,DELTA,RT,1,"0,79"
01:00,DELTA,RH,2,"20,20"
01:00,FLOW,WF,0,0
01:00,FLOW,WF,1,0
01:00,0,RT,0,"28,25"
01:05,STATE,RT,0,"25,62"
01:05,HUMIDITY,RT,0,"26,15"
01:05,HUMIDITY,RT,1,"25,30"
01:05,HUMIDITY,RH,0,"51,05"
01:05,HUMIDITY,RH,1,"71,40"
01:05,DELTA,RT,0,"0,53"
01:05,DELTA,RT,1,"0,85"
01:05,DELTA,RH,2,"20,35"
01:05,FLOW,WF,0,0
01:05,FLOW,WF,1,0
01:05,0,RT,0,"28,25"
01:10,STATE,RT,0,"25,56"
01:10,HUMIDITY,RT,0,"26,12"
01:10,HUMIDITY,RT,1,"25,30"
01:10,HUMIDITY,RH,0,"50,98"
01:10,HUMIDITY,RH,1,"71,50"
01:10,DELTA,RT,0,"0,54"
01:10,DELTA,RT,1,"0,80"
01:10,DELTA,RH,2,"20,35"
01:10,FLOW,WF,0,0
01:10,FLOW,WF,1,0
01:10,0,RT,0,"28,00"
01:15,STATE,RT,0,"25,56"
01:15,HUMIDITY,RT,0,"26,10"
01:15,HUMIDITY,RT,1,"25,30"
01:15,HUMIDITY,RH,0,"51,06"
01:15,HUMIDITY,RH,1,"71,30"
01:15,DELTA,RT,0,"0,55"
01:15,DELTA,RT,1,"0,81"
01:15,DELTA,RH,2,"20,23"
01:15,FLOW,WF,0,0
01:15,FLOW,WF,1,0
01:15,0,RT,0,"28,25"
01:20,STATE,RT,0,"25,56"
01:20,HUMIDITY,RT,0,"26,01"
01:20,HUMIDITY,RT,1,"25,30"
01:20,HUMIDITY,RH,0,"51,21"
01:20,HUMIDITY,RH,1,"71,40"
01:20,DELTA,RT,0,"0,45"
01:20,DELTA,RT,1,"0,71"
01:20,DELTA,RH,2,"20,20"
01:20,FLOW,WF,0,0
01:20,FLOW,WF,1,0
01:20,0,RT,0,"28,25"
01:25,STATE,RT,0,"25,62"
01:25,HUMIDITY,RT,0,"26,00"
01:25,HUMIDITY,RT,1,"25,30"
01:25,HUMIDITY,RH,0,"51,44"
01:25,HUMIDITY,RH,1,"71,40"
01:25,DELTA,RT,0,"0,35"
01:25,DELTA,RT,1,"0,67"
01:25,DELTA,RH,2,"19,85"
01:25,FLOW,WF,0,0
01:25,FLOW,WF,1,0
01:25,0,RT,0,"28,25"
01:30,STATE,RT,0,"25,56"
01:30,HUMIDITY,RT,0,"26,08"
01:30,HUMIDITY,RT,1,"25,30"
01:30,HUMIDITY,RH,0,"50,93"
01:30,HUMIDITY,RH,1,"71,10"
01:30,DELTA,RT,0,"0,52"
01:30,DELTA,RT,1,"0,78"
01:30,DELTA,RH,2,"20,17"
01:30,FLOW,WF,0,0
01:30,FLOW,WF,1,0
01:30,0,RT,0,"28,25"
01:35,STATE,RT,0,"25,56"
01:35,HUMIDITY,RT,0,"25,96"
01:35,HUMIDITY,RT,1,"25,30"
01:35,HUMIDITY,RH,0,"51,38"
01:35,HUMIDITY,RH,1,"71,30"
01:35,DELTA,RT,0,"0,40"
01:35,DELTA,RT,1,"0,66"
01:35,DELTA,RH,2,"19,92"
01:35,FLOW,WF,0,0
01:35,FLOW,WF,1,0
01:35,0,RT,0,"28,25"
01:40,STATE,RT,0,"25,56"
01:40,HUMIDITY,RT,0,"26,06"
01:40,HUMIDITY,RT,1,"25,30"
01:40,HUMIDITY,RH,0,"50,91"
01:40,HUMIDITY,RH,1,"71,10"
01:40,DELTA,RT,0,"0,52"
01:40,DELTA,RT,1,"0,78"
01:40,DELTA,RH,2,"20,28"
01:40,FLOW,WF,0,0
01:40,FLOW,WF,1,0
01:40,0,RT,0,"28,25"
01:45,STATE,RT,0,"25,50"
01:45,HUMIDITY,RT,0,"25,96"
01:45,HUMIDITY,RT,1,"25,30"
01:45,HUMIDITY,RH,0,"50,84"
01:45,HUMIDITY,RH,1,"70,90"
01:45,DELTA,RT,0,"0,49"
01:45,DELTA,RT,1,"0,69"
01:45,DELTA,RH,2,"20,08"
01:45,FLOW,WF,0,0
01:45,FLOW,WF,1,0
01:45,0,RT,0,"28,25"
01:50,STATE,RT,0,"25,50"
01:50,HUMIDITY,RT,0,"25,93"
01:50,HUMIDITY,RT,1,"25,20"
01:50,HUMIDITY,RH,0,"51,14"
01:50,HUMIDITY,RH,1,"71,00"
01:50,DELTA,RT,0,"0,43"
01:50,DELTA,RT,1,"0,73"
01:50,DELTA,RH,2,"19,78"
01:50,FLOW,WF,0,0
01:50,FLOW,WF,1,0
01:50,0,RT,0,"28,25"
01:55,STATE,RT,0,"25,50"
01:55,HUMIDITY,RT,0,"25,98"
01:55,HUMIDITY,RT,1,"25,20"
01:55,HUMIDITY,RH,0,"51,13"
01:55,HUMIDITY,RH,1,"70,90"
01:55,DELTA,RT,0,"0,47"
01:55,DELTA,RT,1,"0,77"
01:55,DELTA,RH,2,"19,76"
01:55,FLOW,WF,0,0
01:55,FLOW,WF,1,0
01:55,0,RT,0,"28,25"
02:00,STATE,RT,0,"25,50"
02:00,HUMIDITY,RT,0,"25,98"
02:00,HUMIDITY,RT,1,"25,30"
02:00,HUMIDITY,RH,0,"50,98"
02:00,HUMIDITY,RH,1,"71,00"
02:00,DELTA,RT,0,"0,53"
02:00,DELTA,RT,1,"0,83"
02:00,DELTA,RH,2,"19,99"
02:00,FLOW,WF,0,0
02:00,FLOW,WF,1,0
02:00,0,RT,0,"28,25"
02:05,STATE,RT,0,"25,50"
02:05,HUMIDITY,RT,0,"25,98"
02:05,HUMIDITY,RT,1,"25,20"
02:05,HUMIDITY,RH,0,"50,79"
02:05,HUMIDITY,RH,1,"70,70"
02:05,DELTA,RT,0,"0,47"
02:05,DELTA,RT,1,"0,77"
02:05,DELTA,RH,2,"19,88"
02:05,FLOW,WF,0,0
02:05,FLOW,WF,1,0
02:05,0,RT,0,"28,25"
02:10,STATE,RT,0,"25,50"
02:10,HUMIDITY,RT,0,"26,01"
02:10,HUMIDITY,RT,1,"25,20"
02:10,HUMIDITY,RH,0,"50,61"
02:10,HUMIDITY,RH,1,"70,60"
02:10,DELTA,RT,0,"0,51"
02:10,DELTA,RT,1,"0,81"
02:10,DELTA,RH,2,"19,99"
02:10,FLOW,WF,0,0
02:10,FLOW,WF,1,0
02:10,0,RT,0,"28,00"
02:15,STATE,RT,0,"25,50"
02:15,HUMIDITY,RT,0,"25,98"
02:15,HUMIDITY,RT,1,"25,20"
02:15,HUMIDITY,RH,0,"50,69"
02:15,HUMIDITY,RH,1,"70,60"
02:15,DELTA,RT,0,"0,47"
02:15,DELTA,RT,1,"0,77"
02:15,DELTA,RH,2,"19,94"
02:15,FLOW,WF,0,0
02:15,FLOW,WF,1,0
02:15,0,RT,0,"28,00"
02:20,STATE,RT,0,"25,43"
02:20,HUMIDITY,RT,0,"25,97"
02:20,HUMIDITY,RT,1,"25,10"
02:20,HUMIDITY,RH,0,"50,50"
02:20,HUMIDITY,RH,1,"70,60"
02:20,DELTA,RT,0,"0,54"
02:20,DELTA,RT,1,"0,87"
02:20,DELTA,RH,2,"20,00"
02:20,FLOW,WF,0,0
02:20,FLOW,WF,1,0
02:20,0,RT,0,"28,00"
02:25,STATE,RT,0,"25,43"
02:25,HUMIDITY,RT,0,"25,94"
02:25,HUMIDITY,RT,1,"25,20"
02:25,HUMIDITY,RH,0,"50,43"
02:25,HUMIDITY,RH,1,"70,30"
02:25,DELTA,RT,0,"0,51"
02:25,DELTA,RT,1,"0,74"
02:25,DELTA,RH,2,"19,87"
02:25,FLOW,WF,0,0
02:25,FLOW,WF,1,0
02:25,0,RT,0,"28,00"
02:30,STATE,RT,0,"25,43"
02:30,HUMIDITY,RT,0,"25,91"
02:30,HUMIDITY,RT,1,"25,10"
02:30,HUMIDITY,RH,0,"50,21"
02:30,HUMIDITY,RH,1,"70,00"
02:30,DELTA,RT,0,"0,48"
02:30,DELTA,RT,1,"0,81"
02:30,DELTA,RH,2,"19,79"
02:30,FLOW,WF,0,0
02:30,FLOW,WF,1,0
02:30,0,RT,0,"28,00"
02:35,STATE,RT,0,"25,43"
02:35,HUMIDITY,RT,0,"25,89"
02:35,HUMIDITY,RT,1,"25,10"
02:35,HUMIDITY,RH,0,"50,27"
02:35,HUMIDITY,RH,1,"70,10"
02:35,DELTA,RT,0,"0,46"
02:35,DELTA,RT,1,"0,79"
02:35,DELTA,RH,2,"19,83"
02:35,FLOW,WF,0,0
02:35,FLOW,WF,1,0
02:35,0,RT,0,"28,00"
02:41,STATE,RT,0,"25,43"
02:41,HUMIDITY,RT,0,"25,98"
02:41,HUMIDITY,RT,1,"25,10"
02:41,HUMIDITY,RH,0,"50,24"
02:41,HUMIDITY,RH,1,"70,00"
02:41,DELTA,RT,0,"0,55"
02:41,DELTA,RT,1,"0,88"
02:41,DELTA,RH,2,"19,76"
02:41,FLOW,WF,0,0
02:41,FLOW,WF,1,0
02:41,0,RT,0,"28,00"
02:46,STATE,RT,0,"25,43"
02:46,HUMIDITY,RT,0,"25,89"
02:46,HUMIDITY,RT,1,"25,10"
02:46,HUMIDITY,RH,0,"49,93"
02:46,HUMIDITY,RH,1,"69,80"
02:46,DELTA,RT,0,"0,47"
02:46,DELTA,RT,1,"0,80"
02:46,DELTA,RH,2,"19,85"
02:46,FLOW,WF,0,0
02:46,FLOW,WF,1,0
02:46,0,RT,0,"28,00"
02:51,STATE,RT,0,"25,43"
02:51,HUMIDITY,RT,0,"25,92"
02:51,HUMIDITY,RT,1,"25,10"
02:51,HUMIDITY,RH,0,"50,02"
02:51,HUMIDITY,RH,1,"69,80"
02:51,DELTA,RT,0,"0,48"
02:51,DELTA,RT,1,"0,81"
02:51,DELTA,RH,2,"19,80"
02:51,FLOW,WF,0,0
02:51,FLOW,WF,1,0
02:51,0,RT,0,"28,00"
02:56,STATE,RT,0,"25,37"
02:56,HUMIDITY,RT,0,"25,89"
02:56,HUMIDITY,RT,1,"25,10"
02:56,HUMIDITY,RH,0,"50,14"
02:56,HUMIDITY,RH,1,"69,80"
02:56,DELTA,RT,0,"0,52"
02:56,DELTA,RT,1,"0,79"
02:56,DELTA,RH,2,"19,66"
02:56,FLOW,WF,0,0
02:56,FLOW,WF,1,0
02:56,0,RT,0,"28,00"
03:01,STATE,RT,0,"25,37"
03:01,HUMIDITY,RT,0,"25,91"
03:01,HUMIDITY,RT,1,"25,10"
03:01,HUMIDITY,RH,0,"50,04"
03:01,HUMIDITY,RH,1,"69,90"
03:01,DELTA,RT,0,"0,54"
03:01,DELTA,RT,1,"0,81"
03:01,DELTA,RH,2,"19,86"
03:01,FLOW,WF,0,0
03:01,FLOW,WF,1,0
03:01,0,RT,0,"28,00"
03:06,STATE,RT,0,"25,37"
03:06,HUMIDITY,RT,0,"25,88"
03:06,HUMIDITY,RT,1,"25,10"
03:06,HUMIDITY,RH,0,"49,95"
03:06,HUMIDITY,RH,1,"69,80"
03:06,DELTA,RT,0,"0,51"
03:06,DELTA,RT,1,"0,78"
03:06,DELTA,RH,2,"19,85"
03:06,FLOW,WF,0,0
03:06,FLOW,WF,1,0
03:06,0,RT,0,"28,00"
03:11,STATE,RT,0,"25,37"
03:11,HUMIDITY,RT,0,"25,91"
03:11,HUMIDITY,RT,1,"25,00"
03:11,HUMIDITY,RH,0,"49,83"
03:11,HUMIDITY,RH,1,"69,70"
03:11,DELTA,RT,0,"0,54"
03:11,DELTA,RT,1,"0,91"
03:11,DELTA,RH,2,"19,87"
03:11,FLOW,WF,0,0
03:11,FLOW,WF,1,0
03:11,0,RT,0,"28,00"
03:16,STATE,RT,0,"25,37"
03:16,HUMIDITY,RT,0,"25,88"
03:16,HUMIDITY,RT,1,"25,10"
03:16,HUMIDITY,RH,0,"50,21"
03:16,HUMIDITY,RH,1,"70,00"
03:16,DELTA,RT,0,"0,51"
03:16,DELTA,RT,1,"0,78"
03:16,DELTA,RH,2,"19,79"
03:16,FLOW,WF,0,0
03:16,FLOW,WF,1,0
03:16,0,RT,0,"28,00"
03:21,STATE,RT,0,"25,31"
03:21,HUMIDITY,RT,0,"25,80"
03:21,HUMIDITY,RT,1,"25,00"
03:21,HUMIDITY,RH,0,"50,13"
03:21,HUMIDITY,RH,1,"69,70"
03:21,DELTA,RT,0,"0,47"
03:21,DELTA,RT,1,"0,78"
03:21,DELTA,RH,2,"19,56"
03:21,FLOW,WF,0,0
03:21,FLOW,WF,1,0
03:21,0,RT,0,"28,00"
03:26,STATE,RT,0,"25,31"
03:26,HUMIDITY,RT,0,"25,79"
03:26,HUMIDITY,RT,1,"25,00"
03:26,HUMIDITY,RH,0,"49,99"
03:26,HUMIDITY,RH,1,"69,80"
03:26,DELTA,RT,0,"0,49"
03:26,DELTA,RT,1,"0,80"
03:26,DELTA,RH,2,"19,72"
03:26,FLOW,WF,0,0
03:26,FLOW,WF,1,0
03:26,0,RT,0,"28,00"
03:31,STATE,RT,0,"25,31"
03:31,HUMIDITY,RT,0,"25,84"
03:31,HUMIDITY,RT,1,"25,00"
03:31,HUMIDITY,RH,0,"49,63"
03:31,HUMIDITY,RH,1,"69,50"
03:31,DELTA,RT,0,"0,53"
03:31,DELTA,RT,1,"0,84"
03:31,DELTA,RH,2,"19,87"
03:31,FLOW,WF,0,0
03:31,FLOW,WF,1,0
03:31,0,RT,0,"28,00"
03:36,STATE,RT,0,"25,31"
03:36,HUMIDITY,RT,0,"25,89"
03:36,HUMIDITY,RT,1,"25,00"
03:36,HUMIDITY,RH,0,"49,47"
03:36,HUMIDITY,RH,1,"69,30"
03:36,DELTA,RT,0,"0,58"
03:36,DELTA,RT,1,"0,89"
03:36,DELTA,RH,2,"19,83"
03:36,FLOW,WF,0,0
03:36,FLOW,WF,1,0
03:36,0,RT,0,"28,00"
03:41,STATE,RT,0,"25,25"
03:41,HUMIDITY,RT,0,"25,81"
03:41,HUMIDITY,RT,1,"25,00"
03:41,HUMIDITY,RH,0,"49,47"
03:41,HUMIDITY,RH,1,"69,20"
03:41,DELTA,RT,0,"0,56"
03:41,DELTA,RT,1,"0,81"
03:41,DELTA,RH,2,"19,73"
03:41,FLOW,WF,0,0
03:41,FLOW,WF,1,0
03:41,0,RT,0,"28,00"
03:46,STATE,RT,0,"25,31"
03:46,HUMIDITY,RT,0,"25,81"
03:46,HUMIDITY,RT,1,"25,00"
03:46,HUMIDITY,RH,0,"49,56"
03:46,HUMIDITY,RH,1,"69,30"
03:46,DELTA,RT,0,"0,50"
03:46,DELTA,RT,1,"0,81"
03:46,DELTA,RH,2,"19,74"
03:46,FLOW,WF,0,0
03:46,FLOW,WF,1,0
03:46,0,RT,0,"28,00"
03:51,STATE,RT,0,"25,31"
03:51,HUMIDITY,RT,0,"25,76"
03:51,HUMIDITY,RT,1,"25,00"
03:51,HUMIDITY,RH,0,"49,55"
03:51,HUMIDITY,RH,1,"69,20"
03:51,DELTA,RT,0,"0,46"
03:51,DELTA,RT,1,"0,77"
03:51,DELTA,RH,2,"19,67"
03:51,FLOW,WF,0,0
03:51,FLOW,WF,1,0
03:51,0,RT,0,"28,00"
03:56,STATE,RT,0,"25,31"
03:56,HUMIDITY,RT,0,"25,77"
03:56,HUMIDITY,RT,1,"25,00"
03:56,HUMIDITY,RH,0,"49,47"
03:56,HUMIDITY,RH,1,"69,10"
03:56,DELTA,RT,0,"0,46"
03:56,DELTA,RT,1,"0,77"
03:56,DELTA,RH,2,"19,53"
03:56,FLOW,WF,0,0
03:56,FLOW,WF,1,0
03:56,0,RT,0,"28,00"
04:01,STATE,RT,0,"25,25"
04:01,HUMIDITY,RT,0,"25,69"
04:01,HUMIDITY,RT,1,"25,00"
04:01,HUMIDITY,RH,0,"49,59"
04:01,HUMIDITY,RH,1,"69,10"
04:01,DELTA,RT,0,"0,46"
04:01,DELTA,RT,1,"0,71"
04:01,DELTA,RH,2,"19,51"
04:01,FLOW,WF,0,0
04:01,FLOW,WF,1,0
04:01,0,RT,0,"28,00"
04:06,STATE,RT,0,"25,25"
04:06,HUMIDITY,RT,0,"25,62"
04:06,HUMIDITY,RT,1,"25,00"
04:06,HUMIDITY,RH,0,"49,82"
04:06,HUMIDITY,RH,1,"69,30"
04:06,DELTA,RT,0,"0,37"
04:06,DELTA,RT,1,"0,62"
04:06,DELTA,RH,2,"19,50"
04:06,FLOW,WF,0,0
04:06,FLOW,WF,1,0
04:06,0,RT,0,"28,00"
04:11,STATE,RT,0,"25,25"
04:11,HUMIDITY,RT,0,"25,73"
04:11,HUMIDITY,RT,1,"25,00"
04:11,HUMIDITY,RH,0,"49,72"
04:11,HUMIDITY,RH,1,"69,30"
04:11,DELTA,RT,0,"0,48"
04:11,DELTA,RT,1,"0,73"
04:11,DELTA,RH,2,"19,55"
04:11,FLOW,WF,0,0
04:11,FLOW,WF,1,0
04:11,0,RT,0,"28,00"
04:16,STATE,RT,0,"25,25"
04:16,HUMIDITY,RT,0,"25,76"
04:16,HUMIDITY,RT,1,"25,00"
04:16,HUMIDITY,RH,0,"49,66"
04:16,HUMIDITY,RH,1,"69,20"
04:16,DELTA,RT,0,"0,51"
04:16,DELTA,RT,1,"0,76"
04:16,DELTA,RH,2,"19,54"
04:16,FLOW,WF,0,0
04:16,FLOW,WF,1,0
04:16,0,RT,0,"28,00"
04:21,STATE,RT,0,"25,25"
04:21,HUMIDITY,RT,0,"25,78"
04:21,HUMIDITY,RT,1,"25,00"
04:21,HUMIDITY,RH,0,"49,31"
04:21,HUMIDITY,RH,1,"69,00"
04:21,DELTA,RT,0,"0,53"
04:21,DELTA,RT,1,"0,78"
04:21,DELTA,RH,2,"19,69"
04:21,FLOW,WF,0,0
04:21,FLOW,WF,1,0
04:21,0,RT,0,"28,00"
04:26,STATE,RT,0,"25,25"
04:26,HUMIDITY,RT,0,"25,67"
04:26,HUMIDITY,RT,1,"24,90"
04:26,HUMIDITY,RH,0,"49,30"
04:26,HUMIDITY,RH,1,"69,00"
04:26,DELTA,RT,0,"0,43"
04:26,DELTA,RT,1,"0,78"
04:26,DELTA,RH,2,"19,70"
04:26,FLOW,WF,0,0
04:26,FLOW,WF,1,0
04:26,0,RT,0,"28,00"
04:31,STATE,RT,0,"25,25"
04:31,HUMIDITY,RT,0,"25,82"
04:31,HUMIDITY,RT,1,"24,90"
04:31,HUMIDITY,RH,0,"49,20"
04:31,HUMIDITY,RH,1,"68,80"
04:31,DELTA,RT,0,"0,58"
04:31,DELTA,RT,1,"0,93"
04:31,DELTA,RH,2,"19,57"
04:31,FLOW,WF,0,0
04:31,FLOW,WF,1,0
04:31,0,RT,0,"28,00"
04:36,STATE,RT,0,"25,18"
04:36,HUMIDITY,RT,0,"25,86"
04:36,HUMIDITY,RT,1,"24,90"
04:36,HUMIDITY,RH,0,"48,79"
04:36,HUMIDITY,RH,1,"68,70"
04:36,DELTA,RT,0,"0,66"
04:36,DELTA,RT,1,"0,94"
04:36,DELTA,RH,2,"20,00"
04:36,FLOW,WF,0,0
04:36,FLOW,WF,1,0
04:36,0,RT,0,"28,00"
04:41,STATE,RT,0,"25,18"
04:41,HUMIDITY,RT,0,"25,86"
04:41,HUMIDITY,RT,1,"24,90"
04:41,HUMIDITY,RH,0,"49,04"
04:41,HUMIDITY,RH,1,"68,70"
04:41,DELTA,RT,0,"0,66"
04:41,DELTA,RT,1,"0,94"
04:41,DELTA,RH,2,"19,76"
04:41,FLOW,WF,0,0
04:41,FLOW,WF,1,0
04:41,0,RT,0,"27,75"
04:46,STATE,RT,0,"25,18"
04:46,HUMIDITY,RT,0,"25,88"
04:46,HUMIDITY,RT,1,"24,90"
04:46,HUMIDITY,RH,0,"48,90"
04:46,HUMIDITY,RH,1,"68,60"
04:46,DELTA,RT,0,"0,70"
04:46,DELTA,RT,1,"0,98"
04:46,DELTA,RH,2,"19,71"
04:46,FLOW,WF,0,0
04:46,FLOW,WF,1,0
04:46,0,RT,0,"28,00"
04:52,STATE,RT,0,"25,18"
04:52,HUMIDITY,RT,0,"25,81"
04:52,HUMIDITY,RT,1,"24,90"
04:52,HUMIDITY,RH,0,"49,13"
04:52,HUMIDITY,RH,1,"68,60"
04:52,DELTA,RT,0,"0,61"
04:52,DELTA,RT,1,"0,89"
04:52,DELTA,RH,2,"19,59"
04:52,FLOW,WF,0,0
04:52,FLOW,WF,1,0
04:52,0,RT,0,"28,00"
04:57,STATE,RT,0,"25,18"
04:57,HUMIDITY,RT,0,"25,76"
04:57,HUMIDITY,RT,1,"24,90"
04:57,HUMIDITY,RH,0,"49,33"
04:57,HUMIDITY,RH,1,"68,90"
04:57,DELTA,RT,0,"0,58"
04:57,DELTA,RT,1,"0,86"
04:57,DELTA,RH,2,"19,57"
04:57,FLOW,WF,0,0
04:57,FLOW,WF,1,0
04:57,0,RT,0,"28,00"
05:02,STATE,RT,0,"25,12"
05:02,HUMIDITY,RT,0,"25,82"
05:02,HUMIDITY,RT,1,"24,90"
05:02,HUMIDITY,RH,0,"48,97"
05:02,HUMIDITY,RH,1,"68,50"
05:02,DELTA,RT,0,"0,70"
05:02,DELTA,RT,1,"0,92"
05:02,DELTA,RH,2,"19,53"
05:02,FLOW,WF,0,0
05:02,FLOW,WF,1,0
05:02,0,RT,0,"28,00"
05:07,STATE,RT,0,"25,12"
05:07,HUMIDITY,RT,0,"25,79"
05:07,HUMIDITY,RT,1,"24,90"
05:07,HUMIDITY,RH,0,"49,11"
05:07,HUMIDITY,RH,1,"68,60"
05:07,DELTA,RT,0,"0,67"
05:07,DELTA,RT,1,"0,89"
05:07,DELTA,RH,2,"19,49"
05:07,FLOW,WF,0,0
05:07,FLOW,WF,1,0
05:07,0,RT,0,"27,75"
05:12,STATE,RT,0,"25,12"
05:12,HUMIDITY,RT,0,"25,77"
05:12,HUMIDITY,RT,1,"24,90"
05:12,HUMIDITY,RH,0,"49,49"
05:12,HUMIDITY,RH,1,"69,20"
05:12,DELTA,RT,0,"0,65"
05:12,DELTA,RT,1,"0,87"
05:12,DELTA,RH,2,"19,71"
05:12,FLOW,WF,0,0
05:12,FLOW,WF,1,0
05:12,0,RT,0,"28,00"
05:17,STATE,RT,0,"25,18"
05:17,HUMIDITY,RT,0,"25,82"
05:17,HUMIDITY,RT,1,"24,90"
05:17,HUMIDITY,RH,0,"49,34"
05:17,HUMIDITY,RH,1,"69,10"
05:17,DELTA,RT,0,"0,64"
05:17,DELTA,RT,1,"0,92"
05:17,DELTA,RH,2,"19,76"
05:17,FLOW,WF,0,0
05:17,FLOW,WF,1,0
05:17,0,RT,0,"28,00"
05:22,STATE,RT,0,"25,18"
05:22,HUMIDITY,RT,0,"25,79"
05:22,HUMIDITY,RT,1,"24,90"
05:22,HUMIDITY,RH,0,"49,52"
05:22,HUMIDITY,RH,1,"69,20"
05:22,DELTA,RT,0,"0,61"
05:22,DELTA,RT,1,"0,89"
05:22,DELTA,RH,2,"19,68"
05:22,FLOW,WF,0,0
05:22,FLOW,WF,1,0
05:22,0,RT,0,"28,00"
05:27,STATE,RT,0,"25,18"
05:27,HUMIDITY,RT,0,"25,77"
05:27,HUMIDITY,RT,1,"24,90"
05:27,HUMIDITY,RH,0,"49,88"
05:27,HUMIDITY,RH,1,"69,70"
05:27,DELTA,RT,0,"0,61"
05:27,DELTA,RT,1,"0,89"
05:27,DELTA,RH,2,"19,74"
05:27,FLOW,WF,0,0
05:27,FLOW,WF,1,0
05:27,0,RT,0,"28,00"
05:32,STATE,RT,0,"25,18"
05:32,HUMIDITY,RT,0,"25,76"
05:32,HUMIDITY,RT,1,"24,90"
05:32,HUMIDITY,RH,0,"50,14"
05:32,HUMIDITY,RH,1,"69,90"
05:32,DELTA,RT,0,"0,51"
05:32,DELTA,RT,1,"0,86"
05:32,DELTA,RH,2,"19,79"
05:32,FLOW,WF,0,0
05:32,FLOW,WF,1,0
05:32,0,RT,0,"28,00"
05:37,STATE,RT,0,"25,25"
05:37,HUMIDITY,RT,0,"25,75"
05:37,HUMIDITY,RT,1,"24,90"
05:37,HUMIDITY,RH,0,"50,40"
05:37,HUMIDITY,RH,1,"70,00"
05:37,DELTA,RT,0,"0,50"
05:37,DELTA,RT,1,"0,85"
05:37,DELTA,RH,2,"19,60"
05:37,FLOW,WF,0,0
05:37,FLOW,WF,1,0
05:37,0,RT,0,"28,00"
05:42,STATE,RT,0,"25,25"
05:42,HUMIDITY,RT,0,"25,74"
05:42,HUMIDITY,RT,1,"24,90"
05:42,HUMIDITY,RH,0,"51,04"
05:42,HUMIDITY,RH,1,"70,80"
05:42,DELTA,RT,0,"0,49"
05:42,DELTA,RT,1,"0,84"
05:42,DELTA,RH,2,"19,76"
05:42,FLOW,WF,0,0
05:42,FLOW,WF,1,0
05:42,0,RT,0,"28,00"
05:47,STATE,RT,0,"25,18"
05:47,HUMIDITY,RT,0,"25,75"
05:47,HUMIDITY,RT,1,"24,90"
05:47,HUMIDITY,RH,0,"51,19"
05:47,HUMIDITY,RH,1,"71,00"
05:47,DELTA,RT,0,"0,57"
05:47,DELTA,RT,1,"0,85"
05:47,DELTA,RH,2,"19,81"
05:47,FLOW,WF,0,0
05:47,FLOW,WF,1,0
05:47,0,RT,0,"28,00"
05:52,STATE,RT,0,"25,37"
05:52,HUMIDITY,RT,0,"25,81"
05:52,HUMIDITY,RT,1,"25,00"
05:52,HUMIDITY,RH,0,"51,30"
05:52,HUMIDITY,RH,1,"71,30"
05:52,DELTA,RT,0,"0,44"
05:52,DELTA,RT,1,"0,81"
05:52,DELTA,RH,2,"20,00"
05:52,FLOW,WF,0,0
05:52,FLOW,WF,1,0
05:52,0,RT,0,"28,00"
05:57,STATE,RT,0,"25,37"
05:57,HUMIDITY,RT,0,"25,82"
05:57,HUMIDITY,RT,1,"25,00"
05:57,HUMIDITY,RH,0,"51,53"
05:57,HUMIDITY,RH,1,"71,40"
05:57,DELTA,RT,0,"0,45"
05:57,DELTA,RT,1,"0,82"
05:57,DELTA,RH,2,"19,87"
05:57,FLOW,WF,0,0
05:57,FLOW,WF,1,0
05:57,0,RT,0,"28,00"
06:02,STATE,RT,0,"25,31"
06:02,HUMIDITY,RT,0,"25,78"
06:02,HUMIDITY,RT,1,"25,00"
06:02,HUMIDITY,RH,0,"51,69"
06:02,HUMIDITY,RH,1,"71,80"
06:02,DELTA,RT,0,"0,47"
06:02,DELTA,RT,1,"0,78"
06:02,DELTA,RH,2,"20,00"
06:02,FLOW,WF,0,0
06:02,FLOW,WF,1,0
06:02,0,RT,0,"28,00"
06:07,STATE,RT,0,"25,37"
06:07,HUMIDITY,RT,0,"25,88"
06:07,HUMIDITY,RT,1,"25,00"
06:07,HUMIDITY,RH,0,"51,79"
06:07,HUMIDITY,RH,1,"71,90"
06:07,DELTA,RT,0,"0,51"
06:07,DELTA,RT,1,"0,88"
06:07,DELTA,RH,2,"20,12"
06:07,FLOW,WF,0,0
06:07,FLOW,WF,1,0
06:07,0,RT,0,"28,00"
06:12,STATE,RT,0,"25,37"
06:12,HUMIDITY,RT,0,"25,91"
06:12,HUMIDITY,RT,1,"25,00"
06:12,HUMIDITY,RH,0,"52,07"
06:12,HUMIDITY,RH,1,"72,30"
06:12,DELTA,RT,0,"0,52"
06:12,DELTA,RT,1,"0,89"
06:12,DELTA,RH,2,"20,24"
06:12,FLOW,WF,0,0
06:12,FLOW,WF,1,0
06:12,0,RT,0,"28,00"
06:17,STATE,RT,0,"25,43"
06:17,HUMIDITY,RT,0,"26,04"
06:17,HUMIDITY,RT,1,"25,00"
06:17,HUMIDITY,RH,0,"52,04"
06:17,HUMIDITY,RH,1,"72,50"
06:17,DELTA,RT,0,"0,61"
06:17,DELTA,RT,1,"1,04"
06:17,DELTA,RH,2,"20,44"
06:17,FLOW,WF,0,0
06:17,FLOW,WF,1,0
06:17,0,RT,0,"28,00"
06:22,STATE,RT,0,"25,50"
06:22,HUMIDITY,RT,0,"25,95"
06:22,HUMIDITY,RT,1,"25,00"
06:22,HUMIDITY,RH,0,"52,50"
06:22,HUMIDITY,RH,1,"72,80"
06:22,DELTA,RT,0,"0,45"
06:22,DELTA,RT,1,"0,95"
06:22,DELTA,RH,2,"20,30"
06:22,FLOW,WF,0,0
06:22,FLOW,WF,1,0
06:22,0,RT,0,"28,00"
06:27,STATE,RT,0,"25,43"
06:27,HUMIDITY,RT,0,"26,01"
06:27,HUMIDITY,RT,1,"25,00"
06:27,HUMIDITY,RH,0,"52,44"
06:27,HUMIDITY,RH,1,"72,80"
06:27,DELTA,RT,0,"0,58"
06:27,DELTA,RT,1,"1,01"
06:27,DELTA,RH,2,"20,36"
06:27,FLOW,WF,0,0
06:27,FLOW,WF,1,0
06:27,0,RT,0,"28,00"
06:32,STATE,RT,0,"25,50"
06:32,HUMIDITY,RT,0,"25,90"
06:32,HUMIDITY,RT,1,"25,10"
06:32,HUMIDITY,RH,0,"52,89"
06:32,HUMIDITY,RH,1,"73,20"
06:32,DELTA,RT,0,"0,41"
06:32,DELTA,RT,1,"0,81"
06:32,DELTA,RH,2,"20,42"
06:32,FLOW,WF,0,0
06:32,FLOW,WF,1,0
06:32,0,RT,0,"28,00"
06:37,STATE,RT,0,"25,56"
06:37,HUMIDITY,RT,0,"25,93"
06:37,HUMIDITY,RT,1,"25,10"
06:37,HUMIDITY,RH,0,"53,15"
06:37,HUMIDITY,RH,1,"73,50"
06:37,DELTA,RT,0,"0,37"
06:37,DELTA,RT,1,"0,83"
06:37,DELTA,RH,2,"20,37"
06:37,FLOW,WF,0,0
06:37,FLOW,WF,1,0
06:37,0,RT,0,"28,25"
06:42,STATE,RT,0,"25,62"
06:42,HUMIDITY,RT,0,"25,97"
06:42,HUMIDITY,RT,1,"25,20"
06:42,HUMIDITY,RH,0,"53,41"
06:42,HUMIDITY,RH,1,"74,00"
06:42,DELTA,RT,0,"0,36"
06:42,DELTA,RT,1,"0,78"
06:42,DELTA,RH,2,"20,51"
06:42,FLOW,WF,0,0
06:42,FLOW,WF,1,0
06:42,0,RT,0,"28,25"
06:47,STATE,RT,0,"25,31"
06:47,HUMIDITY,RT,0,"25,70"
06:47,HUMIDITY,RT,1,"25,00"
06:47,HUMIDITY,RH,0,"55,13"
06:47,HUMIDITY,RH,1,"75,30"
06:47,DELTA,RT,0,"0,42"
06:47,DELTA,RT,1,"0,63"
06:47,DELTA,RH,2,"20,20"
06:47,FLOW,WF,0,0
06:47,FLOW,WF,1,0
06:47,0,RT,0,"28,00"
06:52,STATE,RT,0,"25,06"
06:52,HUMIDITY,RT,0,"25,56"
06:52,HUMIDITY,RT,1,"24,90"
06:52,HUMIDITY,RH,0,"56,31"
06:52,HUMIDITY,RH,1,"76,60"
06:52,DELTA,RT,0,"0,50"
06:52,DELTA,RT,1,"0,66"
06:52,DELTA,RH,2,"20,33"
06:52,FLOW,WF,0,0
06:52,FLOW,WF,1,0
06:52,0,RT,0,"27,75"
06:57,STATE,RT,0,"24,93"
06:57,HUMIDITY,RT,0,"25,54"
06:57,HUMIDITY,RT,1,"24,80"
06:57,HUMIDITY,RH,0,"56,80"
06:57,HUMIDITY,RH,1,"77,30"
06:57,DELTA,RT,0,"0,63"
06:57,DELTA,RT,1,"0,76"
06:57,DELTA,RH,2,"20,38"
06:57,FLOW,WF,0,0
06:57,FLOW,WF,1,0
06:57,0,RT,0,"27,75"
07:02,STATE,RT,0,"25,00"
07:02,HUMIDITY,RT,0,"25,63"
07:02,HUMIDITY,RT,1,"24,80"
07:02,HUMIDITY,RH,0,"56,83"
07:02,HUMIDITY,RH,1,"77,50"
07:02,DELTA,RT,0,"0,63"
07:02,DELTA,RT,1,"0,83"
07:02,DELTA,RH,2,"20,67"
07:02,FLOW,WF,0,0
07:02,FLOW,WF,1,0
07:02,0,RT,0,"27,75"
07:08,STATE,RT,0,"25,00"
07:08,HUMIDITY,RT,0,"25,62"
07:08,HUMIDITY,RT,1,"24,90"
07:08,HUMIDITY,RH,0,"57,38"
07:08,HUMIDITY,RH,1,"78,00"
07:08,DELTA,RT,0,"0,62"
07:08,DELTA,RT,1,"0,72"
07:08,DELTA,RH,2,"20,62"
07:08,FLOW,WF,0,0
07:08,FLOW,WF,1,0
07:08,0,RT,0,"28,00"
07:13,STATE,RT,0,"25,12"
07:13,HUMIDITY,RT,0,"25,62"
07:13,HUMIDITY,RT,1,"24,90"
07:13,HUMIDITY,RH,0,"57,15"
07:13,HUMIDITY,RH,1,"77,70"
07:13,DELTA,RT,0,"0,51"
07:13,DELTA,RT,1,"0,73"
07:13,DELTA,RH,2,"20,70"
07:13,FLOW,WF,0,0
07:13,FLOW,WF,1,0
07:13,0,RT,0,"27,75"
07:18,STATE,RT,0,"25,18"
07:18,HUMIDITY,RT,0,"25,75"
07:18,HUMIDITY,RT,1,"24,90"
07:18,HUMIDITY,RH,0,"56,95"
07:18,HUMIDITY,RH,1,"77,70"
07:18,DELTA,RT,0,"0,56"
07:18,DELTA,RT,1,"0,84"
07:18,DELTA,RH,2,"20,72"
07:18,FLOW,WF,0,0
07:18,FLOW,WF,1,0
07:18,0,RT,0,"27,75"
07:23,STATE,RT,0,"25,18"
07:23,HUMIDITY,RT,0,"25,86"
07:23,HUMIDITY,RT,1,"24,90"
07:23,HUMIDITY,RH,0,"56,90"
07:23,HUMIDITY,RH,1,"78,00"
07:23,DELTA,RT,0,"0,68"
07:23,DELTA,RT,1,"0,96"
07:23,DELTA,RH,2,"21,10"
07:23,FLOW,WF,0,0
07:23,FLOW,WF,1,0
07:23,0,RT,0,"28,00"
07:28,STATE,RT,0,"25,25"
07:28,HUMIDITY,RT,0,"25,98"
07:28,HUMIDITY,RT,1,"25,00"
07:28,HUMIDITY,RH,0,"56,99"
07:28,HUMIDITY,RH,1,"78,30"
07:28,DELTA,RT,0,"0,73"
07:28,DELTA,RT,1,"0,98"
07:28,DELTA,RH,2,"21,31"
07:28,FLOW,WF,0,0
07:28,FLOW,WF,1,0
07:28,0,RT,0,"28,00"
07:33,STATE,RT,0,"25,37"
07:33,HUMIDITY,RT,0,"25,93"
07:33,HUMIDITY,RT,1,"25,00"
07:33,HUMIDITY,RH,0,"56,90"
07:33,HUMIDITY,RH,1,"78,10"
07:33,DELTA,RT,0,"0,56"
07:33,DELTA,RT,1,"0,93"
07:33,DELTA,RH,2,"21,20"
07:33,FLOW,WF,0,0
07:33,FLOW,WF,1,0
07:33,0,RT,0,"28,25"
07:38,STATE,RT,0,"25,37"
07:38,HUMIDITY,RT,0,"26,12"
07:38,HUMIDITY,RT,1,"25,10"
07:38,HUMIDITY,RH,0,"56,85"
07:38,HUMIDITY,RH,1,"78,40"
07:38,DELTA,RT,0,"0,75"
07:38,DELTA,RT,1,"1,02"
07:38,DELTA,RH,2,"21,44"
07:38,FLOW,WF,0,0
07:38,FLOW,WF,1,0
07:38,0,RT,0,"28,25"
07:43,STATE,RT,0,"25,50"
07:43,HUMIDITY,RT,0,"26,04"
07:43,HUMIDITY,RT,1,"25,10"
07:43,HUMIDITY,RH,0,"57,02"
07:43,HUMIDITY,RH,1,"78,30"
07:43,DELTA,RT,0,"0,54"
07:43,DELTA,RT,1,"0,94"
07:43,DELTA,RH,2,"21,28"
07:43,FLOW,WF,0,0
07:43,FLOW,WF,1,0
07:43,0,RT,0,"28,00"
07:48,STATE,RT,0,"25,56"
07:48,HUMIDITY,RT,0,"26,03"
07:48,HUMIDITY,RT,1,"25,20"
07:48,HUMIDITY,RH,0,"57,12"
07:48,HUMIDITY,RH,1,"78,10"
07:48,DELTA,RT,0,"0,47"
07:48,DELTA,RT,1,"0,83"
07:48,DELTA,RH,2,"20,98"
07:48,FLOW,WF,0,0
07:48,FLOW,WF,1,0
07:48,0,RT,0,"28,25"
07:53,STATE,RT,0,"25,62"
07:53,HUMIDITY,RT,0,"26,10"
07:53,HUMIDITY,RT,1,"25,20"
07:53,HUMIDITY,RH,0,"57,25"
07:53,HUMIDITY,RH,1,"78,20"
07:53,DELTA,RT,0,"0,48"
07:53,DELTA,RT,1,"0,90"
07:53,DELTA,RH,2,"20,95"
07:53,FLOW,WF,0,0
07:53,FLOW,WF,1,0
07:53,0,RT,0,"28,25"
09:04,STATE,RT,0,"26,00"
09:04,HUMIDITY,RT,0,"26,66"
09:04,HUMIDITY,RT,1,"25,70"
09:04,HUMIDITY,RH,0,"55,10"
09:04,HUMIDITY,RH,1,"76,80"
09:04,DELTA,RT,0,"0,65"
09:04,DELTA,RT,1,"0,95"
09:04,DELTA,RH,2,"21,67"
09:04,FLOW,WF,0,0
09:04,FLOW,WF,1,0
09:04,0,RT,0,"27,25"
09:10,STATE,RT,0,"26,18"
09:10,HUMIDITY,RT,0,"26,80"
09:10,HUMIDITY,RT,1,"25,70"
09:10,HUMIDITY,RH,0,"54,55"
09:10,HUMIDITY,RH,1,"76,70"
09:10,DELTA,RT,0,"0,62"
09:10,DELTA,RT,1,"1,10"
09:10,DELTA,RH,2,"22,15"
09:10,FLOW,WF,0,0
09:10,FLOW,WF,1,0
09:10,0,RT,0,"28,00"
09:15,STATE,RT,0,"26,37"
09:15,HUMIDITY,RT,0,"26,96"
09:15,HUMIDITY,RT,1,"25,90"
09:15,HUMIDITY,RH,0,"54,11"
09:15,HUMIDITY,RH,1,"76,30"
09:15,DELTA,RT,0,"0,59"
09:15,DELTA,RT,1,"1,06"
09:15,DELTA,RH,2,"22,19"
09:15,FLOW,WF,0,0
09:15,FLOW,WF,1,0
09:15,0,RT,0,"28,75"
09:20,STATE,RT,0,"26,43"
09:20,HUMIDITY,RT,0,"27,04"
09:20,HUMIDITY,RT,1,"25,90"
09:20,HUMIDITY,RH,0,"53,94"
09:20,HUMIDITY,RH,1,"76,20"
09:20,DELTA,RT,0,"0,67"
09:20,DELTA,RT,1,"1,14"
09:20,DELTA,RH,2,"22,26"
09:20,FLOW,WF,0,0
09:20,FLOW,WF,1,0
09:20,0,RT,0,"28,75"
09:25,STATE,RT,0,"26,56"
09:25,HUMIDITY,RT,0,"27,05"
09:25,HUMIDITY,RT,1,"25,90"
09:25,HUMIDITY,RH,0,"54,10"
09:25,HUMIDITY,RH,1,"75,80"
09:25,DELTA,RT,0,"0,49"
09:25,DELTA,RT,1,"1,15"
09:25,DELTA,RH,2,"21,70"
09:25,FLOW,WF,0,0
09:25,FLOW,WF,1,0
09:25,0,RT,0,"29,00"
09:30,STATE,RT,0,"26,50"
09:30,HUMIDITY,RT,0,"27,20"
09:30,HUMIDITY,RT,1,"26,00"
09:30,HUMIDITY,RH,0,"53,97"
09:30,HUMIDITY,RH,1,"76,10"
09:30,DELTA,RT,0,"0,70"
09:30,DELTA,RT,1,"1,20"
09:30,DELTA,RH,2,"22,13"
09:30,FLOW,WF,0,0
09:30,FLOW,WF,1,0
09:30,0,RT,0,"29,25"
09:35,STATE,RT,0,"26,56"
09:35,HUMIDITY,RT,0,"27,20"
09:35,HUMIDITY,RT,1,"26,00"
09:35,HUMIDITY,RH,0,"53,75"
09:35,HUMIDITY,RH,1,"75,90"
09:35,DELTA,RT,0,"0,64"
09:35,DELTA,RT,1,"1,20"
09:35,DELTA,RH,2,"22,15"
09:35,FLOW,WF,0,0
09:35,FLOW,WF,1,0
09:35,0,RT,0,"29,25"
09:40,STATE,RT,0,"26,62"
09:40,HUMIDITY,RT,0,"27,15"
09:40,HUMIDITY,RT,1,"26,00"
09:40,HUMIDITY,RH,0,"54,00"
09:40,HUMIDITY,RH,1,"76,20"
09:40,DELTA,RT,0,"0,54"
09:40,DELTA,RT,1,"1,16"
09:40,DELTA,RH,2,"22,19"
09:40,FLOW,WF,0,0
09:40,FLOW,WF,1,0
09:40,0,RT,0,"29,25"
09:45,STATE,RT,0,"26,56"
09:45,HUMIDITY,RT,0,"27,23"
09:45,HUMIDITY,RT,1,"26,00"
09:45,HUMIDITY,RH,0,"53,69"
09:45,HUMIDITY,RH,1,"75,90"
09:45,DELTA,RT,0,"0,67"
09:45,DELTA,RT,1,"1,23"
09:45,DELTA,RH,2,"22,21"
09:45,FLOW,WF,0,0
09:45,FLOW,WF,1,0
09:45,0,RT,0,"29,00"
09:50,STATE,RT,0,"26,62"
09:50,HUMIDITY,RT,0,"27,22"
09:50,HUMIDITY,RT,1,"26,00"
09:50,HUMIDITY,RH,0,"53,75"
09:50,HUMIDITY,RH,1,"76,10"
09:50,DELTA,RT,0,"0,60"
09:50,DELTA,RT,1,"1,22"
09:50,DELTA,RH,2,"22,35"
09:50,FLOW,WF,0,0
09:50,FLOW,WF,1,0
09:50,0,RT,0,"29,25"
09:55,STATE,RT,0,"26,68"
09:55,HUMIDITY,RT,0,"27,18"
09:55,HUMIDITY,RT,1,"26,00"
09:55,HUMIDITY,RH,0,"54,13"
09:55,HUMIDITY,RH,1,"76,10"
09:55,DELTA,RT,0,"0,50"
09:55,DELTA,RT,1,"1,18"
09:55,DELTA,RH,2,"21,97"
09:55,FLOW,WF,0,0
09:55,FLOW,WF,1,0
09:55,0,RT,0,"29,25"
10:00,STATE,RT,0,"26,75"
10:00,HUMIDITY,RT,0,"27,18"
10:00,HUMIDITY,RT,1,"26,10"
10:00,HUMIDITY,RH,0,"53,79"
10:00,HUMIDITY,RH,1,"75,60"
10:00,DELTA,RT,0,"0,43"
10:00,DELTA,RT,1,"1,08"
10:00,DELTA,RH,2,"21,81"
10:00,FLOW,WF,0,0
10:00,FLOW,WF,1,0
10:00,0,RT,0,"29,75"
10:05,STATE,RT,0,"26,62"
10:05,HUMIDITY,RT,0,"27,19"
10:05,HUMIDITY,RT,1,"26,00"
10:05,HUMIDITY,RH,0,"53,94"
10:05,HUMIDITY,RH,1,"75,70"
10:05,DELTA,RT,0,"0,57"
10:05,DELTA,RT,1,"1,19"
10:05,DELTA,RH,2,"21,76"
10:05,FLOW,WF,0,0
10:05,FLOW,WF,1,0
10:05,0,RT,0,"29,50"
10:10,STATE,RT,0,"26,62"
10:10,HUMIDITY,RT,0,"27,16"
10:10,HUMIDITY,RT,1,"26,00"
10:10,HUMIDITY,RH,0,"53,96"
10:10,HUMIDITY,RH,1,"75,70"
10:10,DELTA,RT,0,"0,54"
10:10,DELTA,RT,1,"1,06"
10:10,DELTA,RH,2,"21,93"
10:10,FLOW,WF,0,0
10:10,FLOW,WF,1,0
10:10,0,RT,0,"29,25"
10:15,STATE,RT,0,"26,68"
10:15,HUMIDITY,RT,0,"27,23"
10:15,HUMIDITY,RT,1,"26,10"
10:15,HUMIDITY,RH,0,"53,42"
10:15,HUMIDITY,RH,1,"75,40"
10:15,DELTA,RT,0,"0,54"
10:15,DELTA,RT,1,"1,22"
10:15,DELTA,RH,2,"21,88"
10:15,FLOW,WF,0,0
10:15,FLOW,WF,1,0
10:15,0,RT,0,"29,50"
10:20,STATE,RT,0,"26,68"
10:20,HUMIDITY,RT,0,"27,28"
10:20,HUMIDITY,RT,1,"26,10"
10:20,HUMIDITY,RH,0,"53,11"
10:20,HUMIDITY,RH,1,"75,20"
10:20,DELTA,RT,0,"0,61"
10:20,DELTA,RT,1,"1,19"
10:20,DELTA,RH,2,"22,10"
10:20,FLOW,WF,0,0
10:20,FLOW,WF,1,0
10:20,0,RT,0,"29,50"
10:25,STATE,RT,0,"26,68"
10:25,HUMIDITY,RT,0,"27,34"
10:25,HUMIDITY,RT,1,"26,10"
10:25,HUMIDITY,RH,0,"52,89"
10:25,HUMIDITY,RH,1,"75,00"
10:25,DELTA,RT,0,"0,63"
10:25,DELTA,RT,1,"1,21"
10:25,DELTA,RH,2,"22,10"
10:25,FLOW,WF,0,0
10:25,FLOW,WF,1,0
10:25,0,RT,0,"29,25"
10:30,STATE,RT,0,"26,75"
10:30,HUMIDITY,RT,0,"27,42"
10:30,HUMIDITY,RT,1,"26,10"
10:30,HUMIDITY,RH,0,"52,47"
10:30,HUMIDITY,RH,1,"75,10"
10:30,DELTA,RT,0,"0,67"
10:30,DELTA,RT,1,"1,32"
10:30,DELTA,RH,2,"22,63"
10:30,FLOW,WF,0,0
10:30,FLOW,WF,1,0
10:30,0,RT,0,"29,25"
10:35,STATE,RT,0,"26,75"
10:35,HUMIDITY,RT,0,"27,40"
10:35,HUMIDITY,RT,1,"26,20"
10:35,HUMIDITY,RH,0,"52,66"
10:35,HUMIDITY,RH,1,"75,20"
10:35,DELTA,RT,0,"0,65"
10:35,DELTA,RT,1,"1,20"
10:35,DELTA,RH,2,"22,54"
10:35,FLOW,WF,0,0
10:35,FLOW,WF,1,0
10:35,0,RT,0,"29,25"
10:40,STATE,RT,0,"26,75"
10:40,HUMIDITY,RT,0,"27,46"
10:40,HUMIDITY,RT,1,"26,20"
10:40,HUMIDITY,RH,0,"52,46"
10:40,HUMIDITY,RH,1,"74,70"
10:40,DELTA,RT,0,"0,69"
10:40,DELTA,RT,1,"1,24"
10:40,DELTA,RH,2,"22,31"
10:40,FLOW,WF,0,0
10:40,FLOW,WF,1,0
10:40,0,RT,0,"29,25"
10:45,STATE,RT,0,"26,75"
10:45,HUMIDITY,RT,0,"27,49"
10:45,HUMIDITY,RT,1,"26,20"
10:45,HUMIDITY,RH,0,"51,94"
10:45,HUMIDITY,RH,1,"74,20"
10:45,DELTA,RT,0,"0,73"
10:45,DELTA,RT,1,"1,28"
10:45,DELTA,RH,2,"22,32"
10:45,FLOW,WF,0,0
10:45,FLOW,WF,1,0
10:45,0,RT,0,"29,25"
10:50,STATE,RT,0,"26,75"
10:50,HUMIDITY,RT,0,"27,47"
10:50,HUMIDITY,RT,1,"26,20"
10:50,HUMIDITY,RH,0,"51,58"
10:50,HUMIDITY,RH,1,"73,60"
10:50,DELTA,RT,0,"0,70"
10:50,DELTA,RT,1,"1,25"
10:50,DELTA,RH,2,"21,92"
10:50,FLOW,WF,0,0
10:50,FLOW,WF,1,0
10:50,0,RT,0,"29,25"
10:55,STATE,RT,0,"26,68"
10:55,HUMIDITY,RT,0,"27,45"
10:55,HUMIDITY,RT,1,"26,20"
10:55,HUMIDITY,RH,0,"51,73"
10:55,HUMIDITY,RH,1,"73,50"
10:55,DELTA,RT,0,"0,72"
10:55,DELTA,RT,1,"1,27"
10:55,DELTA,RH,2,"21,69"
10:55,FLOW,WF,0,0
10:55,FLOW,WF,1,0
10:55,0,RT,0,"29,25"
11:00,STATE,RT,0,"26,75"
11:00,HUMIDITY,RT,0,"27,52"
11:00,HUMIDITY,RT,1,"26,20"
11:00,HUMIDITY,RH,0,"51,85"
11:00,HUMIDITY,RH,1,"73,90"
11:00,DELTA,RT,0,"0,77"
11:00,DELTA,RT,1,"1,32"
11:00,DELTA,RH,2,"22,13"
11:00,FLOW,WF,0,0
11:00,FLOW,WF,1,0
11:00,0,RT,0,"29,25"
11:05,STATE,RT,0,"26,81"
11:05,HUMIDITY,RT,0,"27,49"
11:05,HUMIDITY,RT,1,"26,30"
11:05,HUMIDITY,RH,0,"51,99"
11:05,HUMIDITY,RH,1,"74,90"
11:05,DELTA,RT,0,"0,68"
11:05,DELTA,RT,1,"1,19"
11:05,DELTA,RH,2,"22,91"
11:05,FLOW,WF,0,0
11:05,FLOW,WF,1,0
11:05,0,RT,0,"29,25"
11:10,STATE,RT,0,"26,81"
11:10,HUMIDITY,RT,0,"27,53"
11:10,HUMIDITY,RT,1,"26,30"
11:10,HUMIDITY,RH,0,"51,82"
11:10,HUMIDITY,RH,1,"73,70"
11:10,DELTA,RT,0,"0,71"
11:10,DELTA,RT,1,"1,22"
11:10,DELTA,RH,2,"21,98"
11:10,FLOW,WF,0,0
11:10,FLOW,WF,1,0
11:10,0,RT,0,"29,25"
11:15,STATE,RT,0,"26,81"
11:15,HUMIDITY,RT,0,"27,56"
11:15,HUMIDITY,RT,1,"26,30"
11:15,HUMIDITY,RH,0,"51,74"
11:15,HUMIDITY,RH,1,"73,90"
11:15,DELTA,RT,0,"0,74"
11:15,DELTA,RT,1,"1,25"
11:15,DELTA,RH,2,"22,07"
11:15,FLOW,WF,0,0
11:15,FLOW,WF,1,0
11:15,0,RT,0,"29,25"
11:21,STATE,RT,0,"26,75"
11:21,HUMIDITY,RT,0,"27,75"
11:21,HUMIDITY,RT,1,"26,40"
11:21,HUMIDITY,RH,0,"51,01"
11:21,HUMIDITY,RH,1,"72,70"
11:21,DELTA,RT,0,"0,99"
11:21,DELTA,RT,1,"1,34"
11:21,DELTA,RH,2,"21,66"
11:21,FLOW,WF,0,0
11:21,FLOW,WF,1,0
11:21,0,RT,0,"29,75"
11:26,STATE,RT,0,"26,68"
11:26,HUMIDITY,RT,0,"27,60"
11:26,HUMIDITY,RT,1,"26,50"
11:26,HUMIDITY,RH,0,"50,44"
11:26,HUMIDITY,RH,1,"70,30"
11:26,DELTA,RT,0,"0,95"
11:26,DELTA,RT,1,"1,13"
11:26,DELTA,RH,2,"19,69"
11:26,FLOW,WF,0,0
11:26,FLOW,WF,1,0
11:26,0,RT,0,"30,00"
11:34,STATE,RT,0,"26,68"
11:34,HUMIDITY,RT,0,"27,86"
11:34,HUMIDITY,RT,1,"26,60"
11:34,HUMIDITY,RH,0,"51,51"
11:34,HUMIDITY,RH,1,"71,80"
11:34,DELTA,RT,0,"1,18"
11:34,DELTA,RT,1,"1,26"
11:34,DELTA,RH,2,"20,29"
11:34,FLOW,WF,0,0
11:34,FLOW,WF,1,0
11:34,0,RT,0,"30,00"
11:48,STATE,RT,0,"26,81"
11:48,HUMIDITY,RT,0,"27,94"
11:48,HUMIDITY,RT,1,"26,60"
11:48,HUMIDITY,RH,0,"49,44"
11:48,HUMIDITY,RH,1,"70,80"
11:48,DELTA,RT,0,"1,13"
11:48,DELTA,RT,1,"1,34"
11:48,DELTA,RH,2,"21,36"
11:48,FLOW,WF,0,0
11:48,FLOW,WF,1,0
11:48,0,RT,0,"29,00"
11:53,STATE,RT,0,"26,93"
11:53,HUMIDITY,RT,0,"27,82"
11:53,HUMIDITY,RT,1,"26,60"
11:53,HUMIDITY,RH,0,"48,15"
11:53,HUMIDITY,RH,1,"68,70"
11:53,DELTA,RT,0,"0,89"
11:53,DELTA,RT,1,"1,22"
11:53,DELTA,RH,2,"20,55"
11:53,FLOW,WF,0,0
11:53,FLOW,WF,1,0
11:53,0,RT,0,"29,00"
11:58,STATE,RT,0,"26,93"
11:58,HUMIDITY,RT,0,"27,76"
11:58,HUMIDITY,RT,1,"26,60"
11:58,HUMIDITY,RH,0,"49,60"
11:58,HUMIDITY,RH,1,"69,40"
11:58,DELTA,RT,0,"0,83"
11:58,DELTA,RT,1,"1,16"
11:58,DELTA,RH,2,"19,80"
11:58,FLOW,WF,0,0
11:58,FLOW,WF,1,0
11:58,0,RT,0,"29,00"
12:03,STATE,RT,0,"27,18"
12:03,HUMIDITY,RT,0,"27,96"
12:03,HUMIDITY,RT,1,"26,70"
12:03,HUMIDITY,RH,0,"49,88"
12:03,HUMIDITY,RH,1,"70,40"
12:03,DELTA,RT,0,"0,78"
12:03,DELTA,RT,1,"1,26"
12:03,DELTA,RH,2,"20,52"
12:03,FLOW,WF,0,0
12:03,FLOW,WF,1,0
12:03,0,RT,0,"29,25"
12:11,STATE,RT,0,"27,31"
12:11,HUMIDITY,RT,0,"27,99"
12:11,HUMIDITY,RT,1,"26,80"
12:11,HUMIDITY,RH,0,"50,11"
12:11,HUMIDITY,RH,1,"70,70"
12:11,DELTA,RT,0,"0,68"
12:11,DELTA,RT,1,"1,19"
12:11,DELTA,RH,2,"20,59"
12:11,FLOW,WF,0,0
12:11,FLOW,WF,1,0
12:11,0,RT,0,"29,50"
12:16,STATE,RT,0,"27,25"
12:16,HUMIDITY,RT,0,"28,00"
12:16,HUMIDITY,RT,1,"26,80"
12:16,HUMIDITY,RH,0,"50,42"
12:16,HUMIDITY,RH,1,"70,50"
12:16,DELTA,RT,0,"0,75"
12:16,DELTA,RT,1,"1,20"
12:16,DELTA,RH,2,"20,08"
12:16,FLOW,WF,0,0
12:16,FLOW,WF,1,0
12:16,0,RT,0,"29,75"
12:21,STATE,RT,0,"27,37"
12:21,HUMIDITY,RT,0,"28,08"
12:21,HUMIDITY,RT,1,"26,90"
12:21,HUMIDITY,RH,0,"50,14"
12:21,HUMIDITY,RH,1,"70,60"
12:21,DELTA,RT,0,"0,65"
12:21,DELTA,RT,1,"1,18"
12:21,DELTA,RH,2,"20,46"
12:21,FLOW,WF,0,0
12:21,FLOW,WF,1,0
12:21,0,RT,0,"30,00"
12:26,STATE,RT,0,"27,50"
12:26,HUMIDITY,RT,0,"27,99"
12:26,HUMIDITY,RT,1,"26,90"
12:26,HUMIDITY,RH,0,"50,53"
12:26,HUMIDITY,RH,1,"70,90"
12:26,DELTA,RT,0,"0,49"
12:26,DELTA,RT,1,"1,09"
12:26,DELTA,RH,2,"20,37"
12:26,FLOW,WF,0,0
12:26,FLOW,WF,1,0
12:26,0,RT,0,"30,00"
12:31,STATE,RT,0,"27,50"
12:31,HUMIDITY,RT,0,"27,92"
12:31,HUMIDITY,RT,1,"26,90"
12:31,HUMIDITY,RH,0,"49,87"
12:31,HUMIDITY,RH,1,"69,70"
12:31,DELTA,RT,0,"0,42"
12:31,DELTA,RT,1,"1,02"
12:31,DELTA,RH,2,"19,83"
12:31,FLOW,WF,0,0
12:31,FLOW,WF,1,0
12:31,0,RT,0,"30,00"
12:36,STATE,RT,0,"27,12"
12:36,HUMIDITY,RT,0,"27,88"
12:36,HUMIDITY,RT,1,"26,90"
12:36,HUMIDITY,RH,0,"48,45"
12:36,HUMIDITY,RH,1,"67,90"
12:36,DELTA,RT,0,"0,76"
12:36,DELTA,RT,1,"0,98"
12:36,DELTA,RH,2,"19,45"
12:36,FLOW,WF,0,0
12:36,FLOW,WF,1,0
12:36,0,RT,0,"29,75"
12:41,STATE,RT,0,"27,37"
12:41,HUMIDITY,RT,0,"28,25"
12:41,HUMIDITY,RT,1,"27,00"
12:41,HUMIDITY,RH,0,"49,60"
12:41,HUMIDITY,RH,1,"69,40"
12:41,DELTA,RT,0,"0,88"
12:41,DELTA,RT,1,"1,25"
12:41,DELTA,RH,2,"19,80"
12:41,FLOW,WF,0,0
12:41,FLOW,WF,1,0
12:41,0,RT,0,"30,00"
12:46,STATE,RT,0,"27,37"
12:46,HUMIDITY,RT,0,"28,50"
12:46,HUMIDITY,RT,1,"27,20"
12:46,HUMIDITY,RH,0,"48,04"
12:46,HUMIDITY,RH,1,"67,60"
12:46,DELTA,RT,0,"1,13"
12:46,DELTA,RT,1,"1,30"
12:46,DELTA,RH,2,"19,22"
12:46,FLOW,WF,0,0
12:46,FLOW,WF,1,0
12:46,0,RT,0,"30,00"
16:47,STATE,RT,0,"26,18"
16:47,HUMIDITY,RT,0,"26,50"
16:47,HUMIDITY,RT,1,"26,40"
16:47,HUMIDITY,RH,0,"56,51"
16:47,HUMIDITY,RH,1,"74,90"
16:47,DELTA,RT,0,"0,32"
16:47,DELTA,RT,1,"0,10"
16:47,DELTA,RH,2,"18,39"
16:47,FLOW,WF,0,0
16:47,FLOW,WF,1,0
16:47,0,RT,0,"28,00"
16:52,STATE,RT,0,"26,31"
16:52,HUMIDITY,RT,0,"26,43"
16:52,HUMIDITY,RT,1,"26,40"
16:52,HUMIDITY,RH,0,"56,73"
16:52,HUMIDITY,RH,1,"74,80"
16:52,DELTA,RT,0,"0,12"
16:52,DELTA,RT,1,"0,03"
16:52,DELTA,RH,2,"18,07"
16:52,FLOW,WF,0,0
16:52,FLOW,WF,1,0
16:52,0,RT,0,"28,25"
16:57,STATE,RT,0,"26,31"
16:57,HUMIDITY,RT,0,"26,39"
16:57,HUMIDITY,RT,1,"26,40"
16:57,HUMIDITY,RH,0,"57,14"
16:57,HUMIDITY,RH,1,"75,10"
16:57,DELTA,RT,0,"0,08"
16:57,DELTA,RT,1,"0,01"
16:57,DELTA,RH,2,"17,96"
16:57,FLOW,WF,0,0
16:57,FLOW,WF,1,0
16:57,0,RT,0,"28,50"
17:02,STATE,RT,0,"26,25"
17:02,HUMIDITY,RT,0,"26,30"
17:02,HUMIDITY,RT,1,"26,40"
17:02,HUMIDITY,RH,0,"57,55"
17:02,HUMIDITY,RH,1,"75,20"
17:02,DELTA,RT,0,"0,05"
17:02,DELTA,RT,1,"0,10"
17:02,DELTA,RH,2,"17,65"
17:02,FLOW,WF,0,0
17:02,FLOW,WF,1,0
17:02,0,RT,0,"28,50"
17:07,STATE,RT,0,"26,37"
17:07,HUMIDITY,RT,0,"26,33"
17:07,HUMIDITY,RT,1,"26,40"
17:07,HUMIDITY,RH,0,"57,79"
17:07,HUMIDITY,RH,1,"75,50"
17:07,DELTA,RT,0,"0,04"
17:07,DELTA,RT,1,"0,07"
17:07,DELTA,RH,2,"17,71"
17:07,FLOW,WF,0,0
17:07,FLOW,WF,1,0
17:07,0,RT,0,"28,50"
17:12,STATE,RT,0,"26,43"
17:12,HUMIDITY,RT,0,"26,40"
17:12,HUMIDITY,RT,1,"26,50"
17:12,HUMIDITY,RH,0,"57,48"
17:12,HUMIDITY,RH,1,"75,30"
17:12,DELTA,RT,0,"0,03"
17:12,DELTA,RT,1,"0,10"
17:12,DELTA,RH,2,"17,82"
17:12,FLOW,WF,0,0
17:12,FLOW,WF,1,0
17:12,0,RT,0,"28,75"
17:17,STATE,RT,0,"26,43"
17:17,HUMIDITY,RT,0,"26,49"
17:17,HUMIDITY,RH,0,"58,21"
17:17,DELTA,RT,0,"0,06"
17:17,FLOW,WF,0,0
17:17,FLOW,WF,1,0
17:17,0,RT,0,"28,75"
17:22,STATE,RT,0,"26,68"
17:22,HUMIDITY,RT,0,"26,65"
17:22,HUMIDITY,RT,1,"26,60"
17:22,HUMIDITY,RH,0,"57,28"
17:22,HUMIDITY,RH,1,"75,20"
17:22,DELTA,RT,0,"0,01"
17:22,DELTA,RT,1,"0,07"
17:22,DELTA,RH,2,"17,94"
17:22,FLOW,WF,0,0
17:22,FLOW,WF,1,0
17:22,0,RT,0,"29,00"
17:27,STATE,RT,0,"26,68"
17:27,HUMIDITY,RT,0,"26,64"
17:27,HUMIDITY,RT,1,"26,60"
17:27,HUMIDITY,RH,0,"57,41"
17:27,HUMIDITY,RH,1,"75,40"
17:27,DELTA,RT,0,"0,08"
17:27,DELTA,RT,1,"0,00"
17:27,DELTA,RH,2,"18,06"
17:27,FLOW,WF,0,0
17:27,FLOW,WF,1,0
17:27,0,RT,0,"29,00"
17:32,STATE,RT,0,"26,75"
17:32,HUMIDITY,RT,0,"26,64"
17:32,HUMIDITY,RT,1,"26,60"
17:32,HUMIDITY,RH,0,"57,46"
17:32,HUMIDITY,RH,1,"75,60"
17:32,DELTA,RT,0,"0,11"
17:32,DELTA,RT,1,"0,04"
17:32,DELTA,RH,2,"18,14"
17:32,FLOW,WF,0,0
17:32,FLOW,WF,1,0
17:32,0,RT,0,"29,00"
17:37,STATE,RT,0,"26,75"
17:37,HUMIDITY,RT,0,"26,63"
17:37,HUMIDITY,RT,1,"26,60"
17:37,HUMIDITY,RH,0,"57,60"
17:37,HUMIDITY,RH,1,"75,70"
17:37,DELTA,RT,0,"0,12"
17:37,DELTA,RT,1,"0,03"
17:37,DELTA,RH,2,"18,10"
17:37,FLOW,WF,0,0
17:37,FLOW,WF,1,0
17:37,0,RT,0,"29,00"
17:42,STATE,RT,0,"26,75"
17:42,HUMIDITY,RT,0,"26,69"
17:42,HUMIDITY,RT,1,"26,70"
17:42,HUMIDITY,RH,0,"57,57"
17:42,HUMIDITY,RH,1,"75,70"
17:42,DELTA,RT,0,"0,06"
17:42,DELTA,RT,1,"0,01"
17:42,DELTA,RH,2,"18,13"
17:42,FLOW,WF,0,0
17:42,FLOW,WF,1,0
17:42,0,RT,0,"29,00"
17:47,STATE,RT,0,"26,81"
17:47,HUMIDITY,RT,0,"26,70"
17:47,HUMIDITY,RT,1,"26,70"
17:47,HUMIDITY,RH,0,"57,73"
17:47,HUMIDITY,RH,1,"75,60"
17:47,DELTA,RT,0,"0,11"
17:47,DELTA,RT,1,"0,00"
17:47,DELTA,RH,2,"17,87"
17:47,FLOW,WF,0,0
17:47,FLOW,WF,1,0
17:47,0,RT,0,"29,00"
17:52,STATE,RT,0,"26,81"
17:52,HUMIDITY,RT,0,"26,71"
17:52,HUMIDITY,RT,1,"26,80"
17:52,HUMIDITY,RH,0,"57,48"
17:52,HUMIDITY,RH,1,"75,50"
17:52,DELTA,RT,0,"0,07"
17:52,DELTA,RT,1,"0,06"
17:52,DELTA,RH,2,"18,01"
17:52,FLOW,WF,0,0
17:52,FLOW,WF,1,0
17:52,0,RT,0,"29,00"
17:57,STATE,RT,0,"26,87"
17:57,HUMIDITY,RT,0,"26,75"
17:57,HUMIDITY,RT,1,"26,80"
17:57,HUMIDITY,RH,0,"57,64"
17:57,HUMIDITY,RH,1,"75,50"
17:57,DELTA,RT,0,"0,13"
17:57,DELTA,RT,1,"0,06"
17:57,DELTA,RH,2,"17,86"
17:57,FLOW,WF,0,0
17:57,FLOW,WF,1,0
17:57,0,RT,0,"29,25"
18:02,STATE,RT,0,"26,87"
18:02,HUMIDITY,RT,0,"26,80"
18:02,HUMIDITY,RT,1,"26,80"
18:02,HUMIDITY,RH,0,"57,30"
18:02,HUMIDITY,RH,1,"75,30"
18:02,DELTA,RT,0,"0,06"
18:02,DELTA,RT,1,"0,01"
18:02,DELTA,RH,2,"17,92"
18:02,FLOW,WF,0,0
18:02,FLOW,WF,1,0
18:02,0,RT,0,"29,25"
18:07,STATE,RT,0,"27,00"
18:07,HUMIDITY,RT,0,"26,87"
18:07,HUMIDITY,RT,1,"26,90"
18:07,HUMIDITY,RH,0,"56,99"
18:07,HUMIDITY,RH,1,"75,20"
18:07,DELTA,RT,0,"0,14"
18:07,DELTA,RT,1,"0,04"
18:07,DELTA,RH,2,"18,08"
18:07,FLOW,WF,0,0
18:07,FLOW,WF,1,0
18:07,0,RT,0,"29,25"
18:47,STATE,RT,0,"26,75"
18:47,HUMIDITY,RT,0,"26,93"
18:47,HUMIDITY,RT,1,"26,80"
18:47,HUMIDITY,RH,0,"56,54"
18:47,HUMIDITY,RH,1,"75,20"
18:47,DELTA,RT,0,"0,18"
18:47,DELTA,RT,1,"0,13"
18:47,DELTA,RH,2,"18,66"
18:47,FLOW,WF,0,0
18:47,FLOW,WF,1,0
18:47,0,RT,0,"28,25"
18:52,STATE,RT,0,"26,87"
18:52,HUMIDITY,RT,0,"26,98"
18:52,HUMIDITY,RT,1,"26,80"
18:52,HUMIDITY,RH,0,"56,40"
18:52,HUMIDITY,RH,1,"75,10"
18:52,DELTA,RT,0,"0,11"
18:52,DELTA,RT,1,"0,18"
18:52,DELTA,RH,2,"18,70"
18:52,FLOW,WF,0,0
18:52,FLOW,WF,1,0
18:52,0,RT,0,"28,75"
18:57,STATE,RT,0,"26,87"
18:57,HUMIDITY,RT,0,"26,96"
18:57,HUMIDITY,RT,1,"26,80"
18:57,HUMIDITY,RH,0,"56,48"
18:57,HUMIDITY,RH,1,"75,00"
18:57,DELTA,RT,0,"0,09"
18:57,DELTA,RT,1,"0,16"
18:57,DELTA,RH,2,"18,52"
18:57,FLOW,WF,0,0
18:57,FLOW,WF,1,0
18:57,0,RT,0,"29,00"
19:02,STATE,RT,0,"26,87"
19:02,HUMIDITY,RT,0,"26,97"
19:02,HUMIDITY,RT,1,"26,80"
19:02,HUMIDITY,RH,0,"56,84"
19:02,HUMIDITY,RH,1,"75,70"
19:02,DELTA,RT,0,"0,10"
19:02,DELTA,RT,1,"0,17"
19:02,DELTA,RH,2,"18,86"
19:02,FLOW,WF,0,0
19:02,FLOW,WF,1,0
19:02,0,RT,0,"29,00"
19:11,STATE,RT,0,"26,87"
19:11,HUMIDITY,RT,0,"27,05"
19:11,HUMIDITY,RT,1,"26,90"
19:11,HUMIDITY,RH,0,"56,03"
19:11,HUMIDITY,RH,1,"74,40"
19:11,DELTA,RT,0,"0,16"
19:11,DELTA,RT,1,"0,13"
19:11,DELTA,RH,2,"18,31"
19:11,FLOW,WF,0,0
19:11,FLOW,WF,1,0
19:11,0,RT,0,"29,25"
19:16,STATE,RT,0,"26,93"
19:16,HUMIDITY,RT,0,"27,63"
19:16,HUMIDITY,RT,1,"27,00"
19:16,HUMIDITY,RH,0,"54,71"
19:16,HUMIDITY,RH,1,"74,00"
19:16,DELTA,RT,0,"0,70"
19:16,DELTA,RT,1,"0,63"
19:16,DELTA,RH,2,"19,29"
19:16,FLOW,WF,0,0
19:16,FLOW,WF,1,0
19:16,0,RT,0,"29,50"
19:21,STATE,RT,0,"26,87"
19:21,HUMIDITY,RT,0,"27,72"
19:21,HUMIDITY,RT,1,"27,00"
19:21,HUMIDITY,RH,0,"53,74"
19:21,HUMIDITY,RH,1,"72,90"
19:21,DELTA,RT,0,"0,85"
19:21,DELTA,RT,1,"0,72"
19:21,DELTA,RH,2,"19,16"
19:21,FLOW,WF,0,0
19:21,FLOW,WF,1,0
19:21,0,RT,0,"30,00"
19:26,STATE,RT,0,"26,87"
19:26,HUMIDITY,RT,0,"27,69"
19:26,HUMIDITY,RT,1,"27,00"
19:26,HUMIDITY,RH,0,"53,16"
19:26,HUMIDITY,RH,1,"72,50"
19:26,DELTA,RT,0,"0,82"
19:26,DELTA,RT,1,"0,69"
19:26,DELTA,RH,2,"19,34"
19:26,FLOW,WF,0,0
19:26,FLOW,WF,1,0
19:26,0,RT,0,"30,00"
19:31,STATE,RT,0,"26,56"
19:31,HUMIDITY,RT,0,"27,24"
19:31,HUMIDITY,RT,1,"27,00"
19:31,HUMIDITY,RH,0,"53,61"
19:31,HUMIDITY,RH,1,"71,80"
19:31,DELTA,RT,0,"0,68"
19:31,DELTA,RT,1,"0,24"
19:31,DELTA,RH,2,"18,19"
19:31,FLOW,WF,0,0
19:31,FLOW,WF,1,0
19:31,0,RT,0,"29,75"
19:36,STATE,RT,0,"26,43"
19:36,HUMIDITY,RT,0,"27,02"
19:36,HUMIDITY,RT,1,"26,90"
19:36,HUMIDITY,RH,0,"54,43"
19:36,HUMIDITY,RH,1,"72,40"
19:36,DELTA,RT,0,"0,59"
19:36,DELTA,RT,1,"0,12"
19:36,DELTA,RH,2,"17,97"
19:36,FLOW,WF,0,0
19:36,FLOW,WF,1,0
19:36,0,RT,0,"29,25"
19:41,STATE,RT,0,"26,25"
19:41,HUMIDITY,RT,0,"26,94"
19:41,HUMIDITY,RT,1,"26,90"
19:41,HUMIDITY,RH,0,"54,50"
19:41,HUMIDITY,RH,1,"72,20"
19:41,DELTA,RT,0,"0,69"
19:41,DELTA,RT,1,"0,04"
19:41,DELTA,RH,2,"17,70"
19:41,FLOW,WF,0,0
19:41,FLOW,WF,1,0
19:41,0,RT,0,"29,00"
19:46,STATE,RT,0,"26,25"
19:46,HUMIDITY,RT,0,"27,02"
19:46,HUMIDITY,RT,1,"26,80"
19:46,HUMIDITY,RH,0,"54,42"
19:46,HUMIDITY,RH,1,"72,40"
19:46,DELTA,RT,0,"0,79"
19:46,DELTA,RT,1,"0,24"
19:46,DELTA,RH,2,"17,99"
19:46,FLOW,WF,0,0
19:46,FLOW,WF,1,0
19:46,0,RT,0,"29,25"
19:51,STATE,RT,0,"26,18"
19:51,HUMIDITY,RT,0,"26,86"
19:51,HUMIDITY,RT,1,"26,80"
19:51,HUMIDITY,RH,0,"54,81"
19:51,HUMIDITY,RH,1,"72,60"
19:51,DELTA,RT,0,"0,68"
19:51,DELTA,RT,1,"0,06"
19:51,DELTA,RH,2,"17,79"
19:51,FLOW,WF,0,0
19:51,FLOW,WF,1,0
19:51,0,RT,0,"29,00"
19:56,STATE,RT,0,"26,18"
19:56,HUMIDITY,RT,0,"26,96"
19:56,HUMIDITY,RT,1,"26,70"
19:56,HUMIDITY,RH,0,"54,81"
19:56,HUMIDITY,RH,1,"73,10"
19:56,DELTA,RT,0,"0,78"
19:56,DELTA,RT,1,"0,26"
19:56,DELTA,RH,2,"18,29"
19:56,FLOW,WF,0,0
19:56,FLOW,WF,1,0
19:56,0,RT,0,"29,00"
20:01,STATE,RT,0,"26,18"
20:01,HUMIDITY,RT,0,"26,95"
20:01,HUMIDITY,RT,1,"26,70"
20:01,HUMIDITY,RH,0,"54,64"
20:01,HUMIDITY,RH,1,"72,90"
20:01,DELTA,RT,0,"0,77"
20:01,DELTA,RT,1,"0,25"
20:01,DELTA,RH,2,"18,26"
20:01,FLOW,WF,0,0
20:01,FLOW,WF,1,0
20:01,0,RT,0,"29,00"
20:06,STATE,RT,0,"26,25"
20:06,HUMIDITY,RT,0,"27,07"
20:06,HUMIDITY,RT,1,"26,70"
20:06,HUMIDITY,RH,0,"54,74"
20:06,HUMIDITY,RH,1,"73,30"
20:06,DELTA,RT,0,"0,82"
20:06,DELTA,RT,1,"0,37"
20:06,DELTA,RH,2,"18,56"
20:06,FLOW,WF,0,0
20:06,FLOW,WF,1,0
20:06,0,RT,0,"29,25"
20:11,STATE,RT,0,"26,18"
20:11,HUMIDITY,RT,0,"26,83"
20:11,HUMIDITY,RT,1,"26,70"
20:11,HUMIDITY,RH,0,"55,49"
20:11,HUMIDITY,RH,1,"73,70"
20:11,DELTA,RT,0,"0,65"
20:11,DELTA,RT,1,"0,13"
20:11,DELTA,RH,2,"18,21"
20:11,FLOW,WF,0,0
20:11,FLOW,WF,1,0
20:11,0,RT,0,"29,25"
20:16,STATE,RT,0,"26,25"
20:16,HUMIDITY,RT,0,"27,10"
20:16,HUMIDITY,RT,1,"26,60"
20:16,HUMIDITY,RH,0,"55,31"
20:16,HUMIDITY,RH,1,"74,40"
20:16,DELTA,RT,0,"0,79"
20:16,DELTA,RT,1,"0,44"
20:16,DELTA,RH,2,"18,97"
20:16,FLOW,WF,0,0
20:16,FLOW,WF,1,0
20:16,0,RT,0,"29,00"
20:21,STATE,RT,0,"26,37"
20:21,HUMIDITY,RT,0,"27,05"
20:21,HUMIDITY,RT,1,"26,70"
20:21,HUMIDITY,RH,0,"55,62"
20:21,HUMIDITY,RH,1,"74,90"
20:21,DELTA,RT,0,"0,72"
20:21,DELTA,RT,1,"0,39"
20:21,DELTA,RH,2,"19,16"
20:21,FLOW,WF,0,0
20:21,FLOW,WF,1,0
20:21,0,RT,0,"29,00"
20:26,STATE,RT,0,"26,25"
20:26,HUMIDITY,RT,0,"26,95"
20:26,HUMIDITY,RT,1,"26,70"
20:26,HUMIDITY,RH,0,"56,00"
20:26,HUMIDITY,RH,1,"74,80"
20:26,DELTA,RT,0,"0,69"
20:26,DELTA,RT,1,"0,24"
20:26,DELTA,RH,2,"18,81"
20:26,FLOW,WF,0,0
20:26,FLOW,WF,1,0
20:26,0,RT,0,"29,25"
20:31,STATE,RT,0,"26,25"
20:31,HUMIDITY,RT,0,"27,01"
20:31,HUMIDITY,RT,1,"26,60"
20:31,HUMIDITY,RH,0,"56,45"
20:31,HUMIDITY,RH,1,"75,20"
20:31,DELTA,RT,0,"0,76"
20:31,DELTA,RT,1,"0,41"
20:31,DELTA,RH,2,"18,75"
20:31,FLOW,WF,0,0
20:31,FLOW,WF,1,0
20:31,0,RT,0,"29,00"
20:36,STATE,RT,0,"26,18"
20:36,HUMIDITY,RT,0,"26,70"
20:36,HUMIDITY,RT,1,"26,60"
20:36,HUMIDITY,RH,0,"56,82"
20:36,HUMIDITY,RH,1,"75,20"
20:36,DELTA,RT,0,"0,52"
20:36,DELTA,RT,1,"0,10"
20:36,DELTA,RH,2,"18,38"
20:36,FLOW,WF,0,0
20:36,FLOW,WF,1,0
20:36,0,RT,0,"29,00"
20:41,STATE,RT,0,"26,31"
20:41,HUMIDITY,RT,0,"27,19"
20:41,HUMIDITY,RT,1,"26,70"
20:41,HUMIDITY,RH,0,"56,15"
20:41,HUMIDITY,RH,1,"75,50"
20:41,DELTA,RT,0,"0,88"
20:41,DELTA,RT,1,"0,49"
20:41,DELTA,RH,2,"19,35"
20:41,FLOW,WF,0,0
20:41,FLOW,WF,1,0
20:41,0,RT,0,"29,00"
20:46,STATE,RT,0,"26,25"
20:46,HUMIDITY,RT,0,"26,95"
20:46,HUMIDITY,RT,1,"26,70"
20:46,HUMIDITY,RH,0,"56,00"
20:46,HUMIDITY,RH,1,"75,00"
20:46,DELTA,RT,0,"0,71"
20:46,DELTA,RT,1,"0,26"
20:46,DELTA,RH,2,"19,10"
20:46,FLOW,WF,0,0
20:46,FLOW,WF,1,0
20:46,0,RT,0,"29,50"
20:51,STATE,RT,0,"26,43"
20:51,HUMIDITY,RT,0,"27,26"
20:51,HUMIDITY,RT,1,"26,70"
20:51,HUMIDITY,RH,0,"56,25"
20:51,HUMIDITY,RH,1,"75,80"
20:51,DELTA,RT,0,"0,82"
20:51,DELTA,RT,1,"0,55"
20:51,DELTA,RH,2,"19,58"
20:51,FLOW,WF,0,0
20:51,FLOW,WF,1,0
20:51,0,RT,0,"29,25"
20:57,STATE,RT,0,"26,43"
20:57,HUMIDITY,RT,0,"27,39"
20:57,HUMIDITY,RT,1,"26,70"
20:57,HUMIDITY,RH,0,"55,46"
20:57,HUMIDITY,RH,1,"75,10"
20:57,DELTA,RT,0,"0,95"
20:57,DELTA,RT,1,"0,68"
20:57,DELTA,RH,2,"19,70"
20:57,FLOW,WF,0,0
20:57,FLOW,WF,1,0
20:57,0,RT,0,"29,75"
21:12,STATE,RT,0,"26,37"
21:12,HUMIDITY,RT,0,"27,33"
21:12,HUMIDITY,RT,1,"26,60"
21:12,HUMIDITY,RH,0,"56,06"
21:12,HUMIDITY,RH,1,"76,20"
21:12,DELTA,RT,0,"0,96"
21:12,DELTA,RT,1,"0,73"
21:12,DELTA,RH,2,"20,14"
21:12,FLOW,WF,0,0
21:12,FLOW,WF,1,0
21:12,0,RT,0,"29,00"
21:17,STATE,RT,0,"26,37"
21:17,HUMIDITY,RT,0,"26,93"
21:17,HUMIDITY,RT,1,"26,60"
21:17,HUMIDITY,RH,0,"56,99"
21:17,HUMIDITY,RH,1,"76,00"
21:17,DELTA,RT,0,"0,56"
21:17,DELTA,RT,1,"0,33"
21:17,DELTA,RH,2,"19,01"
21:17,FLOW,WF,0,0
21:17,FLOW,WF,1,0
21:17,0,RT,0,"29,00"
21:22,STATE,RT,0,"26,31"
21:22,HUMIDITY,RT,0,"26,88"
21:22,HUMIDITY,RT,1,"26,50"
21:22,HUMIDITY,RH,0,"57,18"
21:22,HUMIDITY,RH,1,"76,40"
21:22,DELTA,RT,0,"0,63"
21:22,DELTA,RT,1,"0,38"
21:22,DELTA,RH,2,"19,22"
21:22,FLOW,WF,0,0
21:22,FLOW,WF,1,0
21:22,0,RT,0,"28,75"
21:27,STATE,RT,0,"26,25"
21:27,HUMIDITY,RT,0,"26,79"
21:27,HUMIDITY,RT,1,"26,50"
21:27,HUMIDITY,RH,0,"57,23"
21:27,HUMIDITY,RH,1,"76,50"
21:27,DELTA,RT,0,"0,54"
21:27,DELTA,RT,1,"0,29"
21:27,DELTA,RH,2,"19,27"
21:27,FLOW,WF,0,0
21:27,FLOW,WF,1,0
21:27,0,RT,0,"28,75"
21:32,STATE,RT,0,"26,37"
21:32,HUMIDITY,RT,0,"26,81"
21:32,HUMIDITY,RT,1,"26,50"
21:32,HUMIDITY,RH,0,"56,96"
21:32,HUMIDITY,RH,1,"76,20"
21:32,DELTA,RT,0,"0,44"
21:32,DELTA,RT,1,"0,31"
21:32,DELTA,RH,2,"19,24"
21:32,FLOW,WF,0,0
21:32,FLOW,WF,1,0
21:32,0,RT,0,"28,75"
21:37,STATE,RT,0,"26,31"
21:37,HUMIDITY,RT,0,"26,73"
21:37,HUMIDITY,RT,1,"26,50"
21:37,HUMIDITY,RH,0,"57,09"
21:37,HUMIDITY,RH,1,"76,30"
21:37,DELTA,RT,0,"0,42"
21:37,DELTA,RT,1,"0,23"
21:37,DELTA,RH,2,"19,21"
21:37,FLOW,WF,0,0
21:37,FLOW,WF,1,0
21:37,0,RT,0,"28,50"
21:42,STATE,RT,0,"26,31"
21:42,HUMIDITY,RT,0,"26,68"
21:42,HUMIDITY,RT,1,"26,40"
21:42,HUMIDITY,RH,0,"57,06"
21:42,HUMIDITY,RH,1,"76,10"
21:42,DELTA,RT,0,"0,37"
21:42,DELTA,RT,1,"0,28"
21:42,DELTA,RH,2,"19,04"
21:42,FLOW,WF,0,0
21:42,FLOW,WF,1,0
21:42,0,RT,0,"28,50"
21:47,STATE,RT,0,"26,31"
21:47,HUMIDITY,RT,0,"26,80"
21:47,HUMIDITY,RT,1,"26,40"
21:47,HUMIDITY,RH,0,"56,75"
21:47,HUMIDITY,RH,1,"76,10"
21:47,DELTA,RT,0,"0,50"
21:47,DELTA,RT,1,"0,41"
21:47,DELTA,RH,2,"19,33"
21:47,FLOW,WF,0,0
21:47,FLOW,WF,1,0
21:47,0,RT,0,"28,50"
21:52,STATE,RT,0,"26,43"
21:52,HUMIDITY,RT,0,"26,86"
21:52,HUMIDITY,RT,1,"26,40"
21:52,HUMIDITY,RH,0,"56,20"
21:52,HUMIDITY,RH,1,"75,90"
21:52,DELTA,RT,0,"0,41"
21:52,DELTA,RT,1,"0,44"
21:52,DELTA,RH,2,"19,61"
21:52,FLOW,WF,0,0
21:52,FLOW,WF,1,0
21:52,0,RT,0,"28,75"
21:57,STATE,RT,0,"26,31"
21:57,HUMIDITY,RT,0,"26,63"
21:57,HUMIDITY,RT,1,"26,40"
21:57,HUMIDITY,RH,0,"56,62"
21:57,HUMIDITY,RH,1,"75,80"
21:57,DELTA,RT,0,"0,32"
21:57,DELTA,RT,1,"0,23"
21:57,DELTA,RH,2,"19,18"
21:57,FLOW,WF,0,0
21:57,FLOW,WF,1,0
21:57,0,RT,0,"28,50"
22:03,STATE,RT,0,"26,31"
22:03,HUMIDITY,RT,0,"26,57"
22:03,HUMIDITY,RT,1,"26,40"
22:03,HUMIDITY,RH,0,"56,64"
22:03,HUMIDITY,RH,1,"75,60"
22:03,DELTA,RT,0,"0,26"
22:03,DELTA,RT,1,"0,17"
22:03,DELTA,RH,2,"18,96"
22:03,FLOW,WF,0,0
22:03,FLOW,WF,1,0
22:03,0,RT,0,"28,50"
22:08,STATE,RT,0,"26,31"
22:08,HUMIDITY,RT,0,"26,55"
22:08,HUMIDITY,RT,1,"26,30"
22:08,HUMIDITY,RH,0,"56,52"
22:08,HUMIDITY,RH,1,"75,50"
22:08,DELTA,RT,0,"0,24"
22:08,DELTA,RT,1,"0,25"
22:08,DELTA,RH,2,"18,98"
22:08,FLOW,WF,0,0
22:08,FLOW,WF,1,0
22:08,0,RT,0,"28,50"
22:13,STATE,RT,0,"26,25"
22:13,HUMIDITY,RT,0,"26,51"
22:13,HUMIDITY,RT,1,"26,30"
22:13,HUMIDITY,RH,0,"56,41"
22:13,HUMIDITY,RH,1,"75,40"
22:13,DELTA,RT,0,"0,26"
22:13,DELTA,RT,1,"0,21"
22:13,DELTA,RH,2,"18,99"
22:13,FLOW,WF,0,0
22:13,FLOW,WF,1,0
22:13,0,RT,0,"28,50"
22:18,STATE,RT,0,"26,25"
22:18,HUMIDITY,RT,0,"26,53"
22:18,HUMIDITY,RT,1,"26,30"
22:18,HUMIDITY,RH,0,"56,29"
22:18,HUMIDITY,RH,1,"75,40"
22:18,DELTA,RT,0,"0,28"
22:18,DELTA,RT,1,"0,23"
22:18,DELTA,RH,2,"19,08"
22:18,FLOW,WF,0,0
22:18,FLOW,WF,1,0
22:18,0,RT,0,"28,50"
22:23,STATE,RT,0,"26,25"
22:23,HUMIDITY,RT,0,"26,46"
22:23,HUMIDITY,RT,1,"26,30"
22:23,HUMIDITY,RH,0,"56,45"
22:23,HUMIDITY,RH,1,"75,40"
22:23,DELTA,RT,0,"0,21"
22:23,DELTA,RT,1,"0,16"
22:23,DELTA,RH,2,"18,95"
22:23,FLOW,WF,0,0
22:23,FLOW,WF,1,0
22:23,0,RT,0,"28,50"
22:28,STATE,RT,0,"26,25"
22:28,HUMIDITY,RT,0,"26,42"
22:28,HUMIDITY,RT,1,"26,20"
22:28,HUMIDITY,RH,0,"56,56"
22:28,HUMIDITY,RH,1,"75,30"
22:28,DELTA,RT,0,"0,18"
22:28,DELTA,RT,1,"0,23"
22:28,DELTA,RH,2,"18,74"
22:28,FLOW,WF,0,0
22:28,FLOW,WF,1,0
22:28,0,RT,0,"28,50"
22:33,STATE,RT,0,"26,18"
22:33,HUMIDITY,RT,0,"26,37"
22:33,HUMIDITY,RT,1,"26,20"
22:33,HUMIDITY,RH,0,"56,52"
22:33,HUMIDITY,RH,1,"75,20"
22:33,DELTA,RT,0,"0,20"
22:33,DELTA,RT,1,"0,08"
22:33,DELTA,RH,2,"18,78"
22:33,FLOW,WF,0,0
22:33,FLOW,WF,1,0
22:33,0,RT,0,"28,25"
22:38,STATE,RT,0,"26,18"
22:38,HUMIDITY,RT,0,"26,36"
22:38,HUMIDITY,RT,1,"26,20"
22:38,HUMIDITY,RH,0,"56,41"
22:38,HUMIDITY,RH,1,"75,10"
22:38,DELTA,RT,0,"0,18"
22:38,DELTA,RT,1,"0,16"
22:38,DELTA,RH,2,"18,69"
22:38,FLOW,WF,0,0
22:38,FLOW,WF,1,0
22:38,0,RT,0,"28,25"
22:43,STATE,RT,0,"26,12"
22:43,HUMIDITY,RT,0,"26,34"
22:43,HUMIDITY,RT,1,"26,20"
22:43,HUMIDITY,RH,0,"56,34"
22:43,HUMIDITY,RH,1,"75,10"
22:43,DELTA,RT,0,"0,22"
22:43,DELTA,RT,1,"0,14"
22:43,DELTA,RH,2,"18,76"
22:43,FLOW,WF,0,0
22:43,FLOW,WF,1,0
22:43,0,RT,0,"28,25"
22:48,STATE,RT,0,"26,12"
22:48,HUMIDITY,RT,0,"26,31"
22:48,HUMIDITY,RT,1,"26,20"
22:48,HUMIDITY,RH,0,"56,29"
22:48,HUMIDITY,RH,1,"75,10"
22:48,DELTA,RT,0,"0,19"
22:48,DELTA,RT,1,"0,11"
22:48,DELTA,RH,2,"18,81"
22:48,FLOW,WF,0,0
22:48,FLOW,WF,1,0
22:48,0,RT,0,"28,25"
22:53,STATE,RT,0,"26,12"
22:53,HUMIDITY,RT,0,"26,29"
22:53,HUMIDITY,RT,1,"26,10"
22:53,HUMIDITY,RH,0,"56,33"
22:53,HUMIDITY,RH,1,"75,00"
22:53,DELTA,RT,0,"0,14"
22:53,DELTA,RT,1,"0,16"
22:53,DELTA,RH,2,"18,69"
22:53,FLOW,WF,0,0
22:53,FLOW,WF,1,0
22:53,0,RT,0,"28,25"
22:58,STATE,RT,0,"26,12"
22:58,HUMIDITY,RT,0,"26,31"
22:58,HUMIDITY,RT,1,"26,10"
22:58,HUMIDITY,RH,0,"56,09"
22:58,HUMIDITY,RH,1,"75,00"
22:58,DELTA,RT,0,"0,18"
22:58,DELTA,RT,1,"0,20"
22:58,DELTA,RH,2,"18,88"
22:58,FLOW,WF,0,0
22:58,FLOW,WF,1,0
22:58,0,RT,0,"28,25"
23:03,STATE,RT,0,"26,12"
23:03,HUMIDITY,RT,0,"26,26"
23:03,HUMIDITY,RT,1,"26,10"
23:03,HUMIDITY,RH,0,"56,14"
23:03,HUMIDITY,RH,1,"74,90"
23:03,DELTA,RT,0,"0,15"
23:03,DELTA,RT,1,"0,17"
23:03,DELTA,RH,2,"18,77"
23:03,FLOW,WF,0,0
23:03,FLOW,WF,1,0
23:03,0,RT,0,"28,25"
23:08,STATE,RT,0,"26,12"
23:08,HUMIDITY,RT,0,"26,26"
23:08,HUMIDITY,RT,1,"26,10"
23:08,HUMIDITY,RH,0,"56,10"
23:08,HUMIDITY,RH,1,"74,90"
23:08,DELTA,RT,0,"0,13"
23:08,DELTA,RT,1,"0,15"
23:08,DELTA,RH,2,"18,80"
23:08,FLOW,WF,0,0
23:08,FLOW,WF,1,0
23:08,0,RT,0,"28,25"
23:13,STATE,RT,0,"26,12"
23:13,HUMIDITY,RT,0,"26,26"
23:13,HUMIDITY,RT,1,"26,10"
23:13,HUMIDITY,RH,0,"56,03"
23:13,HUMIDITY,RH,1,"74,80"
23:13,DELTA,RT,0,"0,13"
23:13,DELTA,RT,1,"0,15"
23:13,DELTA,RH,2,"18,79"
23:13,FLOW,WF,0,0
23:13,FLOW,WF,1,0
23:13,0,RT,0,"28,25"
23:18,STATE,RT,0,"26,12"
23:18,HUMIDITY,RT,0,"26,24"
23:18,HUMIDITY,RT,1,"26,00"
23:18,HUMIDITY,RH,0,"55,88"
23:18,HUMIDITY,RH,1,"74,40"
23:18,DELTA,RT,0,"0,12"
23:18,DELTA,RT,1,"0,24"
23:18,DELTA,RH,2,"18,52"
23:18,FLOW,WF,0,0
23:18,FLOW,WF,1,0
23:18,0,RT,0,"28,25"
23:23,STATE,RT,0,"26,12"
23:23,HUMIDITY,RT,0,"26,26"
23:23,HUMIDITY,RT,1,"26,00"
23:23,HUMIDITY,RH,0,"55,74"
23:23,HUMIDITY,RH,1,"74,60"
23:23,DELTA,RT,0,"0,15"
23:23,DELTA,RT,1,"0,27"
23:23,DELTA,RH,2,"18,83"
23:23,FLOW,WF,0,0
23:23,FLOW,WF,1,0
23:23,0,RT,0,"28,25"
23:28,STATE,RT,0,"26,12"
23:28,HUMIDITY,RT,0,"26,22"
23:28,HUMIDITY,RT,1,"26,00"
23:28,HUMIDITY,RH,0,"55,74"
23:28,HUMIDITY,RH,1,"74,40"
23:28,DELTA,RT,0,"0,10"
23:28,DELTA,RT,1,"0,22"
23:28,DELTA,RH,2,"18,68"
23:28,FLOW,WF,0,0
23:28,FLOW,WF,1,0
23:28,0,RT,0,"28,25"
23:33,STATE,RT,0,"26,12"
23:33,HUMIDITY,RT,0,"26,21"
23:33,HUMIDITY,RT,1,"26,00"
23:33,HUMIDITY,RH,0,"55,76"
23:33,HUMIDITY,RH,1,"74,40"
23:33,DELTA,RT,0,"0,12"
23:33,DELTA,RT,1,"0,24"
23:33,DELTA,RH,2,"18,63"
23:33,FLOW,WF,0,0
23:33,FLOW,WF,1,0
23:33,0,RT,0,"28,25"
23:38,STATE,RT,0,"26,06"
23:38,HUMIDITY,RT,0,"26,20"
23:38,HUMIDITY,RT,1,"26,00"
23:38,HUMIDITY,RH,0,"55,74"
23:38,HUMIDITY,RH,1,"74,30"
23:38,DELTA,RT,0,"0,13"
23:38,DELTA,RT,1,"0,19"
23:38,DELTA,RH,2,"18,58"
23:38,FLOW,WF,0,0
23:38,FLOW,WF,1,0
23:38,0,RT,0,"28,25"
23:43,STATE,RT,0,"26,18"
23:43,HUMIDITY,RT,0,"26,37"
23:43,HUMIDITY,RT,1,"26,00"
23:43,HUMIDITY,RH,0,"55,28"
23:43,HUMIDITY,RH,1,"74,30"
23:43,DELTA,RT,0,"0,19"
23:43,DELTA,RT,1,"0,37"
23:43,DELTA,RH,2,"19,02"
23:43,FLOW,WF,0,0
23:43,FLOW,WF,1,0
23:43,0,RT,0,"28,25"
23:48,STATE,RT,0,"26,12"
23:48,HUMIDITY,RT,0,"26,19"
23:48,HUMIDITY,RT,1,"26,00"
23:48,HUMIDITY,RH,0,"55,41"
23:48,HUMIDITY,RH,1,"74,00"
23:48,DELTA,RT,0,"0,07"
23:48,DELTA,RT,1,"0,19"
23:48,DELTA,RH,2,"18,59"
23:48,FLOW,WF,0,0
23:48,FLOW,WF,1,0
23:48,0,RT,0,"28,25"
23:53,STATE,RT,0,"26,18"
23:53,HUMIDITY,RT,0,"26,29"
23:53,HUMIDITY,RT,1,"26,10"
23:53,HUMIDITY,RH,0,"55,11"
23:53,HUMIDITY,RH,1,"73,90"
23:53,DELTA,RT,0,"0,11"
23:53,DELTA,RT,1,"0,19"
23:53,DELTA,RH,2,"18,79"
23:53,FLOW,WF,0,0
23:53,FLOW,WF,1,0
23:53,0,RT,0,"28,25"
23:58,STATE,RT,0,"26,12"
23:58,HUMIDITY,RT,0,"26,33"
23:58,HUMIDITY,RT,1,"26,10"
23:58,HUMIDITY,RH,0,"55,03"
23:58,HUMIDITY,RH,1,"73,40"
23:58,DELTA,RT,0,"0,21"
23:58,DELTA,RT,1,"0,23"
23:58,DELTA,RH,2,"18,44"
23:58,FLOW,WF,0,0
23:58,FLOW,WF,1,0
23:58,0,RT,0,"28,50"
