00:03,STATE,RT,0,"26,12"
00:03,HUMIDITY,RT,0,"26,42"
00:03,HUMIDITY,RT,1,"26,20"
00:03,HUMIDITY,RH,0,"54,52"
00:03,HUMIDITY,RH,1,"73,20"
00:03,DELTA,RT,0,"0,30"
00:03,DELTA,RT,1,"0,22"
00:03,DELTA,RH,2,"18,68"
00:03,FLOW,WF,0,0
00:03,FLOW,WF,1,0
00:03,0,RT,0,"28,50"
00:08,STATE,RT,0,"26,06"
00:08,HUMIDITY,RT,0,"26,39"
00:08,HUMIDITY,RT,1,"26,20"
00:08,HUMIDITY,RH,0,"54,46"
00:08,HUMIDITY,RH,1,"73,10"
00:08,DELTA,RT,0,"0,33"
00:08,DELTA,RT,1,"0,19"
00:08,DELTA,RH,2,"18,64"
00:08,FLOW,WF,0,0
00:08,FLOW,WF,1,0
00:08,0,RT,0,"28,50"
00:14,STATE,RT,0,"26,06"
00:14,HUMIDITY,RT,0,"26,36"
00:14,HUMIDITY,RT,1,"26,10"
00:14,HUMIDITY,RH,0,"54,52"
00:14,HUMIDITY,RH,1,"72,90"
00:14,DELTA,RT,0,"0,30"
00:14,DELTA,RT,1,"0,26"
00:14,DELTA,RH,2,"18,38"
00:14,FLOW,WF,0,0
00:14,FLOW,WF,1,0
00:14,0,RT,0,"28,50"
00:19,STATE,RT,0,"26,00"
00:19,HUMIDITY,RT,0,"26,19"
00:19,HUMIDITY,RT,1,"26,00"
00:19,HUMIDITY,RH,0,"54,63"
00:19,HUMIDITY,RH,1,"72,70"
00:19,DELTA,RT,0,"0,19"
00:19,DELTA,RT,1,"0,19"
00:19,DELTA,RH,2,"18,07"
00:19,FLOW,WF,0,0
00:19,FLOW,WF,1,0
00:19,0,RT,0,"28,25"
00:24,STATE,RT,0,"26,00"
00:24,HUMIDITY,RT,0,"26,12"
00:24,HUMIDITY,RT,1,"26,00"
00:24,HUMIDITY,RH,0,"54,70"
00:24,HUMIDITY,RH,1,"73,00"
00:24,DELTA,RT,0,"0,12"
00:24,DELTA,RT,1,"0,12"
00:24,DELTA,RH,2,"18,30"
00:24,FLOW,WF,0,0
00:24,FLOW,WF,1,0
00:24,0,RT,0,"28,25"
11:47,STATE,RT,0,"25,87"
11:47,HUMIDITY,RT,0,"26,68"
11:47,HUMIDITY,RT,1,"25,90"
11:47,HUMIDITY,RH,0,"52,35"
11:47,HUMIDITY,RH,1,"72,40"
11:47,DELTA,RT,0,"0,80"
11:47,DELTA,RT,1,"0,77"
11:47,DELTA,RH,2,"19,91"
11:47,FLOW,WF,0,0
11:47,FLOW,WF,1,0
11:47,0,RT,0,"27,25"
11:52,STATE,RT,0,"26,12"
11:52,HUMIDITY,RT,0,"26,83"
11:52,HUMIDITY,RT,1,"26,00"
11:52,HUMIDITY,RH,0,"52,06"
11:52,HUMIDITY,RH,1,"71,90"
11:52,DELTA,RT,0,"0,71"
11:52,DELTA,RT,1,"0,83"
11:52,DELTA,RH,2,"19,84"
11:52,FLOW,WF,0,0
11:52,FLOW,WF,1,0
11:52,0,RT,0,"28,00"
11:58,STATE,RT,0,"26,31"
11:58,HUMIDITY,RT,0,"26,92"
11:58,HUMIDITY,RT,1,"26,10"
11:58,HUMIDITY,RH,0,"51,46"
11:58,HUMIDITY,RH,1,"71,40"
11:58,DELTA,RT,0,"0,61"
11:58,DELTA,RT,1,"0,82"
11:58,DELTA,RH,2,"19,94"
11:58,FLOW,WF,0,0
11:58,FLOW,WF,1,0
11:58,0,RT,0,"28,50"
12:03,STATE,RT,0,"26,43"
12:03,HUMIDITY,RT,0,"27,08"
12:03,HUMIDITY,RT,1,"26,10"
12:03,HUMIDITY,RH,0,"52,28"
12:03,HUMIDITY,RH,1,"71,60"
12:03,DELTA,RT,0,"0,65"
12:03,DELTA,RT,1,"0,98"
12:03,DELTA,RH,2,"19,32"
12:03,FLOW,WF,0,0
12:03,FLOW,WF,1,0
12:03,0,RT,0,"28,75"
12:08,STATE,RT,0,"26,56"
12:08,HUMIDITY,RT,0,"27,07"
12:08,HUMIDITY,RT,1,"26,20"
12:08,HUMIDITY,RH,0,"50,91"
12:08,HUMIDITY,RH,1,"70,60"
12:08,DELTA,RT,0,"0,51"
12:08,DELTA,RT,1,"0,87"
12:08,DELTA,RH,2,"19,69"
12:08,FLOW,WF,0,0
12:08,FLOW,WF,1,0
12:08,0,RT,0,"29,00"
12:13,STATE,RT,0,"26,62"
12:13,HUMIDITY,RT,0,"27,19"
12:13,HUMIDITY,RT,1,"26,30"
12:13,HUMIDITY,RH,0,"51,20"
12:13,HUMIDITY,RH,1,"71,00"
12:13,DELTA,RT,0,"0,57"
12:13,DELTA,RT,1,"0,89"
12:13,DELTA,RH,2,"19,80"
12:13,FLOW,WF,0,0
12:13,FLOW,WF,1,0
12:13,0,RT,0,"29,25"
12:18,STATE,RT,0,"26,68"
12:18,HUMIDITY,RT,0,"27,22"
12:18,HUMIDITY,RT,1,"26,30"
12:18,HUMIDITY,RH,0,"51,73"
12:18,HUMIDITY,RH,1,"71,10"
12:18,DELTA,RT,0,"0,54"
12:18,DELTA,RT,1,"0,92"
12:18,DELTA,RH,2,"19,37"
12:18,FLOW,WF,0,0
12:18,FLOW,WF,1,0
12:18,0,RT,0,"29,25"
12:23,STATE,RT,0,"26,75"
12:23,HUMIDITY,RT,0,"27,28"
12:23,HUMIDITY,RT,1,"26,40"
12:23,HUMIDITY,RH,0,"50,95"
12:23,HUMIDITY,RH,1,"70,50"
12:23,DELTA,RT,0,"0,54"
12:23,DELTA,RT,1,"0,99"
12:23,DELTA,RH,2,"19,54"
12:23,FLOW,WF,0,0
12:23,FLOW,WF,1,0
12:23,0,RT,0,"29,50"
12:28,STATE,RT,0,"26,62"
12:28,HUMIDITY,RT,0,"27,25"
12:28,HUMIDITY,RT,1,"26,40"
12:28,HUMIDITY,RH,0,"51,01"
12:28,HUMIDITY,RH,1,"70,10"
12:28,DELTA,RT,0,"0,63"
12:28,DELTA,RT,1,"0,85"
12:28,DELTA,RH,2,"19,09"
12:28,FLOW,WF,0,0
12:28,FLOW,WF,1,0
12:28,0,RT,0,"29,25"
12:33,STATE,RT,0,"26,62"
12:33,HUMIDITY,RT,0,"27,31"
12:33,HUMIDITY,RT,1,"26,40"
12:33,HUMIDITY,RH,0,"51,07"
12:33,HUMIDITY,RH,1,"70,30"
12:33,DELTA,RT,0,"0,69"
12:33,DELTA,RT,1,"0,91"
12:33,DELTA,RH,2,"19,23"
12:33,FLOW,WF,0,0
12:33,FLOW,WF,1,0
12:33,0,RT,0,"29,50"
12:38,STATE,RT,0,"26,68"
12:38,HUMIDITY,RT,0,"27,33"
12:38,HUMIDITY,RT,1,"26,40"
12:38,HUMIDITY,RH,0,"50,80"
12:38,HUMIDITY,RH,1,"69,90"
12:38,DELTA,RT,0,"0,65"
12:38,DELTA,RT,1,"0,93"
12:38,DELTA,RH,2,"19,10"
12:38,FLOW,WF,0,0
12:38,FLOW,WF,1,0
12:38,0,RT,0,"29,50"
12:43,STATE,RT,0,"26,68"
12:43,HUMIDITY,RT,0,"27,34"
12:43,HUMIDITY,RT,1,"26,50"
12:43,HUMIDITY,RH,0,"50,63"
12:43,HUMIDITY,RH,1,"70,10"
12:43,DELTA,RT,0,"0,66"
12:43,DELTA,RT,1,"0,84"
12:43,DELTA,RH,2,"19,47"
12:43,FLOW,WF,0,0
12:43,FLOW,WF,1,0
12:43,0,RT,0,"29,75"
12:48,STATE,RT,0,"26,75"
12:48,HUMIDITY,RT,0,"27,37"
12:48,HUMIDITY,RT,1,"26,50"
12:48,HUMIDITY,RH,0,"50,57"
12:48,HUMIDITY,RH,1,"70,00"
12:48,DELTA,RT,0,"0,62"
12:48,DELTA,RT,1,"0,87"
12:48,DELTA,RH,2,"19,43"
12:48,FLOW,WF,0,0
12:48,FLOW,WF,1,0
12:48,0,RT,0,"29,50"
12:53,STATE,RT,0,"26,81"
12:53,HUMIDITY,RT,0,"27,38"
12:53,HUMIDITY,RT,1,"26,50"
12:53,HUMIDITY,RH,0,"50,27"
12:53,HUMIDITY,RH,1,"69,60"
12:53,DELTA,RT,0,"0,56"
12:53,DELTA,RT,1,"0,87"
12:53,DELTA,RH,2,"19,33"
12:53,FLOW,WF,0,0
12:53,FLOW,WF,1,0
12:53,0,RT,0,"29,50"
12:58,STATE,RT,0,"26,87"
12:58,HUMIDITY,RT,0,"27,42"
12:58,HUMIDITY,RT,1,"26,50"
12:58,HUMIDITY,RH,0,"50,21"
12:58,HUMIDITY,RH,1,"69,40"
12:58,DELTA,RT,0,"0,56"
12:58,DELTA,RT,1,"0,93"
12:58,DELTA,RH,2,"19,19"
12:58,FLOW,WF,0,0
12:58,FLOW,WF,1,0
12:58,0,RT,0,"29,50"
13:03,STATE,RT,0,"26,93"
13:03,HUMIDITY,RT,0,"27,53"
13:03,HUMIDITY,RT,1,"26,60"
13:03,HUMIDITY,RH,0,"50,06"
13:03,HUMIDITY,RH,1,"69,20"
13:03,DELTA,RT,0,"0,61"
13:03,DELTA,RT,1,"0,94"
13:03,DELTA,RH,2,"19,24"
13:03,FLOW,WF,0,0
13:03,FLOW,WF,1,0
13:03,0,RT,0,"29,75"
13:08,STATE,RT,0,"26,93"
13:08,HUMIDITY,RT,0,"27,47"
13:08,HUMIDITY,RT,1,"26,60"
13:08,HUMIDITY,RH,0,"50,31"
13:08,HUMIDITY,RH,1,"69,40"
13:08,DELTA,RT,0,"0,54"
13:08,DELTA,RT,1,"0,87"
13:08,DELTA,RH,2,"19,09"
13:08,FLOW,WF,0,0
13:08,FLOW,WF,1,0
13:08,0,RT,0,"29,75"
13:13,STATE,RT,0,"26,93"
13:13,HUMIDITY,RT,0,"27,41"
13:13,HUMIDITY,RT,1,"26,60"
13:13,HUMIDITY,RH,0,"50,51"
13:13,HUMIDITY,RH,1,"69,50"
13:13,DELTA,RT,0,"0,48"
13:13,DELTA,RT,1,"0,81"
13:13,DELTA,RH,2,"18,99"
13:13,FLOW,WF,0,0
13:13,FLOW,WF,1,0
13:13,0,RT,0,"29,50"
13:18,STATE,RT,0,"27,00"
13:18,HUMIDITY,RT,0,"27,38"
13:18,HUMIDITY,RT,1,"26,60"
13:18,HUMIDITY,RH,0,"50,69"
13:18,HUMIDITY,RH,1,"69,50"
13:18,DELTA,RT,0,"0,38"
13:18,DELTA,RT,1,"0,78"
13:18,DELTA,RH,2,"18,81"
13:18,FLOW,WF,0,0
13:18,FLOW,WF,1,0
13:18,0,RT,0,"29,50"
13:23,STATE,RT,0,"27,06"
13:23,HUMIDITY,RT,0,"27,57"
13:23,HUMIDITY,RT,1,"26,70"
13:23,HUMIDITY,RH,0,"50,21"
13:23,HUMIDITY,RH,1,"69,30"
13:23,DELTA,RT,0,"0,53"
13:23,DELTA,RT,1,"0,89"
13:23,DELTA,RH,2,"19,07"
13:23,FLOW,WF,0,0
13:23,FLOW,WF,1,0
13:23,0,RT,0,"29,75"
13:28,STATE,RT,0,"27,12"
13:28,HUMIDITY,RT,0,"27,58"
13:28,HUMIDITY,RT,1,"26,70"
13:28,HUMIDITY,RH,0,"50,08"
13:28,HUMIDITY,RH,1,"68,80"
13:28,DELTA,RT,0,"0,47"
13:28,DELTA,RT,1,"0,89"
13:28,DELTA,RH,2,"19,00"
13:28,FLOW,WF,0,0
13:28,FLOW,WF,1,0
13:28,0,RT,0,"29,50"
13:33,STATE,RT,0,"27,12"
13:33,HUMIDITY,RT,0,"27,66"
13:33,HUMIDITY,RT,1,"26,70"
13:33,HUMIDITY,RH,0,"48,97"
13:33,HUMIDITY,RH,1,"68,10"
13:33,DELTA,RT,0,"0,54"
13:33,DELTA,RT,1,"0,96"
13:33,DELTA,RH,2,"18,98"
13:33,FLOW,WF,0,0
13:33,FLOW,WF,1,0
13:33,0,RT,0,"29,50"
13:38,STATE,RT,0,"27,06"
13:38,HUMIDITY,RT,0,"27,44"
13:38,HUMIDITY,RT,1,"26,70"
13:38,HUMIDITY,RH,0,"49,87"
13:38,HUMIDITY,RH,1,"68,30"
13:38,DELTA,RT,0,"0,34"
13:38,DELTA,RT,1,"0,76"
13:38,DELTA,RH,2,"18,42"
13:38,FLOW,WF,0,0
13:38,FLOW,WF,1,0
13:38,0,RT,0,"29,75"
13:43,STATE,RT,0,"27,12"
13:43,HUMIDITY,RT,0,"27,48"
13:43,HUMIDITY,RT,1,"26,70"
13:43,HUMIDITY,RH,0,"50,17"
13:43,HUMIDITY,RH,1,"68,70"
13:43,DELTA,RT,0,"0,35"
13:43,DELTA,RT,1,"0,77"
13:43,DELTA,RH,2,"18,52"
13:43,FLOW,WF,0,0
13:43,FLOW,WF,1,0
13:43,0,RT,0,"29,50"
13:48,STATE,RT,0,"27,12"
13:48,HUMIDITY,RT,0,"27,58"
13:48,HUMIDITY,RT,1,"26,80"
13:48,HUMIDITY,RH,0,"49,86"
13:48,HUMIDITY,RH,1,"68,50"
13:48,DELTA,RT,0,"0,46"
13:48,DELTA,RT,1,"0,78"
13:48,DELTA,RH,2,"18,64"
13:48,FLOW,WF,0,0
13:48,FLOW,WF,1,0
13:48,0,RT,0,"29,50"
13:53,STATE,RT,0,"27,18"
13:53,HUMIDITY,RT,0,"27,58"
13:53,HUMIDITY,RT,1,"26,80"
13:53,HUMIDITY,RH,0,"50,05"
13:53,HUMIDITY,RH,1,"68,80"
13:53,DELTA,RT,0,"0,40"
13:53,DELTA,RT,1,"0,78"
13:53,DELTA,RH,2,"18,75"
13:53,FLOW,WF,0,0
13:53,FLOW,WF,1,0
13:53,0,RT,0,"29,75"
13:58,STATE,RT,0,"27,12"
13:58,HUMIDITY,RT,0,"27,64"
13:58,HUMIDITY,RT,1,"26,80"
13:58,HUMIDITY,RH,0,"50,22"
13:58,HUMIDITY,RH,1,"69,00"
13:58,DELTA,RT,0,"0,50"
13:58,DELTA,RT,1,"0,82"
13:58,DELTA,RH,2,"18,67"
13:58,FLOW,WF,0,0
13:58,FLOW,WF,1,0
13:58,0,RT,0,"29,50"
14:03,STATE,RT,0,"27,18"
14:03,HUMIDITY,RT,0,"27,57"
14:03,HUMIDITY,RT,1,"26,90"
14:03,HUMIDITY,RH,0,"50,23"
14:03,HUMIDITY,RH,1,"68,90"
14:03,DELTA,RT,0,"0,47"
14:03,DELTA,RT,1,"0,69"
14:03,DELTA,RH,2,"18,71"
14:03,FLOW,WF,0,0
14:03,FLOW,WF,1,0
14:03,0,RT,0,"29,50"
14:09,STATE,RT,0,"27,18"
14:09,HUMIDITY,RT,0,"27,63"
14:09,HUMIDITY,RT,1,"26,90"
14:09,HUMIDITY,RH,0,"50,16"
14:09,HUMIDITY,RH,1,"68,90"
14:09,DELTA,RT,0,"0,52"
14:09,DELTA,RT,1,"0,74"
14:09,DELTA,RH,2,"18,75"
14:09,FLOW,WF,0,0
14:09,FLOW,WF,1,0
14:09,0,RT,0,"29,50"
14:14,STATE,RT,0,"27,18"
14:14,HUMIDITY,RT,0,"27,67"
14:14,HUMIDITY,RT,1,"26,90"
14:14,HUMIDITY,RH,0,"50,09"
14:14,HUMIDITY,RH,1,"68,60"
14:14,DELTA,RT,0,"0,48"
14:14,DELTA,RT,1,"0,76"
14:14,DELTA,RH,2,"18,59"
14:14,FLOW,WF,0,0
14:14,FLOW,WF,1,0
14:14,0,RT,0,"29,50"
14:19,STATE,RT,0,"27,18"
14:19,HUMIDITY,RT,0,"27,68"
14:19,HUMIDITY,RT,1,"26,90"
14:19,HUMIDITY,RH,0,"49,99"
14:19,HUMIDITY,RH,1,"68,40"
14:19,DELTA,RT,0,"0,52"
14:19,DELTA,RT,1,"0,80"
14:19,DELTA,RH,2,"18,42"
14:19,FLOW,WF,0,0
14:19,FLOW,WF,1,0
14:19,0,RT,0,"29,75"
14:24,STATE,RT,0,"27,25"
14:24,HUMIDITY,RT,0,"27,75"
14:24,HUMIDITY,RT,1,"27,00"
14:24,HUMIDITY,RH,0,"49,60"
14:24,HUMIDITY,RH,1,"68,20"
14:24,DELTA,RT,0,"0,49"
14:24,DELTA,RT,1,"0,74"
14:24,DELTA,RH,2,"18,60"
14:24,FLOW,WF,0,0
14:24,FLOW,WF,1,0
14:24,0,RT,0,"29,75"
14:29,STATE,RT,0,"27,31"
14:29,HUMIDITY,RT,0,"27,72"
14:29,HUMIDITY,RT,1,"27,00"
14:29,HUMIDITY,RH,0,"49,59"
14:29,HUMIDITY,RH,1,"68,00"
14:29,DELTA,RT,0,"0,41"
14:29,DELTA,RT,1,"0,72"
14:29,DELTA,RH,2,"18,41"
14:29,FLOW,WF,0,0
14:29,FLOW,WF,1,0
14:29,0,RT,0,"29,75"
14:34,STATE,RT,0,"27,31"
14:34,HUMIDITY,RT,0,"27,70"
14:34,HUMIDITY,RT,1,"27,00"
14:34,HUMIDITY,RH,0,"49,72"
14:34,HUMIDITY,RH,1,"68,00"
14:34,DELTA,RT,0,"0,39"
14:34,DELTA,RT,1,"0,70"
14:34,DELTA,RH,2,"18,28"
14:34,FLOW,WF,0,0
14:34,FLOW,WF,1,0
14:34,0,RT,0,"29,75"
14:39,STATE,RT,0,"27,31"
14:39,HUMIDITY,RT,0,"27,69"
14:39,HUMIDITY,RT,1,"27,00"
14:39,HUMIDITY,RH,0,"49,78"
14:39,HUMIDITY,RH,1,"68,20"
14:39,DELTA,RT,0,"0,38"
14:39,DELTA,RT,1,"0,69"
14:39,DELTA,RH,2,"18,42"
14:39,FLOW,WF,0,0
14:39,FLOW,WF,1,0
14:39,0,RT,0,"29,75"
14:44,STATE,RT,0,"27,37"
14:44,HUMIDITY,RT,0,"27,77"
14:44,HUMIDITY,RT,1,"27,00"
14:44,HUMIDITY,RH,0,"49,64"
14:44,HUMIDITY,RH,1,"67,90"
14:44,DELTA,RT,0,"0,40"
14:44,DELTA,RT,1,"0,77"
14:44,DELTA,RH,2,"18,26"
14:44,FLOW,WF,0,0
14:44,FLOW,WF,1,0
14:44,0,RT,0,"29,75"
14:49,STATE,RT,0,"27,37"
14:49,HUMIDITY,RT,0,"27,69"
14:49,HUMIDITY,RT,1,"27,00"
14:49,HUMIDITY,RH,0,"49,52"
14:49,HUMIDITY,RH,1,"67,80"
14:49,DELTA,RT,0,"0,32"
14:49,DELTA,RT,1,"0,69"
14:49,DELTA,RH,2,"18,28"
14:49,FLOW,WF,0,0
14:49,FLOW,WF,1,0
14:49,0,RT,0,"29,75"
14:54,STATE,RT,0,"27,37"
14:54,HUMIDITY,RT,0,"27,74"
14:54,HUMIDITY,RT,1,"27,10"
14:54,HUMIDITY,RH,0,"49,62"
14:54,HUMIDITY,RH,1,"67,90"
14:54,DELTA,RT,0,"0,37"
14:54,DELTA,RT,1,"0,64"
14:54,DELTA,RH,2,"18,28"
14:54,FLOW,WF,0,0
14:54,FLOW,WF,1,0
14:54,0,RT,0,"29,75"
14:59,STATE,RT,0,"27,43"
14:59,HUMIDITY,RT,0,"27,74"
14:59,HUMIDITY,RT,1,"27,00"
14:59,HUMIDITY,RH,0,"49,59"
14:59,HUMIDITY,RH,1,"67,60"
14:59,DELTA,RT,0,"0,31"
14:59,DELTA,RT,1,"0,74"
14:59,DELTA,RH,2,"18,02"
14:59,FLOW,WF,0,0
14:59,FLOW,WF,1,0
14:59,0,RT,0,"29,75"
15:04,STATE,RT,0,"27,37"
15:04,HUMIDITY,RT,0,"27,72"
15:04,HUMIDITY,RT,1,"27,10"
15:04,HUMIDITY,RH,0,"49,60"
15:04,HUMIDITY,RH,1,"67,90"
15:04,DELTA,RT,0,"0,34"
15:04,DELTA,RT,1,"0,71"
15:04,DELTA,RH,2,"18,10"
15:04,FLOW,WF,0,0
15:04,FLOW,WF,1,0
15:04,0,RT,0,"29,75"
15:09,STATE,RT,0,"27,43"
15:09,HUMIDITY,RT,0,"27,72"
15:09,HUMIDITY,RT,1,"27,10"
15:09,HUMIDITY,RH,0,"49,52"
15:09,HUMIDITY,RH,1,"67,50"
15:09,DELTA,RT,0,"0,29"
15:09,DELTA,RT,1,"0,62"
15:09,DELTA,RH,2,"17,98"
15:09,FLOW,WF,0,0
15:09,FLOW,WF,1,0
15:09,0,RT,0,"29,75"
15:14,STATE,RT,0,"27,37"
15:14,HUMIDITY,RT,0,"27,66"
15:14,HUMIDITY,RT,1,"27,10"
15:14,HUMIDITY,RH,0,"49,69"
15:14,HUMIDITY,RH,1,"67,70"
15:14,DELTA,RT,0,"0,29"
15:14,DELTA,RT,1,"0,56"
15:14,DELTA,RH,2,"18,01"
15:14,FLOW,WF,0,0
15:14,FLOW,WF,1,0
15:14,0,RT,0,"29,75"
15:19,STATE,RT,0,"27,37"
15:19,HUMIDITY,RT,0,"27,68"
15:19,HUMIDITY,RT,1,"27,10"
15:19,HUMIDITY,RH,0,"49,85"
15:19,HUMIDITY,RH,1,"67,80"
15:19,DELTA,RT,0,"0,31"
15:19,DELTA,RT,1,"0,58"
15:19,DELTA,RH,2,"17,95"
15:19,FLOW,WF,0,0
15:19,FLOW,WF,1,0
15:19,0,RT,0,"29,75"
15:24,STATE,RT,0,"27,37"
15:24,HUMIDITY,RT,0,"27,70"
15:24,HUMIDITY,RT,1,"27,10"
15:24,HUMIDITY,RH,0,"49,84"
15:24,HUMIDITY,RH,1,"67,90"
15:24,DELTA,RT,0,"0,33"
15:24,DELTA,RT,1,"0,60"
15:24,DELTA,RH,2,"18,06"
15:24,FLOW,WF,0,0
15:24,FLOW,WF,1,0
15:24,0,RT,0,"29,75"
15:29,STATE,RT,0,"27,37"
15:29,HUMIDITY,RT,0,"27,69"
15:29,HUMIDITY,RT,1,"27,10"
15:29,HUMIDITY,RH,0,"49,96"
15:29,HUMIDITY,RH,1,"67,90"
15:29,DELTA,RT,0,"0,32"
15:29,DELTA,RT,1,"0,59"
15:29,DELTA,RH,2,"17,94"
15:29,FLOW,WF,0,0
15:29,FLOW,WF,1,0
15:29,0,RT,0,"29,75"
15:34,STATE,RT,0,"27,37"
15:34,HUMIDITY,RT,0,"27,79"
15:34,HUMIDITY,RT,1,"27,10"
15:34,HUMIDITY,RH,0,"49,76"
15:34,HUMIDITY,RH,1,"67,80"
15:34,DELTA,RT,0,"0,40"
15:34,DELTA,RT,1,"0,67"
15:34,DELTA,RH,2,"17,91"
15:34,FLOW,WF,0,0
15:34,FLOW,WF,1,0
15:34,0,RT,0,"29,75"
15:39,STATE,RT,0,"27,50"
15:39,HUMIDITY,RT,0,"27,81"
15:39,HUMIDITY,RT,1,"27,20"
15:39,HUMIDITY,RH,0,"49,56"
15:39,HUMIDITY,RH,1,"67,50"
15:39,DELTA,RT,0,"0,29"
15:39,DELTA,RT,1,"0,59"
15:39,DELTA,RH,2,"18,04"
15:39,FLOW,WF,0,0
15:39,FLOW,WF,1,0
15:39,0,RT,0,"29,75"
15:44,STATE,RT,0,"27,50"
15:44,HUMIDITY,RT,0,"27,78"
15:44,HUMIDITY,RT,1,"27,20"
15:44,HUMIDITY,RH,0,"49,58"
15:44,HUMIDITY,RH,1,"67,80"
15:44,DELTA,RT,0,"0,28"
15:44,DELTA,RT,1,"0,58"
15:44,DELTA,RH,2,"18,11"
15:44,FLOW,WF,0,0
15:44,FLOW,WF,1,0
15:44,0,RT,0,"29,75"
15:49,STATE,RT,0,"27,50"
15:49,HUMIDITY,RT,0,"27,79"
15:49,HUMIDITY,RT,1,"27,20"
15:49,HUMIDITY,RH,0,"49,63"
15:49,HUMIDITY,RH,1,"67,60"
15:49,DELTA,RT,0,"0,31"
15:49,DELTA,RT,1,"0,61"
15:49,DELTA,RH,2,"17,99"
15:49,FLOW,WF,0,0
15:49,FLOW,WF,1,0
15:49,0,RT,0,"29,75"
15:54,STATE,RT,0,"27,56"
15:54,HUMIDITY,RT,0,"27,90"
15:54,HUMIDITY,RT,1,"27,20"
15:54,HUMIDITY,RH,0,"49,47"
15:54,HUMIDITY,RH,1,"67,60"
15:54,DELTA,RT,0,"0,34"
15:54,DELTA,RT,1,"0,70"
15:54,DELTA,RH,2,"18,13"
15:54,FLOW,WF,0,0
15:54,FLOW,WF,1,0
15:54,0,RT,0,"30,00"
15:59,STATE,RT,0,"27,56"
15:59,HUMIDITY,RT,0,"27,86"
15:59,HUMIDITY,RT,1,"27,20"
15:59,HUMIDITY,RH,0,"49,43"
15:59,HUMIDITY,RH,1,"67,50"
15:59,DELTA,RT,0,"0,30"
15:59,DELTA,RT,1,"0,66"
15:59,DELTA,RH,2,"18,07"
15:59,FLOW,WF,0,0
15:59,FLOW,WF,1,0
15:59,0,RT,0,"30,00"
16:04,STATE,RT,0,"27,56"
16:04,HUMIDITY,RT,0,"27,90"
16:04,HUMIDITY,RT,1,"27,20"
16:04,HUMIDITY,RH,0,"48,99"
16:04,HUMIDITY,RH,1,"66,90"
16:04,DELTA,RT,0,"0,33"
16:04,DELTA,RT,1,"0,69"
16:04,DELTA,RH,2,"17,80"
16:04,FLOW,WF,0,0
16:04,FLOW,WF,1,0
16:04,0,RT,0,"30,00"
16:09,STATE,RT,0,"27,56"
16:09,HUMIDITY,RT,0,"27,79"
16:09,HUMIDITY,RT,1,"27,20"
16:09,HUMIDITY,RH,0,"48,82"
16:09,HUMIDITY,RH,1,"66,00"
16:09,DELTA,RT,0,"0,26"
16:09,DELTA,RT,1,"0,52"
16:09,DELTA,RH,2,"17,28"
16:09,FLOW,WF,0,0
16:09,FLOW,WF,1,0
16:09,0,RT,0,"30,00"
16:14,STATE,RT,0,"27,43"
16:14,HUMIDITY,RT,0,"27,86"
16:14,HUMIDITY,RT,1,"27,20"
16:14,HUMIDITY,RH,0,"48,56"
16:14,HUMIDITY,RH,1,"66,20"
16:14,DELTA,RT,0,"0,43"
16:14,DELTA,RT,1,"0,66"
16:14,DELTA,RH,2,"17,64"
16:14,FLOW,WF,0,0
16:14,FLOW,WF,1,0
16:14,0,RT,0,"29,75"
16:20,STATE,RT,0,"27,37"
16:20,HUMIDITY,RT,0,"27,70"
16:20,HUMIDITY,RT,1,"27,20"
16:20,HUMIDITY,RH,0,"48,65"
16:20,HUMIDITY,RH,1,"65,70"
16:20,DELTA,RT,0,"0,34"
16:20,DELTA,RT,1,"0,51"
16:20,DELTA,RH,2,"16,97"
16:20,FLOW,WF,0,0
16:20,FLOW,WF,1,0
16:20,0,RT,0,"29,75"
16:25,STATE,RT,0,"27,31"
16:25,HUMIDITY,RT,0,"27,70"
16:25,HUMIDITY,RT,1,"27,10"
16:25,HUMIDITY,RH,0,"48,38"
16:25,HUMIDITY,RH,1,"65,50"
16:25,DELTA,RT,0,"0,38"
16:25,DELTA,RT,1,"0,49"
16:25,DELTA,RH,2,"17,12"
16:25,FLOW,WF,0,0
16:25,FLOW,WF,1,0
16:25,0,RT,0,"29,75"
16:30,STATE,RT,0,"27,37"
16:30,HUMIDITY,RT,0,"27,72"
16:30,HUMIDITY,RT,1,"27,20"
16:30,HUMIDITY,RH,0,"48,09"
16:30,HUMIDITY,RH,1,"65,10"
16:30,DELTA,RT,0,"0,35"
16:30,DELTA,RT,1,"0,52"
16:30,DELTA,RH,2,"17,01"
16:30,FLOW,WF,0,0
16:30,FLOW,WF,1,0
16:30,0,RT,0,"29,75"
16:35,STATE,RT,0,"27,37"
16:35,HUMIDITY,RT,0,"27,79"
16:35,HUMIDITY,RT,1,"27,20"
16:35,HUMIDITY,RH,0,"47,89"
16:35,HUMIDITY,RH,1,"64,90"
16:35,DELTA,RT,0,"0,42"
16:35,DELTA,RT,1,"0,59"
16:35,DELTA,RH,2,"17,01"
16:35,FLOW,WF,0,0
16:35,FLOW,WF,1,0
16:35,0,RT,0,"29,75"
16:40,STATE,RT,0,"27,37"
16:40,HUMIDITY,RT,0,"27,71"
16:40,HUMIDITY,RT,1,"27,20"
16:40,HUMIDITY,RH,0,"47,91"
16:40,HUMIDITY,RH,1,"65,00"
16:40,DELTA,RT,0,"0,34"
16:40,DELTA,RT,1,"0,51"
16:40,DELTA,RH,2,"17,09"
16:40,FLOW,WF,0,0
16:40,FLOW,WF,1,0
16:40,0,RT,0,"30,00"
16:45,STATE,RT,0,"27,31"
16:45,HUMIDITY,RT,0,"27,70"
16:45,HUMIDITY,RT,1,"27,20"
16:45,HUMIDITY,RH,0,"47,76"
16:45,HUMIDITY,RH,1,"64,70"
16:45,DELTA,RT,0,"0,39"
16:45,DELTA,RT,1,"0,50"
16:45,DELTA,RH,2,"16,94"
16:45,FLOW,WF,0,0
16:45,FLOW,WF,1,0
16:45,0,RT,0,"29,75"
16:50,STATE,RT,0,"27,31"
16:50,HUMIDITY,RT,0,"27,74"
16:50,HUMIDITY,RT,1,"27,10"
16:50,HUMIDITY,RH,0,"47,53"
16:50,HUMIDITY,RH,1,"64,60"
16:50,DELTA,RT,0,"0,42"
16:50,DELTA,RT,1,"0,63"
16:50,DELTA,RH,2,"17,04"
16:50,FLOW,WF,0,0
16:50,FLOW,WF,1,0
16:50,0,RT,0,"29,75"
16:55,STATE,RT,0,"27,25"
16:55,HUMIDITY,RT,0,"27,70"
16:55,HUMIDITY,RT,1,"27,10"
16:55,HUMIDITY,RH,0,"47,76"
16:55,HUMIDITY,RH,1,"64,90"
16:55,DELTA,RT,0,"0,43"
16:55,DELTA,RT,1,"0,58"
16:55,DELTA,RH,2,"17,04"
16:55,FLOW,WF,0,0
16:55,FLOW,WF,1,0
16:55,0,RT,0,"29,75"
17:00,STATE,RT,0,"27,25"
17:00,HUMIDITY,RT,0,"27,56"
17:00,HUMIDITY,RT,1,"27,10"
17:00,HUMIDITY,RH,0,"47,51"
17:00,HUMIDITY,RH,1,"64,60"
17:00,DELTA,RT,0,"0,31"
17:00,DELTA,RT,1,"0,46"
17:00,DELTA,RH,2,"17,10"
17:00,FLOW,WF,0,0
17:00,FLOW,WF,1,0
17:00,0,RT,0,"29,75"
17:05,STATE,RT,0,"27,25"
17:05,HUMIDITY,RT,0,"27,64"
17:05,HUMIDITY,RT,1,"27,10"
17:05,HUMIDITY,RH,0,"47,30"
17:05,HUMIDITY,RH,1,"64,20"
17:05,DELTA,RT,0,"0,39"
17:05,DELTA,RT,1,"0,54"
17:05,DELTA,RH,2,"16,90"
17:05,FLOW,WF,0,0
17:05,FLOW,WF,1,0
17:05,0,RT,0,"29,75"
17:10,STATE,RT,0,"27,25"
17:10,HUMIDITY,RT,0,"27,74"
17:10,HUMIDITY,RT,1,"27,10"
17:10,HUMIDITY,RH,0,"47,88"
17:10,HUMIDITY,RH,1,"64,80"
17:10,DELTA,RT,0,"0,47"
17:10,DELTA,RT,1,"0,62"
17:10,DELTA,RH,2,"17,04"
17:10,FLOW,WF,0,0
17:10,FLOW,WF,1,0
17:10,0,RT,0,"29,75"
17:15,STATE,RT,0,"27,25"
17:15,HUMIDITY,RT,0,"27,63"
17:15,HUMIDITY,RT,1,"27,10"
17:15,HUMIDITY,RH,0,"47,75"
17:15,HUMIDITY,RH,1,"64,60"
17:15,DELTA,RT,0,"0,38"
17:15,DELTA,RT,1,"0,53"
17:15,DELTA,RH,2,"16,85"
17:15,FLOW,WF,0,0
17:15,FLOW,WF,1,0
17:15,0,RT,0,"29,75"
17:20,STATE,RT,0,"27,18"
17:20,HUMIDITY,RT,0,"27,48"
17:20,HUMIDITY,RT,1,"27,10"
17:20,HUMIDITY,RH,0,"47,69"
17:20,HUMIDITY,RH,1,"64,20"
17:20,DELTA,RT,0,"0,30"
17:20,DELTA,RT,1,"0,38"
17:20,DELTA,RH,2,"16,51"
17:20,FLOW,WF,0,0
17:20,FLOW,WF,1,0
17:20,0,RT,0,"29,50"
17:25,STATE,RT,0,"27,18"
17:25,HUMIDITY,RT,0,"27,66"
17:25,HUMIDITY,RT,1,"27,00"
17:25,HUMIDITY,RH,0,"47,41"
17:25,HUMIDITY,RH,1,"63,90"
17:25,DELTA,RT,0,"0,48"
17:25,DELTA,RT,1,"0,66"
17:25,DELTA,RH,2,"16,49"
17:25,FLOW,WF,0,0
17:25,FLOW,WF,1,0
17:25,0,RT,0,"29,50"
17:30,STATE,RT,0,"27,12"
17:30,HUMIDITY,RT,0,"27,53"
17:30,HUMIDITY,RT,1,"27,00"
17:30,HUMIDITY,RH,0,"46,95"
17:30,HUMIDITY,RH,1,"63,20"
17:30,DELTA,RT,0,"0,41"
17:30,DELTA,RT,1,"0,53"
17:30,DELTA,RH,2,"16,25"
17:30,FLOW,WF,0,0
17:30,FLOW,WF,1,0
17:30,0,RT,0,"29,50"
17:35,STATE,RT,0,"27,18"
17:35,HUMIDITY,RT,0,"27,53"
17:35,HUMIDITY,RT,1,"27,00"
17:35,HUMIDITY,RH,0,"46,80"
17:35,HUMIDITY,RH,1,"63,20"
17:35,DELTA,RT,0,"0,35"
17:35,DELTA,RT,1,"0,53"
17:35,DELTA,RH,2,"16,40"
17:35,FLOW,WF,0,0
17:35,FLOW,WF,1,0
17:35,0,RT,0,"29,50"
17:40,STATE,RT,0,"27,12"
17:40,HUMIDITY,RT,0,"27,51"
17:40,HUMIDITY,RT,1,"27,00"
17:40,HUMIDITY,RH,0,"46,80"
17:40,HUMIDITY,RH,1,"62,90"
17:40,DELTA,RT,0,"0,39"
17:40,DELTA,RT,1,"0,51"
17:40,DELTA,RH,2,"16,10"
17:40,FLOW,WF,0,0
17:40,FLOW,WF,1,0
17:40,0,RT,0,"29,50"
17:45,STATE,RT,0,"27,12"
17:45,HUMIDITY,RT,0,"27,45"
17:45,HUMIDITY,RT,1,"27,00"
17:45,HUMIDITY,RH,0,"45,96"
17:45,HUMIDITY,RH,1,"62,30"
17:45,DELTA,RT,0,"0,32"
17:45,DELTA,RT,1,"0,44"
17:45,DELTA,RH,2,"16,45"
17:45,FLOW,WF,0,0
17:45,FLOW,WF,1,0
17:45,0,RT,0,"29,50"
17:50,STATE,RT,0,"27,12"
17:50,HUMIDITY,RT,0,"27,44"
17:50,HUMIDITY,RT,1,"26,90"
17:50,HUMIDITY,RH,0,"46,42"
17:50,HUMIDITY,RH,1,"62,60"
17:50,DELTA,RT,0,"0,35"
17:50,DELTA,RT,1,"0,47"
17:50,DELTA,RH,2,"16,22"
17:50,FLOW,WF,0,0
17:50,FLOW,WF,1,0
17:50,0,RT,0,"29,50"
17:55,STATE,RT,0,"27,06"
17:55,HUMIDITY,RT,0,"27,41"
17:55,HUMIDITY,RT,1,"27,00"
17:55,HUMIDITY,RH,0,"46,82"
17:55,HUMIDITY,RH,1,"63,40"
17:55,DELTA,RT,0,"0,35"
17:55,DELTA,RT,1,"0,41"
17:55,DELTA,RH,2,"16,58"
17:55,FLOW,WF,0,0
17:55,FLOW,WF,1,0
17:55,0,RT,0,"29,50"
18:00,STATE,RT,0,"27,00"
18:00,HUMIDITY,RT,0,"27,37"
18:00,HUMIDITY,RT,1,"26,90"
18:00,HUMIDITY,RH,0,"46,51"
18:00,HUMIDITY,RH,1,"63,00"
18:00,DELTA,RT,0,"0,37"
18:00,DELTA,RT,1,"0,47"
18:00,DELTA,RH,2,"16,49"
18:00,FLOW,WF,0,0
18:00,FLOW,WF,1,0
18:00,0,RT,0,"29,50"
18:05,STATE,RT,0,"26,93"
18:05,HUMIDITY,RT,0,"27,30"
18:05,HUMIDITY,RT,1,"26,90"
18:05,HUMIDITY,RH,0,"46,35"
18:05,HUMIDITY,RH,1,"63,00"
18:05,DELTA,RT,0,"0,37"
18:05,DELTA,RT,1,"0,40"
18:05,DELTA,RH,2,"16,65"
18:05,FLOW,WF,0,0
18:05,FLOW,WF,1,0
18:05,0,RT,0,"29,25"
18:10,STATE,RT,0,"26,81"
18:10,HUMIDITY,RT,0,"27,28"
18:10,HUMIDITY,RT,1,"26,80"
18:10,HUMIDITY,RH,0,"46,70"
18:10,HUMIDITY,RH,1,"63,30"
18:10,DELTA,RT,0,"0,47"
18:10,DELTA,RT,1,"0,48"
18:10,DELTA,RH,2,"16,60"
18:10,FLOW,WF,0,0
18:10,FLOW,WF,1,0
18:10,0,RT,0,"29,25"
18:15,STATE,RT,0,"26,81"
18:15,HUMIDITY,RT,0,"27,33"
18:15,HUMIDITY,RT,1,"26,80"
18:15,HUMIDITY,RH,0,"46,03"
18:15,HUMIDITY,RH,1,"63,00"
18:15,DELTA,RT,0,"0,50"
18:15,DELTA,RT,1,"0,51"
18:15,DELTA,RH,2,"16,89"
18:15,FLOW,WF,0,0
18:15,FLOW,WF,1,0
18:15,0,RT,0,"29,25"
18:20,STATE,RT,0,"26,75"
18:20,HUMIDITY,RT,0,"27,22"
18:20,HUMIDITY,RT,1,"26,70"
18:20,HUMIDITY,RH,0,"46,70"
18:20,HUMIDITY,RH,1,"63,30"
18:20,DELTA,RT,0,"0,47"
18:20,DELTA,RT,1,"0,42"
18:20,DELTA,RH,2,"16,68"
18:20,FLOW,WF,0,0
18:20,FLOW,WF,1,0
18:20,0,RT,0,"29,25"
18:25,STATE,RT,0,"26,68"
18:25,HUMIDITY,RT,0,"27,22"
18:25,HUMIDITY,RT,1,"26,70"
18:25,HUMIDITY,RH,0,"46,99"
18:25,HUMIDITY,RH,1,"63,50"
18:25,DELTA,RT,0,"0,51"
18:25,DELTA,RT,1,"0,49"
18:25,DELTA,RH,2,"16,52"
18:25,FLOW,WF,0,0
18:25,FLOW,WF,1,0
18:25,0,RT,0,"29,25"
18:31,STATE,RT,0,"26,68"
18:31,HUMIDITY,RT,0,"27,27"
18:31,HUMIDITY,RT,1,"26,60"
18:31,HUMIDITY,RH,0,"46,92"
18:31,HUMIDITY,RH,1,"63,90"
18:31,DELTA,RT,0,"0,58"
18:31,DELTA,RT,1,"0,56"
18:31,DELTA,RH,2,"17,10"
18:31,FLOW,WF,0,0
18:31,FLOW,WF,1,0
18:31,0,RT,0,"29,00"
18:36,STATE,RT,0,"26,75"
18:36,HUMIDITY,RT,0,"27,33"
18:36,HUMIDITY,RT,1,"26,70"
18:36,HUMIDITY,RH,0,"46,99"
18:36,HUMIDITY,RH,1,"64,30"
18:36,DELTA,RT,0,"0,58"
18:36,DELTA,RT,1,"0,63"
18:36,DELTA,RH,2,"17,31"
18:36,FLOW,WF,0,0
18:36,FLOW,WF,1,0
18:36,0,RT,0,"29,25"
18:41,STATE,RT,0,"26,68"
18:41,HUMIDITY,RT,0,"27,16"
18:41,HUMIDITY,RT,1,"26,60"
18:41,HUMIDITY,RH,0,"47,30"
18:41,HUMIDITY,RH,1,"64,00"
18:41,DELTA,RT,0,"0,48"
18:41,DELTA,RT,1,"0,56"
18:41,DELTA,RH,2,"16,70"
18:41,FLOW,WF,0,0
18:41,FLOW,WF,1,0
18:41,0,RT,0,"29,00"
18:46,STATE,RT,0,"26,62"
18:46,HUMIDITY,RT,0,"27,05"
18:46,HUMIDITY,RT,1,"26,60"
18:46,HUMIDITY,RH,0,"47,34"
18:46,HUMIDITY,RH,1,"64,00"
18:46,DELTA,RT,0,"0,45"
18:46,DELTA,RT,1,"0,47"
18:46,DELTA,RH,2,"16,57"
18:46,FLOW,WF,0,0
18:46,FLOW,WF,1,0
18:46,0,RT,0,"29,00"
18:51,STATE,RT,0,"26,68"
18:51,HUMIDITY,RT,0,"27,33"
18:51,HUMIDITY,RT,1,"26,60"
18:51,HUMIDITY,RH,0,"47,37"
18:51,HUMIDITY,RH,1,"64,70"
18:51,DELTA,RT,0,"0,66"
18:51,DELTA,RT,1,"0,74"
18:51,DELTA,RH,2,"17,33"
18:51,FLOW,WF,0,0
18:51,FLOW,WF,1,0
18:51,0,RT,0,"29,00"
18:56,STATE,RT,0,"26,68"
18:56,HUMIDITY,RT,0,"27,16"
18:56,HUMIDITY,RT,1,"26,60"
18:56,HUMIDITY,RH,0,"48,13"
18:56,HUMIDITY,RH,1,"65,20"
18:56,DELTA,RT,0,"0,49"
18:56,DELTA,RT,1,"0,57"
18:56,DELTA,RH,2,"16,99"
18:56,FLOW,WF,0,0
18:56,FLOW,WF,1,0
18:56,0,RT,0,"29,00"
19:01,STATE,RT,0,"26,68"
19:01,HUMIDITY,RT,0,"27,28"
19:01,HUMIDITY,RT,1,"26,60"
19:01,HUMIDITY,RH,0,"48,54"
19:01,HUMIDITY,RH,1,"66,00"
19:01,DELTA,RT,0,"0,60"
19:01,DELTA,RT,1,"0,68"
19:01,DELTA,RH,2,"17,47"
19:01,FLOW,WF,0,0
19:01,FLOW,WF,1,0
19:01,0,RT,0,"29,00"
19:06,STATE,RT,0,"26,87"
19:06,HUMIDITY,RT,0,"27,27"
19:06,HUMIDITY,RT,1,"26,70"
19:06,HUMIDITY,RH,0,"49,28"
19:06,HUMIDITY,RH,1,"66,80"
19:06,DELTA,RT,0,"0,42"
19:06,DELTA,RT,1,"0,59"
19:06,DELTA,RH,2,"17,58"
19:06,FLOW,WF,0,0
19:06,FLOW,WF,1,0
19:06,0,RT,0,"29,25"
19:11,STATE,RT,0,"26,87"
19:11,HUMIDITY,RT,0,"27,39"
19:11,HUMIDITY,RT,1,"26,70"
19:11,HUMIDITY,RH,0,"49,38"
19:11,HUMIDITY,RH,1,"67,40"
19:11,DELTA,RT,0,"0,52"
19:11,DELTA,RT,1,"0,69"
19:11,DELTA,RH,2,"18,02"
19:11,FLOW,WF,0,0
19:11,FLOW,WF,1,0
19:11,0,RT,0,"29,50"
19:16,STATE,RT,0,"27,00"
19:16,HUMIDITY,RT,0,"27,49"
19:16,HUMIDITY,RT,1,"26,70"
19:16,HUMIDITY,RH,0,"50,46"
19:16,HUMIDITY,RH,1,"68,50"
19:16,DELTA,RT,0,"0,49"
19:16,DELTA,RT,1,"0,79"
19:16,DELTA,RH,2,"18,04"
19:16,FLOW,WF,0,0
19:16,FLOW,WF,1,0
19:16,0,RT,0,"29,25"
19:21,STATE,RT,0,"27,06"
19:21,HUMIDITY,RT,0,"27,42"
19:21,HUMIDITY,RT,1,"26,70"
19:21,HUMIDITY,RH,0,"50,11"
19:21,HUMIDITY,RH,1,"68,30"
19:21,DELTA,RT,0,"0,41"
19:21,DELTA,RT,1,"0,71"
19:21,DELTA,RH,2,"18,22"
19:21,FLOW,WF,0,0
19:21,FLOW,WF,1,0
19:21,0,RT,0,"29,25"
19:26,STATE,RT,0,"27,00"
19:26,HUMIDITY,RT,0,"27,12"
19:26,HUMIDITY,RT,1,"26,70"
19:26,HUMIDITY,RH,0,"51,02"
19:26,HUMIDITY,RH,1,"68,50"
19:26,DELTA,RT,0,"0,12"
19:26,DELTA,RT,1,"0,42"
19:26,DELTA,RH,2,"17,40"
19:26,FLOW,WF,0,0
19:26,FLOW,WF,1,0
19:26,0,RT,0,"29,50"
19:31,STATE,RT,0,"26,93"
19:31,HUMIDITY,RT,0,"27,04"
19:31,HUMIDITY,RT,1,"26,80"
19:31,HUMIDITY,RH,0,"51,42"
19:31,HUMIDITY,RH,1,"68,70"
19:31,DELTA,RT,0,"0,04"
19:31,DELTA,RT,1,"0,34"
19:31,DELTA,RH,2,"17,10"
19:31,FLOW,WF,0,0
19:31,FLOW,WF,1,0
19:31,0,RT,0,"29,25"
19:36,STATE,RT,0,"26,93"
19:36,HUMIDITY,RT,0,"26,92"
19:36,HUMIDITY,RT,1,"26,80"
19:36,HUMIDITY,RH,0,"51,88"
19:36,HUMIDITY,RH,1,"69,10"
19:36,DELTA,RT,0,"0,00"
19:36,DELTA,RT,1,"0,23"
19:36,DELTA,RH,2,"17,09"
19:36,FLOW,WF,0,0
19:36,FLOW,WF,1,0
19:36,0,RT,0,"29,25"
19:41,STATE,RT,0,"26,93"
19:41,HUMIDITY,RT,0,"27,03"
19:41,HUMIDITY,RT,1,"26,70"
19:41,HUMIDITY,RH,0,"52,04"
19:41,HUMIDITY,RH,1,"69,40"
19:41,DELTA,RT,0,"0,10"
19:41,DELTA,RT,1,"0,33"
19:41,DELTA,RH,2,"17,36"
19:41,FLOW,WF,0,0
19:41,FLOW,WF,1,0
19:41,0,RT,0,"29,25"
19:46,STATE,RT,0,"26,93"
19:46,HUMIDITY,RT,0,"26,92"
19:46,HUMIDITY,RT,1,"26,70"
19:46,HUMIDITY,RH,0,"52,39"
19:46,HUMIDITY,RH,1,"69,60"
19:46,DELTA,RT,0,"0,01"
19:46,DELTA,RT,1,"0,22"
19:46,DELTA,RH,2,"17,21"
19:46,FLOW,WF,0,0
19:46,FLOW,WF,1,0
19:46,0,RT,0,"29,25"
19:51,STATE,RT,0,"26,87"
19:51,HUMIDITY,RT,0,"26,78"
19:51,HUMIDITY,RT,1,"26,70"
19:51,HUMIDITY,RH,0,"52,36"
19:51,HUMIDITY,RH,1,"69,20"
19:51,DELTA,RT,0,"0,04"
19:51,DELTA,RT,1,"0,13"
19:51,DELTA,RH,2,"16,96"
19:51,FLOW,WF,0,0
19:51,FLOW,WF,1,0
19:51,0,RT,0,"29,00"
19:56,STATE,RT,0,"26,81"
19:56,HUMIDITY,RT,0,"26,78"
19:56,HUMIDITY,RT,1,"26,60"
19:56,HUMIDITY,RH,0,"52,27"
19:56,HUMIDITY,RH,1,"69,10"
19:56,DELTA,RT,0,"0,03"
19:56,DELTA,RT,1,"0,18"
19:56,DELTA,RH,2,"16,83"
19:56,FLOW,WF,0,0
19:56,FLOW,WF,1,0
19:56,0,RT,0,"29,00"
20:01,STATE,RT,0,"26,75"
20:01,HUMIDITY,RT,0,"26,78"
20:01,HUMIDITY,RT,1,"26,60"
20:01,HUMIDITY,RH,0,"52,33"
20:01,HUMIDITY,RH,1,"69,10"
20:01,DELTA,RT,0,"0,03"
20:01,DELTA,RT,1,"0,18"
20:01,DELTA,RH,2,"16,77"
20:01,FLOW,WF,0,0
20:01,FLOW,WF,1,0
20:01,0,RT,0,"29,00"
20:06,STATE,RT,0,"26,68"
20:06,HUMIDITY,RT,0,"26,73"
20:06,HUMIDITY,RT,1,"26,60"
20:06,HUMIDITY,RH,0,"52,11"
20:06,HUMIDITY,RH,1,"69,00"
20:06,DELTA,RT,0,"0,05"
20:06,DELTA,RT,1,"0,13"
20:06,DELTA,RH,2,"16,89"
20:06,FLOW,WF,0,0
20:06,FLOW,WF,1,0
20:06,0,RT,0,"29,00"
20:11,STATE,RT,0,"26,68"
20:11,HUMIDITY,RT,0,"26,77"
20:11,HUMIDITY,RT,1,"26,60"
20:11,HUMIDITY,RH,0,"52,00"
20:11,HUMIDITY,RH,1,"69,10"
20:11,DELTA,RT,0,"0,09"
20:11,DELTA,RT,1,"0,17"
20:11,DELTA,RH,2,"17,10"
20:11,FLOW,WF,0,0
20:11,FLOW,WF,1,0
20:11,0,RT,0,"29,00"
20:16,STATE,RT,0,"26,62"
20:16,HUMIDITY,RT,0,"26,90"
20:16,HUMIDITY,RT,1,"26,60"
20:16,HUMIDITY,RH,0,"51,88"
20:16,HUMIDITY,RH,1,"69,30"
20:16,DELTA,RT,0,"0,28"
20:16,DELTA,RT,1,"0,30"
20:16,DELTA,RH,2,"17,42"
20:16,FLOW,WF,0,0
20:16,FLOW,WF,1,0
20:16,0,RT,0,"29,00"
20:21,STATE,RT,0,"26,81"
20:21,HUMIDITY,RT,0,"26,87"
20:21,HUMIDITY,RT,1,"26,60"
20:21,HUMIDITY,RH,0,"52,16"
20:21,HUMIDITY,RH,1,"69,30"
20:21,DELTA,RT,0,"0,06"
20:21,DELTA,RT,1,"0,27"
20:21,DELTA,RH,2,"17,14"
20:21,FLOW,WF,0,0
20:21,FLOW,WF,1,0
20:21,0,RT,0,"29,00"
20:26,STATE,RT,0,"26,81"
20:26,HUMIDITY,RT,0,"26,85"
20:26,HUMIDITY,RT,1,"26,60"
20:26,HUMIDITY,RH,0,"52,20"
20:26,HUMIDITY,RH,1,"69,40"
20:26,DELTA,RT,0,"0,04"
20:26,DELTA,RT,1,"0,25"
20:26,DELTA,RH,2,"17,10"
20:26,FLOW,WF,0,0
20:26,FLOW,WF,1,0
20:26,0,RT,0,"29,00"
20:31,STATE,RT,0,"26,87"
20:31,HUMIDITY,RT,0,"27,02"
20:31,HUMIDITY,RT,1,"26,70"
20:31,HUMIDITY,RH,0,"52,39"
20:31,HUMIDITY,RH,1,"70,00"
20:31,DELTA,RT,0,"0,13"
20:31,DELTA,RT,1,"0,30"
20:31,DELTA,RH,2,"17,59"
20:31,FLOW,WF,0,0
20:31,FLOW,WF,1,0
20:31,0,RT,0,"29,25"
20:36,STATE,RT,0,"26,75"
20:36,HUMIDITY,RT,0,"26,90"
20:36,HUMIDITY,RT,1,"26,70"
20:36,HUMIDITY,RH,0,"52,33"
20:36,HUMIDITY,RH,1,"69,70"
20:36,DELTA,RT,0,"0,15"
20:36,DELTA,RT,1,"0,20"
20:36,DELTA,RH,2,"17,37"
20:36,FLOW,WF,0,0
20:36,FLOW,WF,1,0
20:36,0,RT,0,"29,25"
20:41,STATE,RT,0,"26,81"
20:41,HUMIDITY,RT,0,"26,87"
20:41,HUMIDITY,RT,1,"26,60"
20:41,HUMIDITY,RH,0,"52,23"
20:41,HUMIDITY,RH,1,"69,40"
20:41,DELTA,RT,0,"0,06"
20:41,DELTA,RT,1,"0,27"
20:41,DELTA,RH,2,"17,17"
20:41,FLOW,WF,0,0
20:41,FLOW,WF,1,0
20:41,0,RT,0,"29,25"
20:47,STATE,RT,0,"26,81"
20:47,HUMIDITY,RT,0,"26,90"
20:47,HUMIDITY,RT,1,"26,60"
20:47,HUMIDITY,RH,0,"52,43"
20:47,HUMIDITY,RH,1,"69,60"
20:47,DELTA,RT,0,"0,09"
20:47,DELTA,RT,1,"0,30"
20:47,DELTA,RH,2,"17,17"
20:47,FLOW,WF,0,0
20:47,FLOW,WF,1,0
20:47,0,RT,0,"29,25"
20:52,STATE,RT,0,"26,87"
20:52,HUMIDITY,RT,0,"26,92"
20:52,HUMIDITY,RT,1,"26,70"
20:52,HUMIDITY,RH,0,"52,70"
20:52,HUMIDITY,RH,1,"70,00"
20:52,DELTA,RT,0,"0,05"
20:52,DELTA,RT,1,"0,22"
20:52,DELTA,RH,2,"17,30"
20:52,FLOW,WF,0,0
20:52,FLOW,WF,1,0
20:52,0,RT,0,"29,25"
20:57,STATE,RT,0,"26,87"
20:57,HUMIDITY,RT,0,"26,92"
20:57,HUMIDITY,RT,1,"26,60"
20:57,HUMIDITY,RH,0,"52,78"
20:57,HUMIDITY,RH,1,"70,10"
20:57,DELTA,RT,0,"0,05"
20:57,DELTA,RT,1,"0,22"
20:57,DELTA,RH,2,"17,30"
20:57,FLOW,WF,0,0
20:57,FLOW,WF,1,0
20:57,0,RT,0,"29,25"
21:02,STATE,RT,0,"26,93"
21:02,HUMIDITY,RT,0,"26,90"
21:02,HUMIDITY,RT,1,"26,60"
21:02,HUMIDITY,RH,0,"53,07"
21:02,HUMIDITY,RH,1,"70,10"
21:02,DELTA,RT,0,"0,04"
21:02,DELTA,RT,1,"0,19"
21:02,DELTA,RH,2,"17,22"
21:02,FLOW,WF,0,0
21:02,FLOW,WF,1,0
21:02,0,RT,0,"29,00"
21:07,STATE,RT,0,"26,93"
21:07,HUMIDITY,RT,0,"27,00"
21:07,HUMIDITY,RT,1,"26,70"
21:07,HUMIDITY,RH,0,"53,26"
21:07,HUMIDITY,RH,1,"70,80"
21:07,DELTA,RT,0,"0,06"
21:07,DELTA,RT,1,"0,29"
21:07,DELTA,RH,2,"17,52"
21:07,FLOW,WF,0,0
21:07,FLOW,WF,1,0
21:07,0,RT,0,"29,00"
21:12,STATE,RT,0,"26,93"
21:12,HUMIDITY,RT,0,"26,93"
21:12,HUMIDITY,RT,1,"26,70"
21:12,HUMIDITY,RH,0,"53,22"
21:12,HUMIDITY,RH,1,"70,60"
21:12,DELTA,RT,0,"0,00"
21:12,DELTA,RT,1,"0,23"
21:12,DELTA,RH,2,"17,28"
21:12,FLOW,WF,0,0
21:12,FLOW,WF,1,0
21:12,0,RT,0,"29,25"
21:17,STATE,RT,0,"26,87"
21:17,HUMIDITY,RT,0,"26,82"
21:17,HUMIDITY,RT,1,"26,70"
21:17,HUMIDITY,RH,0,"53,30"
21:17,HUMIDITY,RH,1,"70,50"
21:17,DELTA,RT,0,"0,05"
21:17,DELTA,RT,1,"0,12"
21:17,DELTA,RH,2,"17,20"
21:17,FLOW,WF,0,0
21:17,FLOW,WF,1,0
21:17,0,RT,0,"29,25"
21:22,STATE,RT,0,"26,75"
21:22,HUMIDITY,RT,0,"26,78"
21:22,HUMIDITY,RT,1,"26,70"
21:22,HUMIDITY,RH,0,"53,00"
21:22,HUMIDITY,RH,1,"70,10"
21:22,DELTA,RT,0,"0,03"
21:22,DELTA,RT,1,"0,08"
21:22,DELTA,RH,2,"17,10"
21:22,FLOW,WF,0,0
21:22,FLOW,WF,1,0
21:22,0,RT,0,"29,00"
21:27,STATE,RT,0,"26,68"
21:27,HUMIDITY,RT,0,"26,80"
21:27,HUMIDITY,RT,1,"26,60"
21:27,HUMIDITY,RH,0,"53,10"
21:27,HUMIDITY,RH,1,"70,20"
21:27,DELTA,RT,0,"0,12"
21:27,DELTA,RT,1,"0,20"
21:27,DELTA,RH,2,"17,10"
21:27,FLOW,WF,0,0
21:27,FLOW,WF,1,0
21:27,0,RT,0,"29,00"
21:32,STATE,RT,0,"26,68"
21:32,HUMIDITY,RT,0,"26,73"
21:32,HUMIDITY,RT,1,"26,60"
21:32,HUMIDITY,RH,0,"53,04"
21:32,HUMIDITY,RH,1,"70,10"
21:32,DELTA,RT,0,"0,06"
21:32,DELTA,RT,1,"0,14"
21:32,DELTA,RH,2,"17,06"
21:32,FLOW,WF,0,0
21:32,FLOW,WF,1,0
21:32,0,RT,0,"29,00"
21:37,STATE,RT,0,"26,62"
21:37,HUMIDITY,RT,0,"26,66"
21:37,HUMIDITY,RT,1,"26,60"
21:37,HUMIDITY,RH,0,"52,89"
21:37,HUMIDITY,RH,1,"69,90"
21:37,DELTA,RT,0,"0,05"
21:37,DELTA,RT,1,"0,07"
21:37,DELTA,RH,2,"17,01"
21:37,FLOW,WF,0,0
21:37,FLOW,WF,1,0
21:37,0,RT,0,"29,00"
21:42,STATE,RT,0,"26,62"
21:42,HUMIDITY,RT,0,"26,68"
21:42,HUMIDITY,RT,1,"26,60"
21:42,HUMIDITY,RH,0,"52,72"
21:42,HUMIDITY,RH,1,"69,80"
21:42,DELTA,RT,0,"0,07"
21:42,DELTA,RT,1,"0,19"
21:42,DELTA,RH,2,"16,98"
21:42,FLOW,WF,0,0
21:42,FLOW,WF,1,0
21:42,0,RT,0,"29,00"
21:47,STATE,RT,0,"26,68"
21:47,HUMIDITY,RT,0,"26,75"
21:47,HUMIDITY,RT,1,"26,60"
21:47,HUMIDITY,RH,0,"52,85"
21:47,HUMIDITY,RH,1,"70,00"
21:47,DELTA,RT,0,"0,03"
21:47,DELTA,RT,1,"0,21"
21:47,DELTA,RH,2,"17,16"
21:47,FLOW,WF,0,0
21:47,FLOW,WF,1,0
21:47,0,RT,0,"29,00"
21:52,STATE,RT,0,"26,62"
21:52,HUMIDITY,RT,0,"26,68"
21:52,HUMIDITY,RT,1,"26,50"
21:52,HUMIDITY,RH,0,"52,82"
21:52,HUMIDITY,RH,1,"69,90"
21:52,DELTA,RT,0,"0,05"
21:52,DELTA,RT,1,"0,17"
21:52,DELTA,RH,2,"17,06"
21:52,FLOW,WF,0,0
21:52,FLOW,WF,1,0
21:52,0,RT,0,"29,00"
21:57,STATE,RT,0,"26,56"
21:57,HUMIDITY,RT,0,"26,62"
21:57,HUMIDITY,RT,1,"26,50"
21:57,HUMIDITY,RH,0,"53,01"
21:57,HUMIDITY,RH,1,"70,10"
21:57,DELTA,RT,0,"0,06"
21:57,DELTA,RT,1,"0,12"
21:57,DELTA,RH,2,"17,02"
21:57,FLOW,WF,0,0
21:57,FLOW,WF,1,0
21:57,0,RT,0,"28,75"
22:02,STATE,RT,0,"26,50"
22:02,HUMIDITY,RT,0,"26,59"
22:02,HUMIDITY,RT,1,"26,50"
22:02,HUMIDITY,RH,0,"53,11"
22:02,HUMIDITY,RH,1,"70,20"
22:02,DELTA,RT,0,"0,09"
22:02,DELTA,RT,1,"0,09"
22:02,DELTA,RH,2,"17,08"
22:02,FLOW,WF,0,0
22:02,FLOW,WF,1,0
22:02,0,RT,0,"28,75"
22:07,STATE,RT,0,"26,56"
22:07,HUMIDITY,RT,0,"26,67"
22:07,HUMIDITY,RT,1,"26,50"
22:07,HUMIDITY,RH,0,"53,01"
22:07,HUMIDITY,RH,1,"70,50"
22:07,DELTA,RT,0,"0,11"
22:07,DELTA,RT,1,"0,17"
22:07,DELTA,RH,2,"17,49"
22:07,FLOW,WF,0,0
22:07,FLOW,WF,1,0
22:07,0,RT,0,"29,00"
22:12,STATE,RT,0,"26,50"
22:12,HUMIDITY,RT,0,"26,53"
22:12,HUMIDITY,RT,1,"26,40"
22:12,HUMIDITY,RH,0,"53,37"
22:12,HUMIDITY,RH,1,"70,40"
22:12,DELTA,RT,0,"0,05"
22:12,DELTA,RT,1,"0,05"
22:12,DELTA,RH,2,"17,16"
22:12,FLOW,WF,0,0
22:12,FLOW,WF,1,0
22:12,0,RT,0,"28,75"
22:17,STATE,RT,0,"26,56"
22:17,HUMIDITY,RT,0,"26,54"
22:17,HUMIDITY,RT,1,"26,40"
22:17,HUMIDITY,RH,0,"53,53"
22:17,HUMIDITY,RH,1,"70,60"
22:17,DELTA,RT,0,"0,03"
22:17,DELTA,RT,1,"0,13"
22:17,DELTA,RH,2,"17,07"
22:17,FLOW,WF,0,0
22:17,FLOW,WF,1,0
22:17,0,RT,0,"28,75"
22:22,STATE,RT,0,"26,56"
22:22,HUMIDITY,RT,0,"26,50"
22:22,HUMIDITY,RT,1,"26,40"
22:22,HUMIDITY,RH,0,"53,71"
22:22,HUMIDITY,RH,1,"70,70"
22:22,DELTA,RT,0,"0,06"
22:22,DELTA,RT,1,"0,10"
22:22,DELTA,RH,2,"16,99"
22:22,FLOW,WF,0,0
22:22,FLOW,WF,1,0
22:22,0,RT,0,"29,00"
22:27,STATE,RT,0,"26,62"
22:27,HUMIDITY,RT,0,"26,55"
22:27,HUMIDITY,RT,1,"26,40"
22:27,HUMIDITY,RH,0,"53,93"
22:27,HUMIDITY,RH,1,"71,00"
22:27,DELTA,RT,0,"0,07"
22:27,DELTA,RT,1,"0,15"
22:27,DELTA,RH,2,"17,07"
22:27,FLOW,WF,0,0
22:27,FLOW,WF,1,0
22:27,0,RT,0,"28,75"
22:32,STATE,RT,0,"26,62"
22:32,HUMIDITY,RT,0,"26,60"
22:32,HUMIDITY,RT,1,"26,50"
22:32,HUMIDITY,RH,0,"53,71"
22:32,HUMIDITY,RH,1,"71,10"
22:32,DELTA,RT,0,"0,02"
22:32,DELTA,RT,1,"0,10"
22:32,DELTA,RH,2,"17,39"
22:32,FLOW,WF,0,0
22:32,FLOW,WF,1,0
22:32,0,RT,0,"28,75"
22:37,STATE,RT,0,"26,56"
22:37,HUMIDITY,RT,0,"26,53"
22:37,HUMIDITY,RT,1,"26,40"
22:37,HUMIDITY,RH,0,"54,00"
22:37,HUMIDITY,RH,1,"71,30"
22:37,DELTA,RT,0,"0,03"
22:37,DELTA,RT,1,"0,13"
22:37,DELTA,RH,2,"17,30"
22:37,FLOW,WF,0,0
22:37,FLOW,WF,1,0
22:37,0,RT,0,"28,75"
22:42,STATE,RT,0,"26,50"
22:42,HUMIDITY,RT,0,"26,45"
22:42,HUMIDITY,RT,1,"26,40"
22:42,HUMIDITY,RH,0,"54,00"
22:42,HUMIDITY,RH,1,"71,00"
22:42,DELTA,RT,0,"0,05"
22:42,DELTA,RT,1,"0,05"
22:42,DELTA,RH,2,"17,00"
22:42,FLOW,WF,0,0
22:42,FLOW,WF,1,0
22:42,0,RT,0,"28,75"
22:47,STATE,RT,0,"26,43"
22:47,HUMIDITY,RT,0,"26,44"
22:47,HUMIDITY,RT,1,"26,40"
22:47,HUMIDITY,RH,0,"53,89"
22:47,HUMIDITY,RH,1,"71,10"
22:47,DELTA,RT,0,"0,01"
22:47,DELTA,RT,1,"0,04"
22:47,DELTA,RH,2,"17,21"
22:47,FLOW,WF,0,0
22:47,FLOW,WF,1,0
22:47,0,RT,0,"28,75"
22:52,STATE,RT,0,"26,37"
22:52,HUMIDITY,RT,0,"26,49"
22:52,HUMIDITY,RT,1,"26,40"
22:52,HUMIDITY,RH,0,"54,24"
22:52,HUMIDITY,RH,1,"71,60"
22:52,DELTA,RT,0,"0,12"
22:52,DELTA,RT,1,"0,09"
22:52,DELTA,RH,2,"17,36"
22:52,FLOW,WF,0,0
22:52,FLOW,WF,1,0
22:52,0,RT,0,"28,75"
23:12,STATE,RT,0,"26,37"
23:12,HUMIDITY,RT,0,"26,67"
23:12,HUMIDITY,RT,1,"26,20"
23:12,HUMIDITY,RH,0,"53,34"
23:12,HUMIDITY,RH,1,"71,90"
23:12,DELTA,RT,0,"0,30"
23:12,DELTA,RT,1,"0,47"
23:12,DELTA,RH,2,"18,56"
23:12,FLOW,WF,0,0
23:12,FLOW,WF,1,0
23:12,0,RT,0,"27,75"
23:18,STATE,RT,0,"26,31"
23:18,HUMIDITY,RT,0,"26,70"
23:18,HUMIDITY,RT,1,"26,20"
23:18,HUMIDITY,RH,0,"53,42"
23:18,HUMIDITY,RH,1,"71,90"
23:18,DELTA,RT,0,"0,39"
23:18,DELTA,RT,1,"0,50"
23:18,DELTA,RH,2,"18,48"
23:18,FLOW,WF,0,0
23:18,FLOW,WF,1,0
23:18,0,RT,0,"28,00"
23:23,STATE,RT,0,"26,37"
23:23,HUMIDITY,RT,0,"26,71"
23:23,HUMIDITY,RT,1,"26,20"
23:23,HUMIDITY,RH,0,"53,17"
23:23,HUMIDITY,RH,1,"71,70"
23:23,DELTA,RT,0,"0,34"
23:23,DELTA,RT,1,"0,51"
23:23,DELTA,RH,2,"18,53"
23:23,FLOW,WF,0,0
23:23,FLOW,WF,1,0
23:23,0,RT,0,"28,50"
23:28,STATE,RT,0,"26,31"
23:28,HUMIDITY,RT,0,"26,68"
23:28,HUMIDITY,RT,1,"26,20"
23:28,HUMIDITY,RH,0,"53,23"
23:28,HUMIDITY,RH,1,"71,60"
23:28,DELTA,RT,0,"0,37"
23:28,DELTA,RT,1,"0,48"
23:28,DELTA,RH,2,"18,37"
23:28,FLOW,WF,0,0
23:28,FLOW,WF,1,0
23:28,0,RT,0,"28,50"
23:33,STATE,RT,0,"26,31"
23:33,HUMIDITY,RT,0,"26,67"
23:33,HUMIDITY,RT,1,"26,20"
23:33,HUMIDITY,RH,0,"53,11"
23:33,HUMIDITY,RH,1,"71,60"
23:33,DELTA,RT,0,"0,36"
23:33,DELTA,RT,1,"0,47"
23:33,DELTA,RH,2,"18,49"
23:33,FLOW,WF,0,0
23:33,FLOW,WF,1,0
23:33,0,RT,0,"28,50"
23:38,STATE,RT,0,"26,37"
23:38,HUMIDITY,RT,0,"26,80"
23:38,HUMIDITY,RT,1,"26,20"
23:38,HUMIDITY,RH,0,"52,87"
23:38,HUMIDITY,RH,1,"71,60"
23:38,DELTA,RT,0,"0,43"
23:38,DELTA,RT,1,"0,60"
23:38,DELTA,RH,2,"18,73"
23:38,FLOW,WF,0,0
23:38,FLOW,WF,1,0
23:38,0,RT,0,"28,50"
23:43,STATE,RT,0,"26,37"
23:43,HUMIDITY,RT,0,"26,78"
23:43,HUMIDITY,RT,1,"26,30"
23:43,HUMIDITY,RH,0,"53,07"
23:43,HUMIDITY,RH,1,"71,90"
23:43,DELTA,RT,0,"0,41"
23:43,DELTA,RT,1,"0,48"
23:43,DELTA,RH,2,"18,83"
23:43,FLOW,WF,0,0
23:43,FLOW,WF,1,0
23:43,0,RT,0,"28,75"
23:48,STATE,RT,0,"26,43"
23:48,HUMIDITY,RT,0,"26,75"
23:48,HUMIDITY,RT,1,"26,30"
23:48,HUMIDITY,RH,0,"53,13"
23:48,HUMIDITY,RH,1,"71,90"
23:48,DELTA,RT,0,"0,35"
23:48,DELTA,RT,1,"0,58"
23:48,DELTA,RH,2,"18,69"
23:48,FLOW,WF,0,0
23:48,FLOW,WF,1,0
23:48,0,RT,0,"28,75"
23:53,STATE,RT,0,"26,37"
23:53,HUMIDITY,RT,0,"26,77"
23:53,HUMIDITY,RT,1,"26,30"
23:53,HUMIDITY,RH,0,"53,05"
23:53,HUMIDITY,RH,1,"71,70"
23:53,DELTA,RT,0,"0,34"
23:53,DELTA,RT,1,"0,47"
23:53,DELTA,RH,2,"18,65"
23:53,FLOW,WF,0,0
23:53,FLOW,WF,1,0
23:53,0,RT,0,"28,75"
23:58,STATE,RT,0,"26,43"
23:58,HUMIDITY,RT,0,"26,81"
23:58,HUMIDITY,RT,1,"26,30"
23:58,HUMIDITY,RH,0,"53,12"
23:58,HUMIDITY,RH,1,"71,90"
23:58,DELTA,RT,0,"0,38"
23:58,DELTA,RT,1,"0,51"
23:58,DELTA,RH,2,"18,78"
23:58,FLOW,WF,0,0
23:58,FLOW,WF,1,0
23:58,0,RT,0,"28,75"
