14:25,STATE,RT,0,"25,00"
14:25,HUMIDITY,RT,0,"27,42"
14:25,HUMIDITY,RT,1,"25,60"
14:25,HUMIDITY,RH,0,"54,23"
14:25,HUMIDITY,RH,1,"77,40"
14:25,DELTA,RT,0,"2,42"
14:25,DELTA,RT,1,"1,82"
14:25,DELTA,RH,2,"23,11"
14:25,FLOW,WF,0,0
14:25,FLOW,WF,1,0
14:25,0,RT,0,"27,00"
14:30,STATE,RT,0,"25,06"
14:30,HUMIDITY,RT,0,"28,20"
14:30,HUMIDITY,RT,1,"25,80"
14:30,HUMIDITY,RH,0,"52,46"
14:30,HUMIDITY,RH,1,"77,30"
14:30,DELTA,RT,0,"3,14"
14:30,DELTA,RT,1,"2,40"
14:30,DELTA,RH,2,"24,84"
14:30,FLOW,WF,0,0
14:30,FLOW,WF,1,0
14:30,0,RT,0,"27,50"
14:35,STATE,RT,0,"25,18"
14:35,HUMIDITY,RT,0,"28,66"
14:35,HUMIDITY,RT,1,"25,90"
14:35,HUMIDITY,RH,0,"51,29"
14:35,HUMIDITY,RH,1,"77,10"
14:35,DELTA,RT,0,"3,48"
14:35,DELTA,RT,1,"2,76"
14:35,DELTA,RH,2,"25,81"
14:35,FLOW,WF,0,0
14:35,FLOW,WF,1,0
14:35,0,RT,0,"28,00"
14:40,STATE,RT,0,"25,25"
14:40,HUMIDITY,RT,0,"29,05"
14:40,HUMIDITY,RT,1,"25,90"
14:40,HUMIDITY,RH,0,"50,56"
14:40,HUMIDITY,RH,1,"77,20"
14:40,DELTA,RT,0,"3,80"
14:40,DELTA,RT,1,"3,15"
14:40,DELTA,RH,2,"26,64"
14:40,FLOW,WF,0,0
14:40,FLOW,WF,1,0
14:40,0,RT,0,"28,25"
14:45,STATE,RT,0,"25,31"
14:45,HUMIDITY,RT,0,"29,14"
14:45,HUMIDITY,RT,1,"26,00"
14:45,HUMIDITY,RH,0,"50,00"
14:45,HUMIDITY,RH,1,"77,00"
14:45,DELTA,RT,0,"3,83"
14:45,DELTA,RT,1,"3,14"
14:45,DELTA,RH,2,"27,00"
14:45,FLOW,WF,0,0
14:45,FLOW,WF,1,0
14:45,0,RT,0,"28,50"
14:50,STATE,RT,0,"26,25"
14:50,HUMIDITY,RT,0,"26,84"
14:50,HUMIDITY,RT,1,"26,00"
14:50,HUMIDITY,RH,0,"55,15"
14:50,HUMIDITY,RH,1,"76,40"
14:50,DELTA,RT,0,"0,59"
14:50,DELTA,RT,1,"0,84"
14:50,DELTA,RH,2,"21,25"
14:50,FLOW,WF,0,0
14:50,FLOW,WF,1,0
14:50,0,RT,0,"28,75"
14:55,STATE,RT,0,"26,37"
14:55,HUMIDITY,RT,0,"26,80"
14:55,HUMIDITY,RT,1,"26,00"
14:55,HUMIDITY,RH,0,"55,49"
14:55,HUMIDITY,RH,1,"76,40"
14:55,DELTA,RT,0,"0,43"
14:55,DELTA,RT,1,"0,80"
14:55,DELTA,RH,2,"20,91"
14:55,FLOW,WF,0,0
14:55,FLOW,WF,1,0
14:55,0,RT,0,"29,00"
15:00,STATE,RT,0,"26,43"
15:00,HUMIDITY,RT,0,"26,86"
15:00,HUMIDITY,RT,1,"26,00"
15:00,HUMIDITY,RH,0,"55,39"
15:00,HUMIDITY,RH,1,"76,10"
15:00,DELTA,RT,0,"0,40"
15:00,DELTA,RT,1,"0,83"
15:00,DELTA,RH,2,"20,81"
15:00,FLOW,WF,0,0
15:00,FLOW,WF,1,0
15:00,0,RT,0,"29,25"
15:05,STATE,RT,0,"26,43"
15:05,HUMIDITY,RT,0,"26,86"
15:05,HUMIDITY,RT,1,"26,10"
15:05,HUMIDITY,RH,0,"54,18"
15:05,HUMIDITY,RH,1,"75,10"
15:05,DELTA,RT,0,"0,50"
15:05,DELTA,RT,1,"0,77"
15:05,DELTA,RH,2,"20,94"
15:05,FLOW,WF,0,0
15:05,FLOW,WF,1,0
15:05,0,RT,0,"29,25"
15:10,STATE,RT,0,"26,56"
15:10,HUMIDITY,RT,0,"26,89"
15:10,HUMIDITY,RT,1,"26,10"
15:10,HUMIDITY,RH,0,"54,26"
15:10,HUMIDITY,RH,1,"75,00"
15:10,DELTA,RT,0,"0,33"
15:10,DELTA,RT,1,"0,79"
15:10,DELTA,RH,2,"20,74"
15:10,FLOW,WF,0,0
15:10,FLOW,WF,1,0
15:10,0,RT,0,"29,25"
15:15,STATE,RT,0,"26,62"
15:15,HUMIDITY,RT,0,"26,97"
15:15,HUMIDITY,RT,1,"26,20"
15:15,HUMIDITY,RH,0,"53,89"
15:15,HUMIDITY,RH,1,"74,60"
15:15,DELTA,RT,0,"0,35"
15:15,DELTA,RT,1,"0,77"
15:15,DELTA,RH,2,"20,71"
15:15,FLOW,WF,0,0
15:15,FLOW,WF,1,0
15:15,0,RT,0,"29,50"
15:20,STATE,RT,0,"26,56"
15:20,HUMIDITY,RT,0,"26,98"
15:20,HUMIDITY,RT,1,"26,20"
15:20,HUMIDITY,RH,0,"53,56"
15:20,HUMIDITY,RH,1,"74,10"
15:20,DELTA,RT,0,"0,42"
15:20,DELTA,RT,1,"0,78"
15:20,DELTA,RH,2,"20,54"
15:20,FLOW,WF,0,0
15:20,FLOW,WF,1,0
15:20,0,RT,0,"29,25"
15:25,STATE,RT,0,"26,62"
15:25,HUMIDITY,RT,0,"27,04"
15:25,HUMIDITY,RT,1,"26,20"
15:25,HUMIDITY,RH,0,"53,49"
15:25,HUMIDITY,RH,1,"74,10"
15:25,DELTA,RT,0,"0,42"
15:25,DELTA,RT,1,"0,84"
15:25,DELTA,RH,2,"20,61"
15:25,FLOW,WF,0,0
15:25,FLOW,WF,1,0
15:25,0,RT,0,"29,50"
15:30,STATE,RT,0,"26,56"
15:30,HUMIDITY,RT,0,"27,04"
15:30,HUMIDITY,RT,1,"26,20"
15:30,HUMIDITY,RH,0,"53,14"
15:30,HUMIDITY,RH,1,"73,40"
15:30,DELTA,RT,0,"0,47"
15:30,DELTA,RT,1,"0,83"
15:30,DELTA,RH,2,"20,34"
15:30,FLOW,WF,0,0
15:30,FLOW,WF,1,0
15:30,0,RT,0,"29,50"
15:35,STATE,RT,0,"26,68"
15:35,HUMIDITY,RT,0,"27,11"
15:35,HUMIDITY,RT,1,"26,30"
15:35,HUMIDITY,RH,0,"52,81"
15:35,HUMIDITY,RH,1,"73,20"
15:35,DELTA,RT,0,"0,42"
15:35,DELTA,RT,1,"0,80"
15:35,DELTA,RH,2,"20,39"
15:35,FLOW,WF,0,0
15:35,FLOW,WF,1,0
15:35,0,RT,0,"29,50"
15:41,STATE,RT,0,"26,75"
15:41,HUMIDITY,RT,0,"27,11"
15:41,HUMIDITY,RT,1,"26,30"
15:41,HUMIDITY,RH,0,"52,94"
15:41,HUMIDITY,RH,1,"73,30"
15:41,DELTA,RT,0,"0,44"
15:41,DELTA,RT,1,"0,82"
15:41,DELTA,RH,2,"20,39"
15:41,FLOW,WF,0,0
15:41,FLOW,WF,1,0
15:41,0,RT,0,"29,50"
15:46,STATE,RT,0,"26,75"
15:46,HUMIDITY,RT,0,"27,14"
15:46,HUMIDITY,RT,1,"26,30"
15:46,HUMIDITY,RH,0,"53,13"
15:46,HUMIDITY,RH,1,"73,40"
15:46,DELTA,RT,0,"0,39"
15:46,DELTA,RT,1,"0,84"
15:46,DELTA,RH,2,"20,37"
15:46,FLOW,WF,0,0
15:46,FLOW,WF,1,0
15:46,0,RT,0,"29,50"
15:51,STATE,RT,0,"26,75"
15:51,HUMIDITY,RT,0,"27,15"
15:51,HUMIDITY,RT,1,"26,30"
15:51,HUMIDITY,RH,0,"52,59"
15:51,HUMIDITY,RH,1,"72,70"
15:51,DELTA,RT,0,"0,40"
15:51,DELTA,RT,1,"0,85"
15:51,DELTA,RH,2,"20,11"
15:51,FLOW,WF,0,0
15:51,FLOW,WF,1,0
15:51,0,RT,0,"29,50"
15:56,STATE,RT,0,"26,75"
15:56,HUMIDITY,RT,0,"27,20"
15:56,HUMIDITY,RT,1,"26,40"
15:56,HUMIDITY,RH,0,"52,43"
15:56,HUMIDITY,RH,1,"72,60"
15:56,DELTA,RT,0,"0,45"
15:56,DELTA,RT,1,"0,80"
15:56,DELTA,RH,2,"20,17"
15:56,FLOW,WF,0,0
15:56,FLOW,WF,1,0
15:56,0,RT,0,"29,50"
16:01,STATE,RT,0,"26,68"
16:01,HUMIDITY,RT,0,"27,18"
16:01,HUMIDITY,RT,1,"26,40"
16:01,HUMIDITY,RH,0,"52,14"
16:01,HUMIDITY,RH,1,"72,20"
16:01,DELTA,RT,0,"0,43"
16:01,DELTA,RT,1,"0,78"
16:01,DELTA,RH,2,"19,84"
16:01,FLOW,WF,0,0
16:01,FLOW,WF,1,0
16:01,0,RT,0,"29,75"
16:06,STATE,RT,0,"26,68"
16:06,HUMIDITY,RT,0,"27,11"
16:06,HUMIDITY,RT,1,"26,30"
16:06,HUMIDITY,RH,0,"52,35"
16:06,HUMIDITY,RH,1,"72,20"
16:06,DELTA,RT,0,"0,45"
16:06,DELTA,RT,1,"0,83"
16:06,DELTA,RH,2,"19,96"
16:06,FLOW,WF,0,0
16:06,FLOW,WF,1,0
16:06,0,RT,0,"29,75"
16:11,STATE,RT,0,"26,68"
16:11,HUMIDITY,RT,0,"27,11"
16:11,HUMIDITY,RT,1,"26,30"
16:11,HUMIDITY,RH,0,"52,71"
16:11,HUMIDITY,RH,1,"72,70"
16:11,DELTA,RT,0,"0,41"
16:11,DELTA,RT,1,"0,79"
16:11,DELTA,RH,2,"19,90"
16:11,FLOW,WF,0,0
16:11,FLOW,WF,1,0
16:11,0,RT,0,"29,50"
16:16,STATE,RT,0,"26,62"
16:16,HUMIDITY,RT,0,"27,04"
16:16,HUMIDITY,RT,1,"26,30"
16:16,HUMIDITY,RH,0,"53,16"
16:16,HUMIDITY,RH,1,"73,30"
16:16,DELTA,RT,0,"0,43"
16:16,DELTA,RT,1,"0,75"
16:16,DELTA,RH,2,"20,17"
16:16,FLOW,WF,0,0
16:16,FLOW,WF,1,0
16:16,0,RT,0,"29,50"
16:21,STATE,RT,0,"26,68"
16:21,HUMIDITY,RT,0,"27,13"
16:21,HUMIDITY,RT,1,"26,30"
16:21,HUMIDITY,RH,0,"53,29"
16:21,HUMIDITY,RH,1,"73,30"
16:21,DELTA,RT,0,"0,46"
16:21,DELTA,RT,1,"0,84"
16:21,DELTA,RH,2,"20,02"
16:21,FLOW,WF,0,0
16:21,FLOW,WF,1,0
16:21,0,RT,0,"29,50"
16:26,STATE,RT,0,"26,50"
16:26,HUMIDITY,RT,0,"27,08"
16:26,HUMIDITY,RT,1,"26,30"
16:26,HUMIDITY,RH,0,"52,85"
16:26,HUMIDITY,RH,1,"72,70"
16:26,DELTA,RT,0,"0,58"
16:26,DELTA,RT,1,"0,78"
16:26,DELTA,RH,2,"19,85"
16:26,FLOW,WF,0,0
16:26,FLOW,WF,1,0
16:26,0,RT,0,"29,50"
16:31,STATE,RT,0,"26,50"
16:31,HUMIDITY,RT,0,"27,08"
16:31,HUMIDITY,RT,1,"26,30"
16:31,HUMIDITY,RH,0,"53,21"
16:31,HUMIDITY,RH,1,"73,20"
16:31,DELTA,RT,0,"0,58"
16:31,DELTA,RT,1,"0,78"
16:31,DELTA,RH,2,"19,99"
16:31,FLOW,WF,0,0
16:31,FLOW,WF,1,0
16:31,0,RT,0,"29,50"
16:36,STATE,RT,0,"26,50"
16:36,HUMIDITY,RT,0,"27,07"
16:36,HUMIDITY,RT,1,"26,30"
16:36,HUMIDITY,RH,0,"53,36"
16:36,HUMIDITY,RH,1,"73,60"
16:36,DELTA,RT,0,"0,55"
16:36,DELTA,RT,1,"0,75"
16:36,DELTA,RH,2,"20,25"
16:36,FLOW,WF,0,0
16:36,FLOW,WF,1,0
16:36,0,RT,0,"29,50"
16:41,STATE,RT,0,"26,50"
16:41,HUMIDITY,RT,0,"27,07"
16:41,HUMIDITY,RT,1,"26,20"
16:41,HUMIDITY,RH,0,"53,33"
16:41,HUMIDITY,RH,1,"73,70"
16:41,DELTA,RT,0,"0,58"
16:41,DELTA,RT,1,"0,88"
16:41,DELTA,RH,2,"20,38"
16:41,FLOW,WF,0,0
16:41,FLOW,WF,1,0
16:41,0,RT,0,"29,50"
16:46,STATE,RT,0,"26,37"
16:46,HUMIDITY,RT,0,"27,01"
16:46,HUMIDITY,RT,1,"26,20"
16:46,HUMIDITY,RH,0,"53,25"
16:46,HUMIDITY,RH,1,"73,50"
16:46,DELTA,RT,0,"0,63"
16:46,DELTA,RT,1,"0,80"
16:46,DELTA,RH,2,"20,35"
16:46,FLOW,WF,0,0
16:46,FLOW,WF,1,0
16:46,0,RT,0,"29,50"
16:51,STATE,RT,0,"26,37"
16:51,HUMIDITY,RT,0,"26,94"
16:51,HUMIDITY,RT,1,"26,20"
16:51,HUMIDITY,RH,0,"53,39"
16:51,HUMIDITY,RH,1,"73,70"
16:51,DELTA,RT,0,"0,58"
16:51,DELTA,RT,1,"0,75"
16:51,DELTA,RH,2,"20,32"
16:51,FLOW,WF,0,0
16:51,FLOW,WF,1,0
16:51,0,RT,0,"29,25"
16:56,STATE,RT,0,"26,43"
16:56,HUMIDITY,RT,0,"27,05"
16:56,HUMIDITY,RT,1,"26,20"
16:56,HUMIDITY,RH,0,"53,66"
16:56,HUMIDITY,RH,1,"74,00"
16:56,DELTA,RT,0,"0,62"
16:56,DELTA,RT,1,"0,85"
16:56,DELTA,RH,2,"20,34"
16:56,FLOW,WF,0,0
16:56,FLOW,WF,1,0
16:56,0,RT,0,"29,50"
17:01,STATE,RT,0,"26,43"
17:01,HUMIDITY,RT,0,"27,10"
17:01,HUMIDITY,RT,1,"26,30"
17:01,HUMIDITY,RH,0,"53,35"
17:01,HUMIDITY,RH,1,"73,70"
17:01,DELTA,RT,0,"0,67"
17:01,DELTA,RT,1,"0,80"
17:01,DELTA,RH,2,"20,35"
17:01,FLOW,WF,0,0
17:01,FLOW,WF,1,0
17:01,0,RT,0,"29,50"
17:06,STATE,RT,0,"26,37"
17:06,HUMIDITY,RT,0,"27,14"
17:06,HUMIDITY,RT,1,"26,30"
17:06,HUMIDITY,RH,0,"53,55"
17:06,HUMIDITY,RH,1,"74,00"
17:06,DELTA,RT,0,"0,69"
17:06,DELTA,RT,1,"0,82"
17:06,DELTA,RH,2,"20,46"
17:06,FLOW,WF,0,0
17:06,FLOW,WF,1,0
17:06,0,RT,0,"29,50"
17:11,STATE,RT,0,"26,31"
17:11,HUMIDITY,RT,0,"27,03"
17:11,HUMIDITY,RT,1,"26,20"
17:11,HUMIDITY,RH,0,"53,80"
17:11,HUMIDITY,RH,1,"74,40"
17:11,DELTA,RT,0,"0,72"
17:11,DELTA,RT,1,"0,83"
17:11,DELTA,RH,2,"20,60"
17:11,FLOW,WF,0,0
17:11,FLOW,WF,1,0
17:11,0,RT,0,"29,50"
17:16,STATE,RT,0,"26,25"
17:16,HUMIDITY,RT,0,"26,98"
17:16,HUMIDITY,RT,1,"26,10"
17:16,HUMIDITY,RH,0,"53,83"
17:16,HUMIDITY,RH,1,"74,50"
17:16,DELTA,RT,0,"0,73"
17:16,DELTA,RT,1,"0,88"
17:16,DELTA,RH,2,"20,67"
17:16,FLOW,WF,0,0
17:16,FLOW,WF,1,0
17:16,0,RT,0,"29,25"
17:21,STATE,RT,0,"26,31"
17:21,HUMIDITY,RT,0,"26,88"
17:21,HUMIDITY,RT,1,"26,10"
17:21,HUMIDITY,RH,0,"54,24"
17:21,HUMIDITY,RH,1,"74,90"
17:21,DELTA,RT,0,"0,57"
17:21,DELTA,RT,1,"0,78"
17:21,DELTA,RH,2,"20,66"
17:21,FLOW,WF,0,0
17:21,FLOW,WF,1,0
17:21,0,RT,0,"29,25"
17:26,STATE,RT,0,"26,25"
17:26,HUMIDITY,RT,0,"26,86"
17:26,HUMIDITY,RT,1,"26,10"
17:26,HUMIDITY,RH,0,"54,44"
17:26,HUMIDITY,RH,1,"75,10"
17:26,DELTA,RT,0,"0,61"
17:26,DELTA,RT,1,"0,76"
17:26,DELTA,RH,2,"20,66"
17:26,FLOW,WF,0,0
17:26,FLOW,WF,1,0
17:26,0,RT,0,"29,25"
17:31,STATE,RT,0,"26,18"
17:31,HUMIDITY,RT,0,"26,84"
17:31,HUMIDITY,RT,1,"26,00"
17:31,HUMIDITY,RH,0,"54,51"
17:31,HUMIDITY,RH,1,"75,10"
17:31,DELTA,RT,0,"0,66"
17:31,DELTA,RT,1,"0,84"
17:31,DELTA,RH,2,"20,59"
17:31,FLOW,WF,0,0
17:31,FLOW,WF,1,0
17:31,0,RT,0,"29,25"
17:36,STATE,RT,0,"26,25"
17:36,HUMIDITY,RT,0,"26,86"
17:36,HUMIDITY,RT,1,"26,10"
17:36,HUMIDITY,RH,0,"54,68"
17:36,HUMIDITY,RH,1,"75,40"
17:36,DELTA,RT,0,"0,61"
17:36,DELTA,RT,1,"0,76"
17:36,DELTA,RH,2,"20,72"
17:36,FLOW,WF,0,0
17:36,FLOW,WF,1,0
17:36,0,RT,0,"29,25"
17:41,STATE,RT,0,"26,18"
17:41,HUMIDITY,RT,0,"26,83"
17:41,HUMIDITY,RT,1,"26,00"
17:41,HUMIDITY,RH,0,"54,70"
17:41,HUMIDITY,RH,1,"75,30"
17:41,DELTA,RT,0,"0,65"
17:41,DELTA,RT,1,"0,83"
17:41,DELTA,RH,2,"20,67"
17:41,FLOW,WF,0,0
17:41,FLOW,WF,1,0
17:41,0,RT,0,"29,25"
17:46,STATE,RT,0,"26,12"
17:46,HUMIDITY,RT,0,"26,71"
17:46,HUMIDITY,RT,1,"26,00"
17:46,HUMIDITY,RH,0,"55,06"
17:46,HUMIDITY,RH,1,"75,60"
17:46,DELTA,RT,0,"0,65"
17:46,DELTA,RT,1,"0,77"
17:46,DELTA,RH,2,"20,64"
17:46,FLOW,WF,0,0
17:46,FLOW,WF,1,0
17:46,0,RT,0,"29,00"
17:52,STATE,RT,0,"26,12"
17:52,HUMIDITY,RT,0,"26,73"
17:52,HUMIDITY,RT,1,"26,00"
17:52,HUMIDITY,RH,0,"55,17"
17:52,HUMIDITY,RH,1,"75,70"
17:52,DELTA,RT,0,"0,61"
17:52,DELTA,RT,1,"0,73"
17:52,DELTA,RH,2,"20,53"
17:52,FLOW,WF,0,0
17:52,FLOW,WF,1,0
17:52,0,RT,0,"29,00"
17:57,STATE,RT,0,"26,12"
17:57,HUMIDITY,RT,0,"26,72"
17:57,HUMIDITY,RT,1,"25,90"
17:57,HUMIDITY,RH,0,"55,57"
17:57,HUMIDITY,RH,1,"76,10"
17:57,DELTA,RT,0,"0,60"
17:57,DELTA,RT,1,"0,82"
17:57,DELTA,RH,2,"20,53"
17:57,FLOW,WF,0,0
17:57,FLOW,WF,1,0
17:57,0,RT,0,"29,00"
18:02,STATE,RT,0,"26,18"
18:02,HUMIDITY,RT,0,"26,57"
18:02,HUMIDITY,RT,1,"25,90"
18:02,HUMIDITY,RH,0,"56,17"
18:02,HUMIDITY,RH,1,"76,50"
18:02,DELTA,RT,0,"0,39"
18:02,DELTA,RT,1,"0,67"
18:02,DELTA,RH,2,"20,33"
18:02,FLOW,WF,0,0
18:02,FLOW,WF,1,0
18:02,0,RT,0,"29,00"
18:07,STATE,RT,0,"26,00"
18:07,HUMIDITY,RT,0,"26,57"
18:07,HUMIDITY,RT,1,"25,90"
18:07,HUMIDITY,RH,0,"56,25"
18:07,HUMIDITY,RH,1,"76,70"
18:07,DELTA,RT,0,"0,57"
18:07,DELTA,RT,1,"0,67"
18:07,DELTA,RH,2,"20,45"
18:07,FLOW,WF,0,0
18:07,FLOW,WF,1,0
18:07,0,RT,0,"28,75"
18:12,STATE,RT,0,"25,87"
18:12,HUMIDITY,RT,0,"26,54"
18:12,HUMIDITY,RT,1,"25,80"
18:12,HUMIDITY,RH,0,"56,61"
18:12,HUMIDITY,RH,1,"77,20"
18:12,DELTA,RT,0,"0,66"
18:12,DELTA,RT,1,"0,73"
18:12,DELTA,RH,2,"20,49"
18:12,FLOW,WF,0,0
18:12,FLOW,WF,1,0
18:12,0,RT,0,"28,75"
18:17,STATE,RT,0,"25,75"
18:17,HUMIDITY,RT,0,"26,50"
18:17,HUMIDITY,RT,1,"25,70"
18:17,HUMIDITY,RH,0,"56,58"
18:17,HUMIDITY,RH,1,"77,20"
18:17,DELTA,RT,0,"0,75"
18:17,DELTA,RT,1,"0,80"
18:17,DELTA,RH,2,"20,59"
18:17,FLOW,WF,0,0
18:17,FLOW,WF,1,0
18:17,0,RT,0,"28,75"
18:22,STATE,RT,0,"25,93"
18:22,HUMIDITY,RT,0,"26,57"
18:22,HUMIDITY,RT,1,"25,70"
18:22,HUMIDITY,RH,0,"56,43"
18:22,HUMIDITY,RH,1,"77,20"
18:22,DELTA,RT,0,"0,67"
18:22,DELTA,RT,1,"0,90"
18:22,DELTA,RH,2,"20,84"
18:22,FLOW,WF,0,0
18:22,FLOW,WF,1,0
18:22,0,RT,0,"28,75"
18:27,STATE,RT,0,"25,93"
18:27,HUMIDITY,RT,0,"26,55"
18:27,HUMIDITY,RT,1,"25,80"
18:27,HUMIDITY,RH,0,"56,36"
18:27,HUMIDITY,RH,1,"77,10"
18:27,DELTA,RT,0,"0,62"
18:27,DELTA,RT,1,"0,75"
18:27,DELTA,RH,2,"20,75"
18:27,FLOW,WF,0,0
18:27,FLOW,WF,1,0
18:27,0,RT,0,"28,75"
18:32,STATE,RT,0,"25,93"
18:32,HUMIDITY,RT,0,"26,55"
18:32,HUMIDITY,RT,1,"25,70"
18:32,HUMIDITY,RH,0,"56,22"
18:32,HUMIDITY,RH,1,"77,00"
18:32,DELTA,RT,0,"0,62"
18:32,DELTA,RT,1,"0,85"
18:32,DELTA,RH,2,"20,78"
18:32,FLOW,WF,0,0
18:32,FLOW,WF,1,0
18:32,0,RT,0,"28,75"
18:37,STATE,RT,0,"25,87"
18:37,HUMIDITY,RT,0,"26,46"
18:37,HUMIDITY,RT,1,"25,70"
18:37,HUMIDITY,RH,0,"56,27"
18:37,HUMIDITY,RH,1,"76,90"
18:37,DELTA,RT,0,"0,59"
18:37,DELTA,RT,1,"0,76"
18:37,DELTA,RH,2,"20,63"
18:37,FLOW,WF,0,0
18:37,FLOW,WF,1,0
18:37,0,RT,0,"28,75"
18:42,STATE,RT,0,"25,87"
18:42,HUMIDITY,RT,0,"26,51"
18:42,HUMIDITY,RT,1,"25,70"
18:42,HUMIDITY,RH,0,"56,01"
18:42,HUMIDITY,RH,1,"76,80"
18:42,DELTA,RT,0,"0,64"
18:42,DELTA,RT,1,"0,81"
18:42,DELTA,RH,2,"20,79"
18:42,FLOW,WF,0,0
18:42,FLOW,WF,1,0
18:42,0,RT,0,"28,75"
18:47,STATE,RT,0,"25,87"
18:47,HUMIDITY,RT,0,"26,43"
18:47,HUMIDITY,RT,1,"25,70"
18:47,HUMIDITY,RH,0,"56,12"
18:47,HUMIDITY,RH,1,"76,70"
18:47,DELTA,RT,0,"0,56"
18:47,DELTA,RT,1,"0,73"
18:47,DELTA,RH,2,"20,62"
18:47,FLOW,WF,0,0
18:47,FLOW,WF,1,0
18:47,0,RT,0,"28,75"
18:52,STATE,RT,0,"25,87"
18:52,HUMIDITY,RT,0,"26,46"
18:52,HUMIDITY,RT,1,"25,70"
18:52,HUMIDITY,RH,0,"55,93"
18:52,HUMIDITY,RH,1,"76,70"
18:52,DELTA,RT,0,"0,59"
18:52,DELTA,RT,1,"0,76"
18:52,DELTA,RH,2,"20,75"
18:52,FLOW,WF,0,0
18:52,FLOW,WF,1,0
18:52,0,RT,0,"28,75"
18:57,STATE,RT,0,"25,87"
18:57,HUMIDITY,RT,0,"26,48"
18:57,HUMIDITY,RT,1,"25,70"
18:57,HUMIDITY,RH,0,"55,73"
18:57,HUMIDITY,RH,1,"76,50"
18:57,DELTA,RT,0,"0,63"
18:57,DELTA,RT,1,"0,80"
18:57,DELTA,RH,2,"20,77"
18:57,FLOW,WF,0,0
18:57,FLOW,WF,1,0
18:57,0,RT,0,"28,75"
19:02,STATE,RT,0,"25,87"
19:02,HUMIDITY,RT,0,"26,51"
19:02,HUMIDITY,RT,1,"25,70"
19:02,HUMIDITY,RH,0,"55,62"
19:02,HUMIDITY,RH,1,"76,40"
19:02,DELTA,RT,0,"0,62"
19:02,DELTA,RT,1,"0,79"
19:02,DELTA,RH,2,"20,89"
19:02,FLOW,WF,0,0
19:02,FLOW,WF,1,0
19:02,0,RT,0,"28,75"
19:07,STATE,RT,0,"25,87"
19:07,HUMIDITY,RT,0,"26,46"
19:07,HUMIDITY,RT,1,"25,70"
19:07,HUMIDITY,RH,0,"55,70"
19:07,HUMIDITY,RH,1,"76,40"
19:07,DELTA,RT,0,"0,58"
19:07,DELTA,RT,1,"0,75"
19:07,DELTA,RH,2,"20,70"
19:07,FLOW,WF,0,0
19:07,FLOW,WF,1,0
19:07,0,RT,0,"29,00"
19:12,STATE,RT,0,"25,81"
19:12,HUMIDITY,RT,0,"26,44"
19:12,HUMIDITY,RT,1,"25,70"
19:12,HUMIDITY,RH,0,"55,23"
19:12,HUMIDITY,RH,1,"76,00"
19:12,DELTA,RT,0,"0,63"
19:12,DELTA,RT,1,"0,74"
19:12,DELTA,RH,2,"20,77"
19:12,FLOW,WF,0,0
19:12,FLOW,WF,1,0
19:12,0,RT,0,"28,75"
19:17,STATE,RT,0,"25,87"
19:17,HUMIDITY,RT,0,"26,44"
19:17,HUMIDITY,RT,1,"25,60"
19:17,HUMIDITY,RH,0,"55,56"
19:17,HUMIDITY,RH,1,"76,20"
19:17,DELTA,RT,0,"0,57"
19:17,DELTA,RT,1,"0,84"
19:17,DELTA,RH,2,"20,64"
19:17,FLOW,WF,0,0
19:17,FLOW,WF,1,0
19:17,0,RT,0,"28,75"
19:22,STATE,RT,0,"25,81"
19:22,HUMIDITY,RT,0,"26,44"
19:22,HUMIDITY,RT,1,"25,60"
19:22,HUMIDITY,RH,0,"55,04"
19:22,HUMIDITY,RH,1,"75,70"
19:22,DELTA,RT,0,"0,63"
19:22,DELTA,RT,1,"0,84"
19:22,DELTA,RH,2,"20,66"
19:22,FLOW,WF,0,0
19:22,FLOW,WF,1,0
19:22,0,RT,0,"28,75"
19:27,STATE,RT,0,"25,87"
19:27,HUMIDITY,RT,0,"26,41"
19:27,HUMIDITY,RT,1,"25,70"
19:27,HUMIDITY,RH,0,"55,26"
19:27,HUMIDITY,RH,1,"76,00"
19:27,DELTA,RT,0,"0,54"
19:27,DELTA,RT,1,"0,71"
19:27,DELTA,RH,2,"20,74"
19:27,FLOW,WF,0,0
19:27,FLOW,WF,1,0
19:27,0,RT,0,"29,00"
19:32,STATE,RT,0,"25,87"
19:32,HUMIDITY,RT,0,"26,39"
19:32,HUMIDITY,RT,1,"25,60"
19:32,HUMIDITY,RH,0,"55,13"
19:32,HUMIDITY,RH,1,"75,80"
19:32,DELTA,RT,0,"0,52"
19:32,DELTA,RT,1,"0,79"
19:32,DELTA,RH,2,"20,67"
19:32,FLOW,WF,0,0
19:32,FLOW,WF,1,0
19:32,0,RT,0,"28,75"
19:37,STATE,RT,0,"25,93"
19:37,HUMIDITY,RT,0,"26,43"
19:37,HUMIDITY,RT,1,"25,70"
19:37,HUMIDITY,RH,0,"55,00"
19:37,HUMIDITY,RH,1,"75,80"
19:37,DELTA,RT,0,"0,50"
19:37,DELTA,RT,1,"0,73"
19:37,DELTA,RH,2,"20,80"
19:37,FLOW,WF,0,0
19:37,FLOW,WF,1,0
19:37,0,RT,0,"28,75"
19:42,STATE,RT,0,"25,81"
19:42,HUMIDITY,RT,0,"26,45"
19:42,HUMIDITY,RT,1,"25,70"
19:42,HUMIDITY,RH,0,"54,76"
19:42,HUMIDITY,RH,1,"75,70"
19:42,DELTA,RT,0,"0,64"
19:42,DELTA,RT,1,"0,75"
19:42,DELTA,RH,2,"20,94"
19:42,FLOW,WF,0,0
19:42,FLOW,WF,1,0
19:42,0,RT,0,"28,75"
19:47,STATE,RT,0,"26,06"
19:47,HUMIDITY,RT,0,"26,37"
19:47,HUMIDITY,RT,1,"25,70"
19:47,HUMIDITY,RH,0,"55,04"
19:47,HUMIDITY,RH,1,"75,60"
19:47,DELTA,RT,0,"0,31"
19:47,DELTA,RT,1,"0,67"
19:47,DELTA,RH,2,"20,59"
19:47,FLOW,WF,0,0
19:47,FLOW,WF,1,0
19:47,0,RT,0,"28,75"
19:52,STATE,RT,0,"26,00"
19:52,HUMIDITY,RT,0,"26,43"
19:52,HUMIDITY,RT,1,"25,70"
19:52,HUMIDITY,RH,0,"54,69"
19:52,HUMIDITY,RH,1,"75,40"
19:52,DELTA,RT,0,"0,44"
19:52,DELTA,RT,1,"0,74"
19:52,DELTA,RH,2,"20,74"
19:52,FLOW,WF,0,0
19:52,FLOW,WF,1,0
19:52,0,RT,0,"28,75"
19:57,STATE,RT,0,"26,18"
19:57,HUMIDITY,RT,0,"26,49"
19:57,HUMIDITY,RT,1,"25,70"
19:57,HUMIDITY,RH,0,"54,55"
19:57,HUMIDITY,RH,1,"75,40"
19:57,DELTA,RT,0,"0,31"
19:57,DELTA,RT,1,"0,79"
19:57,DELTA,RH,2,"20,85"
19:57,FLOW,WF,0,0
19:57,FLOW,WF,1,0
19:57,0,RT,0,"28,75"
20:03,STATE,RT,0,"26,18"
20:03,HUMIDITY,RT,0,"26,56"
20:03,HUMIDITY,RT,1,"25,80"
20:03,HUMIDITY,RH,0,"54,64"
20:03,HUMIDITY,RH,1,"75,40"
20:03,DELTA,RT,0,"0,38"
20:03,DELTA,RT,1,"0,76"
20:03,DELTA,RH,2,"20,76"
20:03,FLOW,WF,0,0
20:03,FLOW,WF,1,0
20:03,0,RT,0,"29,00"
20:08,STATE,RT,0,"26,25"
20:08,HUMIDITY,RT,0,"26,57"
20:08,HUMIDITY,RT,1,"25,80"
20:08,HUMIDITY,RH,0,"54,76"
20:08,HUMIDITY,RH,1,"75,40"
20:08,DELTA,RT,0,"0,32"
20:08,DELTA,RT,1,"0,77"
20:08,DELTA,RH,2,"20,64"
20:08,FLOW,WF,0,0
20:08,FLOW,WF,1,0
20:08,0,RT,0,"29,00"
20:13,STATE,RT,0,"26,31"
20:13,HUMIDITY,RT,0,"26,63"
20:13,HUMIDITY,RT,1,"25,80"
20:13,HUMIDITY,RH,0,"54,71"
20:13,HUMIDITY,RH,1,"75,60"
20:13,DELTA,RT,0,"0,32"
20:13,DELTA,RT,1,"0,83"
20:13,DELTA,RH,2,"20,89"
20:13,FLOW,WF,0,0
20:13,FLOW,WF,1,0
20:13,0,RT,0,"29,00"
20:18,STATE,RT,0,"26,25"
20:18,HUMIDITY,RT,0,"26,58"
20:18,HUMIDITY,RT,1,"25,90"
20:18,HUMIDITY,RH,0,"54,77"
20:18,HUMIDITY,RH,1,"75,50"
20:18,DELTA,RT,0,"0,33"
20:18,DELTA,RT,1,"0,78"
20:18,DELTA,RH,2,"20,72"
20:18,FLOW,WF,0,0
20:18,FLOW,WF,1,0
20:18,0,RT,0,"29,00"
20:23,STATE,RT,0,"26,25"
20:23,HUMIDITY,RT,0,"26,58"
20:23,HUMIDITY,RT,1,"25,80"
20:23,HUMIDITY,RH,0,"54,91"
20:23,HUMIDITY,RH,1,"75,50"
20:23,DELTA,RT,0,"0,31"
20:23,DELTA,RT,1,"0,76"
20:23,DELTA,RH,2,"20,56"
20:23,FLOW,WF,0,0
20:23,FLOW,WF,1,0
20:23,0,RT,0,"29,00"
20:28,STATE,RT,0,"26,31"
20:28,HUMIDITY,RT,0,"26,69"
20:28,HUMIDITY,RT,1,"25,90"
20:28,HUMIDITY,RH,0,"54,78"
20:28,HUMIDITY,RH,1,"75,80"
20:28,DELTA,RT,0,"0,38"
20:28,DELTA,RT,1,"0,79"
20:28,DELTA,RH,2,"20,99"
20:28,FLOW,WF,0,0
20:28,FLOW,WF,1,0
20:28,0,RT,0,"29,00"
20:33,STATE,RT,0,"26,37"
20:33,HUMIDITY,RT,0,"26,58"
20:33,HUMIDITY,RT,1,"25,90"
20:33,HUMIDITY,RH,0,"55,06"
20:33,HUMIDITY,RH,1,"75,80"
20:33,DELTA,RT,0,"0,27"
20:33,DELTA,RT,1,"0,68"
20:33,DELTA,RH,2,"20,62"
20:33,FLOW,WF,0,0
20:33,FLOW,WF,1,0
20:33,0,RT,0,"29,00"
20:38,STATE,RT,0,"26,43"
20:38,HUMIDITY,RT,0,"26,65"
20:38,HUMIDITY,RT,1,"25,90"
20:38,HUMIDITY,RH,0,"54,96"
20:38,HUMIDITY,RH,1,"75,70"
20:38,DELTA,RT,0,"0,22"
20:38,DELTA,RT,1,"0,75"
20:38,DELTA,RH,2,"20,74"
20:38,FLOW,WF,0,0
20:38,FLOW,WF,1,0
20:38,0,RT,0,"29,00"
20:43,STATE,RT,0,"26,37"
20:43,HUMIDITY,RT,0,"26,70"
20:43,HUMIDITY,RT,1,"25,90"
20:43,HUMIDITY,RH,0,"54,79"
20:43,HUMIDITY,RH,1,"75,70"
20:43,DELTA,RT,0,"0,33"
20:43,DELTA,RT,1,"0,80"
20:43,DELTA,RH,2,"20,91"
20:43,FLOW,WF,0,0
20:43,FLOW,WF,1,0
20:43,0,RT,0,"29,00"
20:48,STATE,RT,0,"26,37"
20:48,HUMIDITY,RT,0,"26,58"
20:48,HUMIDITY,RT,1,"25,90"
20:48,HUMIDITY,RH,0,"54,59"
20:48,HUMIDITY,RH,1,"75,40"
20:48,DELTA,RT,0,"0,21"
20:48,DELTA,RT,1,"0,68"
20:48,DELTA,RH,2,"20,81"
20:48,FLOW,WF,0,0
20:48,FLOW,WF,1,0
20:48,0,RT,0,"29,00"
20:53,STATE,RT,0,"26,31"
20:53,HUMIDITY,RT,0,"26,62"
20:53,HUMIDITY,RT,1,"25,90"
20:53,HUMIDITY,RH,0,"54,70"
20:53,HUMIDITY,RH,1,"75,50"
20:53,DELTA,RT,0,"0,31"
20:53,DELTA,RT,1,"0,72"
20:53,DELTA,RH,2,"20,81"
20:53,FLOW,WF,0,0
20:53,FLOW,WF,1,0
20:53,0,RT,0,"29,00"
20:58,STATE,RT,0,"26,31"
20:58,HUMIDITY,RT,0,"26,44"
20:58,HUMIDITY,RT,1,"25,90"
20:58,HUMIDITY,RH,0,"55,29"
20:58,HUMIDITY,RH,1,"75,70"
20:58,DELTA,RT,0,"0,10"
20:58,DELTA,RT,1,"0,51"
20:58,DELTA,RH,2,"20,43"
20:58,FLOW,WF,0,0
20:58,FLOW,WF,1,0
20:58,0,RT,0,"28,75"
21:03,STATE,RT,0,"26,31"
21:03,HUMIDITY,RT,0,"26,68"
21:03,HUMIDITY,RT,1,"25,90"
21:03,HUMIDITY,RH,0,"54,73"
21:03,HUMIDITY,RH,1,"75,60"
21:03,DELTA,RT,0,"0,38"
21:03,DELTA,RT,1,"0,79"
21:03,DELTA,RH,2,"20,85"
21:03,FLOW,WF,0,0
21:03,FLOW,WF,1,0
21:03,0,RT,0,"29,00"
21:08,STATE,RT,0,"26,37"
21:08,HUMIDITY,RT,0,"26,63"
21:08,HUMIDITY,RT,1,"26,00"
21:08,HUMIDITY,RH,0,"55,10"
21:08,HUMIDITY,RH,1,"75,70"
21:08,DELTA,RT,0,"0,25"
21:08,DELTA,RT,1,"0,72"
21:08,DELTA,RH,2,"20,64"
21:08,FLOW,WF,0,0
21:08,FLOW,WF,1,0
21:08,0,RT,0,"29,00"
21:13,STATE,RT,0,"26,43"
21:13,HUMIDITY,RT,0,"26,55"
21:13,HUMIDITY,RT,1,"26,00"
21:13,HUMIDITY,RH,0,"55,31"
21:13,HUMIDITY,RH,1,"75,70"
21:13,DELTA,RT,0,"0,12"
21:13,DELTA,RT,1,"0,55"
21:13,DELTA,RH,2,"20,35"
21:13,FLOW,WF,0,0
21:13,FLOW,WF,1,0
21:13,0,RT,0,"29,25"
21:18,STATE,RT,0,"26,43"
21:18,HUMIDITY,RT,0,"26,55"
21:18,HUMIDITY,RT,1,"26,00"
21:18,HUMIDITY,RH,0,"55,12"
21:18,HUMIDITY,RH,1,"75,60"
21:18,DELTA,RT,0,"0,11"
21:18,DELTA,RT,1,"0,54"
21:18,DELTA,RH,2,"20,60"
21:18,FLOW,WF,0,0
21:18,FLOW,WF,1,0
21:18,0,RT,0,"29,25"
21:23,STATE,RT,0,"26,43"
21:23,HUMIDITY,RT,0,"26,54"
21:23,HUMIDITY,RT,1,"26,00"
21:23,HUMIDITY,RH,0,"55,12"
21:23,HUMIDITY,RH,1,"75,50"
21:23,DELTA,RT,0,"0,12"
21:23,DELTA,RT,1,"0,55"
21:23,DELTA,RH,2,"20,47"
21:23,FLOW,WF,0,0
21:23,FLOW,WF,1,0
21:23,0,RT,0,"29,25"
21:28,STATE,RT,0,"26,37"
21:28,HUMIDITY,RT,0,"26,59"
21:28,HUMIDITY,RT,1,"26,00"
21:28,HUMIDITY,RH,0,"55,17"
21:28,HUMIDITY,RH,1,"75,50"
21:28,DELTA,RT,0,"0,21"
21:28,DELTA,RT,1,"0,58"
21:28,DELTA,RH,2,"20,21"
21:28,FLOW,WF,0,0
21:28,FLOW,WF,1,0
21:28,0,RT,0,"29,25"
21:33,STATE,RT,0,"26,31"
21:33,HUMIDITY,RT,0,"26,73"
21:33,HUMIDITY,RT,1,"25,90"
21:33,HUMIDITY,RH,0,"53,99"
21:33,HUMIDITY,RH,1,"75,00"
21:33,DELTA,RT,0,"0,42"
21:33,DELTA,RT,1,"0,83"
21:33,DELTA,RH,2,"21,01"
21:33,FLOW,WF,0,0
21:33,FLOW,WF,1,0
21:33,0,RT,0,"29,25"
21:38,STATE,RT,0,"26,31"
21:38,HUMIDITY,RT,0,"26,68"
21:38,HUMIDITY,RT,1,"25,90"
21:38,HUMIDITY,RH,0,"54,07"
21:38,HUMIDITY,RH,1,"74,80"
21:38,DELTA,RT,0,"0,37"
21:38,DELTA,RT,1,"0,78"
21:38,DELTA,RH,2,"20,73"
21:38,FLOW,WF,0,0
21:38,FLOW,WF,1,0
21:38,0,RT,0,"29,00"
21:43,STATE,RT,0,"26,18"
21:43,HUMIDITY,RT,0,"26,75"
21:43,HUMIDITY,RT,1,"25,90"
21:43,HUMIDITY,RH,0,"53,64"
21:43,HUMIDITY,RH,1,"74,70"
21:43,DELTA,RT,0,"0,57"
21:43,DELTA,RT,1,"0,85"
21:43,DELTA,RH,2,"21,06"
21:43,FLOW,WF,0,0
21:43,FLOW,WF,1,0
21:43,0,RT,0,"29,00"
21:48,STATE,RT,0,"26,18"
21:48,HUMIDITY,RT,0,"26,74"
21:48,HUMIDITY,RT,1,"25,90"
21:48,HUMIDITY,RH,0,"53,68"
21:48,HUMIDITY,RH,1,"74,60"
21:48,DELTA,RT,0,"0,56"
21:48,DELTA,RT,1,"0,84"
21:48,DELTA,RH,2,"20,92"
21:48,FLOW,WF,0,0
21:48,FLOW,WF,1,0
21:48,0,RT,0,"29,25"
21:53,STATE,RT,0,"26,18"
21:53,HUMIDITY,RT,0,"26,77"
21:53,HUMIDITY,RT,1,"25,90"
21:53,HUMIDITY,RH,0,"53,50"
21:53,HUMIDITY,RH,1,"74,50"
21:53,DELTA,RT,0,"0,59"
21:53,DELTA,RT,1,"0,87"
21:53,DELTA,RH,2,"21,00"
21:53,FLOW,WF,0,0
21:53,FLOW,WF,1,0
21:53,0,RT,0,"29,00"
21:58,STATE,RT,0,"26,18"
21:58,HUMIDITY,RT,0,"26,69"
21:58,HUMIDITY,RT,1,"25,80"
21:58,HUMIDITY,RH,0,"53,68"
21:58,HUMIDITY,RH,1,"74,40"
21:58,DELTA,RT,0,"0,51"
21:58,DELTA,RT,1,"0,79"
21:58,DELTA,RH,2,"20,84"
21:58,FLOW,WF,0,0
21:58,FLOW,WF,1,0
21:58,0,RT,0,"29,00"
22:03,STATE,RT,0,"26,18"
22:03,HUMIDITY,RT,0,"26,67"
22:03,HUMIDITY,RT,1,"25,80"
22:03,HUMIDITY,RH,0,"53,68"
22:03,HUMIDITY,RH,1,"74,50"
22:03,DELTA,RT,0,"0,49"
22:03,DELTA,RT,1,"0,87"
22:03,DELTA,RH,2,"20,82"
22:03,FLOW,WF,0,0
22:03,FLOW,WF,1,0
22:03,0,RT,0,"29,00"
22:08,STATE,RT,0,"26,12"
22:08,HUMIDITY,RT,0,"26,71"
22:08,HUMIDITY,RT,1,"25,80"
22:08,HUMIDITY,RH,0,"53,42"
22:08,HUMIDITY,RH,1,"74,40"
22:08,DELTA,RT,0,"0,59"
22:08,DELTA,RT,1,"0,91"
22:08,DELTA,RH,2,"20,98"
22:08,FLOW,WF,0,0
22:08,FLOW,WF,1,0
22:08,0,RT,0,"29,00"
22:14,STATE,RT,0,"26,12"
22:14,HUMIDITY,RT,0,"26,67"
22:14,HUMIDITY,RT,1,"25,90"
22:14,HUMIDITY,RH,0,"53,62"
22:14,HUMIDITY,RH,1,"74,50"
22:14,DELTA,RT,0,"0,55"
22:14,DELTA,RT,1,"0,77"
22:14,DELTA,RH,2,"20,88"
22:14,FLOW,WF,0,0
22:14,FLOW,WF,1,0
22:14,0,RT,0,"29,00"
22:19,STATE,RT,0,"26,12"
22:19,HUMIDITY,RT,0,"26,63"
22:19,HUMIDITY,RT,1,"25,80"
22:19,HUMIDITY,RH,0,"53,47"
22:19,HUMIDITY,RH,1,"74,40"
22:19,DELTA,RT,0,"0,51"
22:19,DELTA,RT,1,"0,83"
22:19,DELTA,RH,2,"20,93"
22:19,FLOW,WF,0,0
22:19,FLOW,WF,1,0
22:19,0,RT,0,"28,75"
22:24,STATE,RT,0,"26,12"
22:24,HUMIDITY,RT,0,"26,56"
22:24,HUMIDITY,RT,1,"25,80"
22:24,HUMIDITY,RH,0,"53,52"
22:24,HUMIDITY,RH,1,"74,30"
22:24,DELTA,RT,0,"0,44"
22:24,DELTA,RT,1,"0,76"
22:24,DELTA,RH,2,"20,78"
22:24,FLOW,WF,0,0
22:24,FLOW,WF,1,0
22:24,0,RT,0,"28,75"
22:29,STATE,RT,0,"26,12"
22:29,HUMIDITY,RT,0,"26,58"
22:29,HUMIDITY,RT,1,"25,80"
22:29,HUMIDITY,RH,0,"53,44"
22:29,HUMIDITY,RH,1,"74,10"
22:29,DELTA,RT,0,"0,44"
22:29,DELTA,RT,1,"0,76"
22:29,DELTA,RH,2,"20,71"
22:29,FLOW,WF,0,0
22:29,FLOW,WF,1,0
22:29,0,RT,0,"28,75"
22:34,STATE,RT,0,"26,12"
22:34,HUMIDITY,RT,0,"26,55"
22:34,HUMIDITY,RT,1,"25,80"
22:34,HUMIDITY,RH,0,"53,53"
22:34,HUMIDITY,RH,1,"74,00"
22:34,DELTA,RT,0,"0,42"
22:34,DELTA,RT,1,"0,74"
22:34,DELTA,RH,2,"20,54"
22:34,FLOW,WF,0,0
22:34,FLOW,WF,1,0
22:34,0,RT,0,"28,75"
22:39,STATE,RT,0,"26,12"
22:39,HUMIDITY,RT,0,"26,52"
22:39,HUMIDITY,RT,1,"25,80"
22:39,HUMIDITY,RH,0,"53,52"
22:39,HUMIDITY,RH,1,"74,20"
22:39,DELTA,RT,0,"0,41"
22:39,DELTA,RT,1,"0,73"
22:39,DELTA,RH,2,"20,58"
22:39,FLOW,WF,0,0
22:39,FLOW,WF,1,0
22:39,0,RT,0,"28,75"
22:44,STATE,RT,0,"26,12"
22:44,HUMIDITY,RT,0,"26,52"
22:44,HUMIDITY,RT,1,"25,80"
22:44,HUMIDITY,RH,0,"53,58"
22:44,HUMIDITY,RH,1,"74,10"
22:44,DELTA,RT,0,"0,40"
22:44,DELTA,RT,1,"0,72"
22:44,DELTA,RH,2,"20,52"
22:44,FLOW,WF,0,0
22:44,FLOW,WF,1,0
22:44,0,RT,0,"28,75"
22:49,STATE,RT,0,"26,12"
22:49,HUMIDITY,RT,0,"26,55"
22:49,HUMIDITY,RT,1,"25,80"
22:49,HUMIDITY,RH,0,"53,33"
22:49,HUMIDITY,RH,1,"74,10"
22:49,DELTA,RT,0,"0,43"
22:49,DELTA,RT,1,"0,75"
22:49,DELTA,RH,2,"20,77"
22:49,FLOW,WF,0,0
22:49,FLOW,WF,1,0
22:49,0,RT,0,"28,75"
22:54,STATE,RT,0,"26,12"
22:54,HUMIDITY,RT,0,"26,51"
22:54,HUMIDITY,RT,1,"25,80"
22:54,HUMIDITY,RH,0,"53,34"
22:54,HUMIDITY,RH,1,"74,00"
22:54,DELTA,RT,0,"0,39"
22:54,DELTA,RT,1,"0,71"
22:54,DELTA,RH,2,"20,66"
22:54,FLOW,WF,0,0
22:54,FLOW,WF,1,0
22:54,0,RT,0,"28,75"
22:59,STATE,RT,0,"26,12"
22:59,HUMIDITY,RT,0,"26,49"
22:59,HUMIDITY,RT,1,"25,80"
22:59,HUMIDITY,RH,0,"53,33"
22:59,HUMIDITY,RH,1,"74,00"
22:59,DELTA,RT,0,"0,40"
22:59,DELTA,RT,1,"0,66"
22:59,DELTA,RH,2,"20,64"
22:59,FLOW,WF,0,0
22:59,FLOW,WF,1,0
22:59,0,RT,0,"28,75"
23:04,STATE,RT,0,"26,12"
23:04,HUMIDITY,RT,0,"26,56"
23:04,HUMIDITY,RT,1,"25,80"
23:04,HUMIDITY,RH,0,"53,26"
23:04,HUMIDITY,RH,1,"73,90"
23:04,DELTA,RT,0,"0,44"
23:04,DELTA,RT,1,"0,86"
23:04,DELTA,RH,2,"20,53"
23:04,FLOW,WF,0,0
23:04,FLOW,WF,1,0
23:04,0,RT,0,"28,75"
23:09,STATE,RT,0,"26,06"
23:09,HUMIDITY,RT,0,"26,48"
23:09,HUMIDITY,RT,1,"25,70"
23:09,HUMIDITY,RH,0,"53,30"
23:09,HUMIDITY,RH,1,"73,80"
23:09,DELTA,RT,0,"0,33"
23:09,DELTA,RT,1,"0,75"
23:09,DELTA,RH,2,"20,56"
23:09,FLOW,WF,0,0
23:09,FLOW,WF,1,0
23:09,0,RT,0,"28,75"
23:14,STATE,RT,0,"25,93"
23:14,HUMIDITY,RT,0,"26,56"
23:14,HUMIDITY,RT,1,"25,70"
23:14,HUMIDITY,RH,0,"52,96"
23:14,HUMIDITY,RH,1,"73,80"
23:14,DELTA,RT,0,"0,62"
23:14,DELTA,RT,1,"0,85"
23:14,DELTA,RH,2,"20,80"
23:14,FLOW,WF,0,0
23:14,FLOW,WF,1,0
23:14,0,RT,0,"28,75"
23:19,STATE,RT,0,"25,93"
23:19,HUMIDITY,RT,0,"26,50"
23:19,HUMIDITY,RT,1,"25,70"
23:19,HUMIDITY,RH,0,"53,12"
23:19,HUMIDITY,RH,1,"73,70"
23:19,DELTA,RT,0,"0,53"
23:19,DELTA,RT,1,"0,76"
23:19,DELTA,RH,2,"20,48"
23:19,FLOW,WF,0,0
23:19,FLOW,WF,1,0
23:19,0,RT,0,"28,50"
23:24,STATE,RT,0,"25,87"
23:24,HUMIDITY,RT,0,"26,42"
23:24,HUMIDITY,RT,1,"25,60"
23:24,HUMIDITY,RH,0,"53,08"
23:24,HUMIDITY,RH,1,"73,50"
23:24,DELTA,RT,0,"0,55"
23:24,DELTA,RT,1,"0,82"
23:24,DELTA,RH,2,"20,46"
23:24,FLOW,WF,0,0
23:24,FLOW,WF,1,0
23:24,0,RT,0,"28,50"
23:29,STATE,RT,0,"25,87"
23:29,HUMIDITY,RT,0,"26,44"
23:29,HUMIDITY,RT,1,"25,70"
23:29,HUMIDITY,RH,0,"52,78"
23:29,HUMIDITY,RH,1,"73,50"
23:29,DELTA,RT,0,"0,57"
23:29,DELTA,RT,1,"0,74"
23:29,DELTA,RH,2,"20,72"
23:29,FLOW,WF,0,0
23:29,FLOW,WF,1,0
23:29,0,RT,0,"28,50"
23:34,STATE,RT,0,"25,87"
23:34,HUMIDITY,RT,0,"26,37"
23:34,HUMIDITY,RT,1,"25,60"
23:34,HUMIDITY,RH,0,"53,05"
23:34,HUMIDITY,RH,1,"73,50"
23:34,DELTA,RT,0,"0,49"
23:34,DELTA,RT,1,"0,76"
23:34,DELTA,RH,2,"20,49"
23:34,FLOW,WF,0,0
23:34,FLOW,WF,1,0
23:34,0,RT,0,"28,50"
23:39,STATE,RT,0,"25,87"
23:39,HUMIDITY,RT,0,"26,35"
23:39,HUMIDITY,RT,1,"25,60"
23:39,HUMIDITY,RH,0,"53,03"
23:39,HUMIDITY,RH,1,"73,40"
23:39,DELTA,RT,0,"0,49"
23:39,DELTA,RT,1,"0,76"
23:39,DELTA,RH,2,"20,39"
23:39,FLOW,WF,0,0
23:39,FLOW,WF,1,0
23:39,0,RT,0,"28,50"
23:44,STATE,RT,0,"25,81"
23:44,HUMIDITY,RT,0,"26,38"
23:44,HUMIDITY,RT,1,"25,60"
23:44,HUMIDITY,RH,0,"52,59"
23:44,HUMIDITY,RH,1,"73,20"
23:44,DELTA,RT,0,"0,59"
23:44,DELTA,RT,1,"0,80"
23:44,DELTA,RH,2,"20,69"
23:44,FLOW,WF,0,0
23:44,FLOW,WF,1,0
23:44,0,RT,0,"28,25"
23:49,STATE,RT,0,"25,87"
23:49,HUMIDITY,RT,0,"26,31"
23:49,HUMIDITY,RT,1,"25,60"
23:49,HUMIDITY,RH,0,"52,52"
23:49,HUMIDITY,RH,1,"73,10"
23:49,DELTA,RT,0,"0,52"
23:49,DELTA,RT,1,"0,73"
23:49,DELTA,RH,2,"20,55"
23:49,FLOW,WF,0,0
23:49,FLOW,WF,1,0
23:49,0,RT,0,"28,50"
23:54,STATE,RT,0,"25,81"
23:54,HUMIDITY,RT,0,"26,30"
23:54,HUMIDITY,RT,1,"25,60"
23:54,HUMIDITY,RH,0,"52,56"
23:54,HUMIDITY,RH,1,"72,90"
23:54,DELTA,RT,0,"0,49"
23:54,DELTA,RT,1,"0,70"
23:54,DELTA,RH,2,"20,34"
23:54,FLOW,WF,0,0
23:54,FLOW,WF,1,0
23:54,0,RT,0,"28,50"
23:59,STATE,RT,0,"25,81"
23:59,HUMIDITY,RT,0,"26,31"
23:59,HUMIDITY,RT,1,"25,60"
23:59,HUMIDITY,RH,0,"52,63"
23:59,HUMIDITY,RH,1,"73,00"
23:59,DELTA,RT,0,"0,50"
23:59,DELTA,RT,1,"0,71"
23:59,DELTA,RH,2,"20,37"
23:59,FLOW,WF,0,0
23:59,FLOW,WF,1,0
23:59,0,RT,0,"28,50"
