00:04,STATE,RT,0,"27,18"
00:04,HUMIDITY,RT,0,"27,33"
00:04,HUMIDITY,RT,1,"27,00"
00:04,HUMIDITY,RH,0,"53,64"
00:04,HUMIDITY,RH,1,"71,50"
00:04,DELTA,RT,0,"0,15"
00:04,DELTA,RT,1,"0,33"
00:04,DELTA,RH,2,"17,87"
00:04,FLOW,WF,0,0
00:04,FLOW,WF,1,0
00:04,0,RT,0,"29,75"
00:09,STATE,RT,0,"27,18"
00:09,HUMIDITY,RT,0,"27,29"
00:09,HUMIDITY,RT,1,"27,00"
00:09,HUMIDITY,RH,0,"53,64"
00:09,HUMIDITY,RH,1,"71,40"
00:09,DELTA,RT,0,"0,11"
00:09,DELTA,RT,1,"0,29"
00:09,DELTA,RH,2,"17,75"
00:09,FLOW,WF,0,0
00:09,FLOW,WF,1,0
00:09,0,RT,0,"29,75"
00:14,STATE,RT,0,"27,25"
00:14,HUMIDITY,RT,0,"27,32"
00:14,HUMIDITY,RT,1,"27,00"
00:14,HUMIDITY,RH,0,"53,74"
00:14,HUMIDITY,RH,1,"71,60"
00:14,DELTA,RT,0,"0,06"
00:14,DELTA,RT,1,"0,31"
00:14,DELTA,RH,2,"17,85"
00:14,FLOW,WF,0,0
00:14,FLOW,WF,1,0
00:14,0,RT,0,"29,75"
00:19,STATE,RT,0,"27,18"
00:19,HUMIDITY,RT,0,"27,38"
00:19,HUMIDITY,RT,1,"27,00"
00:19,HUMIDITY,RH,0,"53,61"
00:19,HUMIDITY,RH,1,"71,60"
00:19,DELTA,RT,0,"0,20"
00:19,DELTA,RT,1,"0,38"
00:19,DELTA,RH,2,"17,99"
00:19,FLOW,WF,0,0
00:19,FLOW,WF,1,0
00:19,0,RT,0,"29,75"
00:24,STATE,RT,0,"27,18"
00:24,HUMIDITY,RT,0,"27,37"
00:24,HUMIDITY,RT,1,"27,00"
00:24,HUMIDITY,RH,0,"53,54"
00:24,HUMIDITY,RH,1,"71,60"
00:24,DELTA,RT,0,"0,19"
00:24,DELTA,RT,1,"0,37"
00:24,DELTA,RH,2,"18,06"
00:24,FLOW,WF,0,0
00:24,FLOW,WF,1,0
00:24,0,RT,0,"29,75"
00:29,STATE,RT,0,"27,12"
00:29,HUMIDITY,RT,0,"27,32"
00:29,HUMIDITY,RT,1,"27,00"
00:29,HUMIDITY,RH,0,"53,65"
00:29,HUMIDITY,RH,1,"71,60"
00:29,DELTA,RT,0,"0,19"
00:29,DELTA,RT,1,"0,31"
00:29,DELTA,RH,2,"17,95"
00:29,FLOW,WF,0,0
00:29,FLOW,WF,1,0
00:29,0,RT,0,"29,75"
00:34,STATE,RT,0,"27,12"
00:34,HUMIDITY,RT,0,"27,37"
00:34,HUMIDITY,RT,1,"27,00"
00:34,HUMIDITY,RH,0,"53,65"
00:34,HUMIDITY,RH,1,"71,70"
00:34,DELTA,RT,0,"0,22"
00:34,DELTA,RT,1,"0,34"
00:34,DELTA,RH,2,"18,15"
00:34,FLOW,WF,0,0
00:34,FLOW,WF,1,0
00:34,0,RT,0,"29,75"
00:39,STATE,RT,0,"27,12"
00:39,HUMIDITY,RT,0,"27,30"
00:39,HUMIDITY,RT,1,"27,00"
00:39,HUMIDITY,RH,0,"53,62"
00:39,HUMIDITY,RH,1,"71,70"
00:39,DELTA,RT,0,"0,20"
00:39,DELTA,RT,1,"0,42"
00:39,DELTA,RH,2,"17,98"
00:39,FLOW,WF,0,0
00:39,FLOW,WF,1,0
00:39,0,RT,0,"29,75"
00:44,STATE,RT,0,"27,12"
00:44,HUMIDITY,RT,0,"27,29"
00:44,HUMIDITY,RT,1,"27,00"
00:44,HUMIDITY,RH,0,"53,65"
00:44,HUMIDITY,RH,1,"71,70"
00:44,DELTA,RT,0,"0,15"
00:44,DELTA,RT,1,"0,27"
00:44,DELTA,RH,2,"17,93"
00:44,FLOW,WF,0,0
00:44,FLOW,WF,1,0
00:44,0,RT,0,"29,75"
00:49,STATE,RT,0,"27,06"
00:49,HUMIDITY,RT,0,"27,23"
00:49,HUMIDITY,RT,1,"26,90"
00:49,HUMIDITY,RH,0,"53,69"
00:49,HUMIDITY,RH,1,"71,70"
00:49,DELTA,RT,0,"0,19"
00:49,DELTA,RT,1,"0,35"
00:49,DELTA,RH,2,"17,92"
00:49,FLOW,WF,0,0
00:49,FLOW,WF,1,0
00:49,0,RT,0,"29,75"
00:54,STATE,RT,0,"27,12"
00:54,HUMIDITY,RT,0,"27,28"
00:54,HUMIDITY,RT,1,"26,90"
00:54,HUMIDITY,RH,0,"53,52"
00:54,HUMIDITY,RH,1,"71,40"
00:54,DELTA,RT,0,"0,15"
00:54,DELTA,RT,1,"0,37"
00:54,DELTA,RH,2,"17,86"
00:54,FLOW,WF,0,0
00:54,FLOW,WF,1,0
00:54,0,RT,0,"29,50"
00:59,STATE,RT,0,"27,06"
00:59,HUMIDITY,RT,0,"27,25"
00:59,HUMIDITY,RT,1,"26,90"
00:59,HUMIDITY,RH,0,"53,59"
00:59,HUMIDITY,RH,1,"71,40"
00:59,DELTA,RT,0,"0,21"
00:59,DELTA,RT,1,"0,27"
00:59,DELTA,RH,2,"17,92"
00:59,FLOW,WF,0,0
00:59,FLOW,WF,1,0
00:59,0,RT,0,"29,50"
01:04,STATE,RT,0,"27,06"
01:04,HUMIDITY,RT,0,"27,30"
01:04,HUMIDITY,RT,1,"26,90"
01:04,HUMIDITY,RH,0,"53,42"
01:04,HUMIDITY,RH,1,"71,50"
01:04,DELTA,RT,0,"0,24"
01:04,DELTA,RT,1,"0,40"
01:04,DELTA,RH,2,"18,07"
01:04,FLOW,WF,0,0
01:04,FLOW,WF,1,0
01:04,0,RT,0,"29,50"
01:09,STATE,RT,0,"27,06"
01:09,HUMIDITY,RT,0,"27,29"
01:09,HUMIDITY,RT,1,"26,90"
01:09,HUMIDITY,RH,0,"55,19"
01:09,HUMIDITY,RH,1,"72,80"
01:09,DELTA,RT,0,"0,23"
01:09,DELTA,RT,1,"0,39"
01:09,DELTA,RH,2,"17,61"
01:09,FLOW,WF,0,0
01:09,FLOW,WF,1,0
01:09,0,RT,0,"29,25"
01:14,STATE,RT,0,"27,06"
01:14,HUMIDITY,RT,0,"27,31"
01:14,HUMIDITY,RT,1,"26,90"
01:14,HUMIDITY,RH,0,"55,79"
01:14,HUMIDITY,RH,1,"74,30"
01:14,DELTA,RT,0,"0,25"
01:14,DELTA,RT,1,"0,41"
01:14,DELTA,RH,2,"18,51"
01:14,FLOW,WF,0,0
01:14,FLOW,WF,1,0
01:14,0,RT,0,"29,25"
01:19,STATE,RT,0,"27,06"
01:19,HUMIDITY,RT,0,"27,19"
01:19,HUMIDITY,RT,1,"26,90"
01:19,HUMIDITY,RH,0,"56,51"
01:19,HUMIDITY,RH,1,"74,90"
01:19,DELTA,RT,0,"0,13"
01:19,DELTA,RT,1,"0,29"
01:19,DELTA,RH,2,"18,39"
01:19,FLOW,WF,0,0
01:19,FLOW,WF,1,0
01:19,0,RT,0,"29,25"
01:24,STATE,RT,0,"27,00"
01:24,HUMIDITY,RT,0,"27,25"
01:24,HUMIDITY,RT,1,"26,90"
01:24,HUMIDITY,RH,0,"55,97"
01:24,HUMIDITY,RH,1,"74,60"
01:24,DELTA,RT,0,"0,25"
01:24,DELTA,RT,1,"0,35"
01:24,DELTA,RH,2,"18,63"
01:24,FLOW,WF,0,0
01:24,FLOW,WF,1,0
01:24,0,RT,0,"29,25"
01:29,STATE,RT,0,"27,00"
01:29,HUMIDITY,RT,0,"27,22"
01:29,HUMIDITY,RT,1,"26,80"
01:29,HUMIDITY,RH,0,"55,87"
01:29,HUMIDITY,RH,1,"74,20"
01:29,DELTA,RT,0,"0,22"
01:29,DELTA,RT,1,"0,42"
01:29,DELTA,RH,2,"18,33"
01:29,FLOW,WF,0,0
01:29,FLOW,WF,1,0
01:29,0,RT,0,"29,25"
01:34,STATE,RT,0,"27,00"
01:34,HUMIDITY,RT,0,"27,18"
01:34,HUMIDITY,RT,1,"26,80"
01:34,HUMIDITY,RH,0,"55,57"
01:34,HUMIDITY,RH,1,"74,20"
01:34,DELTA,RT,0,"0,18"
01:34,DELTA,RT,1,"0,28"
01:34,DELTA,RH,2,"18,61"
01:34,FLOW,WF,0,0
01:34,FLOW,WF,1,0
01:34,0,RT,0,"29,50"
01:39,STATE,RT,0,"27,00"
01:39,HUMIDITY,RT,0,"27,19"
01:39,HUMIDITY,RT,1,"26,80"
01:39,HUMIDITY,RH,0,"55,15"
01:39,HUMIDITY,RH,1,"73,70"
01:39,DELTA,RT,0,"0,26"
01:39,DELTA,RT,1,"0,39"
01:39,DELTA,RH,2,"18,55"
01:39,FLOW,WF,0,0
01:39,FLOW,WF,1,0
01:39,0,RT,0,"29,25"
01:45,STATE,RT,0,"27,00"
01:45,HUMIDITY,RT,0,"27,16"
01:45,HUMIDITY,RT,1,"26,80"
01:45,HUMIDITY,RH,0,"55,19"
01:45,HUMIDITY,RH,1,"73,40"
01:45,DELTA,RT,0,"0,16"
01:45,DELTA,RT,1,"0,36"
01:45,DELTA,RH,2,"18,21"
01:45,FLOW,WF,0,0
01:45,FLOW,WF,1,0
01:45,0,RT,0,"29,00"
01:50,STATE,RT,0,"26,93"
01:50,HUMIDITY,RT,0,"27,11"
01:50,HUMIDITY,RT,1,"26,80"
01:50,HUMIDITY,RH,0,"55,07"
01:50,HUMIDITY,RH,1,"73,40"
01:50,DELTA,RT,0,"0,18"
01:50,DELTA,RT,1,"0,31"
01:50,DELTA,RH,2,"18,33"
01:50,FLOW,WF,0,0
01:50,FLOW,WF,1,0
01:50,0,RT,0,"29,25"
01:55,STATE,RT,0,"26,87"
01:55,HUMIDITY,RT,0,"27,14"
01:55,HUMIDITY,RT,1,"26,70"
01:55,HUMIDITY,RH,0,"54,75"
01:55,HUMIDITY,RH,1,"73,30"
01:55,DELTA,RT,0,"0,27"
01:55,DELTA,RT,1,"0,44"
01:55,DELTA,RH,2,"18,55"
01:55,FLOW,WF,0,0
01:55,FLOW,WF,1,0
01:55,0,RT,0,"29,25"
02:00,STATE,RT,0,"26,87"
02:00,HUMIDITY,RT,0,"27,15"
02:00,HUMIDITY,RT,1,"26,70"
02:00,HUMIDITY,RH,0,"54,48"
02:00,HUMIDITY,RH,1,"73,00"
02:00,DELTA,RT,0,"0,28"
02:00,DELTA,RT,1,"0,45"
02:00,DELTA,RH,2,"18,52"
02:00,FLOW,WF,0,0
02:00,FLOW,WF,1,0
02:00,0,RT,0,"29,25"
02:05,STATE,RT,0,"26,87"
02:05,HUMIDITY,RT,0,"27,11"
02:05,HUMIDITY,RT,1,"26,70"
02:05,HUMIDITY,RH,0,"54,66"
02:05,HUMIDITY,RH,1,"73,00"
02:05,DELTA,RT,0,"0,28"
02:05,DELTA,RT,1,"0,39"
02:05,DELTA,RH,2,"18,37"
02:05,FLOW,WF,0,0
02:05,FLOW,WF,1,0
02:05,0,RT,0,"29,25"
02:10,STATE,RT,0,"26,81"
02:10,HUMIDITY,RT,0,"27,09"
02:10,HUMIDITY,RT,1,"26,70"
02:10,HUMIDITY,RH,0,"54,57"
02:10,HUMIDITY,RH,1,"72,80"
02:10,DELTA,RT,0,"0,26"
02:10,DELTA,RT,1,"0,37"
02:10,DELTA,RH,2,"18,24"
02:10,FLOW,WF,0,0
02:10,FLOW,WF,1,0
02:10,0,RT,0,"29,50"
02:15,STATE,RT,0,"26,81"
02:15,HUMIDITY,RT,0,"27,03"
02:15,HUMIDITY,RT,1,"26,70"
02:15,HUMIDITY,RH,0,"54,13"
02:15,HUMIDITY,RH,1,"72,50"
02:15,DELTA,RT,0,"0,24"
02:15,DELTA,RT,1,"0,35"
02:15,DELTA,RH,2,"18,39"
02:15,FLOW,WF,0,0
02:15,FLOW,WF,1,0
02:15,0,RT,0,"29,25"
02:20,STATE,RT,0,"26,81"
02:20,HUMIDITY,RT,0,"27,01"
02:20,HUMIDITY,RT,1,"26,70"
02:20,HUMIDITY,RH,0,"54,07"
02:20,HUMIDITY,RH,1,"72,40"
02:20,DELTA,RT,0,"0,20"
02:20,DELTA,RT,1,"0,31"
02:20,DELTA,RH,2,"18,33"
02:20,FLOW,WF,0,0
02:20,FLOW,WF,1,0
02:20,0,RT,0,"29,25"
02:25,STATE,RT,0,"26,81"
02:25,HUMIDITY,RT,0,"27,04"
02:25,HUMIDITY,RT,1,"26,70"
02:25,HUMIDITY,RH,0,"53,78"
02:25,HUMIDITY,RH,1,"72,10"
02:25,DELTA,RT,0,"0,23"
02:25,DELTA,RT,1,"0,34"
02:25,DELTA,RH,2,"18,32"
02:25,FLOW,WF,0,0
02:25,FLOW,WF,1,0
02:25,0,RT,0,"29,25"
02:30,STATE,RT,0,"26,81"
02:30,HUMIDITY,RT,0,"27,05"
02:30,HUMIDITY,RT,1,"26,60"
02:30,HUMIDITY,RH,0,"53,71"
02:30,HUMIDITY,RH,1,"72,00"
02:30,DELTA,RT,0,"0,24"
02:30,DELTA,RT,1,"0,45"
02:30,DELTA,RH,2,"18,29"
02:30,FLOW,WF,0,0
02:30,FLOW,WF,1,0
02:30,0,RT,0,"29,25"
02:35,STATE,RT,0,"26,81"
02:35,HUMIDITY,RT,0,"26,99"
02:35,HUMIDITY,RT,1,"26,60"
02:35,HUMIDITY,RH,0,"53,87"
02:35,HUMIDITY,RH,1,"71,90"
02:35,DELTA,RT,0,"0,20"
02:35,DELTA,RT,1,"0,31"
02:35,DELTA,RH,2,"18,13"
02:35,FLOW,WF,0,0
02:35,FLOW,WF,1,0
02:35,0,RT,0,"29,00"
02:40,STATE,RT,0,"26,81"
02:40,HUMIDITY,RT,0,"27,02"
02:40,HUMIDITY,RT,1,"26,60"
02:40,HUMIDITY,RH,0,"53,67"
02:40,HUMIDITY,RH,1,"71,90"
02:40,DELTA,RT,0,"0,23"
02:40,DELTA,RT,1,"0,44"
02:40,DELTA,RH,2,"18,22"
02:40,FLOW,WF,0,0
02:40,FLOW,WF,1,0
02:40,0,RT,0,"29,00"
02:45,STATE,RT,0,"26,81"
02:45,HUMIDITY,RT,0,"27,05"
02:45,HUMIDITY,RT,1,"26,60"
02:45,HUMIDITY,RH,0,"53,62"
02:45,HUMIDITY,RH,1,"71,80"
02:45,DELTA,RT,0,"0,21"
02:45,DELTA,RT,1,"0,42"
02:45,DELTA,RH,2,"18,17"
02:45,FLOW,WF,0,0
02:45,FLOW,WF,1,0
02:45,0,RT,0,"29,00"
02:50,STATE,RT,0,"26,75"
02:50,HUMIDITY,RT,0,"27,01"
02:50,HUMIDITY,RT,1,"26,60"
02:50,HUMIDITY,RH,0,"53,76"
02:50,HUMIDITY,RH,1,"71,90"
02:50,DELTA,RT,0,"0,26"
02:50,DELTA,RT,1,"0,41"
02:50,DELTA,RH,2,"18,15"
02:50,FLOW,WF,0,0
02:50,FLOW,WF,1,0
02:50,0,RT,0,"29,00"
02:55,STATE,RT,0,"26,81"
02:55,HUMIDITY,RT,0,"26,97"
02:55,HUMIDITY,RT,1,"26,60"
02:55,HUMIDITY,RH,0,"54,02"
02:55,HUMIDITY,RH,1,"72,10"
02:55,DELTA,RT,0,"0,17"
02:55,DELTA,RT,1,"0,38"
02:55,DELTA,RH,2,"18,10"
02:55,FLOW,WF,0,0
02:55,FLOW,WF,1,0
02:55,0,RT,0,"29,00"
03:00,STATE,RT,0,"26,75"
03:00,HUMIDITY,RT,0,"26,98"
03:00,HUMIDITY,RT,1,"26,60"
03:00,HUMIDITY,RH,0,"53,49"
03:00,HUMIDITY,RH,1,"71,80"
03:00,DELTA,RT,0,"0,23"
03:00,DELTA,RT,1,"0,38"
03:00,DELTA,RH,2,"18,31"
03:00,FLOW,WF,0,0
03:00,FLOW,WF,1,0
03:00,0,RT,0,"29,25"
03:05,STATE,RT,0,"26,68"
03:05,HUMIDITY,RT,0,"26,94"
03:05,HUMIDITY,RT,1,"26,60"
03:05,HUMIDITY,RH,0,"53,55"
03:05,HUMIDITY,RH,1,"71,70"
03:05,DELTA,RT,0,"0,26"
03:05,DELTA,RT,1,"0,34"
03:05,DELTA,RH,2,"18,15"
03:05,FLOW,WF,0,0
03:05,FLOW,WF,1,0
03:05,0,RT,0,"29,25"
03:10,STATE,RT,0,"26,68"
03:10,HUMIDITY,RT,0,"26,97"
03:10,HUMIDITY,RT,1,"26,60"
03:10,HUMIDITY,RH,0,"53,46"
03:10,HUMIDITY,RH,1,"71,70"
03:10,DELTA,RT,0,"0,30"
03:10,DELTA,RT,1,"0,38"
03:10,DELTA,RH,2,"18,27"
03:10,FLOW,WF,0,0
03:10,FLOW,WF,1,0
03:10,0,RT,0,"29,25"
03:15,STATE,RT,0,"26,68"
03:15,HUMIDITY,RT,0,"26,97"
03:15,HUMIDITY,RT,1,"26,60"
03:15,HUMIDITY,RH,0,"53,43"
03:15,HUMIDITY,RH,1,"71,60"
03:15,DELTA,RT,0,"0,28"
03:15,DELTA,RT,1,"0,36"
03:15,DELTA,RH,2,"18,14"
03:15,FLOW,WF,0,0
03:15,FLOW,WF,1,0
03:15,0,RT,0,"29,00"
03:20,STATE,RT,0,"26,75"
03:20,HUMIDITY,RT,0,"26,98"
03:20,HUMIDITY,RT,1,"26,60"
03:20,HUMIDITY,RH,0,"53,33"
03:20,HUMIDITY,RH,1,"71,60"
03:20,DELTA,RT,0,"0,26"
03:20,DELTA,RT,1,"0,41"
03:20,DELTA,RH,2,"18,27"
03:20,FLOW,WF,0,0
03:20,FLOW,WF,1,0
03:20,0,RT,0,"29,00"
03:25,STATE,RT,0,"26,75"
03:25,HUMIDITY,RT,0,"26,94"
03:25,HUMIDITY,RT,1,"26,60"
03:25,HUMIDITY,RH,0,"53,55"
03:25,HUMIDITY,RH,1,"71,60"
03:25,DELTA,RT,0,"0,19"
03:25,DELTA,RT,1,"0,34"
03:25,DELTA,RH,2,"18,17"
03:25,FLOW,WF,0,0
03:25,FLOW,WF,1,0
03:25,0,RT,0,"29,00"
03:30,STATE,RT,0,"26,75"
03:30,HUMIDITY,RT,0,"26,95"
03:30,HUMIDITY,RT,1,"26,60"
03:30,HUMIDITY,RH,0,"53,46"
03:30,HUMIDITY,RH,1,"71,60"
03:30,DELTA,RT,0,"0,19"
03:30,DELTA,RT,1,"0,34"
03:30,DELTA,RH,2,"18,14"
03:30,FLOW,WF,0,0
03:30,FLOW,WF,1,0
03:30,0,RT,0,"29,00"
03:35,STATE,RT,0,"26,75"
03:35,HUMIDITY,RT,0,"26,87"
03:35,HUMIDITY,RT,1,"26,60"
03:35,HUMIDITY,RH,0,"53,69"
03:35,HUMIDITY,RH,1,"71,60"
03:35,DELTA,RT,0,"0,12"
03:35,DELTA,RT,1,"0,27"
03:35,DELTA,RH,2,"17,91"
03:35,FLOW,WF,0,0
03:35,FLOW,WF,1,0
03:35,0,RT,0,"29,00"
03:40,STATE,RT,0,"26,75"
03:40,HUMIDITY,RT,0,"26,92"
03:40,HUMIDITY,RT,1,"26,60"
03:40,HUMIDITY,RH,0,"53,35"
03:40,HUMIDITY,RH,1,"71,40"
03:40,DELTA,RT,0,"0,19"
03:40,DELTA,RT,1,"0,34"
03:40,DELTA,RH,2,"18,03"
03:40,FLOW,WF,0,0
03:40,FLOW,WF,1,0
03:40,0,RT,0,"29,00"
03:45,STATE,RT,0,"26,68"
03:45,HUMIDITY,RT,0,"26,98"
03:45,HUMIDITY,RT,1,"26,60"
03:45,HUMIDITY,RH,0,"53,04"
03:45,HUMIDITY,RH,1,"71,40"
03:45,DELTA,RT,0,"0,31"
03:45,DELTA,RT,1,"0,39"
03:45,DELTA,RH,2,"18,36"
03:45,FLOW,WF,0,0
03:45,FLOW,WF,1,0
03:45,0,RT,0,"28,75"
03:50,STATE,RT,0,"26,68"
03:50,HUMIDITY,RT,0,"26,96"
03:50,HUMIDITY,RT,1,"26,50"
03:50,HUMIDITY,RH,0,"53,15"
03:50,HUMIDITY,RH,1,"71,20"
03:50,DELTA,RT,0,"0,28"
03:50,DELTA,RT,1,"0,46"
03:50,DELTA,RH,2,"18,05"
03:50,FLOW,WF,0,0
03:50,FLOW,WF,1,0
03:50,0,RT,0,"28,75"
03:56,STATE,RT,0,"26,75"
03:56,HUMIDITY,RT,0,"26,88"
03:56,HUMIDITY,RT,1,"26,60"
03:56,HUMIDITY,RH,0,"53,29"
03:56,HUMIDITY,RH,1,"71,30"
03:56,DELTA,RT,0,"0,13"
03:56,DELTA,RT,1,"0,28"
03:56,DELTA,RH,2,"18,01"
03:56,FLOW,WF,0,0
03:56,FLOW,WF,1,0
03:56,0,RT,0,"28,75"
04:01,STATE,RT,0,"26,68"
04:01,HUMIDITY,RT,0,"26,90"
04:01,HUMIDITY,RT,1,"26,50"
04:01,HUMIDITY,RH,0,"53,11"
04:01,HUMIDITY,RH,1,"71,20"
04:01,DELTA,RT,0,"0,22"
04:01,DELTA,RT,1,"0,40"
04:01,DELTA,RH,2,"18,09"
04:01,FLOW,WF,0,0
04:01,FLOW,WF,1,0
04:01,0,RT,0,"28,75"
04:06,STATE,RT,0,"26,68"
04:06,HUMIDITY,RT,0,"26,93"
04:06,HUMIDITY,RT,1,"26,50"
04:06,HUMIDITY,RH,0,"52,99"
04:06,HUMIDITY,RH,1,"71,00"
04:06,DELTA,RT,0,"0,25"
04:06,DELTA,RT,1,"0,43"
04:06,DELTA,RH,2,"18,01"
04:06,FLOW,WF,0,0
04:06,FLOW,WF,1,0
04:06,0,RT,0,"28,75"
04:11,STATE,RT,0,"26,68"
04:11,HUMIDITY,RT,0,"26,90"
04:11,HUMIDITY,RT,1,"26,50"
04:11,HUMIDITY,RH,0,"52,85"
04:11,HUMIDITY,RH,1,"71,00"
04:11,DELTA,RT,0,"0,22"
04:11,DELTA,RT,1,"0,40"
04:11,DELTA,RH,2,"18,13"
04:11,FLOW,WF,0,0
04:11,FLOW,WF,1,0
04:11,0,RT,0,"28,75"
04:16,STATE,RT,0,"26,68"
04:16,HUMIDITY,RT,0,"26,85"
04:16,HUMIDITY,RT,1,"26,50"
04:16,HUMIDITY,RH,0,"53,10"
04:16,HUMIDITY,RH,1,"71,10"
04:16,DELTA,RT,0,"0,17"
04:16,DELTA,RT,1,"0,35"
04:16,DELTA,RH,2,"18,00"
04:16,FLOW,WF,0,0
04:16,FLOW,WF,1,0
04:16,0,RT,0,"28,75"
04:21,STATE,RT,0,"26,62"
04:21,HUMIDITY,RT,0,"26,81"
04:21,HUMIDITY,RT,1,"26,50"
04:21,HUMIDITY,RH,0,"53,21"
04:21,HUMIDITY,RH,1,"71,00"
04:21,DELTA,RT,0,"0,19"
04:21,DELTA,RT,1,"0,31"
04:21,DELTA,RH,2,"17,79"
04:21,FLOW,WF,0,0
04:21,FLOW,WF,1,0
04:21,0,RT,0,"28,75"
04:26,STATE,RT,0,"26,62"
04:26,HUMIDITY,RT,0,"26,83"
04:26,HUMIDITY,RT,1,"26,50"
04:26,HUMIDITY,RH,0,"52,81"
04:26,HUMIDITY,RH,1,"70,80"
04:26,DELTA,RT,0,"0,21"
04:26,DELTA,RT,1,"0,33"
04:26,DELTA,RH,2,"17,99"
04:26,FLOW,WF,0,0
04:26,FLOW,WF,1,0
04:26,0,RT,0,"29,00"
04:31,STATE,RT,0,"26,62"
04:31,HUMIDITY,RT,0,"26,87"
04:31,HUMIDITY,RT,1,"26,50"
04:31,HUMIDITY,RH,0,"52,72"
04:31,HUMIDITY,RH,1,"70,90"
04:31,DELTA,RT,0,"0,25"
04:31,DELTA,RT,1,"0,37"
04:31,DELTA,RH,2,"18,18"
04:31,FLOW,WF,0,0
04:31,FLOW,WF,1,0
04:31,0,RT,0,"28,75"
04:36,STATE,RT,0,"26,68"
04:36,HUMIDITY,RT,0,"26,81"
04:36,HUMIDITY,RT,1,"26,50"
04:36,HUMIDITY,RH,0,"52,81"
04:36,HUMIDITY,RH,1,"70,80"
04:36,DELTA,RT,0,"0,13"
04:36,DELTA,RT,1,"0,31"
04:36,DELTA,RH,2,"17,99"
04:36,FLOW,WF,0,0
04:36,FLOW,WF,1,0
04:36,0,RT,0,"28,75"
04:41,STATE,RT,0,"26,68"
04:41,HUMIDITY,RT,0,"26,87"
04:41,HUMIDITY,RT,1,"26,50"
04:41,HUMIDITY,RH,0,"52,73"
04:41,HUMIDITY,RH,1,"70,80"
04:41,DELTA,RT,0,"0,19"
04:41,DELTA,RT,1,"0,37"
04:41,DELTA,RH,2,"18,04"
04:41,FLOW,WF,0,0
04:41,FLOW,WF,1,0
04:41,0,RT,0,"28,75"
04:46,STATE,RT,0,"26,62"
04:46,HUMIDITY,RT,0,"26,84"
04:46,HUMIDITY,RT,1,"26,50"
04:46,HUMIDITY,RH,0,"52,64"
04:46,HUMIDITY,RH,1,"70,70"
04:46,DELTA,RT,0,"0,22"
04:46,DELTA,RT,1,"0,34"
04:46,DELTA,RH,2,"18,15"
04:46,FLOW,WF,0,0
04:46,FLOW,WF,1,0
04:46,0,RT,0,"28,75"
04:51,STATE,RT,0,"26,62"
04:51,HUMIDITY,RT,0,"26,84"
04:51,HUMIDITY,RT,1,"26,50"
04:51,HUMIDITY,RH,0,"52,59"
04:51,HUMIDITY,RH,1,"70,60"
04:51,DELTA,RT,0,"0,21"
04:51,DELTA,RT,1,"0,43"
04:51,DELTA,RH,2,"17,90"
04:51,FLOW,WF,0,0
04:51,FLOW,WF,1,0
04:51,0,RT,0,"28,75"
04:56,STATE,RT,0,"26,62"
04:56,HUMIDITY,RT,0,"26,83"
04:56,HUMIDITY,RT,1,"26,50"
04:56,HUMIDITY,RH,0,"52,39"
04:56,HUMIDITY,RH,1,"70,60"
04:56,DELTA,RT,0,"0,21"
04:56,DELTA,RT,1,"0,33"
04:56,DELTA,RH,2,"18,21"
04:56,FLOW,WF,0,0
04:56,FLOW,WF,1,0
04:56,0,RT,0,"28,75"
05:01,STATE,RT,0,"26,62"
05:01,HUMIDITY,RT,0,"26,83"
05:01,HUMIDITY,RT,1,"26,40"
05:01,HUMIDITY,RH,0,"52,36"
05:01,HUMIDITY,RH,1,"70,30"
05:01,DELTA,RT,0,"0,21"
05:01,DELTA,RT,1,"0,43"
05:01,DELTA,RH,2,"17,94"
05:01,FLOW,WF,0,0
05:01,FLOW,WF,1,0
05:01,0,RT,0,"28,75"
05:06,STATE,RT,0,"26,56"
05:06,HUMIDITY,RT,0,"26,81"
05:06,HUMIDITY,RT,1,"26,50"
05:06,HUMIDITY,RH,0,"52,52"
05:06,HUMIDITY,RH,1,"70,40"
05:06,DELTA,RT,0,"0,25"
05:06,DELTA,RT,1,"0,31"
05:06,DELTA,RH,2,"17,88"
05:06,FLOW,WF,0,0
05:06,FLOW,WF,1,0
05:06,0,RT,0,"28,75"
05:11,STATE,RT,0,"26,50"
05:11,HUMIDITY,RT,0,"26,83"
05:11,HUMIDITY,RT,1,"26,50"
05:11,HUMIDITY,RH,0,"52,20"
05:11,HUMIDITY,RH,1,"70,30"
05:11,DELTA,RT,0,"0,33"
05:11,DELTA,RT,1,"0,33"
05:11,DELTA,RH,2,"18,10"
05:11,FLOW,WF,0,0
05:11,FLOW,WF,1,0
05:11,0,RT,0,"28,75"
05:16,STATE,RT,0,"26,56"
05:16,HUMIDITY,RT,0,"26,83"
05:16,HUMIDITY,RT,1,"26,40"
05:16,HUMIDITY,RH,0,"52,11"
05:16,HUMIDITY,RH,1,"70,10"
05:16,DELTA,RT,0,"0,27"
05:16,DELTA,RT,1,"0,43"
05:16,DELTA,RH,2,"18,02"
05:16,FLOW,WF,0,0
05:16,FLOW,WF,1,0
05:16,0,RT,0,"28,75"
05:21,STATE,RT,0,"26,56"
05:21,HUMIDITY,RT,0,"26,79"
05:21,HUMIDITY,RT,1,"26,40"
05:21,HUMIDITY,RH,0,"51,99"
05:21,HUMIDITY,RH,1,"70,00"
05:21,DELTA,RT,0,"0,22"
05:21,DELTA,RT,1,"0,38"
05:21,DELTA,RH,2,"18,01"
05:21,FLOW,WF,0,0
05:21,FLOW,WF,1,0
05:21,0,RT,0,"28,75"
05:26,STATE,RT,0,"26,50"
05:26,HUMIDITY,RT,0,"26,77"
05:26,HUMIDITY,RT,1,"26,40"
05:26,HUMIDITY,RH,0,"52,09"
05:26,HUMIDITY,RH,1,"70,00"
05:26,DELTA,RT,0,"0,21"
05:26,DELTA,RT,1,"0,37"
05:26,DELTA,RH,2,"17,90"
05:26,FLOW,WF,0,0
05:26,FLOW,WF,1,0
05:26,0,RT,0,"28,75"
05:31,STATE,RT,0,"26,50"
05:31,HUMIDITY,RT,0,"26,80"
05:31,HUMIDITY,RT,1,"26,40"
05:31,HUMIDITY,RH,0,"52,00"
05:31,HUMIDITY,RH,1,"70,00"
05:31,DELTA,RT,0,"0,31"
05:31,DELTA,RT,1,"0,41"
05:31,DELTA,RH,2,"18,00"
05:31,FLOW,WF,0,0
05:31,FLOW,WF,1,0
05:31,0,RT,0,"28,75"
05:36,STATE,RT,0,"26,56"
05:36,HUMIDITY,RT,0,"26,78"
05:36,HUMIDITY,RT,1,"26,40"
05:36,HUMIDITY,RH,0,"52,14"
05:36,HUMIDITY,RH,1,"70,00"
05:36,DELTA,RT,0,"0,22"
05:36,DELTA,RT,1,"0,38"
05:36,DELTA,RH,2,"17,86"
05:36,FLOW,WF,0,0
05:36,FLOW,WF,1,0
05:36,0,RT,0,"28,75"
05:41,STATE,RT,0,"26,50"
05:41,HUMIDITY,RT,0,"26,80"
05:41,HUMIDITY,RT,1,"26,40"
05:41,HUMIDITY,RH,0,"52,11"
05:41,HUMIDITY,RH,1,"70,10"
05:41,DELTA,RT,0,"0,30"
05:41,DELTA,RT,1,"0,40"
05:41,DELTA,RH,2,"17,99"
05:41,FLOW,WF,0,0
05:41,FLOW,WF,1,0
05:41,0,RT,0,"28,75"
05:46,STATE,RT,0,"26,56"
05:46,HUMIDITY,RT,0,"26,81"
05:46,HUMIDITY,RT,1,"26,40"
05:46,HUMIDITY,RH,0,"52,07"
05:46,HUMIDITY,RH,1,"70,00"
05:46,DELTA,RT,0,"0,26"
05:46,DELTA,RT,1,"0,42"
05:46,DELTA,RH,2,"17,91"
05:46,FLOW,WF,0,0
05:46,FLOW,WF,1,0
05:46,0,RT,0,"28,75"
05:51,STATE,RT,0,"26,56"
05:51,HUMIDITY,RT,0,"26,90"
05:51,HUMIDITY,RT,1,"26,40"
05:51,HUMIDITY,RH,0,"52,11"
05:51,HUMIDITY,RH,1,"70,10"
05:51,DELTA,RT,0,"0,27"
05:51,DELTA,RT,1,"0,49"
05:51,DELTA,RH,2,"17,99"
05:51,FLOW,WF,0,0
05:51,FLOW,WF,1,0
05:51,0,RT,0,"28,75"
05:56,STATE,RT,0,"26,62"
05:56,HUMIDITY,RT,0,"26,84"
05:56,HUMIDITY,RT,1,"26,40"
05:56,HUMIDITY,RH,0,"52,42"
05:56,HUMIDITY,RH,1,"70,30"
05:56,DELTA,RT,0,"0,21"
05:56,DELTA,RT,1,"0,43"
05:56,DELTA,RH,2,"17,88"
05:56,FLOW,WF,0,0
05:56,FLOW,WF,1,0
05:56,0,RT,0,"28,75"
06:01,STATE,RT,0,"26,68"
06:01,HUMIDITY,RT,0,"26,96"
06:01,HUMIDITY,RT,1,"26,40"
06:01,HUMIDITY,RH,0,"52,30"
06:01,HUMIDITY,RH,1,"70,40"
06:01,DELTA,RT,0,"0,27"
06:01,DELTA,RT,1,"0,55"
06:01,DELTA,RH,2,"18,10"
06:01,FLOW,WF,0,0
06:01,FLOW,WF,1,0
06:01,0,RT,0,"28,75"
06:07,STATE,RT,0,"26,68"
06:07,HUMIDITY,RT,0,"26,96"
06:07,HUMIDITY,RT,1,"26,40"
06:07,HUMIDITY,RH,0,"52,51"
06:07,HUMIDITY,RH,1,"70,70"
06:07,DELTA,RT,0,"0,31"
06:07,DELTA,RT,1,"0,59"
06:07,DELTA,RH,2,"18,10"
06:07,FLOW,WF,0,0
06:07,FLOW,WF,1,0
06:07,0,RT,0,"28,75"
06:12,STATE,RT,0,"26,68"
06:12,HUMIDITY,RT,0,"26,93"
06:12,HUMIDITY,RT,1,"26,40"
06:12,HUMIDITY,RH,0,"52,82"
06:12,HUMIDITY,RH,1,"70,80"
06:12,DELTA,RT,0,"0,22"
06:12,DELTA,RT,1,"0,40"
06:12,DELTA,RH,2,"18,08"
06:12,FLOW,WF,0,0
06:12,FLOW,WF,1,0
06:12,0,RT,0,"28,75"
06:17,STATE,RT,0,"26,68"
06:17,HUMIDITY,RT,0,"26,95"
06:17,HUMIDITY,RT,1,"26,50"
06:17,HUMIDITY,RH,0,"52,97"
06:17,HUMIDITY,RH,1,"71,10"
06:17,DELTA,RT,0,"0,20"
06:17,DELTA,RT,1,"0,55"
06:17,DELTA,RH,2,"18,04"
06:17,FLOW,WF,0,0
06:17,FLOW,WF,1,0
06:17,0,RT,0,"28,75"
06:22,STATE,RT,0,"26,75"
06:22,HUMIDITY,RT,0,"27,00"
06:22,HUMIDITY,RT,1,"26,50"
06:22,HUMIDITY,RH,0,"52,99"
06:22,HUMIDITY,RH,1,"71,30"
06:22,DELTA,RT,0,"0,24"
06:22,DELTA,RT,1,"0,49"
06:22,DELTA,RH,2,"18,30"
06:22,FLOW,WF,0,0
06:22,FLOW,WF,1,0
06:22,0,RT,0,"28,75"
06:27,STATE,RT,0,"26,81"
06:27,HUMIDITY,RT,0,"26,98"
06:27,HUMIDITY,RT,1,"26,50"
06:27,HUMIDITY,RH,0,"53,30"
06:27,HUMIDITY,RH,1,"71,50"
06:27,DELTA,RT,0,"0,15"
06:27,DELTA,RT,1,"0,46"
06:27,DELTA,RH,2,"18,20"
06:27,FLOW,WF,0,0
06:27,FLOW,WF,1,0
06:27,0,RT,0,"28,75"
06:32,STATE,RT,0,"26,87"
06:32,HUMIDITY,RT,0,"27,00"
06:32,HUMIDITY,RT,1,"26,50"
06:32,HUMIDITY,RH,0,"53,42"
06:32,HUMIDITY,RH,1,"71,60"
06:32,DELTA,RT,0,"0,13"
06:32,DELTA,RT,1,"0,50"
06:32,DELTA,RH,2,"18,18"
06:32,FLOW,WF,0,0
06:32,FLOW,WF,1,0
06:32,0,RT,0,"29,00"
06:37,STATE,RT,0,"26,93"
06:37,HUMIDITY,RT,0,"27,00"
06:37,HUMIDITY,RT,1,"26,50"
06:37,HUMIDITY,RH,0,"53,71"
06:37,HUMIDITY,RH,1,"71,80"
06:37,DELTA,RT,0,"0,07"
06:37,DELTA,RT,1,"0,50"
06:37,DELTA,RH,2,"18,09"
06:37,FLOW,WF,0,0
06:37,FLOW,WF,1,0
06:37,0,RT,0,"29,00"
06:42,STATE,RT,0,"26,75"
06:42,HUMIDITY,RT,0,"26,89"
06:42,HUMIDITY,RT,1,"26,50"
06:42,HUMIDITY,RH,0,"53,98"
06:42,HUMIDITY,RH,1,"72,00"
06:42,DELTA,RT,0,"0,14"
06:42,DELTA,RT,1,"0,39"
06:42,DELTA,RH,2,"18,02"
06:42,FLOW,WF,0,0
06:42,FLOW,WF,1,0
06:42,0,RT,0,"28,75"
06:47,STATE,RT,0,"26,68"
06:47,HUMIDITY,RT,0,"26,93"
06:47,HUMIDITY,RT,1,"26,50"
06:47,HUMIDITY,RH,0,"53,97"
06:47,HUMIDITY,RH,1,"72,20"
06:47,DELTA,RT,0,"0,25"
06:47,DELTA,RT,1,"0,43"
06:47,DELTA,RH,2,"18,23"
06:47,FLOW,WF,0,0
06:47,FLOW,WF,1,0
06:47,0,RT,0,"28,75"
06:52,STATE,RT,0,"26,68"
06:52,HUMIDITY,RT,0,"26,89"
06:52,HUMIDITY,RT,1,"26,50"
06:52,HUMIDITY,RH,0,"54,31"
06:52,HUMIDITY,RH,1,"72,50"
06:52,DELTA,RT,0,"0,22"
06:52,DELTA,RT,1,"0,40"
06:52,DELTA,RH,2,"18,17"
06:52,FLOW,WF,0,0
06:52,FLOW,WF,1,0
06:52,0,RT,0,"28,50"
06:57,STATE,RT,0,"26,62"
06:57,HUMIDITY,RT,0,"26,88"
06:57,HUMIDITY,RT,1,"26,50"
06:57,HUMIDITY,RH,0,"54,45"
06:57,HUMIDITY,RH,1,"72,70"
06:57,DELTA,RT,0,"0,26"
06:57,DELTA,RT,1,"0,38"
06:57,DELTA,RH,2,"18,25"
06:57,FLOW,WF,0,0
06:57,FLOW,WF,1,0
06:57,0,RT,0,"28,50"
07:02,STATE,RT,0,"26,56"
07:02,HUMIDITY,RT,0,"26,87"
07:02,HUMIDITY,RT,1,"26,50"
07:02,HUMIDITY,RH,0,"54,72"
07:02,HUMIDITY,RH,1,"72,90"
07:02,DELTA,RT,0,"0,31"
07:02,DELTA,RT,1,"0,37"
07:02,DELTA,RH,2,"18,18"
07:02,FLOW,WF,0,0
07:02,FLOW,WF,1,0
07:02,0,RT,0,"28,50"
07:07,STATE,RT,0,"26,56"
07:07,HUMIDITY,RT,0,"26,97"
07:07,HUMIDITY,RT,1,"26,50"
07:07,HUMIDITY,RH,0,"54,92"
07:07,HUMIDITY,RH,1,"73,20"
07:07,DELTA,RT,0,"0,41"
07:07,DELTA,RT,1,"0,47"
07:07,DELTA,RH,2,"18,28"
07:07,FLOW,WF,0,0
07:07,FLOW,WF,1,0
07:07,0,RT,0,"28,50"
07:12,STATE,RT,0,"26,56"
07:12,HUMIDITY,RT,0,"26,94"
07:12,HUMIDITY,RT,1,"26,50"
07:12,HUMIDITY,RH,0,"55,17"
07:12,HUMIDITY,RH,1,"73,60"
07:12,DELTA,RT,0,"0,38"
07:12,DELTA,RT,1,"0,44"
07:12,DELTA,RH,2,"18,43"
07:12,FLOW,WF,0,0
07:12,FLOW,WF,1,0
07:12,0,RT,0,"28,75"
07:17,STATE,RT,0,"26,62"
07:17,HUMIDITY,RT,0,"27,02"
07:17,HUMIDITY,RT,1,"26,50"
07:17,HUMIDITY,RH,0,"55,09"
07:17,HUMIDITY,RH,1,"73,80"
07:17,DELTA,RT,0,"0,40"
07:17,DELTA,RT,1,"0,52"
07:17,DELTA,RH,2,"18,71"
07:17,FLOW,WF,0,0
07:17,FLOW,WF,1,0
07:17,0,RT,0,"29,00"
07:22,STATE,RT,0,"26,75"
07:22,HUMIDITY,RT,0,"27,08"
07:22,HUMIDITY,RT,1,"26,50"
07:22,HUMIDITY,RH,0,"55,43"
07:22,HUMIDITY,RH,1,"74,00"
07:22,DELTA,RT,0,"0,32"
07:22,DELTA,RT,1,"0,57"
07:22,DELTA,RH,2,"18,60"
07:22,FLOW,WF,0,0
07:22,FLOW,WF,1,0
07:22,0,RT,0,"29,00"
07:27,STATE,RT,0,"26,81"
07:27,HUMIDITY,RT,0,"27,07"
07:27,HUMIDITY,RT,1,"26,60"
07:27,HUMIDITY,RH,0,"56,90"
07:27,HUMIDITY,RH,1,"75,20"
07:27,DELTA,RT,0,"0,26"
07:27,DELTA,RT,1,"0,47"
07:27,DELTA,RH,2,"18,30"
07:27,FLOW,WF,0,0
07:27,FLOW,WF,1,0
07:27,0,RT,0,"29,00"
07:32,STATE,RT,0,"26,68"
07:32,HUMIDITY,RT,0,"26,95"
07:32,HUMIDITY,RT,1,"26,50"
07:32,HUMIDITY,RH,0,"58,07"
07:32,HUMIDITY,RH,1,"76,30"
07:32,DELTA,RT,0,"0,21"
07:32,DELTA,RT,1,"0,39"
07:32,DELTA,RH,2,"18,19"
07:32,FLOW,WF,0,0
07:32,FLOW,WF,1,0
07:32,0,RT,0,"29,00"
07:37,STATE,RT,0,"26,75"
07:37,HUMIDITY,RT,0,"26,94"
07:37,HUMIDITY,RT,1,"26,50"
07:37,HUMIDITY,RH,0,"56,67"
07:37,HUMIDITY,RH,1,"75,40"
07:37,DELTA,RT,0,"0,19"
07:37,DELTA,RT,1,"0,44"
07:37,DELTA,RH,2,"18,73"
07:37,FLOW,WF,0,0
07:37,FLOW,WF,1,0
07:37,0,RT,0,"29,25"
07:42,STATE,RT,0,"26,81"
07:42,HUMIDITY,RT,0,"26,96"
07:42,HUMIDITY,RT,1,"26,50"
07:42,HUMIDITY,RH,0,"56,07"
07:42,HUMIDITY,RH,1,"75,10"
07:42,DELTA,RT,0,"0,15"
07:42,DELTA,RT,1,"0,46"
07:42,DELTA,RH,2,"19,03"
07:42,FLOW,WF,0,0
07:42,FLOW,WF,1,0
07:42,0,RT,0,"29,25"
07:47,STATE,RT,0,"26,87"
07:47,HUMIDITY,RT,0,"26,95"
07:47,HUMIDITY,RT,1,"26,60"
07:47,HUMIDITY,RH,0,"56,67"
07:47,HUMIDITY,RH,1,"75,20"
07:47,DELTA,RT,0,"0,08"
07:47,DELTA,RT,1,"0,35"
07:47,DELTA,RH,2,"18,53"
07:47,FLOW,WF,0,0
07:47,FLOW,WF,1,0
07:47,0,RT,0,"29,25"
07:52,STATE,RT,0,"26,93"
07:52,HUMIDITY,RT,0,"26,98"
07:52,HUMIDITY,RT,1,"26,60"
07:52,HUMIDITY,RH,0,"56,53"
07:52,HUMIDITY,RH,1,"75,00"
07:52,DELTA,RT,0,"0,04"
07:52,DELTA,RT,1,"0,37"
07:52,DELTA,RH,2,"18,56"
07:52,FLOW,WF,0,0
07:52,FLOW,WF,1,0
07:52,0,RT,0,"29,50"
07:57,STATE,RT,0,"26,93"
07:57,HUMIDITY,RT,0,"26,96"
07:57,HUMIDITY,RT,1,"26,60"
07:57,HUMIDITY,RH,0,"57,65"
07:57,HUMIDITY,RH,1,"75,90"
07:57,DELTA,RT,0,"0,02"
07:57,DELTA,RT,1,"0,35"
07:57,DELTA,RH,2,"18,22"
07:57,FLOW,WF,0,0
07:57,FLOW,WF,1,0
07:57,0,RT,0,"29,50"
08:02,STATE,RT,0,"26,93"
08:02,HUMIDITY,RT,0,"27,07"
08:02,HUMIDITY,RT,1,"26,60"
08:02,HUMIDITY,RH,0,"56,85"
08:02,HUMIDITY,RH,1,"75,70"
08:02,DELTA,RT,0,"0,15"
08:02,DELTA,RT,1,"0,48"
08:02,DELTA,RH,2,"18,78"
08:02,FLOW,WF,0,0
08:02,FLOW,WF,1,0
08:02,0,RT,0,"29,25"
08:07,STATE,RT,0,"27,06"
08:07,HUMIDITY,RT,0,"27,15"
08:07,HUMIDITY,RT,1,"26,60"
08:07,HUMIDITY,RH,0,"56,08"
08:07,HUMIDITY,RH,1,"75,00"
08:07,DELTA,RT,0,"0,07"
08:07,DELTA,RT,1,"0,53"
08:07,DELTA,RH,2,"18,95"
08:07,FLOW,WF,0,0
08:07,FLOW,WF,1,0
08:07,0,RT,0,"29,25"
08:12,STATE,RT,0,"27,18"
08:12,HUMIDITY,RT,0,"27,22"
08:12,HUMIDITY,RT,1,"26,70"
08:12,HUMIDITY,RH,0,"56,19"
08:12,HUMIDITY,RH,1,"75,10"
08:12,DELTA,RT,0,"0,02"
08:12,DELTA,RT,1,"0,50"
08:12,DELTA,RH,2,"18,92"
08:12,FLOW,WF,0,0
08:12,FLOW,WF,1,0
08:12,0,RT,0,"29,25"
08:18,STATE,RT,0,"27,31"
08:18,HUMIDITY,RT,0,"27,26"
08:18,HUMIDITY,RT,1,"26,80"
08:18,HUMIDITY,RH,0,"55,59"
08:18,HUMIDITY,RH,1,"74,60"
08:18,DELTA,RT,0,"0,05"
08:18,DELTA,RT,1,"0,46"
08:18,DELTA,RH,2,"19,01"
08:18,FLOW,WF,0,0
08:18,FLOW,WF,1,0
08:18,0,RT,0,"29,25"
08:23,STATE,RT,0,"27,37"
08:23,HUMIDITY,RT,0,"27,23"
08:23,HUMIDITY,RT,1,"26,80"
08:23,HUMIDITY,RH,0,"55,57"
08:23,HUMIDITY,RH,1,"74,40"
08:23,DELTA,RT,0,"0,14"
08:23,DELTA,RT,1,"0,43"
08:23,DELTA,RH,2,"18,83"
08:23,FLOW,WF,0,0
08:23,FLOW,WF,1,0
08:23,0,RT,0,"29,25"
08:28,STATE,RT,0,"27,31"
08:28,HUMIDITY,RT,0,"27,25"
08:28,HUMIDITY,RT,1,"26,90"
08:28,HUMIDITY,RH,0,"55,61"
08:28,HUMIDITY,RH,1,"74,50"
08:28,DELTA,RT,0,"0,04"
08:28,DELTA,RT,1,"0,47"
08:28,DELTA,RH,2,"18,77"
08:28,FLOW,WF,0,0
08:28,FLOW,WF,1,0
08:28,0,RT,0,"29,25"
08:33,STATE,RT,0,"27,31"
08:33,HUMIDITY,RT,0,"27,36"
08:33,HUMIDITY,RT,1,"26,90"
08:33,HUMIDITY,RH,0,"55,28"
08:33,HUMIDITY,RH,1,"74,40"
08:33,DELTA,RT,0,"0,06"
08:33,DELTA,RT,1,"0,47"
08:33,DELTA,RH,2,"19,11"
08:33,FLOW,WF,0,0
08:33,FLOW,WF,1,0
08:33,0,RT,0,"29,25"
08:38,STATE,RT,0,"27,37"
08:38,HUMIDITY,RT,0,"27,34"
08:38,HUMIDITY,RT,1,"26,90"
08:38,HUMIDITY,RH,0,"55,28"
08:38,HUMIDITY,RH,1,"74,10"
08:38,DELTA,RT,0,"0,04"
08:38,DELTA,RT,1,"0,43"
08:38,DELTA,RH,2,"18,84"
08:38,FLOW,WF,0,0
08:38,FLOW,WF,1,0
08:38,0,RT,0,"29,50"
08:43,STATE,RT,0,"27,43"
08:43,HUMIDITY,RT,0,"27,33"
08:43,HUMIDITY,RT,1,"26,90"
08:43,HUMIDITY,RH,0,"55,35"
08:43,HUMIDITY,RH,1,"74,00"
08:43,DELTA,RT,0,"0,07"
08:43,DELTA,RT,1,"0,46"
08:43,DELTA,RH,2,"18,65"
08:43,FLOW,WF,0,0
08:43,FLOW,WF,1,0
08:43,0,RT,0,"29,50"
08:48,STATE,RT,0,"27,37"
08:48,HUMIDITY,RT,0,"27,28"
08:48,HUMIDITY,RT,1,"26,90"
08:48,HUMIDITY,RH,0,"55,33"
08:48,HUMIDITY,RH,1,"73,80"
08:48,DELTA,RT,0,"0,07"
08:48,DELTA,RT,1,"0,30"
08:48,DELTA,RH,2,"18,49"
08:48,FLOW,WF,0,0
08:48,FLOW,WF,1,0
08:48,0,RT,0,"29,50"
08:53,STATE,RT,0,"27,37"
08:53,HUMIDITY,RT,0,"27,37"
08:53,HUMIDITY,RT,1,"27,00"
08:53,HUMIDITY,RH,0,"55,19"
08:53,HUMIDITY,RH,1,"73,90"
08:53,DELTA,RT,0,"0,01"
08:53,DELTA,RT,1,"0,38"
08:53,DELTA,RH,2,"18,58"
08:53,FLOW,WF,0,0
08:53,FLOW,WF,1,0
08:53,0,RT,0,"29,50"
08:58,STATE,RT,0,"27,43"
08:58,HUMIDITY,RT,0,"27,43"
08:58,HUMIDITY,RT,1,"27,00"
08:58,HUMIDITY,RH,0,"54,98"
08:58,HUMIDITY,RH,1,"73,60"
08:58,DELTA,RT,0,"0,01"
08:58,DELTA,RT,1,"0,44"
08:58,DELTA,RH,2,"18,63"
08:58,FLOW,WF,0,0
08:58,FLOW,WF,1,0
08:58,0,RT,0,"29,50"
09:03,STATE,RT,0,"27,43"
09:03,HUMIDITY,RT,0,"27,43"
09:03,HUMIDITY,RT,1,"27,00"
09:03,HUMIDITY,RH,0,"54,97"
09:03,HUMIDITY,RH,1,"73,50"
09:03,DELTA,RT,0,"0,06"
09:03,DELTA,RT,1,"0,44"
09:03,DELTA,RH,2,"18,55"
09:03,FLOW,WF,0,0
09:03,FLOW,WF,1,0
09:03,0,RT,0,"29,50"
09:08,STATE,RT,0,"27,50"
09:08,HUMIDITY,RT,0,"27,57"
09:08,HUMIDITY,RT,1,"27,10"
09:08,HUMIDITY,RH,0,"54,33"
09:08,HUMIDITY,RH,1,"73,00"
09:08,DELTA,RT,0,"0,07"
09:08,DELTA,RT,1,"0,47"
09:08,DELTA,RH,2,"18,67"
09:08,FLOW,WF,0,0
09:08,FLOW,WF,1,0
09:08,0,RT,0,"29,50"
09:13,STATE,RT,0,"27,50"
09:13,HUMIDITY,RT,0,"27,57"
09:13,HUMIDITY,RT,1,"27,10"
09:13,HUMIDITY,RH,0,"54,29"
09:13,HUMIDITY,RH,1,"73,00"
09:13,DELTA,RT,0,"0,07"
09:13,DELTA,RT,1,"0,47"
09:13,DELTA,RH,2,"18,71"
09:13,FLOW,WF,0,0
09:13,FLOW,WF,1,0
09:13,0,RT,0,"29,50"
09:18,STATE,RT,0,"27,43"
09:18,HUMIDITY,RT,0,"27,58"
09:18,HUMIDITY,RT,1,"27,10"
09:18,HUMIDITY,RH,0,"53,03"
09:18,HUMIDITY,RH,1,"71,20"
09:18,DELTA,RT,0,"0,15"
09:18,DELTA,RT,1,"0,48"
09:18,DELTA,RH,2,"18,17"
09:18,FLOW,WF,0,0
09:18,FLOW,WF,1,0
09:18,0,RT,0,"29,50"
09:23,STATE,RT,0,"27,56"
09:23,HUMIDITY,RT,0,"27,54"
09:23,HUMIDITY,RT,1,"27,10"
09:23,HUMIDITY,RH,0,"53,95"
09:23,HUMIDITY,RH,1,"72,20"
09:23,DELTA,RT,0,"0,02"
09:23,DELTA,RT,1,"0,44"
09:23,DELTA,RH,2,"18,25"
09:23,FLOW,WF,0,0
09:23,FLOW,WF,1,0
09:23,0,RT,0,"29,75"
09:28,STATE,RT,0,"27,56"
09:28,HUMIDITY,RT,0,"27,57"
09:28,HUMIDITY,RT,1,"27,10"
09:28,HUMIDITY,RH,0,"54,02"
09:28,HUMIDITY,RH,1,"72,20"
09:28,DELTA,RT,0,"0,01"
09:28,DELTA,RT,1,"0,47"
09:28,DELTA,RH,2,"18,18"
09:28,FLOW,WF,0,0
09:28,FLOW,WF,1,0
09:28,0,RT,0,"29,75"
09:33,STATE,RT,0,"27,68"
09:33,HUMIDITY,RT,0,"27,78"
09:33,HUMIDITY,RT,1,"27,20"
09:33,HUMIDITY,RH,0,"53,05"
09:33,HUMIDITY,RH,1,"71,70"
09:33,DELTA,RT,0,"0,10"
09:33,DELTA,RT,1,"0,58"
09:33,DELTA,RH,2,"18,66"
09:33,FLOW,WF,0,0
09:33,FLOW,WF,1,0
09:33,0,RT,0,"29,75"
09:38,STATE,RT,0,"27,81"
09:38,HUMIDITY,RT,0,"27,86"
09:38,HUMIDITY,RT,1,"27,20"
09:38,HUMIDITY,RH,0,"52,95"
09:38,HUMIDITY,RH,1,"71,70"
09:38,DELTA,RT,0,"0,05"
09:38,DELTA,RT,1,"0,66"
09:38,DELTA,RH,2,"18,75"
09:38,FLOW,WF,0,0
09:38,FLOW,WF,1,0
09:38,0,RT,0,"30,00"
09:43,STATE,RT,0,"27,87"
09:43,HUMIDITY,RT,0,"27,89"
09:43,HUMIDITY,RT,1,"27,30"
09:43,HUMIDITY,RH,0,"52,46"
09:43,HUMIDITY,RH,1,"71,40"
09:43,DELTA,RT,0,"0,02"
09:43,DELTA,RT,1,"0,59"
09:43,DELTA,RH,2,"18,94"
09:43,FLOW,WF,0,0
09:43,FLOW,WF,1,0
09:43,0,RT,0,"30,00"
09:48,STATE,RT,0,"27,81"
09:48,HUMIDITY,RT,0,"27,86"
09:48,HUMIDITY,RT,1,"27,30"
09:48,HUMIDITY,RH,0,"53,01"
09:48,HUMIDITY,RH,1,"70,60"
09:48,DELTA,RT,0,"0,05"
09:48,DELTA,RT,1,"0,56"
09:48,DELTA,RH,2,"17,59"
09:48,FLOW,WF,0,0
09:48,FLOW,WF,1,0
09:48,0,RT,0,"30,00"
09:53,STATE,RT,0,"27,81"
09:53,HUMIDITY,RT,0,"27,81"
09:53,HUMIDITY,RT,1,"27,30"
09:53,HUMIDITY,RH,0,"52,55"
09:53,HUMIDITY,RH,1,"70,30"
09:53,DELTA,RT,0,"0,00"
09:53,DELTA,RT,1,"0,51"
09:53,DELTA,RH,2,"17,75"
09:53,FLOW,WF,0,0
09:53,FLOW,WF,1,0
09:53,0,RT,0,"30,00"
09:58,STATE,RT,0,"27,81"
09:58,HUMIDITY,RT,0,"27,93"
09:58,HUMIDITY,RT,1,"27,30"
09:58,HUMIDITY,RH,0,"52,69"
09:58,HUMIDITY,RH,1,"70,60"
09:58,DELTA,RT,0,"0,12"
09:58,DELTA,RT,1,"0,63"
09:58,DELTA,RH,2,"17,91"
09:58,FLOW,WF,0,0
09:58,FLOW,WF,1,0
09:58,0,RT,0,"30,00"
10:03,STATE,RT,0,"27,81"
10:03,HUMIDITY,RT,0,"27,94"
10:03,HUMIDITY,RT,1,"27,40"
10:03,HUMIDITY,RH,0,"51,47"
10:03,HUMIDITY,RH,1,"69,60"
10:03,DELTA,RT,0,"0,12"
10:03,DELTA,RT,1,"0,63"
10:03,DELTA,RH,2,"18,19"
10:03,FLOW,WF,0,0
10:03,FLOW,WF,1,0
10:03,0,RT,0,"30,00"
10:08,STATE,RT,0,"27,87"
10:08,HUMIDITY,RT,0,"27,97"
10:08,HUMIDITY,RT,1,"27,40"
10:08,HUMIDITY,RH,0,"52,20"
10:08,HUMIDITY,RH,1,"70,00"
10:08,DELTA,RT,0,"0,12"
10:08,DELTA,RT,1,"0,59"
10:08,DELTA,RH,2,"17,82"
10:08,FLOW,WF,0,0
10:08,FLOW,WF,1,0
10:08,0,RT,0,"30,00"
10:13,STATE,RT,0,"27,93"
10:13,HUMIDITY,RT,0,"27,88"
10:13,HUMIDITY,RT,1,"27,40"
10:13,HUMIDITY,RH,0,"52,27"
10:13,HUMIDITY,RH,1,"70,30"
10:13,DELTA,RT,0,"0,03"
10:13,DELTA,RT,1,"0,50"
10:13,DELTA,RH,2,"17,92"
10:13,FLOW,WF,0,0
10:13,FLOW,WF,1,0
10:13,0,RT,0,"29,75"
10:18,STATE,RT,0,"27,87"
10:18,HUMIDITY,RT,0,"27,96"
10:18,HUMIDITY,RT,1,"27,40"
10:18,HUMIDITY,RH,0,"52,03"
10:18,HUMIDITY,RH,1,"70,00"
10:18,DELTA,RT,0,"0,09"
10:18,DELTA,RT,1,"0,56"
10:18,DELTA,RH,2,"17,97"
10:18,FLOW,WF,0,0
10:18,FLOW,WF,1,0
10:18,0,RT,0,"30,00"
10:23,STATE,RT,0,"28,00"
10:23,HUMIDITY,RT,0,"27,99"
10:23,HUMIDITY,RT,1,"27,40"
10:23,HUMIDITY,RH,0,"52,54"
10:23,HUMIDITY,RH,1,"70,70"
10:23,DELTA,RT,0,"0,01"
10:23,DELTA,RT,1,"0,59"
10:23,DELTA,RH,2,"18,16"
10:23,FLOW,WF,0,0
10:23,FLOW,WF,1,0
10:23,0,RT,0,"30,00"
10:28,STATE,RT,0,"28,00"
10:28,HUMIDITY,RT,0,"28,00"
10:28,HUMIDITY,RT,1,"27,50"
10:28,HUMIDITY,RH,0,"52,42"
10:28,HUMIDITY,RH,1,"70,80"
10:28,DELTA,RT,0,"0,00"
10:28,DELTA,RT,1,"0,50"
10:28,DELTA,RH,2,"18,38"
10:28,FLOW,WF,0,0
10:28,FLOW,WF,1,0
10:28,0,RT,0,"30,00"
10:34,STATE,RT,0,"28,00"
10:34,HUMIDITY,RT,0,"27,99"
10:34,HUMIDITY,RT,1,"27,50"
10:34,HUMIDITY,RH,0,"52,43"
10:34,HUMIDITY,RH,1,"70,80"
10:34,DELTA,RT,0,"0,01"
10:34,DELTA,RT,1,"0,51"
10:34,DELTA,RH,2,"18,32"
10:34,FLOW,WF,0,0
10:34,FLOW,WF,1,0
10:34,0,RT,0,"30,00"
10:39,STATE,RT,0,"28,00"
10:39,HUMIDITY,RT,0,"28,03"
10:39,HUMIDITY,RT,1,"27,50"
10:39,HUMIDITY,RH,0,"52,82"
10:39,HUMIDITY,RH,1,"71,20"
10:39,DELTA,RT,0,"0,04"
10:39,DELTA,RT,1,"0,54"
10:39,DELTA,RH,2,"18,37"
10:39,FLOW,WF,0,0
10:39,FLOW,WF,1,0
10:39,0,RT,0,"30,00"
10:44,STATE,RT,0,"28,00"
10:44,HUMIDITY,RT,0,"28,06"
10:44,HUMIDITY,RT,1,"27,50"
10:44,HUMIDITY,RH,0,"53,08"
10:44,HUMIDITY,RH,1,"71,30"
10:44,DELTA,RT,0,"0,07"
10:44,DELTA,RT,1,"0,57"
10:44,DELTA,RH,2,"18,12"
10:44,FLOW,WF,0,0
10:44,FLOW,WF,1,0
10:44,0,RT,0,"30,00"
10:49,STATE,RT,0,"28,00"
10:49,HUMIDITY,RT,0,"28,08"
10:49,HUMIDITY,RT,1,"27,50"
10:49,HUMIDITY,RH,0,"53,07"
10:49,HUMIDITY,RH,1,"71,50"
10:49,DELTA,RT,0,"0,06"
10:49,DELTA,RT,1,"0,56"
10:49,DELTA,RH,2,"18,44"
10:49,FLOW,WF,0,0
10:49,FLOW,WF,1,0
10:49,0,RT,0,"30,00"
10:54,STATE,RT,0,"28,00"
10:54,HUMIDITY,RT,0,"28,07"
10:54,HUMIDITY,RT,1,"27,50"
10:54,HUMIDITY,RH,0,"53,21"
10:54,HUMIDITY,RH,1,"71,60"
10:54,DELTA,RT,0,"0,06"
10:54,DELTA,RT,1,"0,56"
10:54,DELTA,RH,2,"18,39"
10:54,FLOW,WF,0,0
10:54,FLOW,WF,1,0
10:54,0,RT,0,"30,00"
10:59,STATE,RT,0,"28,06"
10:59,HUMIDITY,RT,0,"28,14"
10:59,HUMIDITY,RT,1,"27,60"
10:59,HUMIDITY,RH,0,"53,23"
10:59,HUMIDITY,RH,1,"71,50"
10:59,DELTA,RT,0,"0,08"
10:59,DELTA,RT,1,"0,54"
10:59,DELTA,RH,2,"18,27"
10:59,FLOW,WF,0,0
10:59,FLOW,WF,1,0
10:59,0,RT,0,"30,00"
11:04,STATE,RT,0,"28,12"
11:04,HUMIDITY,RT,0,"28,11"
11:04,HUMIDITY,RT,1,"27,60"
11:04,HUMIDITY,RH,0,"52,51"
11:04,HUMIDITY,RH,1,"70,70"
11:04,DELTA,RT,0,"0,01"
11:04,DELTA,RT,1,"0,51"
11:04,DELTA,RH,2,"18,19"
11:04,FLOW,WF,0,0
11:04,FLOW,WF,1,0
11:04,0,RT,0,"30,00"
11:09,STATE,RT,0,"28,12"
11:09,HUMIDITY,RT,0,"28,18"
11:09,HUMIDITY,RT,1,"27,60"
11:09,HUMIDITY,RH,0,"52,55"
11:09,HUMIDITY,RH,1,"70,60"
11:09,DELTA,RT,0,"0,04"
11:09,DELTA,RT,1,"0,56"
11:09,DELTA,RH,2,"18,10"
11:09,FLOW,WF,0,0
11:09,FLOW,WF,1,0
11:09,0,RT,0,"30,00"
11:14,STATE,RT,0,"28,25"
11:14,HUMIDITY,RT,0,"28,26"
11:14,HUMIDITY,RT,1,"27,70"
11:14,HUMIDITY,RH,0,"52,67"
11:14,HUMIDITY,RH,1,"70,60"
11:14,DELTA,RT,0,"0,01"
11:14,DELTA,RT,1,"0,56"
11:14,DELTA,RH,2,"17,92"
11:14,FLOW,WF,0,0
11:14,FLOW,WF,1,0
11:14,0,RT,0,"30,00"
11:19,STATE,RT,0,"28,18"
11:19,HUMIDITY,RT,0,"28,26"
11:19,HUMIDITY,RT,1,"27,70"
11:19,HUMIDITY,RH,0,"52,43"
11:19,HUMIDITY,RH,1,"70,30"
11:19,DELTA,RT,0,"0,07"
11:19,DELTA,RT,1,"0,55"
11:19,DELTA,RH,2,"17,79"
11:19,FLOW,WF,0,0
11:19,FLOW,WF,1,0
11:19,0,RT,0,"30,00"
11:24,STATE,RT,0,"28,31"
11:24,HUMIDITY,RT,0,"28,34"
11:24,HUMIDITY,RT,1,"27,70"
11:24,HUMIDITY,RH,0,"52,12"
11:24,HUMIDITY,RH,1,"70,00"
11:24,DELTA,RT,0,"0,02"
11:24,DELTA,RT,1,"0,63"
11:24,DELTA,RH,2,"17,76"
11:24,FLOW,WF,0,0
11:24,FLOW,WF,1,0
11:24,0,RT,0,"30,25"
11:29,STATE,RT,0,"28,37"
11:29,HUMIDITY,RT,0,"28,38"
11:29,HUMIDITY,RT,1,"27,70"
11:29,HUMIDITY,RH,0,"52,04"
11:29,HUMIDITY,RH,1,"70,10"
11:29,DELTA,RT,0,"0,01"
11:29,DELTA,RT,1,"0,56"
11:29,DELTA,RH,2,"18,09"
11:29,FLOW,WF,0,0
11:29,FLOW,WF,1,0
11:29,0,RT,0,"30,50"
11:34,STATE,RT,0,"28,37"
11:34,HUMIDITY,RT,0,"28,42"
11:34,HUMIDITY,RT,1,"27,80"
11:34,HUMIDITY,RH,0,"51,60"
11:34,HUMIDITY,RH,1,"69,50"
11:34,DELTA,RT,0,"0,04"
11:34,DELTA,RT,1,"0,61"
11:34,DELTA,RH,2,"17,85"
11:34,FLOW,WF,0,0
11:34,FLOW,WF,1,0
11:34,0,RT,0,"30,50"
11:39,STATE,RT,0,"28,37"
11:39,HUMIDITY,RT,0,"28,46"
11:39,HUMIDITY,RT,1,"27,80"
11:39,HUMIDITY,RH,0,"51,41"
11:39,HUMIDITY,RH,1,"69,50"
11:39,DELTA,RT,0,"0,10"
11:39,DELTA,RT,1,"0,67"
11:39,DELTA,RH,2,"18,00"
11:39,FLOW,WF,0,0
11:39,FLOW,WF,1,0
11:39,0,RT,0,"30,50"
11:44,STATE,RT,0,"28,50"
11:44,HUMIDITY,RT,0,"28,45"
11:44,HUMIDITY,RT,1,"27,80"
11:44,HUMIDITY,RH,0,"51,67"
11:44,HUMIDITY,RH,1,"69,60"
11:44,DELTA,RT,0,"0,05"
11:44,DELTA,RT,1,"0,65"
11:44,DELTA,RH,2,"17,93"
11:44,FLOW,WF,0,0
11:44,FLOW,WF,1,0
11:44,0,RT,0,"30,25"
11:49,STATE,RT,0,"28,50"
11:49,HUMIDITY,RT,0,"28,48"
11:49,HUMIDITY,RT,1,"27,90"
11:49,HUMIDITY,RH,0,"51,37"
11:49,HUMIDITY,RH,1,"69,60"
11:49,DELTA,RT,0,"0,02"
11:49,DELTA,RT,1,"0,58"
11:49,DELTA,RH,2,"18,23"
11:49,FLOW,WF,0,0
11:49,FLOW,WF,1,0
11:49,0,RT,0,"30,25"
11:54,STATE,RT,0,"28,56"
11:54,HUMIDITY,RT,0,"28,46"
11:54,HUMIDITY,RT,1,"27,90"
11:54,HUMIDITY,RH,0,"51,61"
11:54,HUMIDITY,RH,1,"69,20"
11:54,DELTA,RT,0,"0,10"
11:54,DELTA,RT,1,"0,56"
11:54,DELTA,RH,2,"17,59"
11:54,FLOW,WF,0,0
11:54,FLOW,WF,1,0
11:54,0,RT,0,"30,50"
11:59,STATE,RT,0,"28,50"
11:59,HUMIDITY,RT,0,"28,51"
11:59,HUMIDITY,RT,1,"27,90"
11:59,HUMIDITY,RH,0,"51,45"
11:59,HUMIDITY,RH,1,"69,10"
11:59,DELTA,RT,0,"0,01"
11:59,DELTA,RT,1,"0,61"
11:59,DELTA,RH,2,"17,65"
11:59,FLOW,WF,0,0
11:59,FLOW,WF,1,0
11:59,0,RT,0,"30,25"
12:04,STATE,RT,0,"28,56"
12:04,HUMIDITY,RT,0,"28,55"
12:04,HUMIDITY,RT,1,"27,90"
12:04,HUMIDITY,RH,0,"51,16"
12:04,HUMIDITY,RH,1,"69,10"
12:04,DELTA,RT,0,"0,01"
12:04,DELTA,RT,1,"0,65"
12:04,DELTA,RH,2,"17,94"
12:04,FLOW,WF,0,0
12:04,FLOW,WF,1,0
12:04,0,RT,0,"30,25"
12:09,STATE,RT,0,"28,50"
12:09,HUMIDITY,RT,0,"28,60"
12:09,HUMIDITY,RT,1,"27,90"
12:09,HUMIDITY,RH,0,"50,59"
12:09,HUMIDITY,RH,1,"68,70"
12:09,DELTA,RT,0,"0,10"
12:09,DELTA,RT,1,"0,70"
12:09,DELTA,RH,2,"18,19"
12:09,FLOW,WF,0,0
12:09,FLOW,WF,1,0
12:09,0,RT,0,"30,50"
12:14,STATE,RT,0,"28,56"
12:14,HUMIDITY,RT,0,"28,57"
12:14,HUMIDITY,RT,1,"27,90"
12:14,HUMIDITY,RH,0,"50,65"
12:14,HUMIDITY,RH,1,"68,80"
12:14,DELTA,RT,0,"0,00"
12:14,DELTA,RT,1,"0,56"
12:14,DELTA,RH,2,"18,14"
12:14,FLOW,WF,0,0
12:14,FLOW,WF,1,0
12:14,0,RT,0,"30,25"
12:19,STATE,RT,0,"28,56"
12:19,HUMIDITY,RT,0,"28,61"
12:19,HUMIDITY,RT,1,"28,00"
12:19,HUMIDITY,RH,0,"49,92"
12:19,HUMIDITY,RH,1,"67,80"
12:19,DELTA,RT,0,"0,05"
12:19,DELTA,RT,1,"0,61"
12:19,DELTA,RH,2,"17,88"
12:19,FLOW,WF,0,0
12:19,FLOW,WF,1,0
12:19,0,RT,0,"30,25"
12:24,STATE,RT,0,"28,56"
12:24,HUMIDITY,RT,0,"28,63"
12:24,HUMIDITY,RT,1,"28,00"
12:24,HUMIDITY,RH,0,"49,73"
12:24,HUMIDITY,RH,1,"67,80"
12:24,DELTA,RT,0,"0,07"
12:24,DELTA,RT,1,"0,63"
12:24,DELTA,RH,2,"18,07"
12:24,FLOW,WF,0,0
12:24,FLOW,WF,1,0
12:24,0,RT,0,"30,25"
12:29,STATE,RT,0,"28,56"
12:29,HUMIDITY,RT,0,"28,60"
12:29,HUMIDITY,RT,1,"28,00"
12:29,HUMIDITY,RH,0,"49,35"
12:29,HUMIDITY,RH,1,"66,70"
12:29,DELTA,RT,0,"0,04"
12:29,DELTA,RT,1,"0,60"
12:29,DELTA,RH,2,"17,35"
12:29,FLOW,WF,0,0
12:29,FLOW,WF,1,0
12:29,0,RT,0,"30,50"
12:34,STATE,RT,0,"28,56"
12:34,HUMIDITY,RT,0,"28,63"
12:34,HUMIDITY,RT,1,"28,00"
12:34,HUMIDITY,RH,0,"48,74"
12:34,HUMIDITY,RH,1,"66,20"
12:34,DELTA,RT,0,"0,07"
12:34,DELTA,RT,1,"0,63"
12:34,DELTA,RH,2,"17,46"
12:34,FLOW,WF,0,0
12:34,FLOW,WF,1,0
12:34,0,RT,0,"30,50"
12:39,STATE,RT,0,"28,62"
12:39,HUMIDITY,RT,0,"28,68"
12:39,HUMIDITY,RT,1,"28,00"
12:39,HUMIDITY,RH,0,"49,13"
12:39,HUMIDITY,RH,1,"66,50"
12:39,DELTA,RT,0,"0,06"
12:39,DELTA,RT,1,"0,68"
12:39,DELTA,RH,2,"17,37"
12:39,FLOW,WF,0,0
12:39,FLOW,WF,1,0
12:39,0,RT,0,"30,25"
12:45,STATE,RT,0,"28,62"
12:45,HUMIDITY,RT,0,"28,73"
12:45,HUMIDITY,RT,1,"28,00"
12:45,HUMIDITY,RH,0,"48,72"
12:45,HUMIDITY,RH,1,"66,60"
12:45,DELTA,RT,0,"0,11"
12:45,DELTA,RT,1,"0,63"
12:45,DELTA,RH,2,"17,86"
12:45,FLOW,WF,0,0
12:45,FLOW,WF,1,0
12:45,0,RT,0,"30,50"
12:50,STATE,RT,0,"28,62"
12:50,HUMIDITY,RT,0,"28,74"
12:50,HUMIDITY,RT,1,"28,10"
12:50,HUMIDITY,RH,0,"48,95"
12:50,HUMIDITY,RH,1,"66,80"
12:50,DELTA,RT,0,"0,12"
12:50,DELTA,RT,1,"0,64"
12:50,DELTA,RH,2,"17,78"
12:50,FLOW,WF,0,0
12:50,FLOW,WF,1,0
12:50,0,RT,0,"30,50"
12:55,STATE,RT,0,"28,62"
12:55,HUMIDITY,RT,0,"28,73"
12:55,HUMIDITY,RT,1,"28,10"
12:55,HUMIDITY,RH,0,"48,88"
12:55,HUMIDITY,RH,1,"66,30"
12:55,DELTA,RT,0,"0,11"
12:55,DELTA,RT,1,"0,63"
12:55,DELTA,RH,2,"17,41"
12:55,FLOW,WF,0,0
12:55,FLOW,WF,1,0
12:55,0,RT,0,"30,50"
13:00,STATE,RT,0,"28,68"
13:00,HUMIDITY,RT,0,"28,77"
13:00,HUMIDITY,RT,1,"28,10"
13:00,HUMIDITY,RH,0,"48,89"
13:00,HUMIDITY,RH,1,"66,60"
13:00,DELTA,RT,0,"0,09"
13:00,DELTA,RT,1,"0,67"
13:00,DELTA,RH,2,"17,71"
13:00,FLOW,WF,0,0
13:00,FLOW,WF,1,0
13:00,0,RT,0,"30,50"
13:05,STATE,RT,0,"28,62"
13:05,HUMIDITY,RT,0,"28,77"
13:05,HUMIDITY,RT,1,"28,10"
13:05,HUMIDITY,RH,0,"48,17"
13:05,HUMIDITY,RH,1,"65,70"
13:05,DELTA,RT,0,"0,15"
13:05,DELTA,RT,1,"0,67"
13:05,DELTA,RH,2,"17,53"
13:05,FLOW,WF,0,0
13:05,FLOW,WF,1,0
13:05,0,RT,0,"30,50"
13:10,STATE,RT,0,"28,62"
13:10,HUMIDITY,RT,0,"28,78"
13:10,HUMIDITY,RT,1,"28,10"
13:10,HUMIDITY,RH,0,"47,89"
13:10,HUMIDITY,RH,1,"65,60"
13:10,DELTA,RT,0,"0,16"
13:10,DELTA,RT,1,"0,68"
13:10,DELTA,RH,2,"17,71"
13:10,FLOW,WF,0,0
13:10,FLOW,WF,1,0
13:10,0,RT,0,"30,50"
13:15,STATE,RT,0,"28,62"
13:15,HUMIDITY,RT,0,"28,73"
13:15,HUMIDITY,RT,1,"28,20"
13:15,HUMIDITY,RH,0,"47,19"
13:15,HUMIDITY,RH,1,"64,00"
13:15,DELTA,RT,0,"0,11"
13:15,DELTA,RT,1,"0,53"
13:15,DELTA,RH,2,"16,85"
13:15,FLOW,WF,0,0
13:15,FLOW,WF,1,0
13:15,0,RT,0,"30,50"
13:20,STATE,RT,0,"28,62"
13:20,HUMIDITY,RT,0,"28,80"
13:20,HUMIDITY,RT,1,"28,20"
13:20,HUMIDITY,RH,0,"46,77"
13:20,HUMIDITY,RH,1,"63,30"
13:20,DELTA,RT,0,"0,17"
13:20,DELTA,RT,1,"0,59"
13:20,DELTA,RH,2,"16,52"
13:20,FLOW,WF,0,0
13:20,FLOW,WF,1,0
13:20,0,RT,0,"30,25"
13:25,STATE,RT,0,"28,62"
13:25,HUMIDITY,RT,0,"28,79"
13:25,HUMIDITY,RT,1,"28,20"
13:25,HUMIDITY,RH,0,"46,14"
13:25,HUMIDITY,RH,1,"62,90"
13:25,DELTA,RT,0,"0,18"
13:25,DELTA,RT,1,"0,60"
13:25,DELTA,RH,2,"16,87"
13:25,FLOW,WF,0,0
13:25,FLOW,WF,1,0
13:25,0,RT,0,"30,25"
13:30,STATE,RT,0,"28,62"
13:30,HUMIDITY,RT,0,"28,79"
13:30,HUMIDITY,RT,1,"28,20"
13:30,HUMIDITY,RH,0,"45,93"
13:30,HUMIDITY,RH,1,"62,50"
13:30,DELTA,RT,0,"0,17"
13:30,DELTA,RT,1,"0,59"
13:30,DELTA,RH,2,"16,58"
13:30,FLOW,WF,0,0
13:30,FLOW,WF,1,0
13:30,0,RT,0,"30,25"
13:35,STATE,RT,0,"28,62"
13:35,HUMIDITY,RT,0,"28,81"
13:35,HUMIDITY,RT,1,"28,20"
13:35,HUMIDITY,RH,0,"46,09"
13:35,HUMIDITY,RH,1,"62,70"
13:35,DELTA,RT,0,"0,19"
13:35,DELTA,RT,1,"0,61"
13:35,DELTA,RH,2,"16,59"
13:35,FLOW,WF,0,0
13:35,FLOW,WF,1,0
13:35,0,RT,0,"30,25"
13:40,STATE,RT,0,"28,68"
13:40,HUMIDITY,RT,0,"28,93"
13:40,HUMIDITY,RT,1,"28,20"
13:40,HUMIDITY,RH,0,"45,76"
13:40,HUMIDITY,RH,1,"62,70"
13:40,DELTA,RT,0,"0,25"
13:40,DELTA,RT,1,"0,73"
13:40,DELTA,RH,2,"16,94"
13:40,FLOW,WF,0,0
13:40,FLOW,WF,1,0
13:40,0,RT,0,"30,25"
13:45,STATE,RT,0,"28,68"
13:45,HUMIDITY,RT,0,"28,89"
13:45,HUMIDITY,RT,1,"28,20"
13:45,HUMIDITY,RH,0,"45,96"
13:45,HUMIDITY,RH,1,"62,70"
13:45,DELTA,RT,0,"0,21"
13:45,DELTA,RT,1,"0,69"
13:45,DELTA,RH,2,"16,79"
13:45,FLOW,WF,0,0
13:45,FLOW,WF,1,0
13:45,0,RT,0,"30,50"
13:50,STATE,RT,0,"28,81"
13:50,HUMIDITY,RT,0,"28,96"
13:50,HUMIDITY,RT,1,"28,30"
13:50,HUMIDITY,RH,0,"45,64"
13:50,HUMIDITY,RH,1,"62,80"
13:50,DELTA,RT,0,"0,18"
13:50,DELTA,RT,1,"0,69"
13:50,DELTA,RH,2,"17,15"
13:50,FLOW,WF,0,0
13:50,FLOW,WF,1,0
13:50,0,RT,0,"30,50"
13:55,STATE,RT,0,"28,81"
13:55,HUMIDITY,RT,0,"28,99"
13:55,HUMIDITY,RT,1,"28,30"
13:55,HUMIDITY,RH,0,"45,67"
13:55,HUMIDITY,RH,1,"62,40"
13:55,DELTA,RT,0,"0,16"
13:55,DELTA,RT,1,"0,67"
13:55,DELTA,RH,2,"16,82"
13:55,FLOW,WF,0,0
13:55,FLOW,WF,1,0
13:55,0,RT,0,"30,50"
14:00,STATE,RT,0,"28,81"
14:00,HUMIDITY,RT,0,"28,97"
14:00,HUMIDITY,RT,1,"28,30"
14:00,HUMIDITY,RH,0,"45,08"
14:00,HUMIDITY,RH,1,"61,80"
14:00,DELTA,RT,0,"0,14"
14:00,DELTA,RT,1,"0,65"
14:00,DELTA,RH,2,"16,84"
14:00,FLOW,WF,0,0
14:00,FLOW,WF,1,0
14:00,0,RT,0,"30,50"
14:05,STATE,RT,0,"28,93"
14:05,HUMIDITY,RT,0,"29,00"
14:05,HUMIDITY,RT,1,"28,30"
14:05,HUMIDITY,RH,0,"45,36"
14:05,HUMIDITY,RH,1,"61,80"
14:05,DELTA,RT,0,"0,06"
14:05,DELTA,RT,1,"0,69"
14:05,DELTA,RH,2,"16,56"
14:05,FLOW,WF,0,0
14:05,FLOW,WF,1,0
14:05,0,RT,0,"30,50"
14:10,STATE,RT,0,"28,93"
14:10,HUMIDITY,RT,0,"29,02"
14:10,HUMIDITY,RT,1,"28,40"
14:10,HUMIDITY,RH,0,"45,19"
14:10,HUMIDITY,RH,1,"62,10"
14:10,DELTA,RT,0,"0,11"
14:10,DELTA,RT,1,"0,64"
14:10,DELTA,RH,2,"16,91"
14:10,FLOW,WF,0,0
14:10,FLOW,WF,1,0
14:10,0,RT,0,"30,50"
14:15,STATE,RT,0,"28,93"
14:15,HUMIDITY,RT,0,"29,09"
14:15,HUMIDITY,RT,1,"28,40"
14:15,HUMIDITY,RH,0,"45,80"
14:15,HUMIDITY,RH,1,"62,50"
14:15,DELTA,RT,0,"0,16"
14:15,DELTA,RT,1,"0,69"
14:15,DELTA,RH,2,"16,70"
14:15,FLOW,WF,0,0
14:15,FLOW,WF,1,0
14:15,0,RT,0,"30,50"
14:20,STATE,RT,0,"29,00"
14:20,HUMIDITY,RT,0,"29,06"
14:20,HUMIDITY,RT,1,"28,40"
14:20,HUMIDITY,RH,0,"45,26"
14:20,HUMIDITY,RH,1,"61,90"
14:20,DELTA,RT,0,"0,06"
14:20,DELTA,RT,1,"0,66"
14:20,DELTA,RH,2,"16,64"
14:20,FLOW,WF,0,0
14:20,FLOW,WF,1,0
14:20,0,RT,0,"30,75"
14:25,STATE,RT,0,"29,00"
14:25,HUMIDITY,RT,0,"29,12"
14:25,HUMIDITY,RT,1,"28,40"
14:25,HUMIDITY,RH,0,"45,12"
14:25,HUMIDITY,RH,1,"61,60"
14:25,DELTA,RT,0,"0,12"
14:25,DELTA,RT,1,"0,72"
14:25,DELTA,RH,2,"16,48"
14:25,FLOW,WF,0,0
14:25,FLOW,WF,1,0
14:25,0,RT,0,"30,75"
14:30,STATE,RT,0,"29,00"
14:30,HUMIDITY,RT,0,"29,16"
14:30,HUMIDITY,RT,1,"28,40"
14:30,HUMIDITY,RH,0,"45,26"
14:30,HUMIDITY,RH,1,"62,20"
14:30,DELTA,RT,0,"0,16"
14:30,DELTA,RT,1,"0,76"
14:30,DELTA,RH,2,"16,94"
14:30,FLOW,WF,0,0
14:30,FLOW,WF,1,0
14:30,0,RT,0,"30,75"
14:35,STATE,RT,0,"28,87"
14:35,HUMIDITY,RT,0,"28,93"
14:35,HUMIDITY,RT,1,"28,40"
14:35,HUMIDITY,RH,0,"47,77"
14:35,HUMIDITY,RH,1,"63,30"
14:35,DELTA,RT,0,"0,06"
14:35,DELTA,RT,1,"0,53"
14:35,DELTA,RH,2,"15,53"
14:35,FLOW,WF,0,0
14:35,FLOW,WF,1,0
14:35,0,RT,0,"30,75"
14:40,STATE,RT,0,"28,87"
14:40,HUMIDITY,RT,0,"28,95"
14:40,HUMIDITY,RT,1,"28,40"
14:40,HUMIDITY,RH,0,"46,99"
14:40,HUMIDITY,RH,1,"63,00"
14:40,DELTA,RT,0,"0,08"
14:40,DELTA,RT,1,"0,55"
14:40,DELTA,RH,2,"16,01"
14:40,FLOW,WF,0,0
14:40,FLOW,WF,1,0
14:40,0,RT,0,"30,75"
14:45,STATE,RT,0,"28,87"
14:45,HUMIDITY,RT,0,"28,95"
14:45,HUMIDITY,RT,1,"28,50"
14:45,HUMIDITY,RH,0,"47,03"
14:45,HUMIDITY,RH,1,"62,60"
14:45,DELTA,RT,0,"0,08"
14:45,DELTA,RT,1,"0,45"
14:45,DELTA,RH,2,"15,57"
14:45,FLOW,WF,0,0
14:45,FLOW,WF,1,0
14:45,0,RT,0,"30,50"
14:50,STATE,RT,0,"28,87"
14:50,HUMIDITY,RT,0,"29,00"
14:50,HUMIDITY,RT,1,"28,50"
14:50,HUMIDITY,RH,0,"46,83"
14:50,HUMIDITY,RH,1,"62,70"
14:50,DELTA,RT,0,"0,13"
14:50,DELTA,RT,1,"0,60"
14:50,DELTA,RH,2,"15,80"
14:50,FLOW,WF,0,0
14:50,FLOW,WF,1,0
14:50,0,RT,0,"30,50"
14:56,STATE,RT,0,"28,87"
14:56,HUMIDITY,RT,0,"29,01"
14:56,HUMIDITY,RT,1,"28,50"
14:56,HUMIDITY,RH,0,"46,93"
14:56,HUMIDITY,RH,1,"62,90"
14:56,DELTA,RT,0,"0,17"
14:56,DELTA,RT,1,"0,54"
14:56,DELTA,RH,2,"15,93"
14:56,FLOW,WF,0,0
14:56,FLOW,WF,1,0
14:56,0,RT,0,"30,50"
15:01,STATE,RT,0,"28,87"
15:01,HUMIDITY,RT,0,"29,09"
15:01,HUMIDITY,RT,1,"28,50"
15:01,HUMIDITY,RH,0,"46,86"
15:01,HUMIDITY,RH,1,"63,00"
15:01,DELTA,RT,0,"0,22"
15:01,DELTA,RT,1,"0,59"
15:01,DELTA,RH,2,"16,14"
15:01,FLOW,WF,0,0
15:01,FLOW,WF,1,0
15:01,0,RT,0,"30,50"
15:06,STATE,RT,0,"28,93"
15:06,HUMIDITY,RT,0,"29,04"
15:06,HUMIDITY,RT,1,"28,50"
15:06,HUMIDITY,RH,0,"47,12"
15:06,HUMIDITY,RH,1,"63,00"
15:06,DELTA,RT,0,"0,11"
15:06,DELTA,RT,1,"0,54"
15:06,DELTA,RH,2,"15,88"
15:06,FLOW,WF,0,0
15:06,FLOW,WF,1,0
15:06,0,RT,0,"30,75"
15:11,STATE,RT,0,"29,00"
15:11,HUMIDITY,RT,0,"29,10"
15:11,HUMIDITY,RT,1,"28,50"
15:11,HUMIDITY,RH,0,"47,06"
15:11,HUMIDITY,RH,1,"63,10"
15:11,DELTA,RT,0,"0,10"
15:11,DELTA,RT,1,"0,60"
15:11,DELTA,RH,2,"16,04"
15:11,FLOW,WF,0,0
15:11,FLOW,WF,1,0
15:11,0,RT,0,"30,75"
15:16,STATE,RT,0,"29,00"
15:16,HUMIDITY,RT,0,"29,14"
15:16,HUMIDITY,RT,1,"28,50"
15:16,HUMIDITY,RH,0,"46,97"
15:16,HUMIDITY,RH,1,"63,00"
15:16,DELTA,RT,0,"0,14"
15:16,DELTA,RT,1,"0,64"
15:16,DELTA,RH,2,"16,03"
15:16,FLOW,WF,0,0
15:16,FLOW,WF,1,0
15:16,0,RT,0,"30,75"
15:21,STATE,RT,0,"28,93"
15:21,HUMIDITY,RT,0,"29,05"
15:21,HUMIDITY,RT,1,"28,50"
15:21,HUMIDITY,RH,0,"47,25"
15:21,HUMIDITY,RH,1,"63,10"
15:21,DELTA,RT,0,"0,12"
15:21,DELTA,RT,1,"0,55"
15:21,DELTA,RH,2,"15,88"
15:21,FLOW,WF,0,0
15:21,FLOW,WF,1,0
15:21,0,RT,0,"30,50"
15:26,STATE,RT,0,"28,93"
15:26,HUMIDITY,RT,0,"29,14"
15:26,HUMIDITY,RT,1,"28,50"
15:26,HUMIDITY,RH,0,"46,54"
15:26,HUMIDITY,RH,1,"62,30"
15:26,DELTA,RT,0,"0,21"
15:26,DELTA,RT,1,"0,64"
15:26,DELTA,RH,2,"15,82"
15:26,FLOW,WF,0,0
15:26,FLOW,WF,1,0
15:26,0,RT,0,"30,50"
15:31,STATE,RT,0,"28,93"
15:31,HUMIDITY,RT,0,"29,06"
15:31,HUMIDITY,RT,1,"28,50"
15:31,HUMIDITY,RH,0,"46,71"
15:31,HUMIDITY,RH,1,"62,00"
15:31,DELTA,RT,0,"0,11"
15:31,DELTA,RT,1,"0,54"
15:31,DELTA,RH,2,"15,40"
15:31,FLOW,WF,0,0
15:31,FLOW,WF,1,0
15:31,0,RT,0,"30,50"
15:36,STATE,RT,0,"28,93"
15:36,HUMIDITY,RT,0,"29,14"
15:36,HUMIDITY,RT,1,"28,50"
15:36,HUMIDITY,RH,0,"46,07"
15:36,HUMIDITY,RH,1,"61,80"
15:36,DELTA,RT,0,"0,21"
15:36,DELTA,RT,1,"0,64"
15:36,DELTA,RH,2,"15,68"
15:36,FLOW,WF,0,0
15:36,FLOW,WF,1,0
15:36,0,RT,0,"30,50"
15:41,STATE,RT,0,"28,93"
15:41,HUMIDITY,RT,0,"29,05"
15:41,HUMIDITY,RT,1,"28,50"
15:41,HUMIDITY,RH,0,"46,83"
15:41,HUMIDITY,RH,1,"62,30"
15:41,DELTA,RT,0,"0,12"
15:41,DELTA,RT,1,"0,55"
15:41,DELTA,RH,2,"15,47"
15:41,FLOW,WF,0,0
15:41,FLOW,WF,1,0
15:41,0,RT,0,"30,75"
15:46,STATE,RT,0,"28,93"
15:46,HUMIDITY,RT,0,"29,12"
15:46,HUMIDITY,RT,1,"28,60"
15:46,HUMIDITY,RH,0,"46,32"
15:46,HUMIDITY,RH,1,"61,80"
15:46,DELTA,RT,0,"0,19"
15:46,DELTA,RT,1,"0,52"
15:46,DELTA,RH,2,"15,48"
15:46,FLOW,WF,0,0
15:46,FLOW,WF,1,0
15:46,0,RT,0,"30,75"
15:51,STATE,RT,0,"28,93"
15:51,HUMIDITY,RT,0,"29,14"
15:51,HUMIDITY,RT,1,"28,50"
15:51,HUMIDITY,RH,0,"46,23"
15:51,HUMIDITY,RH,1,"61,60"
15:51,DELTA,RT,0,"0,21"
15:51,DELTA,RT,1,"0,64"
15:51,DELTA,RH,2,"15,37"
15:51,FLOW,WF,0,0
15:51,FLOW,WF,1,0
15:51,0,RT,0,"30,75"
15:56,STATE,RT,0,"28,87"
15:56,HUMIDITY,RT,0,"29,17"
15:56,HUMIDITY,RT,1,"28,60"
15:56,HUMIDITY,RH,0,"45,90"
15:56,HUMIDITY,RH,1,"61,60"
15:56,DELTA,RT,0,"0,31"
15:56,DELTA,RT,1,"0,58"
15:56,DELTA,RH,2,"15,63"
15:56,FLOW,WF,0,0
15:56,FLOW,WF,1,0
15:56,0,RT,0,"30,50"
16:01,STATE,RT,0,"28,93"
16:01,HUMIDITY,RT,0,"29,17"
16:01,HUMIDITY,RT,1,"28,60"
16:01,HUMIDITY,RH,0,"46,04"
16:01,HUMIDITY,RH,1,"61,20"
16:01,DELTA,RT,0,"0,25"
16:01,DELTA,RT,1,"0,58"
16:01,DELTA,RH,2,"15,17"
16:01,FLOW,WF,0,0
16:01,FLOW,WF,1,0
16:01,0,RT,0,"30,50"
16:06,STATE,RT,0,"28,93"
16:06,HUMIDITY,RT,0,"29,23"
16:06,HUMIDITY,RT,1,"28,60"
16:06,HUMIDITY,RH,0,"45,62"
16:06,HUMIDITY,RH,1,"60,80"
16:06,DELTA,RT,0,"0,29"
16:06,DELTA,RT,1,"0,62"
16:06,DELTA,RH,2,"15,12"
16:06,FLOW,WF,0,0
16:06,FLOW,WF,1,0
16:06,0,RT,0,"30,75"
16:11,STATE,RT,0,"29,00"
16:11,HUMIDITY,RT,0,"29,25"
16:11,HUMIDITY,RT,1,"28,60"
16:11,HUMIDITY,RH,0,"45,51"
16:11,HUMIDITY,RH,1,"60,60"
16:11,DELTA,RT,0,"0,26"
16:11,DELTA,RT,1,"0,66"
16:11,DELTA,RH,2,"15,09"
16:11,FLOW,WF,0,0
16:11,FLOW,WF,1,0
16:11,0,RT,0,"30,75"
16:16,STATE,RT,0,"29,06"
16:16,HUMIDITY,RT,0,"29,23"
16:16,HUMIDITY,RT,1,"28,60"
16:16,HUMIDITY,RH,0,"45,21"
16:16,HUMIDITY,RH,1,"60,20"
16:16,DELTA,RT,0,"0,23"
16:16,DELTA,RT,1,"0,63"
16:16,DELTA,RH,2,"14,99"
16:16,FLOW,WF,0,0
16:16,FLOW,WF,1,0
16:16,0,RT,0,"30,75"
16:21,STATE,RT,0,"29,00"
16:21,HUMIDITY,RT,0,"29,25"
16:21,HUMIDITY,RT,1,"28,60"
16:21,HUMIDITY,RH,0,"45,00"
16:21,HUMIDITY,RH,1,"60,30"
16:21,DELTA,RT,0,"0,25"
16:21,DELTA,RT,1,"0,65"
16:21,DELTA,RH,2,"15,30"
16:21,FLOW,WF,0,0
16:21,FLOW,WF,1,0
16:21,0,RT,0,"30,75"
16:26,STATE,RT,0,"29,00"
16:26,HUMIDITY,RT,0,"29,22"
16:26,HUMIDITY,RT,1,"28,70"
16:26,HUMIDITY,RH,0,"44,77"
16:26,HUMIDITY,RH,1,"59,70"
16:26,DELTA,RT,0,"0,23"
16:26,DELTA,RT,1,"0,63"
16:26,DELTA,RH,2,"14,92"
16:26,FLOW,WF,0,0
16:26,FLOW,WF,1,0
16:26,0,RT,0,"30,75"
16:31,STATE,RT,0,"29,06"
16:31,HUMIDITY,RT,0,"29,31"
16:31,HUMIDITY,RT,1,"28,60"
16:31,HUMIDITY,RH,0,"44,86"
16:31,HUMIDITY,RH,1,"60,20"
16:31,DELTA,RT,0,"0,30"
16:31,DELTA,RT,1,"0,70"
16:31,DELTA,RH,2,"15,33"
16:31,FLOW,WF,0,0
16:31,FLOW,WF,1,0
16:31,0,RT,0,"30,75"
16:36,STATE,RT,0,"29,06"
16:36,HUMIDITY,RT,0,"29,29"
16:36,HUMIDITY,RT,1,"28,70"
16:36,HUMIDITY,RH,0,"45,01"
16:36,HUMIDITY,RH,1,"60,70"
16:36,DELTA,RT,0,"0,20"
16:36,DELTA,RT,1,"0,56"
16:36,DELTA,RH,2,"15,73"
16:36,FLOW,WF,0,0
16:36,FLOW,WF,1,0
16:36,0,RT,0,"31,00"
16:41,STATE,RT,0,"29,12"
16:41,HUMIDITY,RT,0,"29,33"
16:41,HUMIDITY,RT,1,"28,70"
16:41,HUMIDITY,RH,0,"45,35"
16:41,HUMIDITY,RH,1,"60,60"
16:41,DELTA,RT,0,"0,21"
16:41,DELTA,RT,1,"0,63"
16:41,DELTA,RH,2,"15,07"
16:41,FLOW,WF,0,0
16:41,FLOW,WF,1,0
16:41,0,RT,0,"30,75"
16:46,STATE,RT,0,"29,18"
16:46,HUMIDITY,RT,0,"29,31"
16:46,HUMIDITY,RT,1,"28,70"
16:46,HUMIDITY,RH,0,"44,95"
16:46,HUMIDITY,RH,1,"60,60"
16:46,DELTA,RT,0,"0,14"
16:46,DELTA,RT,1,"0,62"
16:46,DELTA,RH,2,"15,59"
16:46,FLOW,WF,0,0
16:46,FLOW,WF,1,0
16:46,0,RT,0,"30,75"
16:51,STATE,RT,0,"29,18"
16:51,HUMIDITY,RT,0,"29,36"
16:51,HUMIDITY,RT,1,"28,80"
16:51,HUMIDITY,RH,0,"44,98"
16:51,HUMIDITY,RH,1,"60,40"
16:51,DELTA,RT,0,"0,17"
16:51,DELTA,RT,1,"0,55"
16:51,DELTA,RH,2,"15,37"
16:51,FLOW,WF,0,0
16:51,FLOW,WF,1,0
16:51,0,RT,0,"31,00"
16:56,STATE,RT,0,"29,18"
16:56,HUMIDITY,RT,0,"29,42"
16:56,HUMIDITY,RT,1,"28,80"
16:56,HUMIDITY,RH,0,"46,70"
16:56,HUMIDITY,RH,1,"62,30"
16:56,DELTA,RT,0,"0,24"
16:56,DELTA,RT,1,"0,62"
16:56,DELTA,RH,2,"15,60"
16:56,FLOW,WF,0,0
16:56,FLOW,WF,1,0
16:56,0,RT,0,"31,00"
17:01,STATE,RT,0,"29,12"
17:01,HUMIDITY,RT,0,"29,32"
17:01,HUMIDITY,RT,1,"28,80"
17:01,HUMIDITY,RH,0,"46,92"
17:01,HUMIDITY,RH,1,"62,10"
17:01,DELTA,RT,0,"0,20"
17:01,DELTA,RT,1,"0,52"
17:01,DELTA,RH,2,"15,18"
17:01,FLOW,WF,0,0
17:01,FLOW,WF,1,0
17:01,0,RT,0,"30,75"
17:07,STATE,RT,0,"29,06"
17:07,HUMIDITY,RT,0,"29,24"
17:07,HUMIDITY,RT,1,"28,80"
17:07,HUMIDITY,RH,0,"47,12"
17:07,HUMIDITY,RH,1,"62,00"
17:07,DELTA,RT,0,"0,18"
17:07,DELTA,RT,1,"0,44"
17:07,DELTA,RH,2,"14,88"
17:07,FLOW,WF,0,0
17:07,FLOW,WF,1,0
17:07,0,RT,0,"31,00"
17:12,STATE,RT,0,"29,06"
17:12,HUMIDITY,RT,0,"29,27"
17:12,HUMIDITY,RT,1,"28,70"
17:12,HUMIDITY,RH,0,"47,23"
17:12,HUMIDITY,RH,1,"62,50"
17:12,DELTA,RT,0,"0,21"
17:12,DELTA,RT,1,"0,57"
17:12,DELTA,RH,2,"15,27"
17:12,FLOW,WF,0,0
17:12,FLOW,WF,1,0
17:12,0,RT,0,"31,00"
17:17,STATE,RT,0,"29,06"
17:17,HUMIDITY,RT,0,"29,27"
17:17,HUMIDITY,RT,1,"28,80"
17:17,HUMIDITY,RH,0,"47,70"
17:17,HUMIDITY,RH,1,"63,10"
17:17,DELTA,RT,0,"0,27"
17:17,DELTA,RT,1,"0,47"
17:17,DELTA,RH,2,"15,40"
17:17,FLOW,WF,0,0
17:17,FLOW,WF,1,0
17:17,0,RT,0,"31,00"
17:22,STATE,RT,0,"29,00"
17:22,HUMIDITY,RT,0,"29,31"
17:22,HUMIDITY,RT,1,"28,80"
17:22,HUMIDITY,RH,0,"47,51"
17:22,HUMIDITY,RH,1,"62,50"
17:22,DELTA,RT,0,"0,31"
17:22,DELTA,RT,1,"0,51"
17:22,DELTA,RH,2,"14,99"
17:22,FLOW,WF,0,0
17:22,FLOW,WF,1,0
17:22,0,RT,0,"30,75"
17:27,STATE,RT,0,"29,06"
17:27,HUMIDITY,RT,0,"29,26"
17:27,HUMIDITY,RT,1,"28,80"
17:27,HUMIDITY,RH,0,"47,56"
17:27,HUMIDITY,RH,1,"62,50"
17:27,DELTA,RT,0,"0,20"
17:27,DELTA,RT,1,"0,46"
17:27,DELTA,RH,2,"14,94"
17:27,FLOW,WF,0,0
17:27,FLOW,WF,1,0
17:27,0,RT,0,"30,75"
17:32,STATE,RT,0,"29,00"
17:32,HUMIDITY,RT,0,"29,18"
17:32,HUMIDITY,RT,1,"28,80"
17:32,HUMIDITY,RH,0,"47,81"
17:32,HUMIDITY,RH,1,"63,00"
17:32,DELTA,RT,0,"0,11"
17:32,DELTA,RT,1,"0,37"
17:32,DELTA,RH,2,"15,28"
17:32,FLOW,WF,0,0
17:32,FLOW,WF,1,0
17:32,0,RT,0,"31,00"
17:37,STATE,RT,0,"29,00"
17:37,HUMIDITY,RT,0,"29,26"
17:37,HUMIDITY,RT,1,"28,70"
17:37,HUMIDITY,RH,0,"47,72"
17:37,HUMIDITY,RH,1,"62,90"
17:37,DELTA,RT,0,"0,26"
17:37,DELTA,RT,1,"0,56"
17:37,DELTA,RH,2,"15,20"
17:37,FLOW,WF,0,0
17:37,FLOW,WF,1,0
17:37,0,RT,0,"30,75"
17:42,STATE,RT,0,"29,00"
17:42,HUMIDITY,RT,0,"29,29"
17:42,HUMIDITY,RT,1,"28,70"
17:42,HUMIDITY,RH,0,"47,42"
17:42,HUMIDITY,RH,1,"62,50"
17:42,DELTA,RT,0,"0,29"
17:42,DELTA,RT,1,"0,59"
17:42,DELTA,RH,2,"15,08"
17:42,FLOW,WF,0,0
17:42,FLOW,WF,1,0
17:42,0,RT,0,"30,75"
17:47,STATE,RT,0,"29,00"
17:47,HUMIDITY,RT,0,"29,24"
17:47,HUMIDITY,RT,1,"28,80"
17:47,HUMIDITY,RH,0,"47,46"
17:47,HUMIDITY,RH,1,"62,50"
17:47,DELTA,RT,0,"0,24"
17:47,DELTA,RT,1,"0,44"
17:47,DELTA,RH,2,"15,04"
17:47,FLOW,WF,0,0
17:47,FLOW,WF,1,0
17:47,0,RT,0,"30,75"
17:52,STATE,RT,0,"29,00"
17:52,HUMIDITY,RT,0,"29,23"
17:52,HUMIDITY,RT,1,"28,70"
17:52,HUMIDITY,RH,0,"47,54"
17:52,HUMIDITY,RH,1,"62,50"
17:52,DELTA,RT,0,"0,23"
17:52,DELTA,RT,1,"0,53"
17:52,DELTA,RH,2,"14,96"
17:52,FLOW,WF,0,0
17:52,FLOW,WF,1,0
17:52,0,RT,0,"30,75"
17:57,STATE,RT,0,"28,87"
17:57,HUMIDITY,RT,0,"29,15"
17:57,HUMIDITY,RT,1,"28,70"
17:57,HUMIDITY,RH,0,"47,66"
17:57,HUMIDITY,RH,1,"62,60"
17:57,DELTA,RT,0,"0,28"
17:57,DELTA,RT,1,"0,45"
17:57,DELTA,RH,2,"14,94"
17:57,FLOW,WF,0,0
17:57,FLOW,WF,1,0
17:57,0,RT,0,"31,00"
18:02,STATE,RT,0,"28,87"
18:02,HUMIDITY,RT,0,"29,14"
18:02,HUMIDITY,RT,1,"28,70"
18:02,HUMIDITY,RH,0,"47,68"
18:02,HUMIDITY,RH,1,"62,60"
18:02,DELTA,RT,0,"0,21"
18:02,DELTA,RT,1,"0,34"
18:02,DELTA,RH,2,"15,00"
18:02,FLOW,WF,0,0
18:02,FLOW,WF,1,0
18:02,0,RT,0,"30,75"
18:07,STATE,RT,0,"28,87"
18:07,HUMIDITY,RT,0,"29,15"
18:07,HUMIDITY,RT,1,"28,70"
18:07,HUMIDITY,RH,0,"47,55"
18:07,HUMIDITY,RH,1,"62,40"
18:07,DELTA,RT,0,"0,35"
18:07,DELTA,RT,1,"0,46"
18:07,DELTA,RH,2,"14,86"
18:07,FLOW,WF,0,0
18:07,FLOW,WF,1,0
18:07,0,RT,0,"30,75"
18:12,STATE,RT,0,"29,00"
18:12,HUMIDITY,RT,0,"29,31"
18:12,HUMIDITY,RT,1,"28,80"
18:12,HUMIDITY,RH,0,"47,35"
18:12,HUMIDITY,RH,1,"63,20"
18:12,DELTA,RT,0,"0,37"
18:12,DELTA,RT,1,"0,60"
18:12,DELTA,RH,2,"15,86"
18:12,FLOW,WF,0,0
18:12,FLOW,WF,1,0
18:12,0,RT,0,"30,75"
18:17,STATE,RT,0,"28,93"
18:17,HUMIDITY,RT,0,"29,15"
18:17,HUMIDITY,RT,1,"28,80"
18:17,HUMIDITY,RH,0,"48,07"
18:17,HUMIDITY,RH,1,"63,20"
18:17,DELTA,RT,0,"0,21"
18:17,DELTA,RT,1,"0,34"
18:17,DELTA,RH,2,"15,21"
18:17,FLOW,WF,0,0
18:17,FLOW,WF,1,0
18:17,0,RT,0,"30,75"
18:22,STATE,RT,0,"28,93"
18:22,HUMIDITY,RT,0,"29,20"
18:22,HUMIDITY,RT,1,"28,70"
18:22,HUMIDITY,RH,0,"47,67"
18:22,HUMIDITY,RH,1,"63,30"
18:22,DELTA,RT,0,"0,27"
18:22,DELTA,RT,1,"0,50"
18:22,DELTA,RH,2,"15,63"
18:22,FLOW,WF,0,0
18:22,FLOW,WF,1,0
18:22,0,RT,0,"30,75"
18:27,STATE,RT,0,"28,93"
18:27,HUMIDITY,RT,0,"29,21"
18:27,HUMIDITY,RT,1,"28,70"
18:27,HUMIDITY,RH,0,"48,01"
18:27,HUMIDITY,RH,1,"63,60"
18:27,DELTA,RT,0,"0,28"
18:27,DELTA,RT,1,"0,51"
18:27,DELTA,RH,2,"15,59"
18:27,FLOW,WF,0,0
18:27,FLOW,WF,1,0
18:27,0,RT,0,"30,75"
18:32,STATE,RT,0,"29,00"
18:32,HUMIDITY,RT,0,"29,32"
18:32,HUMIDITY,RT,1,"28,70"
18:32,HUMIDITY,RH,0,"47,70"
18:32,HUMIDITY,RH,1,"63,40"
18:32,DELTA,RT,0,"0,34"
18:32,DELTA,RT,1,"0,54"
18:32,DELTA,RH,2,"15,82"
18:32,FLOW,WF,0,0
18:32,FLOW,WF,1,0
18:32,0,RT,0,"30,75"
18:37,STATE,RT,0,"29,06"
18:37,HUMIDITY,RT,0,"29,44"
18:37,HUMIDITY,RT,1,"28,80"
18:37,HUMIDITY,RH,0,"47,80"
18:37,HUMIDITY,RH,1,"64,00"
18:37,DELTA,RT,0,"0,35"
18:37,DELTA,RT,1,"0,61"
18:37,DELTA,RH,2,"16,22"
18:37,FLOW,WF,0,0
18:37,FLOW,WF,1,0
18:37,0,RT,0,"31,00"
18:42,STATE,RT,0,"29,00"
18:42,HUMIDITY,RT,0,"29,22"
18:42,HUMIDITY,RT,1,"28,80"
18:42,HUMIDITY,RH,0,"48,77"
18:42,HUMIDITY,RH,1,"64,30"
18:42,DELTA,RT,0,"0,21"
18:42,DELTA,RT,1,"0,41"
18:42,DELTA,RH,2,"15,60"
18:42,FLOW,WF,0,0
18:42,FLOW,WF,1,0
18:42,0,RT,0,"31,00"
18:47,STATE,RT,0,"29,06"
18:47,HUMIDITY,RT,0,"29,22"
18:47,HUMIDITY,RT,1,"28,80"
18:47,HUMIDITY,RH,0,"48,37"
18:47,HUMIDITY,RH,1,"64,10"
18:47,DELTA,RT,0,"0,15"
18:47,DELTA,RT,1,"0,41"
18:47,DELTA,RH,2,"15,82"
18:47,FLOW,WF,0,0
18:47,FLOW,WF,1,0
18:47,0,RT,0,"31,00"
18:52,STATE,RT,0,"29,06"
18:52,HUMIDITY,RT,0,"29,24"
18:52,HUMIDITY,RT,1,"28,80"
18:52,HUMIDITY,RH,0,"48,14"
18:52,HUMIDITY,RH,1,"63,80"
18:52,DELTA,RT,0,"0,19"
18:52,DELTA,RT,1,"0,45"
18:52,DELTA,RH,2,"15,73"
18:52,FLOW,WF,0,0
18:52,FLOW,WF,1,0
18:52,0,RT,0,"31,00"
18:57,STATE,RT,0,"29,06"
18:57,HUMIDITY,RT,0,"29,32"
18:57,HUMIDITY,RT,1,"28,80"
18:57,HUMIDITY,RH,0,"48,26"
18:57,HUMIDITY,RH,1,"64,20"
18:57,DELTA,RT,0,"0,26"
18:57,DELTA,RT,1,"0,52"
18:57,DELTA,RH,2,"15,94"
18:57,FLOW,WF,0,0
18:57,FLOW,WF,1,0
18:57,0,RT,0,"31,00"
19:02,STATE,RT,0,"29,06"
19:02,HUMIDITY,RT,0,"29,26"
19:02,HUMIDITY,RT,1,"28,80"
19:02,HUMIDITY,RH,0,"48,57"
19:02,HUMIDITY,RH,1,"64,50"
19:02,DELTA,RT,0,"0,20"
19:02,DELTA,RT,1,"0,46"
19:02,DELTA,RH,2,"15,93"
19:02,FLOW,WF,0,0
19:02,FLOW,WF,1,0
19:02,0,RT,0,"31,00"
19:07,STATE,RT,0,"29,12"
19:07,HUMIDITY,RT,0,"29,32"
19:07,HUMIDITY,RT,1,"28,80"
19:07,HUMIDITY,RH,0,"48,28"
19:07,HUMIDITY,RH,1,"64,30"
19:07,DELTA,RT,0,"0,19"
19:07,DELTA,RT,1,"0,51"
19:07,DELTA,RH,2,"16,13"
19:07,FLOW,WF,0,0
19:07,FLOW,WF,1,0
19:07,0,RT,0,"31,00"
19:12,STATE,RT,0,"29,12"
19:12,HUMIDITY,RT,0,"29,22"
19:12,HUMIDITY,RT,1,"28,80"
19:12,HUMIDITY,RH,0,"48,69"
19:12,HUMIDITY,RH,1,"64,70"
19:12,DELTA,RT,0,"0,10"
19:12,DELTA,RT,1,"0,42"
19:12,DELTA,RH,2,"16,04"
19:12,FLOW,WF,0,0
19:12,FLOW,WF,1,0
19:12,0,RT,0,"31,00"
19:18,STATE,RT,0,"29,06"
19:18,HUMIDITY,RT,0,"29,17"
19:18,HUMIDITY,RT,1,"28,80"
19:18,HUMIDITY,RH,0,"49,07"
19:18,HUMIDITY,RH,1,"65,20"
19:18,DELTA,RT,0,"0,12"
19:18,DELTA,RT,1,"0,38"
19:18,DELTA,RH,2,"16,12"
19:18,FLOW,WF,0,0
19:18,FLOW,WF,1,0
19:18,0,RT,0,"31,00"
19:23,STATE,RT,0,"29,00"
19:23,HUMIDITY,RT,0,"29,11"
19:23,HUMIDITY,RT,1,"28,80"
19:23,HUMIDITY,RH,0,"49,18"
19:23,HUMIDITY,RH,1,"65,20"
19:23,DELTA,RT,0,"0,12"
19:23,DELTA,RT,1,"0,32"
19:23,DELTA,RH,2,"16,04"
19:23,FLOW,WF,0,0
19:23,FLOW,WF,1,0
19:23,0,RT,0,"31,00"
19:28,STATE,RT,0,"28,93"
19:28,HUMIDITY,RT,0,"29,09"
19:28,HUMIDITY,RT,1,"28,70"
19:28,HUMIDITY,RH,0,"49,47"
19:28,HUMIDITY,RH,1,"65,20"
19:28,DELTA,RT,0,"0,14"
19:28,DELTA,RT,1,"0,37"
19:28,DELTA,RH,2,"15,73"
19:28,FLOW,WF,0,0
19:28,FLOW,WF,1,0
19:28,0,RT,0,"30,75"
19:33,STATE,RT,0,"28,87"
19:33,HUMIDITY,RT,0,"28,99"
19:33,HUMIDITY,RT,1,"28,70"
19:33,HUMIDITY,RH,0,"49,76"
19:33,HUMIDITY,RH,1,"65,50"
19:33,DELTA,RT,0,"0,12"
19:33,DELTA,RT,1,"0,29"
19:33,DELTA,RH,2,"15,74"
19:33,FLOW,WF,0,0
19:33,FLOW,WF,1,0
19:33,0,RT,0,"30,75"
19:38,STATE,RT,0,"28,81"
19:38,HUMIDITY,RT,0,"28,90"
19:38,HUMIDITY,RT,1,"28,60"
19:38,HUMIDITY,RH,0,"50,31"
19:38,HUMIDITY,RH,1,"65,90"
19:38,DELTA,RT,0,"0,11"
19:38,DELTA,RT,1,"0,32"
19:38,DELTA,RH,2,"15,70"
19:38,FLOW,WF,0,0
19:38,FLOW,WF,1,0
19:38,0,RT,0,"30,75"
19:43,STATE,RT,0,"28,81"
19:43,HUMIDITY,RT,0,"29,01"
19:43,HUMIDITY,RT,1,"28,60"
19:43,HUMIDITY,RH,0,"50,71"
19:43,HUMIDITY,RH,1,"66,90"
19:43,DELTA,RT,0,"0,20"
19:43,DELTA,RT,1,"0,41"
19:43,DELTA,RH,2,"16,19"
19:43,FLOW,WF,0,0
19:43,FLOW,WF,1,0
19:43,0,RT,0,"30,75"
19:48,STATE,RT,0,"28,75"
19:48,HUMIDITY,RT,0,"28,92"
19:48,HUMIDITY,RT,1,"28,60"
19:48,HUMIDITY,RH,0,"51,05"
19:48,HUMIDITY,RH,1,"67,40"
19:48,DELTA,RT,0,"0,17"
19:48,DELTA,RT,1,"0,32"
19:48,DELTA,RH,2,"16,35"
19:48,FLOW,WF,0,0
19:48,FLOW,WF,1,0
19:48,0,RT,0,"30,75"
19:53,STATE,RT,0,"28,68"
19:53,HUMIDITY,RT,0,"28,85"
19:53,HUMIDITY,RT,1,"28,50"
19:53,HUMIDITY,RH,0,"51,40"
19:53,HUMIDITY,RH,1,"67,70"
19:53,DELTA,RT,0,"0,17"
19:53,DELTA,RT,1,"0,35"
19:53,DELTA,RH,2,"16,30"
19:53,FLOW,WF,0,0
19:53,FLOW,WF,1,0
19:53,0,RT,0,"30,75"
19:58,STATE,RT,0,"28,68"
19:58,HUMIDITY,RT,0,"29,04"
19:58,HUMIDITY,RT,1,"28,50"
19:58,HUMIDITY,RH,0,"51,21"
19:58,HUMIDITY,RH,1,"67,80"
19:58,DELTA,RT,0,"0,36"
19:58,DELTA,RT,1,"0,54"
19:58,DELTA,RH,2,"16,59"
19:58,FLOW,WF,0,0
19:58,FLOW,WF,1,0
19:58,0,RT,0,"30,75"
20:03,STATE,RT,0,"28,75"
20:03,HUMIDITY,RT,0,"28,92"
20:03,HUMIDITY,RT,1,"28,50"
20:03,HUMIDITY,RH,0,"51,75"
20:03,HUMIDITY,RH,1,"68,20"
20:03,DELTA,RT,0,"0,17"
20:03,DELTA,RT,1,"0,42"
20:03,DELTA,RH,2,"16,45"
20:03,FLOW,WF,0,0
20:03,FLOW,WF,1,0
20:03,0,RT,0,"30,75"
20:08,STATE,RT,0,"28,62"
20:08,HUMIDITY,RT,0,"28,77"
20:08,HUMIDITY,RT,1,"28,50"
20:08,HUMIDITY,RH,0,"52,23"
20:08,HUMIDITY,RH,1,"68,70"
20:08,DELTA,RT,0,"0,15"
20:08,DELTA,RT,1,"0,27"
20:08,DELTA,RH,2,"16,47"
20:08,FLOW,WF,0,0
20:08,FLOW,WF,1,0
20:08,0,RT,0,"30,75"
20:13,STATE,RT,0,"28,56"
20:13,HUMIDITY,RT,0,"28,86"
20:13,HUMIDITY,RT,1,"28,50"
20:13,HUMIDITY,RH,0,"52,61"
20:13,HUMIDITY,RH,1,"69,20"
20:13,DELTA,RT,0,"0,32"
20:13,DELTA,RT,1,"0,38"
20:13,DELTA,RH,2,"16,55"
20:13,FLOW,WF,0,0
20:13,FLOW,WF,1,0
20:13,0,RT,0,"30,50"
20:18,STATE,RT,0,"28,56"
20:18,HUMIDITY,RT,0,"28,79"
20:18,HUMIDITY,RT,1,"28,40"
20:18,HUMIDITY,RH,0,"53,12"
20:18,HUMIDITY,RH,1,"69,70"
20:18,DELTA,RT,0,"0,24"
20:18,DELTA,RT,1,"0,40"
20:18,DELTA,RH,2,"16,63"
20:18,FLOW,WF,0,0
20:18,FLOW,WF,1,0
20:18,0,RT,0,"30,50"
20:23,STATE,RT,0,"28,56"
20:23,HUMIDITY,RT,0,"28,75"
20:23,HUMIDITY,RT,1,"28,40"
20:23,HUMIDITY,RH,0,"53,12"
20:23,HUMIDITY,RH,1,"69,70"
20:23,DELTA,RT,0,"0,19"
20:23,DELTA,RT,1,"0,35"
20:23,DELTA,RH,2,"16,58"
20:23,FLOW,WF,0,0
20:23,FLOW,WF,1,0
20:23,0,RT,0,"30,50"
20:28,STATE,RT,0,"28,56"
20:28,HUMIDITY,RT,0,"28,73"
20:28,HUMIDITY,RT,1,"28,40"
20:28,HUMIDITY,RH,0,"53,42"
20:28,HUMIDITY,RH,1,"70,20"
20:28,DELTA,RT,0,"0,17"
20:28,DELTA,RT,1,"0,33"
20:28,DELTA,RH,2,"16,78"
20:28,FLOW,WF,0,0
20:28,FLOW,WF,1,0
20:28,0,RT,0,"30,50"
20:33,STATE,RT,0,"28,56"
20:33,HUMIDITY,RT,0,"28,80"
20:33,HUMIDITY,RT,1,"28,40"
20:33,HUMIDITY,RH,0,"53,38"
20:33,HUMIDITY,RH,1,"70,40"
20:33,DELTA,RT,0,"0,24"
20:33,DELTA,RT,1,"0,40"
20:33,DELTA,RH,2,"17,02"
20:33,FLOW,WF,0,0
20:33,FLOW,WF,1,0
20:33,0,RT,0,"30,50"
20:38,STATE,RT,0,"28,56"
20:38,HUMIDITY,RT,0,"28,91"
20:38,HUMIDITY,RT,1,"28,40"
20:38,HUMIDITY,RH,0,"53,39"
20:38,HUMIDITY,RH,1,"70,70"
20:38,DELTA,RT,0,"0,35"
20:38,DELTA,RT,1,"0,51"
20:38,DELTA,RH,2,"17,31"
20:38,FLOW,WF,0,0
20:38,FLOW,WF,1,0
20:38,0,RT,0,"30,50"
20:43,STATE,RT,0,"28,56"
20:43,HUMIDITY,RT,0,"28,80"
20:43,HUMIDITY,RT,1,"28,40"
20:43,HUMIDITY,RH,0,"53,72"
20:43,HUMIDITY,RH,1,"70,90"
20:43,DELTA,RT,0,"0,24"
20:43,DELTA,RT,1,"0,40"
20:43,DELTA,RH,2,"17,22"
20:43,FLOW,WF,0,0
20:43,FLOW,WF,1,0
20:43,0,RT,0,"30,50"
20:48,STATE,RT,0,"28,50"
20:48,HUMIDITY,RT,0,"28,65"
20:48,HUMIDITY,RT,1,"28,30"
20:48,HUMIDITY,RH,0,"54,04"
20:48,HUMIDITY,RH,1,"71,00"
20:48,DELTA,RT,0,"0,17"
20:48,DELTA,RT,1,"0,27"
20:48,DELTA,RH,2,"16,97"
20:48,FLOW,WF,0,0
20:48,FLOW,WF,1,0
20:48,0,RT,0,"30,50"
20:53,STATE,RT,0,"28,43"
20:53,HUMIDITY,RT,0,"28,77"
20:53,HUMIDITY,RT,1,"28,30"
20:53,HUMIDITY,RH,0,"53,74"
20:53,HUMIDITY,RH,1,"71,20"
20:53,DELTA,RT,0,"0,34"
20:53,DELTA,RT,1,"0,47"
20:53,DELTA,RH,2,"17,54"
20:53,FLOW,WF,0,0
20:53,FLOW,WF,1,0
20:53,0,RT,0,"30,50"
20:58,STATE,RT,0,"28,25"
20:58,HUMIDITY,RT,0,"28,46"
20:58,HUMIDITY,RT,1,"28,30"
20:58,HUMIDITY,RH,0,"54,33"
20:58,HUMIDITY,RH,1,"71,20"
20:58,DELTA,RT,0,"0,21"
20:58,DELTA,RT,1,"0,16"
20:58,DELTA,RH,2,"16,78"
20:58,FLOW,WF,0,0
20:58,FLOW,WF,1,0
20:58,0,RT,0,"30,50"
21:03,STATE,RT,0,"28,18"
21:03,HUMIDITY,RT,0,"28,41"
21:03,HUMIDITY,RT,1,"28,20"
21:03,HUMIDITY,RH,0,"54,42"
21:03,HUMIDITY,RH,1,"71,20"
21:03,DELTA,RT,0,"0,23"
21:03,DELTA,RT,1,"0,21"
21:03,DELTA,RH,2,"16,78"
21:03,FLOW,WF,0,0
21:03,FLOW,WF,1,0
21:03,0,RT,0,"30,25"
21:08,STATE,RT,0,"28,12"
21:08,HUMIDITY,RT,0,"28,38"
21:08,HUMIDITY,RT,1,"28,10"
21:08,HUMIDITY,RH,0,"54,44"
21:08,HUMIDITY,RH,1,"71,30"
21:08,DELTA,RT,0,"0,26"
21:08,DELTA,RT,1,"0,28"
21:08,DELTA,RH,2,"16,86"
21:08,FLOW,WF,0,0
21:08,FLOW,WF,1,0
21:08,0,RT,0,"30,25"
21:13,STATE,RT,0,"28,06"
21:13,HUMIDITY,RT,0,"28,35"
21:13,HUMIDITY,RT,1,"28,10"
21:13,HUMIDITY,RH,0,"54,68"
21:13,HUMIDITY,RH,1,"71,70"
21:13,DELTA,RT,0,"0,22"
21:13,DELTA,RT,1,"0,24"
21:13,DELTA,RH,2,"16,99"
21:13,FLOW,WF,0,0
21:13,FLOW,WF,1,0
21:13,0,RT,0,"30,25"
21:18,STATE,RT,0,"28,06"
21:18,HUMIDITY,RT,0,"28,36"
21:18,HUMIDITY,RT,1,"28,10"
21:18,HUMIDITY,RH,0,"54,64"
21:18,HUMIDITY,RH,1,"71,80"
21:18,DELTA,RT,0,"0,30"
21:18,DELTA,RT,1,"0,26"
21:18,DELTA,RH,2,"17,07"
21:18,FLOW,WF,0,0
21:18,FLOW,WF,1,0
21:18,0,RT,0,"30,25"
21:23,STATE,RT,0,"28,06"
21:23,HUMIDITY,RT,0,"28,29"
21:23,HUMIDITY,RT,1,"28,10"
21:23,HUMIDITY,RH,0,"54,81"
21:23,HUMIDITY,RH,1,"71,80"
21:23,DELTA,RT,0,"0,24"
21:23,DELTA,RT,1,"0,30"
21:23,DELTA,RH,2,"17,03"
21:23,FLOW,WF,0,0
21:23,FLOW,WF,1,0
21:23,0,RT,0,"30,00"
21:29,STATE,RT,0,"28,00"
21:29,HUMIDITY,RT,0,"28,22"
21:29,HUMIDITY,RT,1,"28,00"
21:29,HUMIDITY,RH,0,"55,00"
21:29,HUMIDITY,RH,1,"71,90"
21:29,DELTA,RT,0,"0,21"
21:29,DELTA,RT,1,"0,21"
21:29,DELTA,RH,2,"16,90"
21:29,FLOW,WF,0,0
21:29,FLOW,WF,1,0
21:29,0,RT,0,"30,00"
21:34,STATE,RT,0,"28,06"
21:34,HUMIDITY,RT,0,"28,29"
21:34,HUMIDITY,RT,1,"28,00"
21:34,HUMIDITY,RH,0,"54,85"
21:34,HUMIDITY,RH,1,"72,10"
21:34,DELTA,RT,0,"0,25"
21:34,DELTA,RT,1,"0,31"
21:34,DELTA,RH,2,"17,23"
21:34,FLOW,WF,0,0
21:34,FLOW,WF,1,0
21:34,0,RT,0,"30,25"
21:39,STATE,RT,0,"28,12"
21:39,HUMIDITY,RT,0,"28,31"
21:39,HUMIDITY,RT,1,"28,00"
21:39,HUMIDITY,RH,0,"54,61"
21:39,HUMIDITY,RH,1,"72,00"
21:39,DELTA,RT,0,"0,19"
21:39,DELTA,RT,1,"0,31"
21:39,DELTA,RH,2,"17,39"
21:39,FLOW,WF,0,0
21:39,FLOW,WF,1,0
21:39,0,RT,0,"30,25"
21:44,STATE,RT,0,"28,06"
21:44,HUMIDITY,RT,0,"28,22"
21:44,HUMIDITY,RT,1,"28,00"
21:44,HUMIDITY,RH,0,"54,82"
21:44,HUMIDITY,RH,1,"71,90"
21:44,DELTA,RT,0,"0,16"
21:44,DELTA,RT,1,"0,22"
21:44,DELTA,RH,2,"17,08"
21:44,FLOW,WF,0,0
21:44,FLOW,WF,1,0
21:44,0,RT,0,"30,25"
21:49,STATE,RT,0,"28,06"
21:49,HUMIDITY,RT,0,"28,19"
21:49,HUMIDITY,RT,1,"28,00"
21:49,HUMIDITY,RH,0,"54,88"
21:49,HUMIDITY,RH,1,"72,00"
21:49,DELTA,RT,0,"0,12"
21:49,DELTA,RT,1,"0,18"
21:49,DELTA,RH,2,"17,10"
21:49,FLOW,WF,0,0
21:49,FLOW,WF,1,0
21:49,0,RT,0,"30,00"
21:54,STATE,RT,0,"28,06"
21:54,HUMIDITY,RT,0,"28,15"
21:54,HUMIDITY,RT,1,"28,00"
21:54,HUMIDITY,RH,0,"54,93"
21:54,HUMIDITY,RH,1,"72,10"
21:54,DELTA,RT,0,"0,09"
21:54,DELTA,RT,1,"0,25"
21:54,DELTA,RH,2,"17,16"
21:54,FLOW,WF,0,0
21:54,FLOW,WF,1,0
21:54,0,RT,0,"30,00"
21:59,STATE,RT,0,"28,00"
21:59,HUMIDITY,RT,0,"28,12"
21:59,HUMIDITY,RT,1,"27,90"
21:59,HUMIDITY,RH,0,"55,00"
21:59,HUMIDITY,RH,1,"72,00"
21:59,DELTA,RT,0,"0,08"
21:59,DELTA,RT,1,"0,24"
21:59,DELTA,RH,2,"17,01"
21:59,FLOW,WF,0,0
21:59,FLOW,WF,1,0
21:59,0,RT,0,"30,00"
22:04,STATE,RT,0,"28,00"
22:04,HUMIDITY,RT,0,"28,15"
22:04,HUMIDITY,RT,1,"27,90"
22:04,HUMIDITY,RH,0,"54,88"
22:04,HUMIDITY,RH,1,"72,10"
22:04,DELTA,RT,0,"0,15"
22:04,DELTA,RT,1,"0,25"
22:04,DELTA,RH,2,"17,22"
22:04,FLOW,WF,0,0
22:04,FLOW,WF,1,0
22:04,0,RT,0,"30,00"
22:09,STATE,RT,0,"28,00"
22:09,HUMIDITY,RT,0,"28,14"
22:09,HUMIDITY,RT,1,"27,90"
22:09,HUMIDITY,RH,0,"54,88"
22:09,HUMIDITY,RH,1,"72,10"
22:09,DELTA,RT,0,"0,14"
22:09,DELTA,RT,1,"0,24"
22:09,DELTA,RH,2,"17,22"
22:09,FLOW,WF,0,0
22:09,FLOW,WF,1,0
22:09,0,RT,0,"30,00"
22:14,STATE,RT,0,"28,06"
22:14,HUMIDITY,RT,0,"28,08"
22:14,HUMIDITY,RT,1,"27,90"
22:14,HUMIDITY,RH,0,"55,06"
22:14,HUMIDITY,RH,1,"72,20"
22:14,DELTA,RT,0,"0,02"
22:14,DELTA,RT,1,"0,18"
22:14,DELTA,RH,2,"17,14"
22:14,FLOW,WF,0,0
22:14,FLOW,WF,1,0
22:14,0,RT,0,"30,00"
22:19,STATE,RT,0,"28,00"
22:19,HUMIDITY,RT,0,"28,06"
22:19,HUMIDITY,RT,1,"27,90"
22:19,HUMIDITY,RH,0,"55,03"
22:19,HUMIDITY,RH,1,"72,20"
22:19,DELTA,RT,0,"0,03"
22:19,DELTA,RT,1,"0,13"
22:19,DELTA,RH,2,"17,15"
22:19,FLOW,WF,0,0
22:19,FLOW,WF,1,0
22:19,0,RT,0,"30,00"
22:24,STATE,RT,0,"28,00"
22:24,HUMIDITY,RT,0,"27,97"
22:24,HUMIDITY,RT,1,"27,80"
22:24,HUMIDITY,RH,0,"55,03"
22:24,HUMIDITY,RH,1,"72,10"
22:24,DELTA,RT,0,"0,03"
22:24,DELTA,RT,1,"0,17"
22:24,DELTA,RH,2,"17,07"
22:24,FLOW,WF,0,0
22:24,FLOW,WF,1,0
22:24,0,RT,0,"30,00"
22:29,STATE,RT,0,"28,00"
22:29,HUMIDITY,RT,0,"28,01"
22:29,HUMIDITY,RT,1,"27,80"
22:29,HUMIDITY,RH,0,"54,89"
22:29,HUMIDITY,RH,1,"72,00"
22:29,DELTA,RT,0,"0,01"
22:29,DELTA,RT,1,"0,21"
22:29,DELTA,RH,2,"17,11"
22:29,FLOW,WF,0,0
22:29,FLOW,WF,1,0
22:29,0,RT,0,"30,00"
22:34,STATE,RT,0,"27,87"
22:34,HUMIDITY,RT,0,"27,99"
22:34,HUMIDITY,RT,1,"27,80"
22:34,HUMIDITY,RH,0,"54,81"
22:34,HUMIDITY,RH,1,"72,10"
22:34,DELTA,RT,0,"0,12"
22:34,DELTA,RT,1,"0,19"
22:34,DELTA,RH,2,"17,29"
22:34,FLOW,WF,0,0
22:34,FLOW,WF,1,0
22:34,0,RT,0,"30,00"
22:39,STATE,RT,0,"27,81"
22:39,HUMIDITY,RT,0,"27,98"
22:39,HUMIDITY,RT,1,"27,80"
22:39,HUMIDITY,RH,0,"54,94"
22:39,HUMIDITY,RH,1,"72,20"
22:39,DELTA,RT,0,"0,17"
22:39,DELTA,RT,1,"0,18"
22:39,DELTA,RH,2,"17,26"
22:39,FLOW,WF,0,0
22:39,FLOW,WF,1,0
22:39,0,RT,0,"30,00"
22:44,STATE,RT,0,"27,81"
22:44,HUMIDITY,RT,0,"27,92"
22:44,HUMIDITY,RT,1,"27,70"
22:44,HUMIDITY,RH,0,"54,86"
22:44,HUMIDITY,RH,1,"72,00"
22:44,DELTA,RT,0,"0,11"
22:44,DELTA,RT,1,"0,22"
22:44,DELTA,RH,2,"17,14"
22:44,FLOW,WF,0,0
22:44,FLOW,WF,1,0
22:44,0,RT,0,"30,00"
22:49,STATE,RT,0,"27,81"
22:49,HUMIDITY,RT,0,"27,90"
22:49,HUMIDITY,RT,1,"27,70"
22:49,HUMIDITY,RH,0,"54,78"
22:49,HUMIDITY,RH,1,"72,10"
22:49,DELTA,RT,0,"0,11"
22:49,DELTA,RT,1,"0,22"
22:49,DELTA,RH,2,"17,30"
22:49,FLOW,WF,0,0
22:49,FLOW,WF,1,0
22:49,0,RT,0,"30,00"
22:54,STATE,RT,0,"27,81"
22:54,HUMIDITY,RT,0,"27,88"
22:54,HUMIDITY,RT,1,"27,70"
22:54,HUMIDITY,RH,0,"54,86"
22:54,HUMIDITY,RH,1,"72,20"
22:54,DELTA,RT,0,"0,06"
22:54,DELTA,RT,1,"0,17"
22:54,DELTA,RH,2,"17,36"
22:54,FLOW,WF,0,0
22:54,FLOW,WF,1,0
22:54,0,RT,0,"30,00"
22:59,STATE,RT,0,"27,81"
22:59,HUMIDITY,RT,0,"27,84"
22:59,HUMIDITY,RT,1,"27,70"
22:59,HUMIDITY,RH,0,"54,97"
22:59,HUMIDITY,RH,1,"72,10"
22:59,DELTA,RT,0,"0,02"
22:59,DELTA,RT,1,"0,13"
22:59,DELTA,RH,2,"17,20"
22:59,FLOW,WF,0,0
22:59,FLOW,WF,1,0
22:59,0,RT,0,"30,00"
23:04,STATE,RT,0,"27,75"
23:04,HUMIDITY,RT,0,"27,83"
23:04,HUMIDITY,RT,1,"27,70"
23:04,HUMIDITY,RH,0,"54,88"
23:04,HUMIDITY,RH,1,"72,20"
23:04,DELTA,RT,0,"0,08"
23:04,DELTA,RT,1,"0,13"
23:04,DELTA,RH,2,"17,32"
23:04,FLOW,WF,0,0
23:04,FLOW,WF,1,0
23:04,0,RT,0,"30,00"
23:09,STATE,RT,0,"27,68"
23:09,HUMIDITY,RT,0,"27,78"
23:09,HUMIDITY,RT,1,"27,60"
23:09,HUMIDITY,RH,0,"54,90"
23:09,HUMIDITY,RH,1,"72,10"
23:09,DELTA,RT,0,"0,10"
23:09,DELTA,RT,1,"0,18"
23:09,DELTA,RH,2,"17,20"
23:09,FLOW,WF,0,0
23:09,FLOW,WF,1,0
23:09,0,RT,0,"30,00"
23:14,STATE,RT,0,"27,68"
23:14,HUMIDITY,RT,0,"27,77"
23:14,HUMIDITY,RT,1,"27,60"
23:14,HUMIDITY,RH,0,"54,85"
23:14,HUMIDITY,RH,1,"72,20"
23:14,DELTA,RT,0,"0,09"
23:14,DELTA,RT,1,"0,17"
23:14,DELTA,RH,2,"17,35"
23:14,FLOW,WF,0,0
23:14,FLOW,WF,1,0
23:14,0,RT,0,"30,00"
23:19,STATE,RT,0,"27,68"
23:19,HUMIDITY,RT,0,"27,77"
23:19,HUMIDITY,RT,1,"27,60"
23:19,HUMIDITY,RH,0,"54,71"
23:19,HUMIDITY,RH,1,"72,10"
23:19,DELTA,RT,0,"0,09"
23:19,DELTA,RT,1,"0,17"
23:19,DELTA,RH,2,"17,39"
23:19,FLOW,WF,0,0
23:19,FLOW,WF,1,0
23:19,0,RT,0,"30,00"
23:24,STATE,RT,0,"27,68"
23:24,HUMIDITY,RT,0,"27,73"
23:24,HUMIDITY,RT,1,"27,60"
23:24,HUMIDITY,RH,0,"54,94"
23:24,HUMIDITY,RH,1,"72,30"
23:24,DELTA,RT,0,"0,07"
23:24,DELTA,RT,1,"0,15"
23:24,DELTA,RH,2,"17,40"
23:24,FLOW,WF,0,0
23:24,FLOW,WF,1,0
23:24,0,RT,0,"30,00"
23:29,STATE,RT,0,"27,68"
23:29,HUMIDITY,RT,0,"27,72"
23:29,HUMIDITY,RT,1,"27,50"
23:29,HUMIDITY,RH,0,"54,74"
23:29,HUMIDITY,RH,1,"72,10"
23:29,DELTA,RT,0,"0,05"
23:29,DELTA,RT,1,"0,23"
23:29,DELTA,RH,2,"17,32"
23:29,FLOW,WF,0,0
23:29,FLOW,WF,1,0
23:29,0,RT,0,"30,00"
23:34,STATE,RT,0,"27,62"
23:34,HUMIDITY,RT,0,"27,70"
23:34,HUMIDITY,RT,1,"27,50"
23:34,HUMIDITY,RH,0,"55,04"
23:34,HUMIDITY,RH,1,"72,20"
23:34,DELTA,RT,0,"0,08"
23:34,DELTA,RT,1,"0,20"
23:34,DELTA,RH,2,"17,16"
23:34,FLOW,WF,0,0
23:34,FLOW,WF,1,0
23:34,0,RT,0,"30,00"
23:40,STATE,RT,0,"27,62"
23:40,HUMIDITY,RT,0,"27,70"
23:40,HUMIDITY,RT,1,"27,50"
23:40,HUMIDITY,RH,0,"54,68"
23:40,HUMIDITY,RH,1,"72,10"
23:40,DELTA,RT,0,"0,08"
23:40,DELTA,RT,1,"0,20"
23:40,DELTA,RH,2,"17,42"
23:40,FLOW,WF,0,0
23:40,FLOW,WF,1,0
23:40,0,RT,0,"30,00"
23:45,STATE,RT,0,"27,68"
23:45,HUMIDITY,RT,0,"27,69"
23:45,HUMIDITY,RT,1,"27,50"
23:45,HUMIDITY,RH,0,"54,85"
23:45,HUMIDITY,RH,1,"72,10"
23:45,DELTA,RT,0,"0,01"
23:45,DELTA,RT,1,"0,19"
23:45,DELTA,RH,2,"17,25"
23:45,FLOW,WF,0,0
23:45,FLOW,WF,1,0
23:45,0,RT,0,"30,00"
23:50,STATE,RT,0,"27,68"
23:50,HUMIDITY,RT,0,"27,63"
23:50,HUMIDITY,RT,1,"27,50"
23:50,HUMIDITY,RH,0,"54,89"
23:50,HUMIDITY,RH,1,"72,10"
23:50,DELTA,RT,0,"0,05"
23:50,DELTA,RT,1,"0,13"
23:50,DELTA,RH,2,"17,21"
23:50,FLOW,WF,0,0
23:50,FLOW,WF,1,0
23:50,0,RT,0,"29,75"
23:55,STATE,RT,0,"27,68"
23:55,HUMIDITY,RT,0,"27,64"
23:55,HUMIDITY,RT,1,"27,50"
23:55,HUMIDITY,RH,0,"54,61"
23:55,HUMIDITY,RH,1,"72,10"
23:55,DELTA,RT,0,"0,06"
23:55,DELTA,RT,1,"0,12"
23:55,DELTA,RH,2,"17,38"
23:55,FLOW,WF,0,0
23:55,FLOW,WF,1,0
23:55,0,RT,0,"29,75"
