00:00,STATE,RT,0,"27,68"
00:00,HUMIDITY,RT,0,"27,58"
00:00,HUMIDITY,RT,1,"27,50"
00:00,HUMIDITY,RH,0,"54,81"
00:00,HUMIDITY,RH,1,"72,00"
00:00,DELTA,RT,0,"0,11"
00:00,DELTA,RT,1,"0,07"
00:00,DELTA,RH,2,"17,17"
00:00,FLOW,WF,0,0
00:00,FLOW,WF,1,0
00:00,0,RT,0,"30,00"
00:05,STATE,RT,0,"27,68"
00:05,HUMIDITY,RT,0,"27,61"
00:05,HUMIDITY,RT,1,"27,50"
00:05,HUMIDITY,RH,0,"54,66"
00:05,HUMIDITY,RH,1,"71,90"
00:05,DELTA,RT,0,"0,09"
00:05,DELTA,RT,1,"0,09"
00:05,DELTA,RH,2,"17,30"
00:05,FLOW,WF,0,0
00:05,FLOW,WF,1,0
00:05,0,RT,0,"29,75"
00:10,STATE,RT,0,"27,62"
00:10,HUMIDITY,RT,0,"27,62"
00:10,HUMIDITY,RT,1,"27,40"
00:10,HUMIDITY,RH,0,"54,44"
00:10,HUMIDITY,RH,1,"71,70"
00:10,DELTA,RT,0,"0,07"
00:10,DELTA,RT,1,"0,21"
00:10,DELTA,RH,2,"17,28"
00:10,FLOW,WF,0,0
00:10,FLOW,WF,1,0
00:10,0,RT,0,"29,75"
00:15,STATE,RT,0,"27,62"
00:15,HUMIDITY,RT,0,"27,56"
00:15,HUMIDITY,RT,1,"27,50"
00:15,HUMIDITY,RH,0,"54,44"
00:15,HUMIDITY,RH,1,"71,80"
00:15,DELTA,RT,0,"0,05"
00:15,DELTA,RT,1,"0,17"
00:15,DELTA,RH,2,"17,25"
00:15,FLOW,WF,0,0
00:15,FLOW,WF,1,0
00:15,0,RT,0,"29,75"
00:20,STATE,RT,0,"27,62"
00:20,HUMIDITY,RT,0,"27,52"
00:20,HUMIDITY,RT,1,"27,40"
00:20,HUMIDITY,RH,0,"54,41"
00:20,HUMIDITY,RH,1,"71,60"
00:20,DELTA,RT,0,"0,11"
00:20,DELTA,RT,1,"0,11"
00:20,DELTA,RH,2,"17,23"
00:20,FLOW,WF,0,0
00:20,FLOW,WF,1,0
00:20,0,RT,0,"29,75"
00:25,STATE,RT,0,"27,56"
00:25,HUMIDITY,RT,0,"27,51"
00:25,HUMIDITY,RT,1,"27,40"
00:25,HUMIDITY,RH,0,"54,14"
00:25,HUMIDITY,RH,1,"71,50"
00:25,DELTA,RT,0,"0,08"
00:25,DELTA,RT,1,"0,08"
00:25,DELTA,RH,2,"17,25"
00:25,FLOW,WF,0,0
00:25,FLOW,WF,1,0
00:25,0,RT,0,"29,75"
00:30,STATE,RT,0,"27,56"
00:30,HUMIDITY,RT,0,"27,45"
00:30,HUMIDITY,RT,1,"27,40"
00:30,HUMIDITY,RH,0,"54,80"
00:30,HUMIDITY,RH,1,"71,90"
00:30,DELTA,RT,0,"0,11"
00:30,DELTA,RT,1,"0,05"
00:30,DELTA,RH,2,"16,96"
00:30,FLOW,WF,0,0
00:30,FLOW,WF,1,0
00:30,0,RT,0,"29,75"
00:35,STATE,RT,0,"27,56"
00:35,HUMIDITY,RT,0,"27,47"
00:35,HUMIDITY,RT,1,"27,30"
00:35,HUMIDITY,RH,0,"54,45"
00:35,HUMIDITY,RH,1,"71,60"
00:35,DELTA,RT,0,"0,09"
00:35,DELTA,RT,1,"0,07"
00:35,DELTA,RH,2,"17,26"
00:35,FLOW,WF,0,0
00:35,FLOW,WF,1,0
00:35,0,RT,0,"29,75"
00:40,STATE,RT,0,"27,56"
00:40,HUMIDITY,RT,0,"27,51"
00:40,HUMIDITY,RT,1,"27,40"
00:40,HUMIDITY,RH,0,"54,13"
00:40,HUMIDITY,RH,1,"71,30"
00:40,DELTA,RT,0,"0,05"
00:40,DELTA,RT,1,"0,11"
00:40,DELTA,RH,2,"17,17"
00:40,FLOW,WF,0,0
00:40,FLOW,WF,1,0
00:40,0,RT,0,"29,75"
00:45,STATE,RT,0,"27,50"
00:45,HUMIDITY,RT,0,"27,43"
00:45,HUMIDITY,RT,1,"27,30"
00:45,HUMIDITY,RH,0,"54,01"
00:45,HUMIDITY,RH,1,"71,40"
00:45,DELTA,RT,0,"0,07"
00:45,DELTA,RT,1,"0,13"
00:45,DELTA,RH,2,"17,39"
00:45,FLOW,WF,0,0
00:45,FLOW,WF,1,0
00:45,0,RT,0,"29,75"
00:50,STATE,RT,0,"27,50"
00:50,HUMIDITY,RT,0,"27,41"
00:50,HUMIDITY,RT,1,"27,30"
00:50,HUMIDITY,RH,0,"54,13"
00:50,HUMIDITY,RH,1,"71,30"
00:50,DELTA,RT,0,"0,09"
00:50,DELTA,RT,1,"0,11"
00:50,DELTA,RH,2,"17,17"
00:50,FLOW,WF,0,0
00:50,FLOW,WF,1,0
00:50,0,RT,0,"29,75"
00:55,STATE,RT,0,"27,50"
00:55,HUMIDITY,RT,0,"27,41"
00:55,HUMIDITY,RT,1,"27,30"
00:55,HUMIDITY,RH,0,"54,04"
00:55,HUMIDITY,RH,1,"71,20"
00:55,DELTA,RT,0,"0,09"
00:55,DELTA,RT,1,"0,11"
00:55,DELTA,RH,2,"17,16"
00:55,FLOW,WF,0,0
00:55,FLOW,WF,1,0
00:55,0,RT,0,"29,75"
01:00,STATE,RT,0,"27,50"
01:00,HUMIDITY,RT,0,"27,38"
01:00,HUMIDITY,RT,1,"27,30"
01:00,HUMIDITY,RH,0,"54,46"
01:00,HUMIDITY,RH,1,"71,50"
01:00,DELTA,RT,0,"0,11"
01:00,DELTA,RT,1,"0,09"
01:00,DELTA,RH,2,"17,04"
01:00,FLOW,WF,0,0
01:00,FLOW,WF,1,0
01:00,0,RT,0,"29,75"
01:05,STATE,RT,0,"27,50"
01:05,HUMIDITY,RT,0,"27,39"
01:05,HUMIDITY,RT,1,"27,30"
01:05,HUMIDITY,RH,0,"54,24"
01:05,HUMIDITY,RH,1,"71,40"
01:05,DELTA,RT,0,"0,11"
01:05,DELTA,RT,1,"0,09"
01:05,DELTA,RH,2,"17,16"
01:05,FLOW,WF,0,0
01:05,FLOW,WF,1,0
01:05,0,RT,0,"29,75"
01:10,STATE,RT,0,"27,50"
01:10,HUMIDITY,RT,0,"27,40"
01:10,HUMIDITY,RT,1,"27,30"
01:10,HUMIDITY,RH,0,"53,96"
01:10,HUMIDITY,RH,1,"71,30"
01:10,DELTA,RT,0,"0,10"
01:10,DELTA,RT,1,"0,10"
01:10,DELTA,RH,2,"17,34"
01:10,FLOW,WF,0,0
01:10,FLOW,WF,1,0
01:10,0,RT,0,"29,75"
01:15,STATE,RT,0,"27,43"
01:15,HUMIDITY,RT,0,"27,40"
01:15,HUMIDITY,RT,1,"27,30"
01:15,HUMIDITY,RH,0,"54,09"
01:15,HUMIDITY,RH,1,"71,40"
01:15,DELTA,RT,0,"0,03"
01:15,DELTA,RT,1,"0,10"
01:15,DELTA,RH,2,"17,31"
01:15,FLOW,WF,0,0
01:15,FLOW,WF,1,0
01:15,0,RT,0,"29,75"
01:20,STATE,RT,0,"27,37"
01:20,HUMIDITY,RT,0,"27,42"
01:20,HUMIDITY,RT,1,"27,20"
01:20,HUMIDITY,RH,0,"53,46"
01:20,HUMIDITY,RH,1,"70,80"
01:20,DELTA,RT,0,"0,05"
01:20,DELTA,RT,1,"0,22"
01:20,DELTA,RH,2,"17,34"
01:20,FLOW,WF,0,0
01:20,FLOW,WF,1,0
01:20,0,RT,0,"29,75"
01:25,STATE,RT,0,"27,37"
01:25,HUMIDITY,RT,0,"27,38"
01:25,HUMIDITY,RT,1,"27,20"
01:25,HUMIDITY,RH,0,"53,64"
01:25,HUMIDITY,RH,1,"71,10"
01:25,DELTA,RT,0,"0,01"
01:25,DELTA,RT,1,"0,18"
01:25,DELTA,RH,2,"17,46"
01:25,FLOW,WF,0,0
01:25,FLOW,WF,1,0
01:25,0,RT,0,"29,75"
01:30,STATE,RT,0,"27,43"
01:30,HUMIDITY,RT,0,"27,37"
01:30,HUMIDITY,RT,1,"27,20"
01:30,HUMIDITY,RH,0,"53,84"
01:30,HUMIDITY,RH,1,"71,20"
01:30,DELTA,RT,0,"0,06"
01:30,DELTA,RT,1,"0,17"
01:30,DELTA,RH,2,"17,46"
01:30,FLOW,WF,0,0
01:30,FLOW,WF,1,0
01:30,0,RT,0,"29,75"
01:35,STATE,RT,0,"27,50"
01:35,HUMIDITY,RT,0,"27,39"
01:35,HUMIDITY,RT,1,"27,20"
01:35,HUMIDITY,RH,0,"53,91"
01:35,HUMIDITY,RH,1,"71,20"
01:35,DELTA,RT,0,"0,10"
01:35,DELTA,RT,1,"0,20"
01:35,DELTA,RH,2,"17,27"
01:35,FLOW,WF,0,0
01:35,FLOW,WF,1,0
01:35,0,RT,0,"29,75"
01:40,STATE,RT,0,"27,50"
01:40,HUMIDITY,RT,0,"27,34"
01:40,HUMIDITY,RT,1,"27,20"
01:40,HUMIDITY,RH,0,"53,43"
01:40,HUMIDITY,RH,1,"70,70"
01:40,DELTA,RT,0,"0,16"
01:40,DELTA,RT,1,"0,14"
01:40,DELTA,RH,2,"17,34"
01:40,FLOW,WF,0,0
01:40,FLOW,WF,1,0
01:40,0,RT,0,"29,75"
01:45,STATE,RT,0,"27,43"
01:45,HUMIDITY,RT,0,"27,29"
01:45,HUMIDITY,RT,1,"27,20"
01:45,HUMIDITY,RH,0,"53,85"
01:45,HUMIDITY,RH,1,"70,80"
01:45,DELTA,RT,0,"0,14"
01:45,DELTA,RT,1,"0,09"
01:45,DELTA,RH,2,"16,95"
01:45,FLOW,WF,0,0
01:45,FLOW,WF,1,0
01:45,0,RT,0,"29,75"
01:51,STATE,RT,0,"27,43"
01:51,HUMIDITY,RT,0,"27,32"
01:51,HUMIDITY,RT,1,"27,10"
01:51,HUMIDITY,RH,0,"53,58"
01:51,HUMIDITY,RH,1,"70,80"
01:51,DELTA,RT,0,"0,11"
01:51,DELTA,RT,1,"0,22"
01:51,DELTA,RH,2,"17,22"
01:51,FLOW,WF,0,0
01:51,FLOW,WF,1,0
01:51,0,RT,0,"29,75"
01:56,STATE,RT,0,"27,37"
01:56,HUMIDITY,RT,0,"27,32"
01:56,HUMIDITY,RT,1,"27,10"
01:56,HUMIDITY,RH,0,"53,18"
01:56,HUMIDITY,RH,1,"70,50"
01:56,DELTA,RT,0,"0,05"
01:56,DELTA,RT,1,"0,22"
01:56,DELTA,RH,2,"17,32"
01:56,FLOW,WF,0,0
01:56,FLOW,WF,1,0
01:56,0,RT,0,"29,75"
02:01,STATE,RT,0,"27,31"
02:01,HUMIDITY,RT,0,"27,32"
02:01,HUMIDITY,RT,1,"27,10"
02:01,HUMIDITY,RH,0,"53,16"
02:01,HUMIDITY,RH,1,"70,40"
02:01,DELTA,RT,0,"0,01"
02:01,DELTA,RT,1,"0,22"
02:01,DELTA,RH,2,"17,24"
02:01,FLOW,WF,0,0
02:01,FLOW,WF,1,0
02:01,0,RT,0,"29,75"
02:06,STATE,RT,0,"27,31"
02:06,HUMIDITY,RT,0,"27,25"
02:06,HUMIDITY,RT,1,"27,10"
02:06,HUMIDITY,RH,0,"53,23"
02:06,HUMIDITY,RH,1,"70,40"
02:06,DELTA,RT,0,"0,07"
02:06,DELTA,RT,1,"0,14"
02:06,DELTA,RH,2,"17,06"
02:06,FLOW,WF,0,0
02:06,FLOW,WF,1,0
02:06,0,RT,0,"29,75"
02:11,STATE,RT,0,"27,25"
02:11,HUMIDITY,RT,0,"27,23"
02:11,HUMIDITY,RT,1,"27,10"
02:11,HUMIDITY,RH,0,"53,19"
02:11,HUMIDITY,RH,1,"70,40"
02:11,DELTA,RT,0,"0,02"
02:11,DELTA,RT,1,"0,13"
02:11,DELTA,RH,2,"17,30"
02:11,FLOW,WF,0,0
02:11,FLOW,WF,1,0
02:11,0,RT,0,"29,75"
02:16,STATE,RT,0,"27,18"
02:16,HUMIDITY,RT,0,"27,15"
02:16,HUMIDITY,RT,1,"27,10"
02:16,HUMIDITY,RH,0,"53,33"
02:16,HUMIDITY,RH,1,"70,40"
02:16,DELTA,RT,0,"0,03"
02:16,DELTA,RT,1,"0,05"
02:16,DELTA,RH,2,"17,01"
02:16,FLOW,WF,0,0
02:16,FLOW,WF,1,0
02:16,0,RT,0,"29,75"
02:21,STATE,RT,0,"27,25"
02:21,HUMIDITY,RT,0,"27,14"
02:21,HUMIDITY,RT,1,"27,00"
02:21,HUMIDITY,RH,0,"53,55"
02:21,HUMIDITY,RH,1,"70,60"
02:21,DELTA,RT,0,"0,14"
02:21,DELTA,RT,1,"0,01"
02:21,DELTA,RH,2,"17,22"
02:21,FLOW,WF,0,0
02:21,FLOW,WF,1,0
02:21,0,RT,0,"29,50"
02:26,STATE,RT,0,"27,25"
02:26,HUMIDITY,RT,0,"27,16"
02:26,HUMIDITY,RT,1,"27,00"
02:26,HUMIDITY,RH,0,"53,16"
02:26,HUMIDITY,RH,1,"70,40"
02:26,DELTA,RT,0,"0,09"
02:26,DELTA,RT,1,"0,16"
02:26,DELTA,RH,2,"17,24"
02:26,FLOW,WF,0,0
02:26,FLOW,WF,1,0
02:26,0,RT,0,"29,50"
02:31,STATE,RT,0,"27,31"
02:31,HUMIDITY,RT,0,"27,11"
02:31,HUMIDITY,RT,1,"27,00"
02:31,HUMIDITY,RH,0,"53,65"
02:31,HUMIDITY,RH,1,"70,60"
02:31,DELTA,RT,0,"0,20"
02:31,DELTA,RT,1,"0,11"
02:31,DELTA,RH,2,"16,95"
02:31,FLOW,WF,0,0
02:31,FLOW,WF,1,0
02:31,0,RT,0,"29,50"
02:36,STATE,RT,0,"27,31"
02:36,HUMIDITY,RT,0,"27,11"
02:36,HUMIDITY,RT,1,"27,00"
02:36,HUMIDITY,RH,0,"53,38"
02:36,HUMIDITY,RH,1,"70,40"
02:36,DELTA,RT,0,"0,17"
02:36,DELTA,RT,1,"0,14"
02:36,DELTA,RH,2,"17,21"
02:36,FLOW,WF,0,0
02:36,FLOW,WF,1,0
02:36,0,RT,0,"29,50"
02:41,STATE,RT,0,"27,31"
02:41,HUMIDITY,RT,0,"27,11"
02:41,HUMIDITY,RT,1,"27,00"
02:41,HUMIDITY,RH,0,"53,21"
02:41,HUMIDITY,RH,1,"70,50"
02:41,DELTA,RT,0,"0,19"
02:41,DELTA,RT,1,"0,12"
02:41,DELTA,RH,2,"17,14"
02:41,FLOW,WF,0,0
02:41,FLOW,WF,1,0
02:41,0,RT,0,"29,50"
02:46,STATE,RT,0,"27,25"
02:46,HUMIDITY,RT,0,"27,10"
02:46,HUMIDITY,RT,1,"27,00"
02:46,HUMIDITY,RH,0,"53,20"
02:46,HUMIDITY,RH,1,"70,40"
02:46,DELTA,RT,0,"0,12"
02:46,DELTA,RT,1,"0,13"
02:46,DELTA,RH,2,"17,22"
02:46,FLOW,WF,0,0
02:46,FLOW,WF,1,0
02:46,0,RT,0,"29,25"
02:51,STATE,RT,0,"27,25"
02:51,HUMIDITY,RT,0,"27,08"
02:51,HUMIDITY,RT,1,"27,00"
02:51,HUMIDITY,RH,0,"53,62"
02:51,HUMIDITY,RH,1,"70,50"
02:51,DELTA,RT,0,"0,17"
02:51,DELTA,RT,1,"0,08"
02:51,DELTA,RH,2,"16,89"
02:51,FLOW,WF,0,0
02:51,FLOW,WF,1,0
02:51,0,RT,0,"29,25"
02:56,STATE,RT,0,"27,31"
02:56,HUMIDITY,RT,0,"27,07"
02:56,HUMIDITY,RT,1,"27,00"
02:56,HUMIDITY,RH,0,"53,88"
02:56,HUMIDITY,RH,1,"70,50"
02:56,DELTA,RT,0,"0,26"
02:56,DELTA,RT,1,"0,05"
02:56,DELTA,RH,2,"16,63"
02:56,FLOW,WF,0,0
02:56,FLOW,WF,1,0
02:56,0,RT,0,"29,25"
03:01,STATE,RT,0,"27,31"
03:01,HUMIDITY,RT,0,"27,04"
03:01,HUMIDITY,RT,1,"27,00"
03:01,HUMIDITY,RH,0,"53,59"
03:01,HUMIDITY,RH,1,"70,40"
03:01,DELTA,RT,0,"0,26"
03:01,DELTA,RT,1,"0,05"
03:01,DELTA,RH,2,"16,84"
03:01,FLOW,WF,0,0
03:01,FLOW,WF,1,0
03:01,0,RT,0,"29,25"
03:06,STATE,RT,0,"27,31"
03:06,HUMIDITY,RT,0,"27,03"
03:06,HUMIDITY,RT,1,"27,00"
03:06,HUMIDITY,RH,0,"53,19"
03:06,HUMIDITY,RH,1,"70,10"
03:06,DELTA,RT,0,"0,28"
03:06,DELTA,RT,1,"0,03"
03:06,DELTA,RH,2,"16,91"
03:06,FLOW,WF,0,0
03:06,FLOW,WF,1,0
03:06,0,RT,0,"29,25"
03:11,STATE,RT,0,"27,31"
03:11,HUMIDITY,RT,0,"27,01"
03:11,HUMIDITY,RT,1,"27,00"
03:11,HUMIDITY,RH,0,"53,40"
03:11,HUMIDITY,RH,1,"70,10"
03:11,DELTA,RT,0,"0,30"
03:11,DELTA,RT,1,"0,01"
03:11,DELTA,RH,2,"16,70"
03:11,FLOW,WF,0,0
03:11,FLOW,WF,1,0
03:11,0,RT,0,"29,25"
03:16,STATE,RT,0,"27,31"
03:16,HUMIDITY,RT,0,"27,04"
03:16,HUMIDITY,RT,1,"26,90"
03:16,HUMIDITY,RH,0,"53,07"
03:16,HUMIDITY,RH,1,"70,00"
03:16,DELTA,RT,0,"0,27"
03:16,DELTA,RT,1,"0,14"
03:16,DELTA,RH,2,"16,93"
03:16,FLOW,WF,0,0
03:16,FLOW,WF,1,0
03:16,0,RT,0,"29,25"
03:21,STATE,RT,0,"27,25"
03:21,HUMIDITY,RT,0,"26,98"
03:21,HUMIDITY,RT,1,"26,90"
03:21,HUMIDITY,RH,0,"53,16"
03:21,HUMIDITY,RH,1,"70,00"
03:21,DELTA,RT,0,"0,27"
03:21,DELTA,RT,1,"0,08"
03:21,DELTA,RH,2,"16,84"
03:21,FLOW,WF,0,0
03:21,FLOW,WF,1,0
03:21,0,RT,0,"29,25"
03:26,STATE,RT,0,"27,25"
03:26,HUMIDITY,RT,0,"26,94"
03:26,HUMIDITY,RT,1,"26,90"
03:26,HUMIDITY,RH,0,"53,18"
03:26,HUMIDITY,RH,1,"69,90"
03:26,DELTA,RT,0,"0,31"
03:26,DELTA,RT,1,"0,04"
03:26,DELTA,RH,2,"16,72"
03:26,FLOW,WF,0,0
03:26,FLOW,WF,1,0
03:26,0,RT,0,"29,25"
03:31,STATE,RT,0,"27,18"
03:31,HUMIDITY,RT,0,"26,97"
03:31,HUMIDITY,RT,1,"26,90"
03:31,HUMIDITY,RH,0,"52,93"
03:31,HUMIDITY,RH,1,"69,80"
03:31,DELTA,RT,0,"0,21"
03:31,DELTA,RT,1,"0,07"
03:31,DELTA,RH,2,"16,87"
03:31,FLOW,WF,0,0
03:31,FLOW,WF,1,0
03:31,0,RT,0,"29,25"
03:36,STATE,RT,0,"27,18"
03:36,HUMIDITY,RT,0,"26,92"
03:36,HUMIDITY,RT,1,"26,90"
03:36,HUMIDITY,RH,0,"52,86"
03:36,HUMIDITY,RH,1,"69,70"
03:36,DELTA,RT,0,"0,26"
03:36,DELTA,RT,1,"0,02"
03:36,DELTA,RH,2,"16,84"
03:36,FLOW,WF,0,0
03:36,FLOW,WF,1,0
03:36,0,RT,0,"29,25"
03:41,STATE,RT,0,"27,12"
03:41,HUMIDITY,RT,0,"26,88"
03:41,HUMIDITY,RT,1,"26,90"
03:41,HUMIDITY,RH,0,"52,60"
03:41,HUMIDITY,RH,1,"69,40"
03:41,DELTA,RT,0,"0,23"
03:41,DELTA,RT,1,"0,01"
03:41,DELTA,RH,2,"16,80"
03:41,FLOW,WF,0,0
03:41,FLOW,WF,1,0
03:41,0,RT,0,"29,25"
03:46,STATE,RT,0,"27,12"
03:46,HUMIDITY,RT,0,"26,89"
03:46,HUMIDITY,RT,1,"26,80"
03:46,HUMIDITY,RH,0,"52,42"
03:46,HUMIDITY,RH,1,"69,10"
03:46,DELTA,RT,0,"0,23"
03:46,DELTA,RT,1,"0,09"
03:46,DELTA,RH,2,"16,74"
03:46,FLOW,WF,0,0
03:46,FLOW,WF,1,0
03:46,0,RT,0,"29,25"
03:51,STATE,RT,0,"27,12"
03:51,HUMIDITY,RT,0,"26,92"
03:51,HUMIDITY,RT,1,"26,80"
03:51,HUMIDITY,RH,0,"52,42"
03:51,HUMIDITY,RH,1,"69,10"
03:51,DELTA,RT,0,"0,20"
03:51,DELTA,RT,1,"0,12"
03:51,DELTA,RH,2,"16,68"
03:51,FLOW,WF,0,0
03:51,FLOW,WF,1,0
03:51,0,RT,0,"29,25"
03:56,STATE,RT,0,"27,12"
03:56,HUMIDITY,RT,0,"26,89"
03:56,HUMIDITY,RT,1,"26,80"
03:56,HUMIDITY,RH,0,"52,43"
03:56,HUMIDITY,RH,1,"69,00"
03:56,DELTA,RT,0,"0,23"
03:56,DELTA,RT,1,"0,09"
03:56,DELTA,RH,2,"16,57"
03:56,FLOW,WF,0,0
03:56,FLOW,WF,1,0
03:56,0,RT,0,"29,25"
04:01,STATE,RT,0,"27,12"
04:01,HUMIDITY,RT,0,"26,90"
04:01,HUMIDITY,RT,1,"26,80"
04:01,HUMIDITY,RH,0,"52,20"
04:01,HUMIDITY,RH,1,"68,90"
04:01,DELTA,RT,0,"0,22"
04:01,DELTA,RT,1,"0,10"
04:01,DELTA,RH,2,"16,70"
04:01,FLOW,WF,0,0
04:01,FLOW,WF,1,0
04:01,0,RT,0,"29,25"
04:07,STATE,RT,0,"27,12"
04:07,HUMIDITY,RT,0,"26,87"
04:07,HUMIDITY,RT,1,"26,80"
04:07,HUMIDITY,RH,0,"52,34"
04:07,HUMIDITY,RH,1,"69,00"
04:07,DELTA,RT,0,"0,25"
04:07,DELTA,RT,1,"0,07"
04:07,DELTA,RH,2,"16,66"
04:07,FLOW,WF,0,0
04:07,FLOW,WF,1,0
04:07,0,RT,0,"29,25"
04:12,STATE,RT,0,"27,06"
04:12,HUMIDITY,RT,0,"26,89"
04:12,HUMIDITY,RT,1,"26,80"
04:12,HUMIDITY,RH,0,"52,15"
04:12,HUMIDITY,RH,1,"68,90"
04:12,DELTA,RT,0,"0,24"
04:12,DELTA,RT,1,"0,08"
04:12,DELTA,RH,2,"16,78"
04:12,FLOW,WF,0,0
04:12,FLOW,WF,1,0
04:12,0,RT,0,"29,00"
04:17,STATE,RT,0,"27,12"
04:17,HUMIDITY,RT,0,"26,85"
04:17,HUMIDITY,RT,1,"26,80"
04:17,HUMIDITY,RH,0,"52,32"
04:17,HUMIDITY,RH,1,"68,90"
04:17,DELTA,RT,0,"0,30"
04:17,DELTA,RT,1,"0,02"
04:17,DELTA,RH,2,"16,72"
04:17,FLOW,WF,0,0
04:17,FLOW,WF,1,0
04:17,0,RT,0,"29,00"
04:22,STATE,RT,0,"27,12"
04:22,HUMIDITY,RT,0,"26,87"
04:22,HUMIDITY,RT,1,"26,80"
04:22,HUMIDITY,RH,0,"51,90"
04:22,HUMIDITY,RH,1,"68,90"
04:22,DELTA,RT,0,"0,25"
04:22,DELTA,RT,1,"0,07"
04:22,DELTA,RH,2,"17,01"
04:22,FLOW,WF,0,0
04:22,FLOW,WF,1,0
04:22,0,RT,0,"29,25"
04:27,STATE,RT,0,"27,06"
04:27,HUMIDITY,RT,0,"26,83"
04:27,HUMIDITY,RT,1,"26,80"
04:27,HUMIDITY,RH,0,"51,92"
04:27,HUMIDITY,RH,1,"68,60"
04:27,DELTA,RT,0,"0,27"
04:27,DELTA,RT,1,"0,05"
04:27,DELTA,RH,2,"16,62"
04:27,FLOW,WF,0,0
04:27,FLOW,WF,1,0
04:27,0,RT,0,"29,00"
04:32,STATE,RT,0,"27,06"
04:32,HUMIDITY,RT,0,"26,84"
04:32,HUMIDITY,RT,1,"26,70"
04:32,HUMIDITY,RH,0,"51,90"
04:32,HUMIDITY,RH,1,"68,50"
04:32,DELTA,RT,0,"0,22"
04:32,DELTA,RT,1,"0,14"
04:32,DELTA,RH,2,"16,60"
04:32,FLOW,WF,0,0
04:32,FLOW,WF,1,0
04:32,0,RT,0,"29,00"
04:37,STATE,RT,0,"27,06"
04:37,HUMIDITY,RT,0,"26,81"
04:37,HUMIDITY,RT,1,"26,80"
04:37,HUMIDITY,RH,0,"51,89"
04:37,HUMIDITY,RH,1,"68,30"
04:37,DELTA,RT,0,"0,25"
04:37,DELTA,RT,1,"0,01"
04:37,DELTA,RH,2,"16,41"
04:37,FLOW,WF,0,0
04:37,FLOW,WF,1,0
04:37,0,RT,0,"29,00"
04:42,STATE,RT,0,"27,06"
04:42,HUMIDITY,RT,0,"26,81"
04:42,HUMIDITY,RT,1,"26,70"
04:42,HUMIDITY,RH,0,"51,70"
04:42,HUMIDITY,RH,1,"68,60"
04:42,DELTA,RT,0,"0,25"
04:42,DELTA,RT,1,"0,11"
04:42,DELTA,RH,2,"16,90"
04:42,FLOW,WF,0,0
04:42,FLOW,WF,1,0
04:42,0,RT,0,"29,00"
04:47,STATE,RT,0,"27,06"
04:47,HUMIDITY,RT,0,"26,82"
04:47,HUMIDITY,RT,1,"26,70"
04:47,HUMIDITY,RH,0,"51,86"
04:47,HUMIDITY,RH,1,"68,50"
04:47,DELTA,RT,0,"0,24"
04:47,DELTA,RT,1,"0,12"
04:47,DELTA,RH,2,"16,79"
04:47,FLOW,WF,0,0
04:47,FLOW,WF,1,0
04:47,0,RT,0,"29,00"
04:52,STATE,RT,0,"27,00"
04:52,HUMIDITY,RT,0,"26,80"
04:52,HUMIDITY,RT,1,"26,70"
04:52,HUMIDITY,RH,0,"51,37"
04:52,HUMIDITY,RH,1,"68,30"
04:52,DELTA,RT,0,"0,19"
04:52,DELTA,RT,1,"0,11"
04:52,DELTA,RH,2,"16,94"
04:52,FLOW,WF,0,0
04:52,FLOW,WF,1,0
04:52,0,RT,0,"29,00"
04:57,STATE,RT,0,"27,00"
04:57,HUMIDITY,RT,0,"26,74"
04:57,HUMIDITY,RT,1,"26,70"
04:57,HUMIDITY,RH,0,"51,59"
04:57,HUMIDITY,RH,1,"68,30"
04:57,DELTA,RT,0,"0,25"
04:57,DELTA,RT,1,"0,15"
04:57,DELTA,RH,2,"16,61"
04:57,FLOW,WF,0,0
04:57,FLOW,WF,1,0
04:57,0,RT,0,"29,00"
05:02,STATE,RT,0,"27,00"
05:02,HUMIDITY,RT,0,"26,79"
05:02,HUMIDITY,RT,1,"26,60"
05:02,HUMIDITY,RH,0,"51,37"
05:02,HUMIDITY,RH,1,"68,20"
05:02,DELTA,RT,0,"0,21"
05:02,DELTA,RT,1,"0,09"
05:02,DELTA,RH,2,"16,90"
05:02,FLOW,WF,0,0
05:02,FLOW,WF,1,0
05:02,0,RT,0,"29,00"
05:07,STATE,RT,0,"26,93"
05:07,HUMIDITY,RT,0,"26,74"
05:07,HUMIDITY,RT,1,"26,60"
05:07,HUMIDITY,RH,0,"51,21"
05:07,HUMIDITY,RH,1,"67,90"
05:07,DELTA,RT,0,"0,20"
05:07,DELTA,RT,1,"0,13"
05:07,DELTA,RH,2,"16,69"
05:07,FLOW,WF,0,0
05:07,FLOW,WF,1,0
05:07,0,RT,0,"29,00"
05:12,STATE,RT,0,"26,87"
05:12,HUMIDITY,RT,0,"26,73"
05:12,HUMIDITY,RT,1,"26,60"
05:12,HUMIDITY,RH,0,"51,08"
05:12,HUMIDITY,RH,1,"68,10"
05:12,DELTA,RT,0,"0,14"
05:12,DELTA,RT,1,"0,13"
05:12,DELTA,RH,2,"17,02"
05:12,FLOW,WF,0,0
05:12,FLOW,WF,1,0
05:12,0,RT,0,"29,00"
05:17,STATE,RT,0,"26,93"
05:17,HUMIDITY,RT,0,"26,77"
05:17,HUMIDITY,RT,1,"26,60"
05:17,HUMIDITY,RH,0,"51,22"
05:17,HUMIDITY,RH,1,"68,20"
05:17,DELTA,RT,0,"0,19"
05:17,DELTA,RT,1,"0,14"
05:17,DELTA,RH,2,"16,94"
05:17,FLOW,WF,0,0
05:17,FLOW,WF,1,0
05:17,0,RT,0,"29,00"
05:22,STATE,RT,0,"26,87"
05:22,HUMIDITY,RT,0,"26,78"
05:22,HUMIDITY,RT,1,"26,60"
05:22,HUMIDITY,RH,0,"51,14"
05:22,HUMIDITY,RH,1,"68,20"
05:22,DELTA,RT,0,"0,10"
05:22,DELTA,RT,1,"0,17"
05:22,DELTA,RH,2,"17,09"
05:22,FLOW,WF,0,0
05:22,FLOW,WF,1,0
05:22,0,RT,0,"29,00"
05:27,STATE,RT,0,"26,87"
05:27,HUMIDITY,RT,0,"26,81"
05:27,HUMIDITY,RT,1,"26,60"
05:27,HUMIDITY,RH,0,"51,52"
05:27,HUMIDITY,RH,1,"68,20"
05:27,DELTA,RT,0,"0,06"
05:27,DELTA,RT,1,"0,21"
05:27,DELTA,RH,2,"16,68"
05:27,FLOW,WF,0,0
05:27,FLOW,WF,1,0
05:27,0,RT,0,"29,00"
05:32,STATE,RT,0,"26,93"
05:32,HUMIDITY,RT,0,"26,79"
05:32,HUMIDITY,RT,1,"26,60"
05:32,HUMIDITY,RH,0,"51,53"
05:32,HUMIDITY,RH,1,"68,20"
05:32,DELTA,RT,0,"0,14"
05:32,DELTA,RT,1,"0,19"
05:32,DELTA,RH,2,"16,67"
05:32,FLOW,WF,0,0
05:32,FLOW,WF,1,0
05:32,0,RT,0,"29,00"
05:37,STATE,RT,0,"26,93"
05:37,HUMIDITY,RT,0,"26,82"
05:37,HUMIDITY,RT,1,"26,60"
05:37,HUMIDITY,RH,0,"51,58"
05:37,HUMIDITY,RH,1,"68,20"
05:37,DELTA,RT,0,"0,11"
05:37,DELTA,RT,1,"0,22"
05:37,DELTA,RH,2,"16,62"
05:37,FLOW,WF,0,0
05:37,FLOW,WF,1,0
05:37,0,RT,0,"28,75"
05:42,STATE,RT,0,"26,93"
05:42,HUMIDITY,RT,0,"26,80"
05:42,HUMIDITY,RT,1,"26,60"
05:42,HUMIDITY,RH,0,"51,40"
05:42,HUMIDITY,RH,1,"68,20"
05:42,DELTA,RT,0,"0,13"
05:42,DELTA,RT,1,"0,20"
05:42,DELTA,RH,2,"16,80"
05:42,FLOW,WF,0,0
05:42,FLOW,WF,1,0
05:42,0,RT,0,"29,00"
05:47,STATE,RT,0,"27,00"
05:47,HUMIDITY,RT,0,"26,84"
05:47,HUMIDITY,RT,1,"26,60"
05:47,HUMIDITY,RH,0,"51,60"
05:47,HUMIDITY,RH,1,"68,20"
05:47,DELTA,RT,0,"0,16"
05:47,DELTA,RT,1,"0,24"
05:47,DELTA,RH,2,"16,60"
05:47,FLOW,WF,0,0
05:47,FLOW,WF,1,0
05:47,0,RT,0,"29,00"
05:52,STATE,RT,0,"27,00"
05:52,HUMIDITY,RT,0,"26,86"
05:52,HUMIDITY,RT,1,"26,60"
05:52,HUMIDITY,RH,0,"52,26"
05:52,HUMIDITY,RH,1,"68,80"
05:52,DELTA,RT,0,"0,15"
05:52,DELTA,RT,1,"0,25"
05:52,DELTA,RH,2,"16,53"
05:52,FLOW,WF,0,0
05:52,FLOW,WF,1,0
05:52,0,RT,0,"29,00"
05:57,STATE,RT,0,"27,06"
05:57,HUMIDITY,RT,0,"26,88"
05:57,HUMIDITY,RT,1,"26,60"
05:57,HUMIDITY,RH,0,"52,09"
05:57,HUMIDITY,RH,1,"68,60"
05:57,DELTA,RT,0,"0,18"
05:57,DELTA,RT,1,"0,28"
05:57,DELTA,RH,2,"16,51"
05:57,FLOW,WF,0,0
05:57,FLOW,WF,1,0
05:57,0,RT,0,"29,00"
06:02,STATE,RT,0,"27,12"
06:02,HUMIDITY,RT,0,"26,99"
06:02,HUMIDITY,RT,1,"26,60"
06:02,HUMIDITY,RH,0,"52,00"
06:02,HUMIDITY,RH,1,"68,80"
06:02,DELTA,RT,0,"0,13"
06:02,DELTA,RT,1,"0,39"
06:02,DELTA,RH,2,"16,80"
06:02,FLOW,WF,0,0
06:02,FLOW,WF,1,0
06:02,0,RT,0,"29,00"
06:07,STATE,RT,0,"27,18"
06:07,HUMIDITY,RT,0,"26,99"
06:07,HUMIDITY,RT,1,"26,70"
06:07,HUMIDITY,RH,0,"52,12"
06:07,HUMIDITY,RH,1,"68,90"
06:07,DELTA,RT,0,"0,13"
06:07,DELTA,RT,1,"0,29"
06:07,DELTA,RH,2,"16,78"
06:07,FLOW,WF,0,0
06:07,FLOW,WF,1,0
06:07,0,RT,0,"29,00"
06:12,STATE,RT,0,"27,18"
06:12,HUMIDITY,RT,0,"27,04"
06:12,HUMIDITY,RT,1,"26,70"
06:12,HUMIDITY,RH,0,"51,88"
06:12,HUMIDITY,RH,1,"68,70"
06:12,DELTA,RT,0,"0,14"
06:12,DELTA,RT,1,"0,34"
06:12,DELTA,RH,2,"16,82"
06:12,FLOW,WF,0,0
06:12,FLOW,WF,1,0
06:12,0,RT,0,"29,00"
06:18,STATE,RT,0,"27,18"
06:18,HUMIDITY,RT,0,"27,11"
06:18,HUMIDITY,RT,1,"26,70"
06:18,HUMIDITY,RH,0,"51,95"
06:18,HUMIDITY,RH,1,"68,90"
06:18,DELTA,RT,0,"0,07"
06:18,DELTA,RT,1,"0,41"
06:18,DELTA,RH,2,"16,95"
06:18,FLOW,WF,0,0
06:18,FLOW,WF,1,0
06:18,0,RT,0,"29,25"
06:23,STATE,RT,0,"27,25"
06:23,HUMIDITY,RT,0,"27,19"
06:23,HUMIDITY,RT,1,"26,70"
06:23,HUMIDITY,RH,0,"51,66"
06:23,HUMIDITY,RH,1,"69,00"
06:23,DELTA,RT,0,"0,00"
06:23,DELTA,RT,1,"0,48"
06:23,DELTA,RH,2,"17,36"
06:23,FLOW,WF,0,0
06:23,FLOW,WF,1,0
06:23,0,RT,0,"29,25"
06:28,STATE,RT,0,"27,31"
06:28,HUMIDITY,RT,0,"27,25"
06:28,HUMIDITY,RT,1,"26,70"
06:28,HUMIDITY,RH,0,"51,90"
06:28,HUMIDITY,RH,1,"69,40"
06:28,DELTA,RT,0,"0,06"
06:28,DELTA,RT,1,"0,55"
06:28,DELTA,RH,2,"17,49"
06:28,FLOW,WF,0,0
06:28,FLOW,WF,1,0
06:28,0,RT,0,"29,25"
06:33,STATE,RT,0,"27,12"
06:33,HUMIDITY,RT,0,"27,07"
06:33,HUMIDITY,RT,1,"26,80"
06:33,HUMIDITY,RH,0,"52,81"
06:33,HUMIDITY,RH,1,"69,90"
06:33,DELTA,RT,0,"0,03"
06:33,DELTA,RT,1,"0,29"
06:33,DELTA,RH,2,"17,11"
06:33,FLOW,WF,0,0
06:33,FLOW,WF,1,0
06:33,0,RT,0,"29,25"
06:38,STATE,RT,0,"27,00"
06:38,HUMIDITY,RT,0,"26,99"
06:38,HUMIDITY,RT,1,"26,70"
06:38,HUMIDITY,RH,0,"52,97"
06:38,HUMIDITY,RH,1,"70,10"
06:38,DELTA,RT,0,"0,01"
06:38,DELTA,RT,1,"0,29"
06:38,DELTA,RH,2,"17,13"
06:38,FLOW,WF,0,0
06:38,FLOW,WF,1,0
06:38,0,RT,0,"29,25"
06:43,STATE,RT,0,"26,87"
06:43,HUMIDITY,RT,0,"26,88"
06:43,HUMIDITY,RT,1,"26,70"
06:43,HUMIDITY,RH,0,"53,45"
06:43,HUMIDITY,RH,1,"70,40"
06:43,DELTA,RT,0,"0,05"
06:43,DELTA,RT,1,"0,18"
06:43,DELTA,RH,2,"16,95"
06:43,FLOW,WF,0,0
06:43,FLOW,WF,1,0
06:43,0,RT,0,"29,00"
06:48,STATE,RT,0,"26,81"
06:48,HUMIDITY,RT,0,"26,92"
06:48,HUMIDITY,RT,1,"26,60"
06:48,HUMIDITY,RH,0,"53,26"
06:48,HUMIDITY,RH,1,"70,30"
06:48,DELTA,RT,0,"0,11"
06:48,DELTA,RT,1,"0,32"
06:48,DELTA,RH,2,"17,04"
06:48,FLOW,WF,0,0
06:48,FLOW,WF,1,0
06:48,0,RT,0,"29,25"
06:53,STATE,RT,0,"26,93"
06:53,HUMIDITY,RT,0,"27,01"
06:53,HUMIDITY,RT,1,"26,60"
06:53,HUMIDITY,RH,0,"53,73"
06:53,HUMIDITY,RH,1,"70,80"
06:53,DELTA,RT,0,"0,09"
06:53,DELTA,RT,1,"0,32"
06:53,DELTA,RH,2,"17,19"
06:53,FLOW,WF,0,0
06:53,FLOW,WF,1,0
06:53,0,RT,0,"29,25"
06:58,STATE,RT,0,"27,00"
06:58,HUMIDITY,RT,0,"27,04"
06:58,HUMIDITY,RT,1,"26,70"
06:58,HUMIDITY,RH,0,"53,91"
06:58,HUMIDITY,RH,1,"71,20"
06:58,DELTA,RT,0,"0,11"
06:58,DELTA,RT,1,"0,34"
06:58,DELTA,RH,2,"17,29"
06:58,FLOW,WF,0,0
06:58,FLOW,WF,1,0
06:58,0,RT,0,"29,00"
07:03,STATE,RT,0,"27,06"
07:03,HUMIDITY,RT,0,"27,14"
07:03,HUMIDITY,RT,1,"26,70"
07:03,HUMIDITY,RH,0,"53,93"
07:03,HUMIDITY,RH,1,"71,60"
07:03,DELTA,RT,0,"0,09"
07:03,DELTA,RT,1,"0,45"
07:03,DELTA,RH,2,"17,66"
07:03,FLOW,WF,0,0
07:03,FLOW,WF,1,0
07:03,0,RT,0,"29,25"
07:08,STATE,RT,0,"27,12"
07:08,HUMIDITY,RT,0,"27,27"
07:08,HUMIDITY,RT,1,"26,70"
07:08,HUMIDITY,RH,0,"54,30"
07:08,HUMIDITY,RH,1,"72,00"
07:08,DELTA,RT,0,"0,16"
07:08,DELTA,RT,1,"0,58"
07:08,DELTA,RH,2,"17,71"
07:08,FLOW,WF,0,0
07:08,FLOW,WF,1,0
07:08,0,RT,0,"29,25"
07:13,STATE,RT,0,"27,06"
07:13,HUMIDITY,RT,0,"27,22"
07:13,HUMIDITY,RT,1,"26,70"
07:13,HUMIDITY,RH,0,"54,65"
07:13,HUMIDITY,RH,1,"72,40"
07:13,DELTA,RT,0,"0,13"
07:13,DELTA,RT,1,"0,39"
07:13,DELTA,RH,2,"17,85"
07:13,FLOW,WF,0,0
07:13,FLOW,WF,1,0
07:13,0,RT,0,"29,25"
07:18,STATE,RT,0,"27,12"
07:18,HUMIDITY,RT,0,"27,16"
07:18,HUMIDITY,RT,1,"26,80"
07:18,HUMIDITY,RH,0,"54,75"
07:18,HUMIDITY,RH,1,"72,60"
07:18,DELTA,RT,0,"0,04"
07:18,DELTA,RT,1,"0,36"
07:18,DELTA,RH,2,"17,85"
07:18,FLOW,WF,0,0
07:18,FLOW,WF,1,0
07:18,0,RT,0,"29,25"
07:23,STATE,RT,0,"27,18"
07:23,HUMIDITY,RT,0,"27,32"
07:23,HUMIDITY,RT,1,"26,80"
07:23,HUMIDITY,RH,0,"54,51"
07:23,HUMIDITY,RH,1,"72,80"
07:23,DELTA,RT,0,"0,14"
07:23,DELTA,RT,1,"0,52"
07:23,DELTA,RH,2,"18,29"
07:23,FLOW,WF,0,0
07:23,FLOW,WF,1,0
07:23,0,RT,0,"29,50"
07:28,STATE,RT,0,"27,18"
07:28,HUMIDITY,RT,0,"27,26"
07:28,HUMIDITY,RT,1,"26,80"
07:28,HUMIDITY,RH,0,"54,49"
07:28,HUMIDITY,RH,1,"72,50"
07:28,DELTA,RT,0,"0,11"
07:28,DELTA,RT,1,"0,49"
07:28,DELTA,RH,2,"17,99"
07:28,FLOW,WF,0,0
07:28,FLOW,WF,1,0
07:28,0,RT,0,"29,25"
07:33,STATE,RT,0,"27,06"
07:33,HUMIDITY,RT,0,"27,28"
07:33,HUMIDITY,RT,1,"26,80"
07:33,HUMIDITY,RH,0,"54,39"
07:33,HUMIDITY,RH,1,"72,50"
07:33,DELTA,RT,0,"0,20"
07:33,DELTA,RT,1,"0,46"
07:33,DELTA,RH,2,"18,11"
07:33,FLOW,WF,0,0
07:33,FLOW,WF,1,0
07:33,0,RT,0,"29,25"
07:38,STATE,RT,0,"27,25"
07:38,HUMIDITY,RT,0,"27,31"
07:38,HUMIDITY,RT,1,"26,80"
07:38,HUMIDITY,RH,0,"54,88"
07:38,HUMIDITY,RH,1,"72,60"
07:38,DELTA,RT,0,"0,05"
07:38,DELTA,RT,1,"0,50"
07:38,DELTA,RH,2,"17,74"
07:38,FLOW,WF,0,0
07:38,FLOW,WF,1,0
07:38,0,RT,0,"29,25"
07:43,STATE,RT,0,"27,50"
07:43,HUMIDITY,RT,0,"27,42"
07:43,HUMIDITY,RT,1,"26,90"
07:43,HUMIDITY,RH,0,"54,86"
07:43,HUMIDITY,RH,1,"72,90"
07:43,DELTA,RT,0,"0,07"
07:43,DELTA,RT,1,"0,53"
07:43,DELTA,RH,2,"18,17"
07:43,FLOW,WF,0,0
07:43,FLOW,WF,1,0
07:43,0,RT,0,"29,50"
07:48,STATE,RT,0,"27,50"
07:48,HUMIDITY,RT,0,"27,42"
07:48,HUMIDITY,RT,1,"26,90"
07:48,HUMIDITY,RH,0,"54,85"
07:48,HUMIDITY,RH,1,"72,90"
07:48,DELTA,RT,0,"0,08"
07:48,DELTA,RT,1,"0,52"
07:48,DELTA,RH,2,"18,16"
07:48,FLOW,WF,0,0
07:48,FLOW,WF,1,0
07:48,0,RT,0,"29,50"
07:53,STATE,RT,0,"27,50"
07:53,HUMIDITY,RT,0,"27,47"
07:53,HUMIDITY,RT,1,"27,00"
07:53,HUMIDITY,RH,0,"54,80"
07:53,HUMIDITY,RH,1,"73,00"
07:53,DELTA,RT,0,"0,03"
07:53,DELTA,RT,1,"0,47"
07:53,DELTA,RH,2,"18,22"
07:53,FLOW,WF,0,0
07:53,FLOW,WF,1,0
07:53,0,RT,0,"29,50"
07:58,STATE,RT,0,"27,56"
07:58,HUMIDITY,RT,0,"27,52"
07:58,HUMIDITY,RT,1,"27,00"
07:58,HUMIDITY,RH,0,"54,55"
07:58,HUMIDITY,RH,1,"72,80"
07:58,DELTA,RT,0,"0,02"
07:58,DELTA,RT,1,"0,54"
07:58,DELTA,RH,2,"18,23"
07:58,FLOW,WF,0,0
07:58,FLOW,WF,1,0
07:58,0,RT,0,"29,75"
08:03,STATE,RT,0,"27,62"
08:03,HUMIDITY,RT,0,"27,61"
08:03,HUMIDITY,RT,1,"27,00"
08:03,HUMIDITY,RH,0,"54,37"
08:03,HUMIDITY,RH,1,"72,80"
08:03,DELTA,RT,0,"0,01"
08:03,DELTA,RT,1,"0,61"
08:03,DELTA,RH,2,"18,43"
08:03,FLOW,WF,0,0
08:03,FLOW,WF,1,0
08:03,0,RT,0,"30,00"
08:08,STATE,RT,0,"27,68"
08:08,HUMIDITY,RT,0,"27,63"
08:08,HUMIDITY,RT,1,"27,10"
08:08,HUMIDITY,RH,0,"54,26"
08:08,HUMIDITY,RH,1,"72,80"
08:08,DELTA,RT,0,"0,05"
08:08,DELTA,RT,1,"0,53"
08:08,DELTA,RH,2,"18,54"
08:08,FLOW,WF,0,0
08:08,FLOW,WF,1,0
08:08,0,RT,0,"30,00"
08:13,STATE,RT,0,"28,00"
08:13,HUMIDITY,RT,0,"27,84"
08:13,HUMIDITY,RT,1,"27,20"
08:13,HUMIDITY,RH,0,"53,99"
08:13,HUMIDITY,RH,1,"72,90"
08:13,DELTA,RT,0,"0,16"
08:13,DELTA,RT,1,"0,64"
08:13,DELTA,RH,2,"18,91"
08:13,FLOW,WF,0,0
08:13,FLOW,WF,1,0
08:13,0,RT,0,"30,00"
08:18,STATE,RT,0,"27,81"
08:18,HUMIDITY,RT,0,"27,74"
08:18,HUMIDITY,RT,1,"27,20"
08:18,HUMIDITY,RH,0,"54,84"
08:18,HUMIDITY,RH,1,"73,10"
08:18,DELTA,RT,0,"0,07"
08:18,DELTA,RT,1,"0,54"
08:18,DELTA,RH,2,"18,26"
08:18,FLOW,WF,0,0
08:18,FLOW,WF,1,0
08:18,0,RT,0,"30,00"
08:23,STATE,RT,0,"27,75"
08:23,HUMIDITY,RT,0,"27,73"
08:23,HUMIDITY,RT,1,"27,20"
08:23,HUMIDITY,RH,0,"54,94"
08:23,HUMIDITY,RH,1,"73,30"
08:23,DELTA,RT,0,"0,02"
08:23,DELTA,RT,1,"0,53"
08:23,DELTA,RH,2,"18,36"
08:23,FLOW,WF,0,0
08:23,FLOW,WF,1,0
08:23,0,RT,0,"30,00"
08:29,STATE,RT,0,"27,75"
08:29,HUMIDITY,RT,0,"27,74"
08:29,HUMIDITY,RH,0,"54,94"
08:29,DELTA,RT,0,"0,01"
08:29,FLOW,WF,0,0
08:29,FLOW,WF,1,0
08:29,0,RT,0,"29,75"
08:34,STATE,RT,0,"27,81"
08:34,HUMIDITY,RT,0,"27,72"
08:34,HUMIDITY,RT,1,"27,20"
08:34,HUMIDITY,RH,0,"55,10"
08:34,HUMIDITY,RH,1,"73,30"
08:34,DELTA,RT,0,"0,10"
08:34,DELTA,RT,1,"0,51"
08:34,DELTA,RH,2,"18,20"
08:34,FLOW,WF,0,0
08:34,FLOW,WF,1,0
08:34,0,RT,0,"29,75"
08:39,STATE,RT,0,"27,87"
08:39,HUMIDITY,RT,0,"27,81"
08:39,HUMIDITY,RT,1,"27,20"
08:39,HUMIDITY,RH,0,"55,02"
08:39,HUMIDITY,RH,1,"73,60"
08:39,DELTA,RT,0,"0,06"
08:39,DELTA,RT,1,"0,61"
08:39,DELTA,RH,2,"18,58"
08:39,FLOW,WF,0,0
08:39,FLOW,WF,1,0
08:39,0,RT,0,"30,00"
08:44,STATE,RT,0,"27,87"
08:44,HUMIDITY,RT,0,"27,82"
08:44,HUMIDITY,RT,1,"27,20"
08:44,HUMIDITY,RH,0,"55,15"
08:44,HUMIDITY,RH,1,"73,60"
08:44,DELTA,RT,0,"0,05"
08:44,DELTA,RT,1,"0,62"
08:44,DELTA,RH,2,"18,45"
08:44,FLOW,WF,0,0
08:44,FLOW,WF,1,0
08:44,0,RT,0,"30,00"
08:49,STATE,RT,0,"27,81"
08:49,HUMIDITY,RT,0,"27,84"
08:49,HUMIDITY,RT,1,"27,30"
08:49,HUMIDITY,RH,0,"55,27"
08:49,HUMIDITY,RH,1,"73,80"
08:49,DELTA,RT,0,"0,03"
08:49,DELTA,RT,1,"0,54"
08:49,DELTA,RH,2,"18,53"
08:49,FLOW,WF,0,0
08:49,FLOW,WF,1,0
08:49,0,RT,0,"29,75"
08:54,STATE,RT,0,"27,81"
08:54,HUMIDITY,RT,0,"27,91"
08:54,HUMIDITY,RT,1,"27,30"
08:54,HUMIDITY,RH,0,"55,25"
08:54,HUMIDITY,RH,1,"73,90"
08:54,DELTA,RT,0,"0,10"
08:54,DELTA,RT,1,"0,61"
08:54,DELTA,RH,2,"18,65"
08:54,FLOW,WF,0,0
08:54,FLOW,WF,1,0
08:54,0,RT,0,"29,75"
08:59,STATE,RT,0,"27,87"
08:59,HUMIDITY,RT,0,"27,93"
08:59,HUMIDITY,RT,1,"27,30"
08:59,HUMIDITY,RH,0,"55,47"
08:59,HUMIDITY,RH,1,"74,00"
08:59,DELTA,RT,0,"0,06"
08:59,DELTA,RT,1,"0,63"
08:59,DELTA,RH,2,"18,53"
08:59,FLOW,WF,0,0
08:59,FLOW,WF,1,0
08:59,0,RT,0,"30,00"
09:04,STATE,RT,0,"27,93"
09:04,HUMIDITY,RT,0,"27,93"
09:04,HUMIDITY,RT,1,"27,40"
09:04,HUMIDITY,RH,0,"55,19"
09:04,HUMIDITY,RH,1,"73,90"
09:04,DELTA,RT,0,"0,00"
09:04,DELTA,RT,1,"0,53"
09:04,DELTA,RH,2,"18,78"
09:04,FLOW,WF,0,0
09:04,FLOW,WF,1,0
09:04,0,RT,0,"30,00"
09:09,STATE,RT,0,"28,00"
09:09,HUMIDITY,RT,0,"27,97"
09:09,HUMIDITY,RT,1,"27,40"
09:09,HUMIDITY,RH,0,"55,42"
09:09,HUMIDITY,RH,1,"74,10"
09:09,DELTA,RT,0,"0,03"
09:09,DELTA,RT,1,"0,57"
09:09,DELTA,RH,2,"18,80"
09:09,FLOW,WF,0,0
09:09,FLOW,WF,1,0
09:09,0,RT,0,"30,00"
09:14,STATE,RT,0,"27,87"
09:14,HUMIDITY,RT,0,"28,00"
09:14,HUMIDITY,RT,1,"27,40"
09:14,HUMIDITY,RH,0,"55,46"
09:14,HUMIDITY,RH,1,"74,20"
09:14,DELTA,RT,0,"0,12"
09:14,DELTA,RT,1,"0,59"
09:14,DELTA,RH,2,"18,76"
09:14,FLOW,WF,0,0
09:14,FLOW,WF,1,0
09:14,0,RT,0,"30,00"
09:19,STATE,RT,0,"27,93"
09:19,HUMIDITY,RT,0,"27,98"
09:19,HUMIDITY,RT,1,"27,40"
09:19,HUMIDITY,RH,0,"55,81"
09:19,HUMIDITY,RH,1,"74,90"
09:19,DELTA,RT,0,"0,05"
09:19,DELTA,RT,1,"0,58"
09:19,DELTA,RH,2,"19,09"
09:19,FLOW,WF,0,0
09:19,FLOW,WF,1,0
09:19,0,RT,0,"30,00"
09:24,STATE,RT,0,"28,00"
09:24,HUMIDITY,RT,0,"27,99"
09:24,HUMIDITY,RT,1,"27,50"
09:24,HUMIDITY,RH,0,"55,68"
09:24,HUMIDITY,RH,1,"74,40"
09:24,DELTA,RT,0,"0,01"
09:24,DELTA,RT,1,"0,49"
09:24,DELTA,RH,2,"18,72"
09:24,FLOW,WF,0,0
09:24,FLOW,WF,1,0
09:24,0,RT,0,"30,00"
09:29,STATE,RT,0,"28,06"
09:29,HUMIDITY,RT,0,"28,07"
09:29,HUMIDITY,RT,1,"27,50"
09:29,HUMIDITY,RH,0,"55,58"
09:29,HUMIDITY,RH,1,"74,60"
09:29,DELTA,RT,0,"0,01"
09:29,DELTA,RT,1,"0,57"
09:29,DELTA,RH,2,"19,02"
09:29,FLOW,WF,0,0
09:29,FLOW,WF,1,0
09:29,0,RT,0,"30,00"
09:34,STATE,RT,0,"28,00"
09:34,HUMIDITY,RT,0,"28,07"
09:34,HUMIDITY,RT,1,"27,50"
09:34,HUMIDITY,RH,0,"55,84"
09:34,HUMIDITY,RH,1,"74,70"
09:34,DELTA,RT,0,"0,07"
09:34,DELTA,RT,1,"0,57"
09:34,DELTA,RH,2,"18,86"
09:34,FLOW,WF,0,0
09:34,FLOW,WF,1,0
09:34,0,RT,0,"30,00"
09:39,STATE,RT,0,"28,00"
09:39,HUMIDITY,RT,0,"28,13"
09:39,HUMIDITY,RT,1,"27,50"
09:39,HUMIDITY,RH,0,"55,67"
09:39,HUMIDITY,RH,1,"74,50"
09:39,DELTA,RT,0,"0,11"
09:39,DELTA,RT,1,"0,61"
09:39,DELTA,RH,2,"18,82"
09:39,FLOW,WF,0,0
09:39,FLOW,WF,1,0
09:39,0,RT,0,"30,00"
09:44,STATE,RT,0,"28,12"
09:44,HUMIDITY,RT,0,"28,18"
09:44,HUMIDITY,RT,1,"27,50"
09:44,HUMIDITY,RH,0,"55,42"
09:44,HUMIDITY,RH,1,"74,40"
09:44,DELTA,RT,0,"0,05"
09:44,DELTA,RT,1,"0,57"
09:44,DELTA,RH,2,"19,05"
09:44,FLOW,WF,0,0
09:44,FLOW,WF,1,0
09:44,0,RT,0,"30,00"
09:49,STATE,RT,0,"28,18"
09:49,HUMIDITY,RT,0,"28,22"
09:49,HUMIDITY,RT,1,"27,60"
09:49,HUMIDITY,RH,0,"55,42"
09:49,HUMIDITY,RH,1,"74,60"
09:49,DELTA,RT,0,"0,07"
09:49,DELTA,RT,1,"0,65"
09:49,DELTA,RH,2,"19,15"
09:49,FLOW,WF,0,0
09:49,FLOW,WF,1,0
09:49,0,RT,0,"30,00"
09:54,STATE,RT,0,"28,25"
09:54,HUMIDITY,RT,0,"28,26"
09:54,HUMIDITY,RT,1,"27,60"
09:54,HUMIDITY,RH,0,"55,49"
09:54,HUMIDITY,RH,1,"74,80"
09:54,DELTA,RT,0,"0,00"
09:54,DELTA,RT,1,"0,65"
09:54,DELTA,RH,2,"19,43"
09:54,FLOW,WF,0,0
09:54,FLOW,WF,1,0
09:54,0,RT,0,"30,00"
09:59,STATE,RT,0,"28,25"
09:59,HUMIDITY,RT,0,"28,29"
09:59,HUMIDITY,RT,1,"27,70"
09:59,HUMIDITY,RH,0,"55,77"
09:59,HUMIDITY,RH,1,"75,00"
09:59,DELTA,RT,0,"0,04"
09:59,DELTA,RT,1,"0,59"
09:59,DELTA,RH,2,"19,23"
09:59,FLOW,WF,0,0
09:59,FLOW,WF,1,0
09:59,0,RT,0,"30,25"
10:04,STATE,RT,0,"28,25"
10:04,HUMIDITY,RT,0,"28,31"
10:04,HUMIDITY,RT,1,"27,70"
10:04,HUMIDITY,RH,0,"55,80"
10:04,HUMIDITY,RH,1,"74,90"
10:04,DELTA,RT,0,"0,06"
10:04,DELTA,RT,1,"0,61"
10:04,DELTA,RH,2,"19,10"
10:04,FLOW,WF,0,0
10:04,FLOW,WF,1,0
10:04,0,RT,0,"30,25"
10:09,STATE,RT,0,"28,31"
10:09,HUMIDITY,RT,0,"28,30"
10:09,HUMIDITY,RT,1,"27,70"
10:09,HUMIDITY,RH,0,"55,62"
10:09,HUMIDITY,RH,1,"74,80"
10:09,DELTA,RT,0,"0,00"
10:09,DELTA,RT,1,"0,61"
10:09,DELTA,RH,2,"19,17"
10:09,FLOW,WF,0,0
10:09,FLOW,WF,1,0
10:09,0,RT,0,"30,25"
10:14,STATE,RT,0,"28,37"
10:14,HUMIDITY,RT,0,"28,40"
10:14,HUMIDITY,RT,1,"27,70"
10:14,HUMIDITY,RH,0,"55,51"
10:14,HUMIDITY,RH,1,"74,80"
10:14,DELTA,RT,0,"0,01"
10:14,DELTA,RT,1,"0,68"
10:14,DELTA,RH,2,"19,29"
10:14,FLOW,WF,0,0
10:14,FLOW,WF,1,0
10:14,0,RT,0,"30,25"
10:19,STATE,RT,0,"28,37"
10:19,HUMIDITY,RT,0,"28,46"
10:19,HUMIDITY,RT,1,"27,80"
10:19,HUMIDITY,RH,0,"55,77"
10:19,HUMIDITY,RH,1,"75,10"
10:19,DELTA,RT,0,"0,09"
10:19,DELTA,RT,1,"0,66"
10:19,DELTA,RH,2,"19,34"
10:19,FLOW,WF,0,0
10:19,FLOW,WF,1,0
10:19,0,RT,0,"30,25"
10:24,STATE,RT,0,"28,43"
10:24,HUMIDITY,RT,0,"28,46"
10:24,HUMIDITY,RT,1,"27,80"
10:24,HUMIDITY,RH,0,"56,06"
10:24,HUMIDITY,RH,1,"75,10"
10:24,DELTA,RT,0,"0,02"
10:24,DELTA,RT,1,"0,65"
10:24,DELTA,RH,2,"19,03"
10:24,FLOW,WF,0,0
10:24,FLOW,WF,1,0
10:24,0,RT,0,"30,25"
10:29,STATE,RT,0,"28,43"
10:29,HUMIDITY,RT,0,"28,43"
10:29,HUMIDITY,RT,1,"27,90"
10:29,HUMIDITY,RH,0,"56,16"
10:29,HUMIDITY,RH,1,"75,10"
10:29,DELTA,RT,0,"0,00"
10:29,DELTA,RT,1,"0,63"
10:29,DELTA,RH,2,"18,94"
10:29,FLOW,WF,0,0
10:29,FLOW,WF,1,0
10:29,0,RT,0,"30,25"
10:34,STATE,RT,0,"28,43"
10:34,HUMIDITY,RT,0,"28,47"
10:34,HUMIDITY,RT,1,"27,90"
10:34,HUMIDITY,RH,0,"55,99"
10:34,HUMIDITY,RH,1,"75,00"
10:34,DELTA,RT,0,"0,06"
10:34,DELTA,RT,1,"0,59"
10:34,DELTA,RH,2,"18,99"
10:34,FLOW,WF,0,0
10:34,FLOW,WF,1,0
10:34,0,RT,0,"30,25"
10:40,STATE,RT,0,"28,56"
10:40,HUMIDITY,RT,0,"28,55"
10:40,HUMIDITY,RT,1,"27,90"
10:40,HUMIDITY,RH,0,"56,00"
10:40,HUMIDITY,RH,1,"75,00"
10:40,DELTA,RT,0,"0,01"
10:40,DELTA,RT,1,"0,65"
10:40,DELTA,RH,2,"19,02"
10:40,FLOW,WF,0,0
10:40,FLOW,WF,1,0
10:40,0,RT,0,"30,25"
10:45,STATE,RT,0,"28,56"
10:45,HUMIDITY,RT,0,"28,57"
10:45,HUMIDITY,RT,1,"27,90"
10:45,HUMIDITY,RH,0,"56,03"
10:45,HUMIDITY,RH,1,"75,00"
10:45,DELTA,RT,0,"0,01"
10:45,DELTA,RT,1,"0,67"
10:45,DELTA,RH,2,"18,97"
10:45,FLOW,WF,0,0
10:45,FLOW,WF,1,0
10:45,0,RT,0,"30,50"
10:50,STATE,RT,0,"28,56"
10:50,HUMIDITY,RT,0,"28,62"
10:50,HUMIDITY,RT,1,"28,00"
10:50,HUMIDITY,RH,0,"55,95"
10:50,HUMIDITY,RH,1,"75,00"
10:50,DELTA,RT,0,"0,06"
10:50,DELTA,RT,1,"0,62"
10:50,DELTA,RH,2,"19,05"
10:50,FLOW,WF,0,0
10:50,FLOW,WF,1,0
10:50,0,RT,0,"30,25"
10:55,STATE,RT,0,"28,68"
10:55,HUMIDITY,RT,0,"28,66"
10:55,HUMIDITY,RT,1,"28,00"
10:55,HUMIDITY,RH,0,"55,95"
10:55,HUMIDITY,RH,1,"75,10"
10:55,DELTA,RT,0,"0,02"
10:55,DELTA,RT,1,"0,66"
10:55,DELTA,RH,2,"19,15"
10:55,FLOW,WF,0,0
10:55,FLOW,WF,1,0
10:55,0,RT,0,"30,50"
11:00,STATE,RT,0,"28,68"
11:00,HUMIDITY,RT,0,"28,66"
11:00,HUMIDITY,RT,1,"28,00"
11:00,HUMIDITY,RH,0,"56,06"
11:00,HUMIDITY,RH,1,"75,10"
11:00,DELTA,RT,0,"0,02"
11:00,DELTA,RT,1,"0,66"
11:00,DELTA,RH,2,"19,04"
11:00,FLOW,WF,0,0
11:00,FLOW,WF,1,0
11:00,0,RT,0,"30,25"
11:05,STATE,RT,0,"28,68"
11:05,HUMIDITY,RT,0,"28,73"
11:05,HUMIDITY,RT,1,"28,10"
11:05,HUMIDITY,RH,0,"56,45"
11:05,HUMIDITY,RH,1,"75,50"
11:05,DELTA,RT,0,"0,05"
11:05,DELTA,RT,1,"0,63"
11:05,DELTA,RH,2,"19,05"
11:05,FLOW,WF,0,0
11:05,FLOW,WF,1,0
11:05,0,RT,0,"30,50"
11:10,STATE,RT,0,"28,75"
11:10,HUMIDITY,RT,0,"28,73"
11:10,HUMIDITY,RT,1,"28,10"
11:10,HUMIDITY,RH,0,"56,51"
11:10,HUMIDITY,RH,1,"75,50"
11:10,DELTA,RT,0,"0,00"
11:10,DELTA,RT,1,"0,65"
11:10,DELTA,RH,2,"18,99"
11:10,FLOW,WF,0,0
11:10,FLOW,WF,1,0
11:10,0,RT,0,"30,25"
11:15,STATE,RT,0,"28,75"
11:15,HUMIDITY,RT,0,"28,75"
11:15,HUMIDITY,RT,1,"28,20"
11:15,HUMIDITY,RH,0,"56,47"
11:15,HUMIDITY,RH,1,"75,50"
11:15,DELTA,RT,0,"0,00"
11:15,DELTA,RT,1,"0,55"
11:15,DELTA,RH,2,"19,01"
11:15,FLOW,WF,0,0
11:15,FLOW,WF,1,0
11:15,0,RT,0,"30,25"
11:20,STATE,RT,0,"28,75"
11:20,HUMIDITY,RT,0,"28,76"
11:20,HUMIDITY,RT,1,"28,20"
11:20,HUMIDITY,RH,0,"56,54"
11:20,HUMIDITY,RH,1,"75,40"
11:20,DELTA,RT,0,"0,01"
11:20,DELTA,RT,1,"0,56"
11:20,DELTA,RH,2,"18,86"
11:20,FLOW,WF,0,0
11:20,FLOW,WF,1,0
11:20,0,RT,0,"30,25"
11:25,STATE,RT,0,"28,68"
11:25,HUMIDITY,RT,0,"28,75"
11:25,HUMIDITY,RT,1,"28,20"
11:25,HUMIDITY,RH,0,"56,62"
11:25,HUMIDITY,RH,1,"75,40"
11:25,DELTA,RT,0,"0,07"
11:25,DELTA,RT,1,"0,55"
11:25,DELTA,RH,2,"18,78"
11:25,FLOW,WF,0,0
11:25,FLOW,WF,1,0
11:25,0,RT,0,"30,50"
11:30,STATE,RT,0,"28,81"
11:30,HUMIDITY,RT,0,"28,83"
11:30,HUMIDITY,RT,1,"28,20"
11:30,HUMIDITY,RH,0,"56,65"
11:30,HUMIDITY,RH,1,"75,60"
11:30,DELTA,RT,0,"0,02"
11:30,DELTA,RT,1,"0,63"
11:30,DELTA,RH,2,"18,95"
11:30,FLOW,WF,0,0
11:30,FLOW,WF,1,0
11:30,0,RT,0,"30,50"
11:35,STATE,RT,0,"28,87"
11:35,HUMIDITY,RT,0,"28,86"
11:35,HUMIDITY,RT,1,"28,30"
11:35,HUMIDITY,RH,0,"56,72"
11:35,HUMIDITY,RH,1,"75,70"
11:35,DELTA,RT,0,"0,01"
11:35,DELTA,RT,1,"0,56"
11:35,DELTA,RH,2,"18,98"
11:35,FLOW,WF,0,0
11:35,FLOW,WF,1,0
11:35,0,RT,0,"30,50"
11:40,STATE,RT,0,"28,87"
11:40,HUMIDITY,RT,0,"28,88"
11:40,HUMIDITY,RT,1,"28,30"
11:40,HUMIDITY,RH,0,"56,41"
11:40,HUMIDITY,RH,1,"75,40"
11:40,DELTA,RT,0,"0,01"
11:40,DELTA,RT,1,"0,58"
11:40,DELTA,RH,2,"18,99"
11:40,FLOW,WF,0,0
11:40,FLOW,WF,1,0
11:40,0,RT,0,"30,50"
11:45,STATE,RT,0,"28,87"
11:45,HUMIDITY,RT,0,"28,94"
11:45,HUMIDITY,RT,1,"28,30"
11:45,HUMIDITY,RH,0,"55,97"
11:45,HUMIDITY,RH,1,"75,00"
11:45,DELTA,RT,0,"0,06"
11:45,DELTA,RT,1,"0,63"
11:45,DELTA,RH,2,"19,01"
11:45,FLOW,WF,0,0
11:45,FLOW,WF,1,0
11:45,0,RT,0,"30,50"
11:50,STATE,RT,0,"28,93"
11:50,HUMIDITY,RT,0,"28,97"
11:50,HUMIDITY,RT,1,"28,30"
11:50,HUMIDITY,RH,0,"56,02"
11:50,HUMIDITY,RH,1,"75,10"
11:50,DELTA,RT,0,"0,02"
11:50,DELTA,RT,1,"0,65"
11:50,DELTA,RH,2,"19,08"
11:50,FLOW,WF,0,0
11:50,FLOW,WF,1,0
11:50,0,RT,0,"30,50"
11:55,STATE,RT,0,"28,93"
11:55,HUMIDITY,RT,0,"28,93"
11:55,HUMIDITY,RT,1,"28,40"
11:55,HUMIDITY,RH,0,"56,22"
11:55,HUMIDITY,RH,1,"75,30"
11:55,DELTA,RT,0,"0,01"
11:55,DELTA,RT,1,"0,54"
11:55,DELTA,RH,2,"19,11"
11:55,FLOW,WF,0,0
11:55,FLOW,WF,1,0
11:55,0,RT,0,"30,50"
12:00,STATE,RT,0,"28,93"
12:00,HUMIDITY,RT,0,"28,95"
12:00,HUMIDITY,RT,1,"28,40"
12:00,HUMIDITY,RH,0,"56,29"
12:00,HUMIDITY,RH,1,"75,20"
12:00,DELTA,RT,0,"0,02"
12:00,DELTA,RT,1,"0,55"
12:00,DELTA,RH,2,"18,91"
12:00,FLOW,WF,0,0
12:00,FLOW,WF,1,0
12:00,0,RT,0,"30,50"
12:05,STATE,RT,0,"29,00"
12:05,HUMIDITY,RT,0,"29,01"
12:05,HUMIDITY,RT,1,"28,40"
12:05,HUMIDITY,RH,0,"56,27"
12:05,HUMIDITY,RH,1,"75,20"
12:05,DELTA,RT,0,"0,01"
12:05,DELTA,RT,1,"0,61"
12:05,DELTA,RH,2,"18,93"
12:05,FLOW,WF,0,0
12:05,FLOW,WF,1,0
12:05,0,RT,0,"30,75"
12:10,STATE,RT,0,"29,00"
12:10,HUMIDITY,RT,0,"29,04"
12:10,HUMIDITY,RT,1,"28,40"
12:10,HUMIDITY,RH,0,"56,42"
12:10,HUMIDITY,RH,1,"75,50"
12:10,DELTA,RT,0,"0,04"
12:10,DELTA,RT,1,"0,64"
12:10,DELTA,RH,2,"19,08"
12:10,FLOW,WF,0,0
12:10,FLOW,WF,1,0
12:10,0,RT,0,"30,75"
12:15,STATE,RT,0,"29,06"
12:15,HUMIDITY,RT,0,"29,08"
12:15,HUMIDITY,RT,1,"28,50"
12:15,HUMIDITY,RH,0,"56,41"
12:15,HUMIDITY,RH,1,"75,50"
12:15,DELTA,RT,0,"0,02"
12:15,DELTA,RT,1,"0,58"
12:15,DELTA,RH,2,"19,05"
12:15,FLOW,WF,0,0
12:15,FLOW,WF,1,0
12:15,0,RT,0,"30,75"
12:20,STATE,RT,0,"29,12"
12:20,HUMIDITY,RT,0,"29,17"
12:20,HUMIDITY,RT,1,"28,50"
12:20,HUMIDITY,RH,0,"56,19"
12:20,HUMIDITY,RH,1,"75,50"
12:20,DELTA,RT,0,"0,04"
12:20,DELTA,RT,1,"0,66"
12:20,DELTA,RH,2,"19,26"
12:20,FLOW,WF,0,0
12:20,FLOW,WF,1,0
12:20,0,RT,0,"30,75"
12:25,STATE,RT,0,"29,12"
12:25,HUMIDITY,RT,0,"29,12"
12:25,HUMIDITY,RT,1,"28,50"
12:25,HUMIDITY,RH,0,"56,85"
12:25,HUMIDITY,RH,1,"76,00"
12:25,DELTA,RT,0,"0,02"
12:25,DELTA,RT,1,"0,64"
12:25,DELTA,RH,2,"19,02"
12:25,FLOW,WF,0,0
12:25,FLOW,WF,1,0
12:25,0,RT,0,"30,75"
12:30,STATE,RT,0,"29,25"
12:30,HUMIDITY,RT,0,"29,23"
12:30,HUMIDITY,RT,1,"28,60"
12:30,HUMIDITY,RH,0,"56,70"
12:30,HUMIDITY,RH,1,"76,00"
12:30,DELTA,RT,0,"0,04"
12:30,DELTA,RT,1,"0,61"
12:30,DELTA,RH,2,"19,08"
12:30,FLOW,WF,0,0
12:30,FLOW,WF,1,0
12:30,0,RT,0,"31,00"
12:35,STATE,RT,0,"29,31"
12:35,HUMIDITY,RT,0,"29,25"
12:35,HUMIDITY,RT,1,"28,70"
12:35,HUMIDITY,RH,0,"56,47"
12:35,HUMIDITY,RH,1,"75,70"
12:35,DELTA,RT,0,"0,07"
12:35,DELTA,RT,1,"0,64"
12:35,DELTA,RH,2,"18,94"
12:35,FLOW,WF,0,0
12:35,FLOW,WF,1,0
12:35,0,RT,0,"31,00"
12:40,STATE,RT,0,"29,37"
12:40,HUMIDITY,RT,0,"29,41"
12:40,HUMIDITY,RT,1,"28,80"
12:40,HUMIDITY,RH,0,"55,77"
12:40,HUMIDITY,RH,1,"74,90"
12:40,DELTA,RT,0,"0,04"
12:40,DELTA,RT,1,"0,61"
12:40,DELTA,RH,2,"19,13"
12:40,FLOW,WF,0,0
12:40,FLOW,WF,1,0
12:40,0,RT,0,"31,25"
13:00,STATE,RT,0,"29,37"
13:00,HUMIDITY,RT,0,"29,63"
13:00,HUMIDITY,RT,1,"28,80"
13:00,HUMIDITY,RH,0,"55,57"
13:00,HUMIDITY,RH,1,"75,20"
13:00,DELTA,RT,0,"0,26"
13:00,DELTA,RT,1,"0,83"
13:00,DELTA,RH,2,"19,62"
13:00,FLOW,WF,0,0
13:00,FLOW,WF,1,0
13:00,0,RT,0,"30,50"
13:05,STATE,RT,0,"29,37"
13:05,HUMIDITY,RT,0,"29,58"
13:05,HUMIDITY,RT,1,"28,80"
13:05,HUMIDITY,RH,0,"55,49"
13:05,HUMIDITY,RH,1,"75,10"
13:05,DELTA,RT,0,"0,21"
13:05,DELTA,RT,1,"0,78"
13:05,DELTA,RH,2,"19,61"
13:05,FLOW,WF,0,0
13:05,FLOW,WF,1,0
13:05,0,RT,0,"30,75"
13:19,STATE,RT,0,"29,56"
13:19,STATE,RT,1,"27,87"
13:19,HUMIDITY,RT,0,"29,87"
13:19,HUMIDITY,RT,1,"29,00"
13:19,HUMIDITY,RH,0,"55,51"
13:19,HUMIDITY,RH,1,"75,60"
13:19,DELTA,RT,0,"0,31"
13:19,DELTA,RT,1,"0,87"
13:19,DELTA,RH,2,"20,09"
13:19,FLOW,WF,0,0
13:19,FLOW,WF,1,0
13:19,SOIL,SM,1,"2,59"
13:19,0,RT,0,"31,25"
13:24,STATE,RT,0,"29,56"
13:24,HUMIDITY,RT,0,"29,83"
13:24,HUMIDITY,RT,1,"29,10"
13:24,HUMIDITY,RH,0,"55,04"
13:24,HUMIDITY,RH,1,"74,90"
13:24,DELTA,RT,0,"0,27"
13:24,DELTA,RT,1,"0,73"
13:24,DELTA,RH,2,"19,86"
13:24,FLOW,WF,0,0
13:24,FLOW,WF,1,0
13:24,0,RT,0,"31,50"
13:29,STATE,RT,0,"29,56"
13:29,HUMIDITY,RT,0,"29,81"
13:29,HUMIDITY,RT,1,"29,10"
13:29,HUMIDITY,RH,0,"56,09"
13:29,HUMIDITY,RH,1,"75,70"
13:29,DELTA,RT,0,"0,25"
13:29,DELTA,RT,1,"0,71"
13:29,DELTA,RH,2,"19,61"
13:29,FLOW,WF,0,0
13:29,FLOW,WF,1,0
13:29,0,RT,0,"31,25"
13:34,STATE,RT,0,"29,68"
13:34,STATE,RT,1,"27,93"
13:34,HUMIDITY,RT,0,"30,03"
13:34,HUMIDITY,RT,1,"29,20"
13:34,HUMIDITY,RH,0,"55,93"
13:34,HUMIDITY,RH,1,"76,00"
13:34,DELTA,RT,0,"0,35"
13:34,DELTA,RT,1,"0,83"
13:34,DELTA,RH,2,"20,07"
13:34,FLOW,WF,0,0
13:34,FLOW,WF,1,0
13:34,SOIL,SM,1,"0,56"
13:34,0,RT,0,"31,50"
13:39,STATE,RT,0,"29,68"
13:39,STATE,RT,1,"28,00"
13:39,HUMIDITY,RT,0,"30,10"
13:39,HUMIDITY,RT,1,"29,30"
13:39,HUMIDITY,RH,0,"55,00"
13:39,HUMIDITY,RH,1,"74,80"
13:39,DELTA,RT,0,"0,42"
13:39,DELTA,RT,1,"0,80"
13:39,DELTA,RH,2,"19,80"
13:39,FLOW,WF,0,0
13:39,FLOW,WF,1,0
13:39,SOIL,SM,1,"0,56"
13:39,0,RT,0,"31,75"
13:44,STATE,RT,0,"29,75"
13:44,STATE,RT,1,"28,00"
13:44,HUMIDITY,RT,0,"30,03"
13:44,HUMIDITY,RT,1,"29,30"
13:44,HUMIDITY,RH,0,"55,20"
13:44,HUMIDITY,RH,1,"75,00"
13:44,DELTA,RT,0,"0,28"
13:44,DELTA,RT,1,"0,73"
13:44,DELTA,RH,2,"19,80"
13:44,FLOW,WF,0,0
13:44,FLOW,WF,1,0
13:44,SOIL,SM,1,"0,56"
13:44,0,RT,0,"31,75"
13:49,STATE,RT,0,"29,68"
13:49,HUMIDITY,RT,0,"30,12"
13:49,HUMIDITY,RT,1,"29,40"
13:49,HUMIDITY,RH,0,"55,06"
13:49,HUMIDITY,RH,1,"74,90"
13:49,DELTA,RT,0,"0,44"
13:49,DELTA,RT,1,"0,72"
13:49,DELTA,RH,2,"19,84"
13:49,FLOW,WF,0,0
13:49,FLOW,WF,1,0
13:49,SOIL,SM,1,"0,74"
13:49,0,RT,0,"31,75"
13:54,STATE,RT,0,"29,62"
13:54,HUMIDITY,RT,0,"29,97"
13:54,HUMIDITY,RT,1,"29,30"
13:54,HUMIDITY,RH,0,"55,26"
13:54,HUMIDITY,RH,1,"74,40"
13:54,DELTA,RT,0,"0,35"
13:54,DELTA,RT,1,"0,67"
13:54,DELTA,RH,2,"19,27"
13:54,FLOW,WF,0,0
13:54,FLOW,WF,1,0
13:54,0,RT,0,"31,50"
13:59,STATE,RT,0,"29,68"
13:59,HUMIDITY,RT,0,"30,35"
13:59,HUMIDITY,RT,1,"29,40"
13:59,HUMIDITY,RH,0,"54,79"
13:59,HUMIDITY,RH,1,"75,10"
13:59,DELTA,RT,0,"0,59"
13:59,DELTA,RT,1,"0,94"
13:59,DELTA,RH,2,"19,94"
13:59,FLOW,WF,0,0
13:59,FLOW,WF,1,0
13:59,SOIL,SM,1,"0,74"
13:59,0,RT,0,"31,75"
14:05,STATE,RT,0,"29,68"
14:05,HUMIDITY,RT,0,"30,29"
14:05,HUMIDITY,RT,1,"29,40"
14:05,HUMIDITY,RH,0,"54,84"
14:05,HUMIDITY,RH,1,"74,20"
14:05,DELTA,RT,0,"0,61"
14:05,DELTA,RT,1,"0,89"
14:05,DELTA,RH,2,"19,36"
14:05,FLOW,WF,0,0
14:05,FLOW,WF,1,0
14:05,0,RT,0,"32,00"
14:10,STATE,RT,0,"29,50"
14:10,HUMIDITY,RT,0,"30,22"
14:10,HUMIDITY,RT,1,"29,40"
14:10,HUMIDITY,RH,0,"54,84"
14:10,HUMIDITY,RH,1,"74,20"
14:10,DELTA,RT,0,"0,72"
14:10,DELTA,RT,1,"0,82"
14:10,DELTA,RH,2,"19,36"
14:10,FLOW,WF,0,0
14:10,FLOW,WF,1,0
14:10,0,RT,0,"32,00"
14:15,STATE,RT,0,"29,56"
14:15,HUMIDITY,RT,0,"30,28"
14:15,HUMIDITY,RT,1,"29,40"
14:15,HUMIDITY,RH,0,"54,64"
14:15,HUMIDITY,RH,1,"74,10"
14:15,DELTA,RT,0,"0,72"
14:15,DELTA,RT,1,"0,88"
14:15,DELTA,RH,2,"19,46"
14:15,FLOW,WF,0,0
14:15,FLOW,WF,1,0
14:15,0,RT,0,"32,00"
14:20,STATE,RT,0,"29,56"
14:20,HUMIDITY,RT,0,"30,25"
14:20,HUMIDITY,RT,1,"29,40"
14:20,HUMIDITY,RH,0,"54,74"
14:20,HUMIDITY,RH,1,"73,70"
14:20,DELTA,RT,0,"0,69"
14:20,DELTA,RT,1,"0,85"
14:20,DELTA,RH,2,"18,96"
14:20,FLOW,WF,0,0
14:20,FLOW,WF,1,0
14:20,0,RT,0,"32,00"
14:25,STATE,RT,0,"29,56"
14:25,STATE,RT,1,"28,18"
14:25,HUMIDITY,RT,0,"30,26"
14:25,HUMIDITY,RT,1,"29,40"
14:25,HUMIDITY,RH,0,"54,49"
14:25,HUMIDITY,RH,1,"74,50"
14:25,DELTA,RT,0,"0,66"
14:25,DELTA,RT,1,"0,88"
14:25,DELTA,RH,2,"19,51"
14:25,FLOW,WF,0,0
14:25,FLOW,WF,1,0
14:25,0,RT,0,"32,00"
14:30,STATE,RT,0,"29,62"
14:30,STATE,RT,1,"28,18"
14:30,HUMIDITY,RT,0,"30,28"
14:30,HUMIDITY,RT,1,"29,50"
14:30,HUMIDITY,RH,0,"54,28"
14:30,HUMIDITY,RH,1,"74,60"
14:30,DELTA,RT,0,"0,66"
14:30,DELTA,RT,1,"0,78"
14:30,DELTA,RH,2,"20,12"
14:30,FLOW,WF,0,0
14:30,FLOW,WF,1,0
14:30,SOIL,SM,1,"0,74"
14:30,0,RT,0,"31,75"
14:35,STATE,RT,0,"29,68"
14:35,STATE,RT,1,"28,18"
14:35,HUMIDITY,RT,0,"30,31"
14:35,HUMIDITY,RT,1,"29,40"
14:35,HUMIDITY,RH,0,"54,10"
14:35,HUMIDITY,RH,1,"73,30"
14:35,DELTA,RT,0,"0,62"
14:35,DELTA,RT,1,"0,90"
14:35,DELTA,RH,2,"19,22"
14:35,FLOW,WF,0,0
14:35,FLOW,WF,1,0
14:35,SOIL,SM,1,"0,56"
14:35,0,RT,0,"31,50"
14:40,STATE,RT,0,"29,68"
14:40,STATE,RT,1,"28,18"
14:40,HUMIDITY,RT,0,"30,14"
14:40,HUMIDITY,RT,1,"29,40"
14:40,HUMIDITY,RH,0,"54,39"
14:40,HUMIDITY,RH,1,"73,00"
14:40,DELTA,RT,0,"0,44"
14:40,DELTA,RT,1,"0,72"
14:40,DELTA,RH,2,"18,69"
14:40,FLOW,WF,0,0
14:40,FLOW,WF,1,0
14:40,SOIL,SM,1,"0,56"
14:40,0,RT,0,"31,50"
14:45,STATE,RT,0,"29,75"
14:45,STATE,RT,1,"28,18"
14:45,HUMIDITY,RT,0,"30,19"
14:45,HUMIDITY,RT,1,"29,50"
14:45,HUMIDITY,RH,0,"54,61"
14:45,HUMIDITY,RH,1,"74,20"
14:45,DELTA,RT,0,"0,44"
14:45,DELTA,RT,1,"0,69"
14:45,DELTA,RH,2,"19,59"
14:45,FLOW,WF,0,0
14:45,FLOW,WF,1,0
14:45,SOIL,SM,1,"0,74"
14:45,0,RT,0,"31,50"
14:54,STATE,RT,0,"29,75"
14:54,STATE,RT,1,"28,18"
14:54,HUMIDITY,RT,0,"30,22"
14:54,HUMIDITY,RT,1,"29,60"
14:54,HUMIDITY,RH,0,"54,28"
14:54,HUMIDITY,RH,1,"73,00"
14:54,DELTA,RT,0,"0,47"
14:54,DELTA,RT,1,"0,62"
14:54,DELTA,RH,2,"18,72"
14:54,FLOW,WF,0,0
14:54,FLOW,WF,1,0
14:54,SOIL,SM,1,"0,56"
14:54,0,RT,0,"31,75"
14:59,STATE,RT,0,"29,75"
14:59,HUMIDITY,RT,0,"30,26"
14:59,HUMIDITY,RT,1,"29,60"
14:59,HUMIDITY,RH,0,"54,11"
14:59,HUMIDITY,RH,1,"72,70"
14:59,DELTA,RT,0,"0,51"
14:59,DELTA,RT,1,"0,66"
14:59,DELTA,RH,2,"18,59"
14:59,FLOW,WF,0,0
14:59,FLOW,WF,1,0
14:59,0,RT,0,"31,75"
15:04,STATE,RT,0,"29,81"
15:04,STATE,RT,1,"85,00"
15:04,HUMIDITY,RT,0,"30,26"
15:04,HUMIDITY,RT,1,"29,60"
15:04,HUMIDITY,RH,0,"54,16"
15:04,HUMIDITY,RH,1,"73,10"
15:04,DELTA,RT,0,"0,45"
15:04,DELTA,RT,1,"0,66"
15:04,DELTA,RH,2,"18,94"
15:04,FLOW,WF,0,0
15:04,FLOW,WF,1,0
15:04,SOIL,SM,1,"0,56"
15:04,0,RT,0,"31,75"
15:09,STATE,RT,0,"29,81"
15:09,STATE,RT,1,"28,25"
15:09,HUMIDITY,RT,0,"30,20"
15:09,HUMIDITY,RT,1,"29,60"
15:09,HUMIDITY,RH,0,"54,23"
15:09,HUMIDITY,RH,1,"72,60"
15:09,DELTA,RT,0,"0,39"
15:09,DELTA,RT,1,"0,60"
15:09,DELTA,RH,2,"18,37"
15:09,FLOW,WF,0,0
15:09,FLOW,WF,1,0
15:09,SOIL,SM,1,"0,74"
15:09,0,RT,0,"31,75"
15:14,STATE,RT,0,"29,87"
15:14,STATE,RT,1,"28,25"
15:14,HUMIDITY,RT,0,"30,30"
15:14,HUMIDITY,RT,1,"29,70"
15:14,HUMIDITY,RH,0,"54,19"
15:14,HUMIDITY,RH,1,"73,20"
15:14,DELTA,RT,0,"0,37"
15:14,DELTA,RT,1,"0,60"
15:14,DELTA,RH,2,"19,01"
15:14,FLOW,WF,0,0
15:14,FLOW,WF,1,0
15:14,SOIL,SM,1,"0,56"
15:14,0,RT,0,"31,75"
15:19,STATE,RT,0,"30,00"
15:19,STATE,RT,1,"28,31"
15:19,HUMIDITY,RT,0,"30,47"
15:19,HUMIDITY,RT,1,"29,70"
15:19,HUMIDITY,RH,0,"54,02"
15:19,HUMIDITY,RH,1,"72,90"
15:19,DELTA,RT,0,"0,47"
15:19,DELTA,RT,1,"0,77"
15:19,DELTA,RH,2,"18,88"
15:19,FLOW,WF,0,0
15:19,FLOW,WF,1,0
15:19,SOIL,SM,1,"0,56"
15:19,0,RT,0,"32,00"
15:24,STATE,RT,0,"29,87"
15:24,STATE,RT,1,"28,31"
15:24,HUMIDITY,RT,0,"30,35"
15:24,HUMIDITY,RT,1,"29,80"
15:24,HUMIDITY,RH,0,"53,99"
15:24,HUMIDITY,RH,1,"72,20"
15:24,DELTA,RT,0,"0,48"
15:24,DELTA,RT,1,"0,55"
15:24,DELTA,RH,2,"18,21"
15:24,FLOW,WF,0,0
15:24,FLOW,WF,1,0
15:24,SOIL,SM,1,"1,48"
15:24,0,RT,0,"32,00"
17:04,STATE,RT,0,"29,68"
17:04,STATE,RT,1,"29,93"
17:04,HUMIDITY,RT,0,"30,83"
17:04,HUMIDITY,RT,1,"30,00"
17:04,HUMIDITY,RH,0,"51,66"
17:04,HUMIDITY,RH,1,"71,10"
17:04,DELTA,RT,0,"1,15"
17:04,DELTA,RT,1,"0,83"
17:04,DELTA,RH,2,"19,44"
17:04,FLOW,WF,0,0
17:04,FLOW,WF,1,0
17:04,SOIL,SM,1,"0,93"
17:04,0,RT,0,"31,75"
