00:00,STATE,RT,0,"32,06"
00:00,LIGHT,RL,0,60
00:00,HUMIDITY,RT,0,"29,04"
00:00,HUMIDITY,RT,1,"28,84"
00:00,HUMIDITY,RH,0,"68,05"
00:00,HUMIDITY,RH,1,"57,57"
00:00,DELTA,RT,0,"0,22"
00:00,DELTA,RT,3,"3,25"
00:00,DELTA,RT,4,"3,03"
00:00,DELTA,RH,1,"10,45"
00:00,DELTA,RL,2,0
00:00,FLOW,WF,0,40
00:00,SOIL,SM,0,"1,04"
00:05,STATE,RT,0,"32,18"
00:05,LIGHT,RL,0,63
00:05,HUMIDITY,RT,0,"29,04"
00:05,HUMIDITY,RT,1,"28,81"
00:05,HUMIDITY,RH,0,"68,04"
00:05,HUMIDITY,RH,1,"57,59"
00:05,DELTA,RT,0,"0,23"
00:05,DELTA,RT,3,"3,37"
00:05,DELTA,RT,4,"3,14"
00:05,DELTA,RH,1,"10,46"
00:05,DELTA,RL,2,0
00:05,FLOW,WF,0,40
00:05,SOIL,SM,0,"0,34"
00:10,STATE,RT,0,"32,31"
00:10,LIGHT,RL,0,63
00:10,HUMIDITY,RT,0,"29,04"
00:10,HUMIDITY,RT,1,"28,76"
00:10,HUMIDITY,RH,0,"68,00"
00:10,HUMIDITY,RH,1,"57,41"
00:10,DELTA,RT,0,"0,28"
00:10,DELTA,RT,3,"3,55"
00:10,DELTA,RT,4,"3,27"
00:10,DELTA,RH,1,"10,59"
00:10,DELTA,RL,2,0
00:10,FLOW,WF,0,40
00:10,SOIL,SM,0,"0,52"
00:15,STATE,RT,0,"32,37"
00:15,LIGHT,RL,0,63
00:15,HUMIDITY,RT,0,"29,03"
00:15,HUMIDITY,RT,1,"28,74"
00:15,HUMIDITY,RH,0,"68,01"
00:15,HUMIDITY,RH,1,"57,44"
00:15,DELTA,RT,0,"0,29"
00:15,DELTA,RT,3,"3,63"
00:15,DELTA,RT,4,"3,34"
00:15,DELTA,RH,1,"10,57"
00:15,DELTA,RL,2,0
00:15,FLOW,WF,0,40
00:15,SOIL,SM,0,"0,69"
21:15,STATE,RT,0,"34,87"
21:15,LIGHT,RL,0,59
21:15,HUMIDITY,RT,0,"29,03"
21:15,HUMIDITY,RT,1,"29,10"
21:15,HUMIDITY,RH,0,"62,06"
21:15,HUMIDITY,RH,1,"50,75"
21:15,DELTA,RT,0,"0,07"
21:15,DELTA,RT,3,"5,77"
21:15,DELTA,RT,4,"5,84"
21:15,DELTA,RH,1,"11,31"
21:15,DELTA,RL,2,0
21:15,FLOW,WF,0,40
21:15,SOIL,SM,0,"0,69"
21:23,STATE,RT,0,"35,37"
21:23,LIGHT,RL,0,59
21:23,HUMIDITY,RT,0,"29,05"
21:23,HUMIDITY,RT,1,"29,05"
21:23,HUMIDITY,RH,0,"63,03"
21:23,HUMIDITY,RH,1,"51,88"
21:23,DELTA,RT,0,"0,00"
21:23,DELTA,RT,3,"6,32"
21:23,DELTA,RT,4,"6,32"
21:23,DELTA,RH,1,"11,15"
21:23,DELTA,RL,2,0
21:23,FLOW,WF,0,40
21:23,SOIL,SM,0,"0,52"
21:28,STATE,RT,0,"35,37"
21:28,LIGHT,RL,0,61
21:28,HUMIDITY,RT,0,"29,06"
21:28,HUMIDITY,RT,1,"28,97"
21:28,HUMIDITY,RH,0,"62,01"
21:28,HUMIDITY,RH,1,"51,22"
21:28,DELTA,RT,0,"0,07"
21:28,DELTA,RT,3,"6,38"
21:28,DELTA,RT,4,"6,31"
21:28,DELTA,RH,1,"10,78"
21:28,DELTA,RL,2,0
21:28,FLOW,WF,0,40
21:28,SOIL,SM,0,"0,69"
21:33,STATE,RT,0,"35,50"
21:33,LIGHT,RL,0,60
21:33,HUMIDITY,RT,0,"29,06"
21:33,HUMIDITY,RT,1,"28,99"
21:33,HUMIDITY,RH,0,"62,01"
21:33,HUMIDITY,RH,1,"51,46"
21:33,DELTA,RT,0,"0,08"
21:33,DELTA,RT,3,"6,51"
21:33,DELTA,RT,4,"6,43"
21:33,DELTA,RH,1,"10,51"
21:33,DELTA,RL,2,0
21:33,FLOW,WF,0,40
21:33,SOIL,SM,0,"0,69"
21:53,STATE,RT,0,"35,75"
21:53,LIGHT,RL,0,58
21:53,HUMIDITY,RT,0,"29,07"
21:53,HUMIDITY,RT,1,"28,85"
21:53,HUMIDITY,RH,0,"63,07"
21:53,HUMIDITY,RH,1,"52,83"
21:53,DELTA,RT,0,"0,22"
21:53,DELTA,RT,3,"6,90"
21:53,DELTA,RT,4,"6,68"
21:53,DELTA,RH,1,"10,24"
21:53,DELTA,RL,2,0
21:53,FLOW,WF,0,40
21:53,SOIL,SM,0,"0,52"
21:58,STATE,RT,0,"35,75"
21:58,LIGHT,RL,0,59
21:58,HUMIDITY,RT,0,"29,07"
21:58,HUMIDITY,RT,1,"28,82"
21:58,HUMIDITY,RH,0,"62,03"
21:58,HUMIDITY,RH,1,"52,46"
21:58,DELTA,RT,0,"0,25"
21:58,DELTA,RT,3,"6,93"
21:58,DELTA,RT,4,"6,68"
21:58,DELTA,RH,1,"9,57"
21:58,DELTA,RL,2,0
21:58,FLOW,WF,0,40
21:58,SOIL,SM,0,"0,52"
22:03,STATE,RT,0,"35,68"
22:03,LIGHT,RL,0,59
22:03,HUMIDITY,RT,0,"29,07"
22:03,HUMIDITY,RT,1,"28,82"
22:03,HUMIDITY,RH,0,"62,07"
22:03,HUMIDITY,RH,1,"52,61"
22:03,DELTA,RT,0,"0,24"
22:03,DELTA,RT,3,"6,85"
22:03,DELTA,RT,4,"6,61"
22:03,DELTA,RH,1,"9,49"
22:03,DELTA,RL,2,0
22:03,FLOW,WF,0,40
22:03,SOIL,SM,0,"0,52"
22:13,STATE,RT,0,"35,56"
22:13,LIGHT,RL,0,59
22:13,HUMIDITY,RT,0,"29,08"
22:13,HUMIDITY,RT,1,"28,80"
22:13,HUMIDITY,RH,0,"62,01"
22:13,HUMIDITY,RH,1,"52,81"
22:13,DELTA,RT,0,"0,28"
22:13,DELTA,RT,3,"6,76"
22:13,DELTA,RT,4,"6,48"
22:13,DELTA,RH,1,"9,20"
22:13,DELTA,RL,2,0
22:13,FLOW,WF,0,40
22:13,SOIL,SM,0,"0,52"
22:19,STATE,RT,0,"35,43"
22:19,LIGHT,RL,0,59
22:19,HUMIDITY,RT,0,"29,08"
22:19,HUMIDITY,RT,1,"28,75"
22:19,HUMIDITY,RH,0,"62,05"
22:19,HUMIDITY,RH,1,"52,65"
22:19,DELTA,RT,0,"0,33"
22:19,DELTA,RT,3,"6,68"
22:19,DELTA,RT,4,"6,35"
22:19,DELTA,RH,1,"9,40"
22:19,DELTA,RL,2,0
22:19,FLOW,WF,0,40
22:19,SOIL,SM,0,"0,52"
22:24,STATE,RT,0,"35,12"
22:24,LIGHT,RL,0,59
22:24,HUMIDITY,RT,0,"29,08"
22:24,HUMIDITY,RT,1,"28,71"
22:24,HUMIDITY,RH,0,"63,00"
22:24,HUMIDITY,RH,1,"53,07"
22:24,DELTA,RT,0,"0,36"
22:24,DELTA,RT,3,"6,41"
22:24,DELTA,RT,4,"6,05"
22:24,DELTA,RH,1,"9,96"
22:24,DELTA,RL,2,0
22:24,FLOW,WF,0,40
22:24,SOIL,SM,0,"0,52"
22:29,STATE,RT,0,"35,06"
22:29,LIGHT,RL,0,59
22:29,HUMIDITY,RT,0,"29,07"
22:29,HUMIDITY,RT,1,"28,68"
22:29,HUMIDITY,RH,0,"63,03"
22:29,HUMIDITY,RH,1,"53,40"
22:29,DELTA,RT,0,"0,37"
22:29,DELTA,RT,3,"6,36"
22:29,DELTA,RT,4,"5,99"
22:29,DELTA,RH,1,"8,69"
22:29,DELTA,RL,2,0
22:29,FLOW,WF,0,40
22:29,SOIL,SM,0,"0,52"
22:34,STATE,RT,0,"35,62"
22:34,LIGHT,RL,0,60
22:34,HUMIDITY,RT,0,"29,09"
22:34,HUMIDITY,RT,1,"28,81"
22:34,HUMIDITY,RH,0,"62,07"
22:34,HUMIDITY,RH,1,"53,62"
22:34,DELTA,RT,0,"0,29"
22:34,DELTA,RT,3,"6,82"
22:34,DELTA,RT,4,"6,53"
22:34,DELTA,RH,1,"8,48"
22:34,DELTA,RL,2,0
22:34,FLOW,WF,0,40
22:34,SOIL,SM,0,"1,04"
22:39,STATE,RT,0,"35,56"
22:39,LIGHT,RL,0,59
22:39,HUMIDITY,RT,0,"29,08"
22:39,HUMIDITY,RT,1,"28,81"
22:39,HUMIDITY,RH,0,"65,05"
22:39,HUMIDITY,RH,1,"53,71"
22:39,DELTA,RT,0,"0,24"
22:39,DELTA,RT,3,"6,72"
22:39,DELTA,RT,4,"6,48"
22:39,DELTA,RH,1,"9,37"
22:39,DELTA,RL,2,0
22:39,FLOW,WF,0,40
22:39,SOIL,SM,0,"0,00"
22:44,STATE,RT,0,"35,62"
22:44,LIGHT,RL,0,60
22:44,HUMIDITY,RT,0,"29,09"
22:44,HUMIDITY,RT,1,"28,59"
22:44,HUMIDITY,RH,0,"63,01"
22:44,HUMIDITY,RH,1,"54,19"
22:44,DELTA,RT,0,"0,48"
22:44,DELTA,RT,3,"7,01"
22:44,DELTA,RT,4,"6,53"
22:44,DELTA,RH,1,"8,82"
22:44,DELTA,RL,2,0
22:44,FLOW,WF,0,40
22:44,SOIL,SM,0,"0,34"
22:49,STATE,RT,0,"35,62"
22:49,LIGHT,RL,0,60
22:49,HUMIDITY,RT,0,"29,09"
22:49,HUMIDITY,RT,1,"28,52"
22:49,HUMIDITY,RH,0,"62,05"
22:49,HUMIDITY,RH,1,"54,10"
22:49,DELTA,RT,0,"0,54"
22:49,DELTA,RT,3,"7,07"
22:49,DELTA,RT,4,"6,53"
22:49,DELTA,RH,1,"7,97"
22:49,DELTA,RL,2,0
22:49,FLOW,WF,0,40
22:49,SOIL,SM,0,"0,52"
22:54,STATE,RT,0,"35,43"
22:54,LIGHT,RL,0,54
22:54,HUMIDITY,RT,0,"29,06"
22:54,HUMIDITY,RT,1,"28,32"
22:54,HUMIDITY,RH,0,"63,01"
22:54,HUMIDITY,RH,1,"54,63"
22:54,DELTA,RT,0,"0,74"
22:54,DELTA,RT,3,"7,11"
22:54,DELTA,RT,4,"6,37"
22:54,DELTA,RH,1,"8,40"
22:54,DELTA,RL,2,0
22:54,FLOW,WF,0,40
22:54,SOIL,SM,0,"0,17"
22:59,STATE,RT,0,"35,43"
22:59,LIGHT,RL,0,59
22:59,HUMIDITY,RT,0,"29,06"
22:59,HUMIDITY,RT,1,"28,30"
22:59,HUMIDITY,RH,0,"63,03"
22:59,HUMIDITY,RH,1,"54,38"
22:59,DELTA,RT,0,"0,74"
22:59,DELTA,RT,3,"7,11"
22:59,DELTA,RT,4,"6,37"
22:59,DELTA,RH,1,"8,67"
22:59,DELTA,RL,2,0
22:59,FLOW,WF,0,40
22:59,SOIL,SM,0,"0,52"
