09:23,STATE,RT,4,"29,87"
09:23,0,RT,0,"22,00"
09:28,STATE,RT,4,"31,56"
09:28,0,RT,0,"23,50"
09:33,STATE,RT,4,"32,31"
09:33,0,RT,0,"24,25"
09:38,STATE,RT,4,"32,81"
09:38,0,RT,0,"24,75"
09:43,STATE,RT,4,"33,12"
09:43,0,RT,0,"25,25"
09:48,STATE,RT,4,"33,31"
09:48,0,RT,0,"25,25"
09:53,STATE,RT,4,"33,43"
09:53,0,RT,0,"25,50"
09:58,STATE,RT,4,"33,56"
09:58,0,RT,0,"25,50"
10:03,STATE,RT,4,"33,62"
10:03,0,RT,0,"25,75"
11:24,STATE,RT,0,"21,37"
11:24,STATE,RT,1,"21,06"
11:24,STATE,RT,4,"32,37"
11:24,HUMIDITY,RT,0,"20,80"
11:24,HUMIDITY,RH,0,"18,20"
11:24,0,RT,0,"24,50"
11:29,STATE,RT,0,"21,31"
11:29,STATE,RT,1,"21,00"
11:29,STATE,RT,4,"32,87"
11:29,HUMIDITY,RT,0,"20,70"
11:29,HUMIDITY,RH,0,"18,40"
11:29,0,RT,0,"25,00"
11:36,STATE,RT,0,"21,18"
11:36,STATE,RT,1,"21,00"
11:36,STATE,RT,4,"33,12"
11:36,HUMIDITY,RT,0,"20,70"
11:36,HUMIDITY,RH,0,"18,40"
11:36,0,RT,0,"25,25"
11:57,STATE,RT,0,"21,43"
11:57,STATE,RT,1,"21,18"
11:57,STATE,RT,4,"33,12"
11:57,HUMIDITY,RT,0,"20,40"
11:57,HUMIDITY,RH,0,"19,50"
11:57,0,RT,0,"25,25"
12:39,STATE,RT,4,"37,75"
12:39,0,RT,0,"29,50"
13:04,STATE,RT,4,"39,93"
13:04,0,RT,0,"31,00"
13:18,STATE,RT,4,"41,25"
13:18,0,RT,0,"32,50"
13:25,STATE,RT,4,"38,81"
13:25,0,RT,0,"31,25"
13:34,STATE,RT,4,"39,00"
13:34,HUMIDITY,RT,1,"22,80"
13:34,HUMIDITY,RH,1,"23,00"
13:34,0,RT,0,"30,75"
14:22,STATE,RT,4,"41,62"
14:22,HUMIDITY,RT,1,"22,80"
14:22,HUMIDITY,RH,1,"22,00"
14:22,0,RT,0,"32,50"
14:27,STATE,RT,4,"41,62"
14:27,HUMIDITY,RT,1,"22,80"
14:27,HUMIDITY,RH,1,"22,00"
14:27,0,RT,0,"32,50"
14:32,STATE,RT,4,"41,50"
14:32,HUMIDITY,RT,1,"22,40"
14:32,HUMIDITY,RH,1,"23,00"
14:32,0,RT,0,"32,25"
14:37,STATE,RT,4,"41,56"
14:37,HUMIDITY,RT,1,"22,40"
14:37,HUMIDITY,RH,1,"23,00"
14:37,0,RT,0,"32,25"
14:42,STATE,RT,4,"41,43"
14:42,HUMIDITY,RT,1,"22,40"
14:42,HUMIDITY,RH,1,"23,00"
14:42,0,RT,0,"32,25"
14:47,STATE,RT,4,"41,06"
14:47,HUMIDITY,RT,1,"22,10"
14:47,HUMIDITY,RH,1,"23,00"
14:47,0,RT,0,"32,00"
15:02,STATE,RT,4,"39,25"
15:02,HUMIDITY,RT,1,"22,10"
15:02,HUMIDITY,RH,1,"23,00"
15:02,0,RT,0,"29,50"
15:07,STATE,RT,4,"40,62"
15:07,HUMIDITY,RT,1,"22,10"
15:07,HUMIDITY,RH,1,"23,00"
15:07,0,RT,0,"30,75"
15:12,STATE,RT,4,"41,12"
15:12,HUMIDITY,RT,1,"22,10"
15:12,HUMIDITY,RH,1,"23,00"
15:12,0,RT,0,"31,25"
15:17,STATE,RT,4,"41,56"
15:17,HUMIDITY,RT,1,"22,10"
15:17,HUMIDITY,RH,1,"23,00"
15:17,0,RT,0,"31,75"
15:22,STATE,RT,4,"41,68"
15:22,HUMIDITY,RT,1,"22,10"
15:22,HUMIDITY,RH,1,"23,00"
15:22,0,RT,0,"31,75"
15:27,STATE,RT,4,"41,75"
15:27,HUMIDITY,RT,1,"22,10"
15:27,HUMIDITY,RH,1,"23,00"
15:27,0,RT,0,"32,00"
15:32,STATE,RT,4,"41,87"
15:32,HUMIDITY,RT,1,"22,10"
15:32,HUMIDITY,RH,1,"23,00"
15:32,0,RT,0,"32,00"
15:37,STATE,RT,4,"41,87"
15:37,HUMIDITY,RT,1,"22,10"
15:37,HUMIDITY,RH,1,"23,00"
15:37,0,RT,0,"32,00"
15:42,STATE,RT,4,"41,87"
15:42,HUMIDITY,RT,1,"21,80"
15:42,HUMIDITY,RH,1,"23,00"
15:42,0,RT,0,"32,00"
15:47,STATE,RT,4,"41,81"
15:47,HUMIDITY,RT,1,"21,80"
15:47,HUMIDITY,RH,1,"23,00"
15:47,0,RT,0,"32,00"
15:52,STATE,RT,4,"41,75"
15:52,HUMIDITY,RT,1,"21,80"
15:52,HUMIDITY,RH,1,"23,00"
15:52,0,RT,0,"32,00"
15:57,STATE,RT,4,"41,75"
15:57,HUMIDITY,RT,1,"21,80"
15:57,HUMIDITY,RH,1,"23,00"
15:57,0,RT,0,"32,00"
16:02,STATE,RT,4,"40,75"
16:02,HUMIDITY,RT,1,"21,80"
16:02,HUMIDITY,RH,1,"23,00"
16:02,0,RT,0,"31,75"
16:19,STATE,RT,4,"40,06"
16:19,HUMIDITY,RT,1,"21,80"
16:19,HUMIDITY,RH,1,"23,00"
16:19,0,RT,0,"31,25"
16:44,STATE,RT,0,"21,06"
16:44,STATE,RT,1,"20,62"
16:44,STATE,RT,4,"33,37"
16:44,HUMIDITY,RT,0,"20,20"
16:44,HUMIDITY,RT,1,"21,80"
16:44,HUMIDITY,RH,0,"24,30"
16:44,HUMIDITY,RH,1,"23,00"
16:44,0,RT,0,"25,50"
17:13,STATE,RT,0,"20,81"
17:13,STATE,RT,1,"20,93"
17:13,STATE,RT,4,"34,12"
17:13,LIGHT,RL,0,61
17:13,HUMIDITY,RT,0,"20,10"
17:13,HUMIDITY,RT,1,"21,80"
17:13,HUMIDITY,RH,0,"19,90"
17:13,HUMIDITY,RH,1,"23,00"
17:13,0,RT,0,"26,25"
17:25,STATE,RT,0,"20,75"
17:25,STATE,RT,1,"20,87"
17:25,STATE,RT,4,"34,18"
17:25,LIGHT,RL,0,53
17:25,HUMIDITY,RT,0,"20,10"
17:25,HUMIDITY,RT,1,"21,80"
17:25,HUMIDITY,RH,0,"19,90"
17:25,HUMIDITY,RH,1,"23,00"
17:25,0,RT,0,"26,25"
17:30,STATE,RT,0,"20,75"
17:30,STATE,RT,1,"20,87"
17:30,STATE,RT,4,"34,18"
17:30,LIGHT,RL,0,53
17:30,HUMIDITY,RT,0,"20,10"
17:30,HUMIDITY,RT,1,"21,80"
17:30,HUMIDITY,RH,0,"19,90"
17:30,HUMIDITY,RH,1,"23,00"
17:30,0,RT,0,"26,00"
